2023-12-18 13:27:21,544 [INFO] Activator:176 - 


2023-12-18 13:27:21,556 [INFO] Activator:177 - !SESSION log4j initialized
2023-12-18 13:27:27,569 [INFO] LogOutputStream:77 - [STDOUT_REDIRECT] 
2023-12-18 13:27:29,530 [INFO] ApplicationProperties:184 - Using Application install path: C:\ST\STM32CubeIDE_1.14.0\STM32CubeIDE\plugins\com.st.stm32cube.common.mx_6.10.0.202311202037
2023-12-18 13:27:29,541 [INFO] DbMcusXml:78 - Set database path to: C:\ST\STM32CubeIDE_1.14.0\STM32CubeIDE\plugins\com.st.stm32cube.common.mx_6.10.0.202311202037\\db\/mcu/
2023-12-18 13:27:29,542 [INFO] ApiDb:274 - Set plugin database path to: C:\ST\STM32CubeIDE_1.14.0\STM32CubeIDE\plugins\com.st.stm32cube.common.mx_6.10.0.202311202037\\db\/plugins/boardmanager/
2023-12-18 13:27:29,542 [WARN] ApiDb:259 - Overriding images path with different value:  => C:\ST\STM32CubeIDE_1.14.0\STM32CubeIDE\plugins\com.st.stm32cube.common.mx_6.10.0.202311202037\\db\/plugins/mcufinder/images/
2023-12-18 13:27:29,546 [INFO] ApiDb:250 - Set database path to: C:\Users\mathi\.stmcufinder\plugins\mcufinder//mcu/
2023-12-18 13:27:29,546 [INFO] DbMcusAds:125 - Set database path to: C:\Users\mathi\.stmcufinder\plugins\mcufinder//mcu/
2023-12-18 13:27:29,548 [INFO] CrossReferenceDbSqlite:203 - Set database path to: C:\Users\mathi\.stmcufinder\plugins\mcufinder//mcu/cs/
2023-12-18 13:27:29,625 [INFO] RulesReader:64 - Compatibility file has been processed (297 Rules)
2023-12-18 13:27:29,678 [INFO] DbMcusXml:78 - Set database path to: C:\ST\STM32CubeIDE_1.14.0\STM32CubeIDE\plugins\com.st.stm32cube.common.mx_6.10.0.202311202037\\db\/mcu/
2023-12-18 13:27:29,678 [INFO] ApiDb:274 - Set plugin database path to: C:\ST\STM32CubeIDE_1.14.0\STM32CubeIDE\plugins\com.st.stm32cube.common.mx_6.10.0.202311202037\\db\/plugins/boardmanager/
2023-12-18 13:27:29,678 [INFO] ApiDb:261 - Set plugin images path to: C:\ST\STM32CubeIDE_1.14.0\STM32CubeIDE\plugins\com.st.stm32cube.common.mx_6.10.0.202311202037\\db\/plugins/mcufinder/images/
2023-12-18 13:27:29,678 [WARN] DbFile:41 - Overriding database path with different value: C:\Users\mathi\.stmcufinder\plugins\mcufinder/ => C:\Users\mathi\.stmcufinder\plugins\mcufinder
2023-12-18 13:27:29,678 [INFO] ApiDb:250 - Set database path to: C:\Users\mathi\.stmcufinder\plugins\mcufinder//mcu/
2023-12-18 13:27:29,678 [WARN] DbFile:41 - Overriding database path with different value: C:\Users\mathi\.stmcufinder\plugins\mcufinder/ => C:\Users\mathi\.stmcufinder\plugins\mcufinder
2023-12-18 13:27:29,678 [INFO] DbMcusAds:125 - Set database path to: C:\Users\mathi\.stmcufinder\plugins\mcufinder//mcu/
2023-12-18 13:27:29,678 [WARN] DbFile:41 - Overriding database path with different value: C:\Users\mathi\.stmcufinder\plugins\mcufinder/ => C:\Users\mathi\.stmcufinder\plugins\mcufinder
2023-12-18 13:27:29,678 [WARN] DbFile:41 - Overriding database path with different value: C:\Users\mathi\.stmcufinder\plugins\mcufinder/ => C:\Users\mathi\.stmcufinder\plugins\mcufinder
2023-12-18 13:27:29,678 [INFO] CrossReferenceDbSqlite:203 - Set database path to: C:\Users\mathi\.stmcufinder\plugins\mcufinder//mcu/cs/
2023-12-18 13:27:29,727 [INFO] MainPanel:264 - HeapMemory: 268435456
2023-12-18 13:27:29,772 [INFO] DbMcusXml:78 - Set database path to: C:\ST\STM32CubeIDE_1.14.0\STM32CubeIDE\plugins\com.st.stm32cube.common.mx_6.10.0.202311202037\\db\/mcu/
2023-12-18 13:27:29,772 [INFO] ApiDb:274 - Set plugin database path to: C:\ST\STM32CubeIDE_1.14.0\STM32CubeIDE\plugins\com.st.stm32cube.common.mx_6.10.0.202311202037\\db\/plugins/boardmanager/
2023-12-18 13:27:29,772 [INFO] ApiDb:261 - Set plugin images path to: C:\ST\STM32CubeIDE_1.14.0\STM32CubeIDE\plugins\com.st.stm32cube.common.mx_6.10.0.202311202037\\db\/plugins/mcufinder/images/
2023-12-18 13:27:29,772 [WARN] DbFile:41 - Overriding database path with different value: C:\Users\mathi\.stmcufinder\plugins\mcufinder/ => C:\Users\mathi\.stmcufinder\plugins\mcufinder
2023-12-18 13:27:29,772 [INFO] ApiDb:250 - Set database path to: C:\Users\mathi\.stmcufinder\plugins\mcufinder//mcu/
2023-12-18 13:27:29,772 [WARN] DbFile:41 - Overriding database path with different value: C:\Users\mathi\.stmcufinder\plugins\mcufinder/ => C:\Users\mathi\.stmcufinder\plugins\mcufinder
2023-12-18 13:27:29,772 [INFO] DbMcusAds:125 - Set database path to: C:\Users\mathi\.stmcufinder\plugins\mcufinder//mcu/
2023-12-18 13:27:29,772 [WARN] DbFile:41 - Overriding database path with different value: C:\Users\mathi\.stmcufinder\plugins\mcufinder/ => C:\Users\mathi\.stmcufinder\plugins\mcufinder
2023-12-18 13:27:29,772 [WARN] DbFile:41 - Overriding database path with different value: C:\Users\mathi\.stmcufinder\plugins\mcufinder/ => C:\Users\mathi\.stmcufinder\plugins\mcufinder
2023-12-18 13:27:29,772 [INFO] CrossReferenceDbSqlite:203 - Set database path to: C:\Users\mathi\.stmcufinder\plugins\mcufinder//mcu/cs/
2023-12-18 13:27:29,783 [INFO] ApplicationProperties:184 - Using Application install path: C:\ST\STM32CubeIDE_1.14.0\STM32CubeIDE\plugins\com.st.stm32cube.common.mx_6.10.0.202311202037
2023-12-18 13:27:29,785 [INFO] PluginManage:196 - Search for loadable plugins [exclusion list=, ]
2023-12-18 13:27:29,786 [INFO] PluginManage:310 - Check plugin analytics
2023-12-18 13:27:29,931 [INFO] AnalyticsPlugin:253 - Accepted Software Licenses: 
2023-12-18 13:27:29,931 [INFO] AnalyticsPlugin:255 - Accepted CMSIS Pack Licenses: 
2023-12-18 13:27:29,931 [INFO] AnalyticsPlugin:257 - Accepted Firmware Licenses: 
2023-12-18 13:27:29,933 [INFO] PluginManage:359 - Loaded plugin analytics (category:tool,tabindex:-1)
2023-12-18 13:27:29,934 [INFO] PluginManage:310 - Check plugin cadmodel
2023-12-18 13:27:29,937 [INFO] CADModel:105 - Init CAD model plugin
2023-12-18 13:27:29,938 [INFO] PluginManage:359 - Loaded plugin cadmodel (category:power,tabindex:5)
2023-12-18 13:27:29,938 [INFO] PluginManage:310 - Check plugin clock
2023-12-18 13:27:29,945 [INFO] PluginManage:359 - Loaded plugin clock (category:base,tabindex:2)
2023-12-18 13:27:29,945 [INFO] PluginManage:310 - Check plugin ddr
2023-12-18 13:27:29,947 [INFO] PluginManage:359 - Loaded plugin ddr (category:tool,tabindex:6)
2023-12-18 13:27:29,947 [INFO] PluginManage:310 - Check plugin filemanager
2023-12-18 13:27:30,062 [INFO] PluginManage:359 - Loaded plugin filemanager (category:base,tabindex:10)
2023-12-18 13:27:30,062 [INFO] PluginManage:310 - Check plugin ipmanager
2023-12-18 13:27:30,069 [INFO] PluginManage:359 - Loaded plugin ipmanager (category:base,tabindex:5)
2023-12-18 13:27:30,069 [INFO] PluginManage:310 - Check plugin lpbam
2023-12-18 13:27:30,076 [INFO] PluginManage:359 - Loaded plugin lpbam (category:base,tabindex:0)
2023-12-18 13:27:30,076 [INFO] PluginManage:310 - Check plugin memorymap
2023-12-18 13:27:30,086 [INFO] PluginManage:359 - Loaded plugin memorymap (category:base,tabindex:4)
2023-12-18 13:27:30,086 [INFO] PluginManage:310 - Check plugin pinoutandconfiguration
2023-12-18 13:27:30,092 [INFO] PluginManage:359 - Loaded plugin pinoutandconfiguration (category:base,tabindex:1)
2023-12-18 13:27:30,092 [INFO] PluginManage:310 - Check plugin pinoutconfig
2023-12-18 13:27:30,156 [WARN] SupportedApi:132 - Cannot load RTOS API schema: s4s-elt-must-match.1: The content of 'definitions' must match (annotation?, (simpleType | complexType)?, (unique | key | keyref)*)). A problem was found starting at: attribute.
2023-12-18 13:27:30,241 [INFO] PluginManage:359 - Loaded plugin pinoutconfig (category:base,tabindex:0)
2023-12-18 13:27:30,241 [INFO] PluginManage:310 - Check plugin power
2023-12-18 13:27:30,246 [INFO] PluginManage:359 - Loaded plugin power (category:power,tabindex:4)
2023-12-18 13:27:30,246 [INFO] PluginManage:310 - Check plugin projectmanager
2023-12-18 13:27:30,262 [INFO] PluginManage:359 - Loaded plugin projectmanager (category:projectmanager,tabindex:3)
2023-12-18 13:27:30,262 [INFO] PluginManage:310 - Check plugin thirdparty
2023-12-18 13:27:30,340 [INFO] PluginManage:359 - Loaded plugin thirdparty (category:base,tabindex:-1)
2023-12-18 13:27:30,340 [WARN] IntegrityCheckThread:84 - waiting for thirdparty lock release [integrity check]
2023-12-18 13:27:30,340 [INFO] PluginManage:310 - Check plugin tools
2023-12-18 13:27:30,340 [INFO] IntegrityCheckThread:86 - entering critical section [integrity check]
2023-12-18 13:27:30,341 [INFO] ThirdPartyUpdaterWithRetryManager:70 - Updater plugin not ready yet. [1/15]
2023-12-18 13:27:30,342 [INFO] PluginManage:359 - Loaded plugin tools (category:base,tabindex:7)
2023-12-18 13:27:30,342 [INFO] PluginManage:310 - Check plugin tutovideos
2023-12-18 13:27:30,457 [INFO] PluginManage:359 - Loaded plugin tutovideos (category:base,tabindex:-1)
2023-12-18 13:27:30,458 [INFO] PluginManage:310 - Check plugin updater
2023-12-18 13:27:30,464 [INFO] PluginManage:359 - Loaded plugin updater (category:base,tabindex:12)
2023-12-18 13:27:30,465 [INFO] PluginManage:310 - Check plugin userauth
2023-12-18 13:27:30,468 [INFO] UserAuth:114 - Init User Auth plugin
2023-12-18 13:27:30,468 [INFO] PluginManage:359 - Loaded plugin userauth (category:base,tabindex:14)
2023-12-18 13:27:30,469 [INFO] PluginManage:283 - PluginManage : Loaded plugins [17]
2023-12-18 13:27:30,609 [INFO] PinOutPanel:1499 - setPackage(No Configuration,No Configuration)
2023-12-18 13:27:30,661 [INFO] CADModel:165 - CPN selected for project level
2023-12-18 13:27:30,662 [INFO] CADModel:114 - Register for checkConnection events
2023-12-18 13:27:30,673 [INFO] IPUIPlugin:80 - create IPUIPlugin
2023-12-18 13:27:30,673 [INFO] PluginManager:220 - loadIPPluginJar : add adc
2023-12-18 13:27:30,674 [INFO] IPUIPlugin:80 - create IPUIPlugin
2023-12-18 13:27:30,674 [INFO] PluginManager:220 - loadIPPluginJar : add aes
2023-12-18 13:27:30,676 [INFO] IPUIPlugin:80 - create IPUIPlugin
2023-12-18 13:27:30,676 [INFO] PluginManager:220 - loadIPPluginJar : add can
2023-12-18 13:27:30,677 [INFO] IPUIPlugin:80 - create IPUIPlugin
2023-12-18 13:27:30,677 [INFO] PluginManager:220 - loadIPPluginJar : add comp
2023-12-18 13:27:30,678 [INFO] IPUIPlugin:80 - create IPUIPlugin
2023-12-18 13:27:30,678 [INFO] PluginManager:220 - loadIPPluginJar : add cryp
2023-12-18 13:27:30,680 [INFO] IPUIPlugin:80 - create IPUIPlugin
2023-12-18 13:27:30,680 [INFO] PluginManager:220 - loadIPPluginJar : add dfsdm
2023-12-18 13:27:30,683 [INFO] IPUIPlugin:80 - create IPUIPlugin
2023-12-18 13:27:30,683 [INFO] PluginManager:220 - loadIPPluginJar : add dma
2023-12-18 13:27:30,684 [INFO] IPUIPlugin:80 - create IPUIPlugin
2023-12-18 13:27:30,684 [INFO] PluginManager:220 - loadIPPluginJar : add dma3
2023-12-18 13:27:30,685 [INFO] IPUIPlugin:80 - create IPUIPlugin
2023-12-18 13:27:30,685 [INFO] PluginManager:220 - loadIPPluginJar : add fatfs
2023-12-18 13:27:30,688 [INFO] IPUIPlugin:80 - create IPUIPlugin
2023-12-18 13:27:30,688 [INFO] PluginManager:220 - loadIPPluginJar : add fmc
2023-12-18 13:27:30,691 [INFO] IPUIPlugin:80 - create IPUIPlugin
2023-12-18 13:27:30,691 [INFO] PluginManager:220 - loadIPPluginJar : add freertos
2023-12-18 13:27:30,691 [INFO] IPUIPlugin:80 - create IPUIPlugin
2023-12-18 13:27:30,691 [INFO] PluginManager:220 - loadIPPluginJar : add genericplugin
2023-12-18 13:27:30,693 [INFO] IPUIPlugin:80 - create IPUIPlugin
2023-12-18 13:27:30,693 [INFO] PluginManager:220 - loadIPPluginJar : add gfxmmu
2023-12-18 13:27:30,697 [INFO] IPUIPlugin:80 - create IPUIPlugin
2023-12-18 13:27:30,697 [INFO] PluginManager:220 - loadIPPluginJar : add gic
2023-12-18 13:27:30,699 [INFO] IPUIPlugin:80 - create IPUIPlugin
2023-12-18 13:27:30,699 [INFO] PluginManager:220 - loadIPPluginJar : add gpio
2023-12-18 13:27:30,701 [INFO] IPUIPlugin:80 - create IPUIPlugin
2023-12-18 13:27:30,701 [INFO] PluginManager:220 - loadIPPluginJar : add gtzc
2023-12-18 13:27:30,702 [INFO] IPUIPlugin:80 - create IPUIPlugin
2023-12-18 13:27:30,702 [INFO] PluginManager:220 - loadIPPluginJar : add hash
2023-12-18 13:27:30,703 [INFO] IPUIPlugin:80 - create IPUIPlugin
2023-12-18 13:27:30,703 [INFO] PluginManager:220 - loadIPPluginJar : add i2c
2023-12-18 13:27:30,704 [INFO] IPUIPlugin:80 - create IPUIPlugin
2023-12-18 13:27:30,704 [INFO] PluginManager:220 - loadIPPluginJar : add i2s
2023-12-18 13:27:30,706 [INFO] IPUIPlugin:80 - create IPUIPlugin
2023-12-18 13:27:30,706 [INFO] PluginManager:220 - loadIPPluginJar : add i3c
2023-12-18 13:27:30,708 [INFO] IPUIPlugin:80 - create IPUIPlugin
2023-12-18 13:27:30,708 [INFO] PluginManager:220 - loadIPPluginJar : add ipddr
2023-12-18 13:27:30,712 [INFO] IPUIPlugin:80 - create IPUIPlugin
2023-12-18 13:27:30,712 [INFO] PluginManager:220 - loadIPPluginJar : add linkedlist
2023-12-18 13:27:30,714 [INFO] IPUIPlugin:80 - create IPUIPlugin
2023-12-18 13:27:30,714 [INFO] PluginManager:220 - loadIPPluginJar : add lorawan
2023-12-18 13:27:30,714 [INFO] IPUIPlugin:80 - create IPUIPlugin
2023-12-18 13:27:30,715 [INFO] PluginManager:220 - loadIPPluginJar : add ltdc
2023-12-18 13:27:30,718 [INFO] IPUIPlugin:80 - create IPUIPlugin
2023-12-18 13:27:30,718 [INFO] PluginManager:220 - loadIPPluginJar : add mdma
2023-12-18 13:27:30,721 [INFO] IPUIPlugin:80 - create IPUIPlugin
2023-12-18 13:27:30,721 [INFO] PluginManager:220 - loadIPPluginJar : add nvic
2023-12-18 13:27:30,722 [INFO] IPUIPlugin:80 - create IPUIPlugin
2023-12-18 13:27:30,722 [INFO] PluginManager:220 - loadIPPluginJar : add opamp
2023-12-18 13:27:30,724 [INFO] IPUIPlugin:80 - create IPUIPlugin
2023-12-18 13:27:30,724 [INFO] PluginManager:220 - loadIPPluginJar : add openamp
2023-12-18 13:27:30,725 [INFO] IPUIPlugin:80 - create IPUIPlugin
2023-12-18 13:27:30,725 [INFO] PluginManager:220 - loadIPPluginJar : add pdm2pcm
2023-12-18 13:27:30,729 [INFO] IPUIPlugin:80 - create IPUIPlugin
2023-12-18 13:27:30,730 [INFO] PluginManager:220 - loadIPPluginJar : add plateformsettings
2023-12-18 13:27:30,731 [INFO] IPUIPlugin:80 - create IPUIPlugin
2023-12-18 13:27:30,731 [INFO] PluginManager:220 - loadIPPluginJar : add quadspi
2023-12-18 13:27:30,733 [INFO] IPUIPlugin:80 - create IPUIPlugin
2023-12-18 13:27:30,733 [INFO] PluginManager:220 - loadIPPluginJar : add resmgrutility
2023-12-18 13:27:30,735 [INFO] IPUIPlugin:80 - create IPUIPlugin
2023-12-18 13:27:30,735 [INFO] PluginManager:220 - loadIPPluginJar : add sai
2023-12-18 13:27:30,736 [INFO] IPUIPlugin:80 - create IPUIPlugin
2023-12-18 13:27:30,736 [INFO] PluginManager:220 - loadIPPluginJar : add spi
2023-12-18 13:27:30,739 [INFO] IPUIPlugin:80 - create IPUIPlugin
2023-12-18 13:27:30,739 [INFO] PluginManager:220 - loadIPPluginJar : add stm32_wpan
2023-12-18 13:27:30,741 [INFO] IPUIPlugin:80 - create IPUIPlugin
2023-12-18 13:27:30,741 [INFO] PluginManager:220 - loadIPPluginJar : add tim
2023-12-18 13:27:30,743 [INFO] IPUIPlugin:80 - create IPUIPlugin
2023-12-18 13:27:30,743 [INFO] PluginManager:220 - loadIPPluginJar : add touchsensing
2023-12-18 13:27:30,745 [INFO] IPUIPlugin:80 - create IPUIPlugin
2023-12-18 13:27:30,745 [INFO] PluginManager:220 - loadIPPluginJar : add tracer_emb
2023-12-18 13:27:30,747 [INFO] IPUIPlugin:80 - create IPUIPlugin
2023-12-18 13:27:30,747 [INFO] PluginManager:220 - loadIPPluginJar : add ts
2023-12-18 13:27:30,748 [INFO] IPUIPlugin:80 - create IPUIPlugin
2023-12-18 13:27:30,748 [INFO] PluginManager:220 - loadIPPluginJar : add tsc
2023-12-18 13:27:30,749 [INFO] IPUIPlugin:80 - create IPUIPlugin
2023-12-18 13:27:30,749 [INFO] PluginManager:220 - loadIPPluginJar : add ucpd
2023-12-18 13:27:30,750 [INFO] IPUIPlugin:80 - create IPUIPlugin
2023-12-18 13:27:30,750 [INFO] PluginManager:220 - loadIPPluginJar : add usart
2023-12-18 13:27:30,752 [INFO] IPUIPlugin:80 - create IPUIPlugin
2023-12-18 13:27:30,752 [INFO] PluginManager:220 - loadIPPluginJar : add usbx
2023-12-18 13:27:30,866 [INFO] CADModel:165 - CPN selected for project level
2023-12-18 13:27:30,866 [INFO] CADModel:114 - Register for checkConnection events
2023-12-18 13:27:30,866 [FATAL] Updater:308 - Updater called before beeing initialized
2023-12-18 13:27:30,866 [ERROR] CADModel:125 - Updater not yet initialized, retry later 
2023-12-18 13:27:30,962 [INFO] CADModel:165 - CPN selected for project level
2023-12-18 13:27:30,962 [INFO] CADModel:114 - Register for checkConnection events
2023-12-18 13:27:30,962 [FATAL] Updater:308 - Updater called before beeing initialized
2023-12-18 13:27:30,962 [ERROR] CADModel:125 - Updater not yet initialized, retry later 
2023-12-18 13:27:30,976 [FATAL] Updater:308 - Updater called before beeing initialized
2023-12-18 13:27:31,063 [FATAL] Updater:308 - Updater called before beeing initialized
2023-12-18 13:27:31,066 [INFO] DbMcusAds:53 - JSON generation date=Thu Sep 30 08:55:09 CEST 2021 (1632984909247)
2023-12-18 13:27:31,066 [FATAL] Updater:308 - Updater called before beeing initialized
2023-12-18 13:27:31,113 [WARN] DetailPanel:346 - Failed to get advertising image, set to default
2023-12-18 13:27:31,171 [FATAL] Updater:308 - Updater called before beeing initialized
2023-12-18 13:27:31,172 [FATAL] Updater:308 - Updater called before beeing initialized
2023-12-18 13:27:31,172 [FATAL] Updater:308 - Updater called before beeing initialized
2023-12-18 13:27:31,172 [WARN] DetailPanel:346 - Failed to get advertising image, set to default
2023-12-18 13:27:31,173 [FATAL] Updater:308 - Updater called before beeing initialized
2023-12-18 13:27:31,203 [ERROR] Updater:1120 - MainUpdater not yet initialized. External WinMGr cannot be set.
2023-12-18 13:27:31,204 [INFO] Updater:1056 - Updater Version found : 6.10.0
2023-12-18 13:27:31,216 [INFO] ApplicationProperties:184 - Using Application install path: C:\ST\STM32CubeIDE_1.14.0\STM32CubeIDE\plugins\com.st.stm32cube.common.mx_6.10.0.202311202037
2023-12-18 13:27:32,788 [ERROR] LogOutputStream:75 - [STDERR_REDIRECT] Dec 18, 2023 1:27:32 PM java.util.prefs.WindowsPreferences <init>
2023-12-18 13:27:32,791 [ERROR] LogOutputStream:75 - [STDERR_REDIRECT] WARNING: Could not open/create prefs root node Software\JavaSoft\Prefs at root 0xffffffff80000002. Windows RegCreateKeyEx(...) returned error code 5.
2023-12-18 13:27:32,791 [ERROR] LogOutputStream:75 - [STDERR_REDIRECT] 
2023-12-18 13:27:33,022 [INFO] MainUpdater:2873 - connection check result : 10
2023-12-18 13:27:33,022 [INFO] MainUpdater:290 - Updater Check For Update Now.
2023-12-18 13:27:33,022 [INFO] MicroXplorer:498 - Change Database Version : DB.6.0.100
2023-12-18 13:27:33,028 [INFO] McuFinderGlobals:63 - Set McuFinder mode to 2 (CubeIDE integrated)
2023-12-18 13:27:33,028 [INFO] UserAuth:180 - activating auth plugin
2023-12-18 13:27:33,030 [INFO] UserAuth:404 - Internet connection configuration mode: 1
2023-12-18 13:27:33,050 [INFO] JxBrowserEngine:152 - Initiate JxBrowser Engine with user profile folder
2023-12-18 13:27:33,171 [INFO] CheckServerUpdateThread:120 - End of CheckServer Thread
2023-12-18 13:27:33,458 [WARN] PackLoader:240 - Cannot read IP mode file for STMicroelectronics.X-CUBE-SMBUS.2.1.0
2023-12-18 13:27:33,469 [INFO] WebApp:161 - Instantiating new browser for Auth
2023-12-18 13:27:33,469 [WARN] PackLoader:240 - Cannot read IP mode file for STMicroelectronics.X-CUBE-TOUCHGFX.4.23.0
2023-12-18 13:27:33,484 [WARN] PackLoader:240 - Cannot read IP mode file for STMicroelectronics.X-CUBE-AZRTOS-F7.1.1.0
2023-12-18 13:27:33,493 [WARN] PackLoader:240 - Cannot read IP mode file for STMicroelectronics.FP-SNS-MOTENV1.4.3.2
2023-12-18 13:27:33,503 [WARN] PackLoader:240 - Cannot read IP mode file for STMicroelectronics.FP-SNS-FLIGHT1.5.0.2
2023-12-18 13:27:33,511 [WARN] PackLoader:240 - Cannot read IP mode file for STMicroelectronics.X-CUBE-DISPLAY.3.0.0
2023-12-18 13:27:33,523 [WARN] PackLoader:240 - Cannot read IP mode file for STMicroelectronics.X-CUBE-BLE1.7.0.0
2023-12-18 13:27:33,541 [WARN] PackLoader:240 - Cannot read IP mode file for emotas.I-CUBE-CANOPEN.1.3.0
2023-12-18 13:27:33,544 [WARN] PackLoader:240 - Cannot read IP mode file for STMicroelectronics.FP-SNS-SMARTAG2.1.2.0
2023-12-18 13:27:33,558 [INFO] LogOutputStream:77 - [STDOUT_REDIRECT] 1 : Invalid condition id : UX_CORESTACK_Condition cause : null
2023-12-18 13:27:33,559 [INFO] LogOutputStream:77 - [STDOUT_REDIRECT] 1 : Invalid condition id : UX_CORESTACK_Condition cause : null
2023-12-18 13:27:33,560 [INFO] LogOutputStream:77 - [STDOUT_REDIRECT] 1 : Invalid condition id : UX_CORESTACK_Condition cause : null
2023-12-18 13:27:33,561 [INFO] LogOutputStream:77 - [STDOUT_REDIRECT] 1 : Invalid condition id : UX_CORESTACK_Condition cause : null
2023-12-18 13:27:33,562 [INFO] LogOutputStream:77 - [STDOUT_REDIRECT] 1 : Invalid condition id : UX_CORESTACK_Condition cause : null
2023-12-18 13:27:33,565 [WARN] PackLoader:240 - Cannot read IP mode file for STMicroelectronics.X-CUBE-AZRTOS-WL.2.0.0
2023-12-18 13:27:33,572 [WARN] PackLoader:240 - Cannot read IP mode file for WES.I-CUBE-Cesium.1.3.0
2023-12-18 13:27:33,575 [WARN] PackLoader:240 - Cannot read IP mode file for STMicroelectronics.X-CUBE-BLE2.3.3.0
2023-12-18 13:27:33,580 [WARN] PackLoader:240 - Cannot read IP mode file for STMicroelectronics.X-CUBE-ALGOBUILD.1.3.0
2023-12-18 13:27:33,589 [WARN] PackLoader:240 - Cannot read IP mode file for STMicroelectronics.X-CUBE-AZRTOS-G0.1.1.0
2023-12-18 13:27:33,594 [WARN] PackLoader:240 - Cannot read IP mode file for STMicroelectronics.X-CUBE-NFC4.3.0.0
2023-12-18 13:27:33,601 [WARN] PackLoader:240 - Cannot read IP mode file for STMicroelectronics.X-CUBE-BLEMGR.3.0.0
2023-12-18 13:27:33,605 [WARN] PackLoader:240 - Cannot read IP mode file for STMicroelectronics.FP-ATR-SIGFOX1.3.2.0
2023-12-18 13:27:33,607 [WARN] PackLoader:240 - Cannot read IP mode file for STMicroelectronics.X-CUBE-GNSS1.6.0.0
2023-12-18 13:27:33,615 [WARN] PackLoader:240 - Cannot read IP mode file for STMicroelectronics.X-CUBE-AZRTOS-F4.1.1.0
2023-12-18 13:27:33,619 [WARN] PackLoader:240 - Cannot read IP mode file for wolfSSL.I-CUBE-wolfSSL.5.6.4
2023-12-18 13:27:33,626 [WARN] PackLoader:240 - Cannot read IP mode file for STMicroelectronics.X-CUBE-AZRTOS-L5.2.0.0
2023-12-18 13:27:33,631 [WARN] PackLoader:240 - Cannot read IP mode file for STMicroelectronics.X-CUBE-EEPRMA1.4.2.0
2023-12-18 13:27:33,635 [WARN] PackLoader:240 - Cannot read IP mode file for ITTIA_DB.I-CUBE-ITTIADB.8.8.0
2023-12-18 13:27:33,639 [WARN] PackLoader:240 - Cannot read IP mode file for STMicroelectronics.X-CUBE-NFC7.1.0.1
2023-12-18 13:27:33,644 [WARN] PackLoader:240 - Cannot read IP mode file for STMicroelectronics.X-CUBE-NFC6.3.0.0
2023-12-18 13:27:33,647 [WARN] PackLoader:240 - Cannot read IP mode file for STMicroelectronics.X-CUBE-AI.8.1.0
2023-12-18 13:27:33,656 [WARN] ConditionMgr:438 - getConditionDescription Invalid condition id : LAN8742 Phy interface Condition cause : null
2023-12-18 13:27:33,656 [WARN] PackLoader:240 - Cannot read IP mode file for STMicroelectronics.X-CUBE-AZRTOS-L4.2.0.0
2023-12-18 13:27:33,657 [WARN] ConditionMgr:1039 - genDependencies : Invalid condition id : LAN8742 Phy interface Condition cause : null
2023-12-18 13:27:33,657 [WARN] ConditionMgr:1039 - genDependencies : Invalid condition id : LAN8742 Phy interface Condition cause : null
2023-12-18 13:27:33,657 [WARN] ConditionMgr:1039 - genDependencies : Invalid condition id : LAN8742 Phy interface Condition cause : null
2023-12-18 13:27:33,662 [WARN] PackLoader:240 - Cannot read IP mode file for STMicroelectronics.X-CUBE-SFXS2LP1.4.0.0
2023-12-18 13:27:33,670 [WARN] ConditionMgr:438 - getConditionDescription Invalid condition id : UX DEVICE CLASS RTOS Condition cause : null
2023-12-18 13:27:33,670 [WARN] ConditionMgr:438 - getConditionDescription Invalid condition id : UX DEVICE CLASS RTOS Condition cause : null
2023-12-18 13:27:33,671 [WARN] PackLoader:240 - Cannot read IP mode file for STMicroelectronics.X-CUBE-AZRTOS-WB.2.0.0
2023-12-18 13:27:33,672 [WARN] ConditionMgr:1039 - genDependencies : Invalid condition id : UX DEVICE CLASS RTOS Condition cause : null
2023-12-18 13:27:33,672 [WARN] ConditionMgr:1039 - genDependencies : Invalid condition id : UX DEVICE CLASS RTOS Condition cause : null
2023-12-18 13:27:33,672 [WARN] ConditionMgr:1039 - genDependencies : Invalid condition id : UX DEVICE CLASS RTOS Condition cause : null
2023-12-18 13:27:33,673 [WARN] ConditionMgr:1039 - genDependencies : Invalid condition id : UX DEVICE CLASS RTOS Condition cause : null
2023-12-18 13:27:33,673 [WARN] ConditionMgr:1039 - genDependencies : Invalid condition id : UX DEVICE CLASS RTOS Condition cause : null
2023-12-18 13:27:33,681 [WARN] PackLoader:240 - Cannot read IP mode file for STMicroelectronics.X-CUBE-SUBG2.5.0.0
2023-12-18 13:27:33,699 [WARN] PackLoader:240 - Cannot read IP mode file for STMicroelectronics.X-CUBE-AZRTOS-G4.2.0.0
2023-12-18 13:27:33,713 [WARN] PackLoader:240 - Cannot read IP mode file for Infineon.AIROC-Wi-Fi-Bluetooth-STM32.1.5.1
2023-12-18 13:27:33,719 [WARN] PackLoader:240 - Cannot read IP mode file for STMicroelectronics.FP-SNS-MOTENVWB1.1.3.1
2023-12-18 13:27:33,722 [WARN] PackLoader:240 - Cannot read IP mode file for STMicroelectronics.X-CUBE-ISPU.2.0.0
2023-12-18 13:27:33,740 [WARN] PackLoader:240 - Cannot read IP mode file for STMicroelectronics.X-CUBE-MEMS1.10.0.0
2023-12-18 13:27:33,798 [WARN] PackLoader:240 - Cannot read IP mode file for STMicroelectronics.X-CUBE-FREERTOS.1.1.0
2023-12-18 13:27:33,802 [WARN] PackLoader:240 - Cannot read IP mode file for portGmbH.I-Cube-SoM-uGOAL.1.1.0
2023-12-18 13:27:33,804 [WARN] PackLoader:240 - Cannot read IP mode file for STMicroelectronics.X-CUBE-ALS.1.0.1
2023-12-18 13:27:33,807 [WARN] PackLoader:240 - Cannot read IP mode file for STMicroelectronics.FP-ATR-ASTRA1.2.0.0
2023-12-18 13:27:33,814 [WARN] PackLoader:240 - Cannot read IP mode file for STMicroelectronics.X-CUBE-TOF1.3.4.0
2023-12-18 13:27:33,826 [WARN] PackLoader:240 - Cannot read IP mode file for STMicroelectronics.X-CUBE-AZRTOS-H7.3.2.0
2023-12-18 13:27:33,828 [INFO] ThirdParty:978 - Integrity check success = true
2023-12-18 13:27:33,828 [INFO] IntegrityCheckThread:100 - exiting critical section [integrity check]
2023-12-18 13:27:33,828 [INFO] IntegrityCheckThread:103 - End integrity checks thread
2023-12-18 13:27:34,183 [INFO] WebApp:780 - Register for checkConnection events
2023-12-18 13:27:34,183 [INFO] WebApp:414 - Apply proxy settings
2023-12-18 13:27:34,183 [INFO] WebApp:499 - Chromium requires no authentication
2023-12-18 13:27:34,189 [INFO] WebApp:442 - Direct internet connection detected
2023-12-18 13:27:34,278 [INFO] WebApp:192 - Starting web application
2023-12-18 13:27:34,278 [INFO] WebApp:544 - Web application path used C:\ST\STM32CubeIDE_1.14.0\STM32CubeIDE\plugins\com.st.stm32cube.common.mx_6.10.0.202311202037\db\plugins\mcufinder\reactClient1\index.html
2023-12-18 13:27:54,719 [ERROR] LogOutputStream:75 - [STDERR_REDIRECT] SLF4J: Failed to load class "org.slf4j.impl.StaticLoggerBinder".
2023-12-18 13:27:54,720 [ERROR] LogOutputStream:75 - [STDERR_REDIRECT] SLF4J: Defaulting to no-operation (NOP) logger implementation
2023-12-18 13:27:54,720 [ERROR] LogOutputStream:75 - [STDERR_REDIRECT] SLF4J: See http://www.slf4j.org/codes.html#StaticLoggerBinder for further details.
2023-12-18 13:28:30,829 [ERROR] LogOutputStream:75 - [STDERR_REDIRECT] 
2023-12-18 13:28:30,830 [ERROR] LogOutputStream:75 - [STDERR_REDIRECT] 
