2024-02-07 19:53:10,601 [INFO] Activator:176 - 


2024-02-07 19:53:10,615 [INFO] Activator:177 - !SESSION log4j initialized
2024-02-07 19:53:14,927 [INFO] LogOutputStream:77 - [STDOUT_REDIRECT] 
2024-02-07 19:53:16,338 [INFO] ApplicationProperties:184 - Using Application install path: C:\ST\STM32CubeIDE_1.14.0\STM32CubeIDE\plugins\com.st.stm32cube.common.mx_6.10.0.202311202037
2024-02-07 19:53:16,347 [INFO] DbMcusXml:78 - Set database path to: C:\ST\STM32CubeIDE_1.14.0\STM32CubeIDE\plugins\com.st.stm32cube.common.mx_6.10.0.202311202037\\db\/mcu/
2024-02-07 19:53:16,347 [INFO] ApiDb:274 - Set plugin database path to: C:\ST\STM32CubeIDE_1.14.0\STM32CubeIDE\plugins\com.st.stm32cube.common.mx_6.10.0.202311202037\\db\/plugins/boardmanager/
2024-02-07 19:53:16,348 [WARN] ApiDb:259 - Overriding images path with different value:  => C:\ST\STM32CubeIDE_1.14.0\STM32CubeIDE\plugins\com.st.stm32cube.common.mx_6.10.0.202311202037\\db\/plugins/mcufinder/images/
2024-02-07 19:53:16,351 [INFO] ApiDb:250 - Set database path to: C:\Users\mathi\.stmcufinder\plugins\mcufinder//mcu/
2024-02-07 19:53:16,351 [INFO] DbMcusAds:125 - Set database path to: C:\Users\mathi\.stmcufinder\plugins\mcufinder//mcu/
2024-02-07 19:53:16,353 [INFO] CrossReferenceDbSqlite:203 - Set database path to: C:\Users\mathi\.stmcufinder\plugins\mcufinder//mcu/cs/
2024-02-07 19:53:16,430 [INFO] RulesReader:64 - Compatibility file has been processed (297 Rules)
2024-02-07 19:53:16,484 [INFO] DbMcusXml:78 - Set database path to: C:\ST\STM32CubeIDE_1.14.0\STM32CubeIDE\plugins\com.st.stm32cube.common.mx_6.10.0.202311202037\\db\/mcu/
2024-02-07 19:53:16,484 [INFO] ApiDb:274 - Set plugin database path to: C:\ST\STM32CubeIDE_1.14.0\STM32CubeIDE\plugins\com.st.stm32cube.common.mx_6.10.0.202311202037\\db\/plugins/boardmanager/
2024-02-07 19:53:16,485 [INFO] ApiDb:261 - Set plugin images path to: C:\ST\STM32CubeIDE_1.14.0\STM32CubeIDE\plugins\com.st.stm32cube.common.mx_6.10.0.202311202037\\db\/plugins/mcufinder/images/
2024-02-07 19:53:16,485 [WARN] DbFile:41 - Overriding database path with different value: C:\Users\mathi\.stmcufinder\plugins\mcufinder/ => C:\Users\mathi\.stmcufinder\plugins\mcufinder
2024-02-07 19:53:16,485 [INFO] ApiDb:250 - Set database path to: C:\Users\mathi\.stmcufinder\plugins\mcufinder//mcu/
2024-02-07 19:53:16,485 [WARN] DbFile:41 - Overriding database path with different value: C:\Users\mathi\.stmcufinder\plugins\mcufinder/ => C:\Users\mathi\.stmcufinder\plugins\mcufinder
2024-02-07 19:53:16,485 [INFO] DbMcusAds:125 - Set database path to: C:\Users\mathi\.stmcufinder\plugins\mcufinder//mcu/
2024-02-07 19:53:16,485 [WARN] DbFile:41 - Overriding database path with different value: C:\Users\mathi\.stmcufinder\plugins\mcufinder/ => C:\Users\mathi\.stmcufinder\plugins\mcufinder
2024-02-07 19:53:16,485 [WARN] DbFile:41 - Overriding database path with different value: C:\Users\mathi\.stmcufinder\plugins\mcufinder/ => C:\Users\mathi\.stmcufinder\plugins\mcufinder
2024-02-07 19:53:16,486 [INFO] CrossReferenceDbSqlite:203 - Set database path to: C:\Users\mathi\.stmcufinder\plugins\mcufinder//mcu/cs/
2024-02-07 19:53:16,537 [INFO] MainPanel:264 - HeapMemory: 268435456
2024-02-07 19:53:16,578 [INFO] DbMcusXml:78 - Set database path to: C:\ST\STM32CubeIDE_1.14.0\STM32CubeIDE\plugins\com.st.stm32cube.common.mx_6.10.0.202311202037\\db\/mcu/
2024-02-07 19:53:16,578 [INFO] ApiDb:274 - Set plugin database path to: C:\ST\STM32CubeIDE_1.14.0\STM32CubeIDE\plugins\com.st.stm32cube.common.mx_6.10.0.202311202037\\db\/plugins/boardmanager/
2024-02-07 19:53:16,578 [INFO] ApiDb:261 - Set plugin images path to: C:\ST\STM32CubeIDE_1.14.0\STM32CubeIDE\plugins\com.st.stm32cube.common.mx_6.10.0.202311202037\\db\/plugins/mcufinder/images/
2024-02-07 19:53:16,578 [WARN] DbFile:41 - Overriding database path with different value: C:\Users\mathi\.stmcufinder\plugins\mcufinder/ => C:\Users\mathi\.stmcufinder\plugins\mcufinder
2024-02-07 19:53:16,578 [INFO] ApiDb:250 - Set database path to: C:\Users\mathi\.stmcufinder\plugins\mcufinder//mcu/
2024-02-07 19:53:16,578 [WARN] DbFile:41 - Overriding database path with different value: C:\Users\mathi\.stmcufinder\plugins\mcufinder/ => C:\Users\mathi\.stmcufinder\plugins\mcufinder
2024-02-07 19:53:16,579 [INFO] DbMcusAds:125 - Set database path to: C:\Users\mathi\.stmcufinder\plugins\mcufinder//mcu/
2024-02-07 19:53:16,579 [WARN] DbFile:41 - Overriding database path with different value: C:\Users\mathi\.stmcufinder\plugins\mcufinder/ => C:\Users\mathi\.stmcufinder\plugins\mcufinder
2024-02-07 19:53:16,579 [WARN] DbFile:41 - Overriding database path with different value: C:\Users\mathi\.stmcufinder\plugins\mcufinder/ => C:\Users\mathi\.stmcufinder\plugins\mcufinder
2024-02-07 19:53:16,579 [INFO] CrossReferenceDbSqlite:203 - Set database path to: C:\Users\mathi\.stmcufinder\plugins\mcufinder//mcu/cs/
2024-02-07 19:53:16,589 [INFO] ApplicationProperties:184 - Using Application install path: C:\ST\STM32CubeIDE_1.14.0\STM32CubeIDE\plugins\com.st.stm32cube.common.mx_6.10.0.202311202037
2024-02-07 19:53:16,590 [INFO] PluginManage:196 - Search for loadable plugins [exclusion list=, ]
2024-02-07 19:53:16,591 [INFO] PluginManage:310 - Check plugin analytics
2024-02-07 19:53:16,717 [INFO] AnalyticsPlugin:253 - Accepted Software Licenses: 
2024-02-07 19:53:16,717 [INFO] AnalyticsPlugin:255 - Accepted CMSIS Pack Licenses: 
2024-02-07 19:53:16,717 [INFO] AnalyticsPlugin:257 - Accepted Firmware Licenses: 
2024-02-07 19:53:16,720 [INFO] PluginManage:359 - Loaded plugin analytics (category:tool,tabindex:-1)
2024-02-07 19:53:16,721 [INFO] PluginManage:310 - Check plugin cadmodel
2024-02-07 19:53:16,724 [INFO] CADModel:105 - Init CAD model plugin
2024-02-07 19:53:16,724 [INFO] PluginManage:359 - Loaded plugin cadmodel (category:power,tabindex:5)
2024-02-07 19:53:16,725 [INFO] PluginManage:310 - Check plugin clock
2024-02-07 19:53:16,732 [INFO] PluginManage:359 - Loaded plugin clock (category:base,tabindex:2)
2024-02-07 19:53:16,733 [INFO] PluginManage:310 - Check plugin ddr
2024-02-07 19:53:16,734 [INFO] PluginManage:359 - Loaded plugin ddr (category:tool,tabindex:6)
2024-02-07 19:53:16,734 [INFO] PluginManage:310 - Check plugin filemanager
2024-02-07 19:53:16,826 [INFO] PluginManage:359 - Loaded plugin filemanager (category:base,tabindex:10)
2024-02-07 19:53:16,826 [INFO] PluginManage:310 - Check plugin ipmanager
2024-02-07 19:53:16,833 [INFO] PluginManage:359 - Loaded plugin ipmanager (category:base,tabindex:5)
2024-02-07 19:53:16,833 [INFO] PluginManage:310 - Check plugin lpbam
2024-02-07 19:53:16,839 [INFO] PluginManage:359 - Loaded plugin lpbam (category:base,tabindex:0)
2024-02-07 19:53:16,839 [INFO] PluginManage:310 - Check plugin memorymap
2024-02-07 19:53:16,850 [INFO] PluginManage:359 - Loaded plugin memorymap (category:base,tabindex:4)
2024-02-07 19:53:16,850 [INFO] PluginManage:310 - Check plugin pinoutandconfiguration
2024-02-07 19:53:16,855 [INFO] PluginManage:359 - Loaded plugin pinoutandconfiguration (category:base,tabindex:1)
2024-02-07 19:53:16,855 [INFO] PluginManage:310 - Check plugin pinoutconfig
2024-02-07 19:53:16,912 [WARN] SupportedApi:132 - Cannot load RTOS API schema: s4s-elt-must-match.1: The content of 'definitions' must match (annotation?, (simpleType | complexType)?, (unique | key | keyref)*)). A problem was found starting at: attribute.
2024-02-07 19:53:16,983 [INFO] PluginManage:359 - Loaded plugin pinoutconfig (category:base,tabindex:0)
2024-02-07 19:53:16,983 [INFO] PluginManage:310 - Check plugin power
2024-02-07 19:53:16,987 [INFO] PluginManage:359 - Loaded plugin power (category:power,tabindex:4)
2024-02-07 19:53:16,987 [INFO] PluginManage:310 - Check plugin projectmanager
2024-02-07 19:53:16,997 [INFO] PluginManage:359 - Loaded plugin projectmanager (category:projectmanager,tabindex:3)
2024-02-07 19:53:16,998 [INFO] PluginManage:310 - Check plugin thirdparty
2024-02-07 19:53:17,077 [WARN] IntegrityCheckThread:84 - waiting for thirdparty lock release [integrity check]
2024-02-07 19:53:17,078 [INFO] IntegrityCheckThread:86 - entering critical section [integrity check]
2024-02-07 19:53:17,078 [INFO] PluginManage:359 - Loaded plugin thirdparty (category:base,tabindex:-1)
2024-02-07 19:53:17,078 [INFO] PluginManage:310 - Check plugin tools
2024-02-07 19:53:17,078 [INFO] ThirdPartyUpdaterWithRetryManager:70 - Updater plugin not ready yet. [1/15]
2024-02-07 19:53:17,080 [INFO] PluginManage:359 - Loaded plugin tools (category:base,tabindex:7)
2024-02-07 19:53:17,080 [INFO] PluginManage:310 - Check plugin tutovideos
2024-02-07 19:53:17,192 [INFO] PluginManage:359 - Loaded plugin tutovideos (category:base,tabindex:-1)
2024-02-07 19:53:17,192 [INFO] PluginManage:310 - Check plugin updater
2024-02-07 19:53:17,198 [INFO] PluginManage:359 - Loaded plugin updater (category:base,tabindex:12)
2024-02-07 19:53:17,198 [INFO] PluginManage:310 - Check plugin userauth
2024-02-07 19:53:17,200 [INFO] UserAuth:114 - Init User Auth plugin
2024-02-07 19:53:17,201 [INFO] PluginManage:359 - Loaded plugin userauth (category:base,tabindex:14)
2024-02-07 19:53:17,201 [INFO] PluginManage:283 - PluginManage : Loaded plugins [17]
2024-02-07 19:53:17,321 [INFO] PinOutPanel:1499 - setPackage(No Configuration,No Configuration)
2024-02-07 19:53:17,367 [INFO] CADModel:165 - CPN selected for project level
2024-02-07 19:53:17,367 [INFO] CADModel:114 - Register for checkConnection events
2024-02-07 19:53:17,376 [INFO] IPUIPlugin:80 - create IPUIPlugin
2024-02-07 19:53:17,376 [INFO] PluginManager:220 - loadIPPluginJar : add adc
2024-02-07 19:53:17,378 [INFO] IPUIPlugin:80 - create IPUIPlugin
2024-02-07 19:53:17,378 [INFO] PluginManager:220 - loadIPPluginJar : add aes
2024-02-07 19:53:17,380 [INFO] IPUIPlugin:80 - create IPUIPlugin
2024-02-07 19:53:17,380 [INFO] PluginManager:220 - loadIPPluginJar : add can
2024-02-07 19:53:17,381 [INFO] IPUIPlugin:80 - create IPUIPlugin
2024-02-07 19:53:17,381 [INFO] PluginManager:220 - loadIPPluginJar : add comp
2024-02-07 19:53:17,382 [INFO] IPUIPlugin:80 - create IPUIPlugin
2024-02-07 19:53:17,382 [INFO] PluginManager:220 - loadIPPluginJar : add cryp
2024-02-07 19:53:17,383 [INFO] IPUIPlugin:80 - create IPUIPlugin
2024-02-07 19:53:17,383 [INFO] PluginManager:220 - loadIPPluginJar : add dfsdm
2024-02-07 19:53:17,386 [INFO] IPUIPlugin:80 - create IPUIPlugin
2024-02-07 19:53:17,387 [INFO] PluginManager:220 - loadIPPluginJar : add dma
2024-02-07 19:53:17,388 [INFO] IPUIPlugin:80 - create IPUIPlugin
2024-02-07 19:53:17,388 [INFO] PluginManager:220 - loadIPPluginJar : add dma3
2024-02-07 19:53:17,389 [INFO] IPUIPlugin:80 - create IPUIPlugin
2024-02-07 19:53:17,389 [INFO] PluginManager:220 - loadIPPluginJar : add fatfs
2024-02-07 19:53:17,391 [INFO] IPUIPlugin:80 - create IPUIPlugin
2024-02-07 19:53:17,391 [INFO] PluginManager:220 - loadIPPluginJar : add fmc
2024-02-07 19:53:17,395 [INFO] IPUIPlugin:80 - create IPUIPlugin
2024-02-07 19:53:17,395 [INFO] PluginManager:220 - loadIPPluginJar : add freertos
2024-02-07 19:53:17,395 [INFO] IPUIPlugin:80 - create IPUIPlugin
2024-02-07 19:53:17,396 [INFO] PluginManager:220 - loadIPPluginJar : add genericplugin
2024-02-07 19:53:17,397 [INFO] IPUIPlugin:80 - create IPUIPlugin
2024-02-07 19:53:17,397 [INFO] PluginManager:220 - loadIPPluginJar : add gfxmmu
2024-02-07 19:53:17,399 [INFO] IPUIPlugin:80 - create IPUIPlugin
2024-02-07 19:53:17,399 [INFO] PluginManager:220 - loadIPPluginJar : add gic
2024-02-07 19:53:17,401 [INFO] IPUIPlugin:80 - create IPUIPlugin
2024-02-07 19:53:17,401 [INFO] PluginManager:220 - loadIPPluginJar : add gpio
2024-02-07 19:53:17,403 [INFO] IPUIPlugin:80 - create IPUIPlugin
2024-02-07 19:53:17,403 [INFO] PluginManager:220 - loadIPPluginJar : add gtzc
2024-02-07 19:53:17,404 [INFO] IPUIPlugin:80 - create IPUIPlugin
2024-02-07 19:53:17,404 [INFO] PluginManager:220 - loadIPPluginJar : add hash
2024-02-07 19:53:17,405 [INFO] IPUIPlugin:80 - create IPUIPlugin
2024-02-07 19:53:17,405 [INFO] PluginManager:220 - loadIPPluginJar : add i2c
2024-02-07 19:53:17,406 [INFO] IPUIPlugin:80 - create IPUIPlugin
2024-02-07 19:53:17,407 [INFO] PluginManager:220 - loadIPPluginJar : add i2s
2024-02-07 19:53:17,408 [INFO] IPUIPlugin:80 - create IPUIPlugin
2024-02-07 19:53:17,408 [INFO] PluginManager:220 - loadIPPluginJar : add i3c
2024-02-07 19:53:17,409 [INFO] IPUIPlugin:80 - create IPUIPlugin
2024-02-07 19:53:17,409 [INFO] PluginManager:220 - loadIPPluginJar : add ipddr
2024-02-07 19:53:17,413 [INFO] IPUIPlugin:80 - create IPUIPlugin
2024-02-07 19:53:17,413 [INFO] PluginManager:220 - loadIPPluginJar : add linkedlist
2024-02-07 19:53:17,415 [INFO] IPUIPlugin:80 - create IPUIPlugin
2024-02-07 19:53:17,415 [INFO] PluginManager:220 - loadIPPluginJar : add lorawan
2024-02-07 19:53:17,416 [INFO] IPUIPlugin:80 - create IPUIPlugin
2024-02-07 19:53:17,416 [INFO] PluginManager:220 - loadIPPluginJar : add ltdc
2024-02-07 19:53:17,419 [INFO] IPUIPlugin:80 - create IPUIPlugin
2024-02-07 19:53:17,419 [INFO] PluginManager:220 - loadIPPluginJar : add mdma
2024-02-07 19:53:17,421 [INFO] IPUIPlugin:80 - create IPUIPlugin
2024-02-07 19:53:17,421 [INFO] PluginManager:220 - loadIPPluginJar : add nvic
2024-02-07 19:53:17,422 [INFO] IPUIPlugin:80 - create IPUIPlugin
2024-02-07 19:53:17,422 [INFO] PluginManager:220 - loadIPPluginJar : add opamp
2024-02-07 19:53:17,424 [INFO] IPUIPlugin:80 - create IPUIPlugin
2024-02-07 19:53:17,424 [INFO] PluginManager:220 - loadIPPluginJar : add openamp
2024-02-07 19:53:17,426 [INFO] IPUIPlugin:80 - create IPUIPlugin
2024-02-07 19:53:17,426 [INFO] PluginManager:220 - loadIPPluginJar : add pdm2pcm
2024-02-07 19:53:17,429 [INFO] IPUIPlugin:80 - create IPUIPlugin
2024-02-07 19:53:17,430 [INFO] PluginManager:220 - loadIPPluginJar : add plateformsettings
2024-02-07 19:53:17,431 [INFO] IPUIPlugin:80 - create IPUIPlugin
2024-02-07 19:53:17,431 [INFO] PluginManager:220 - loadIPPluginJar : add quadspi
2024-02-07 19:53:17,432 [INFO] IPUIPlugin:80 - create IPUIPlugin
2024-02-07 19:53:17,432 [INFO] PluginManager:220 - loadIPPluginJar : add resmgrutility
2024-02-07 19:53:17,434 [INFO] IPUIPlugin:80 - create IPUIPlugin
2024-02-07 19:53:17,434 [INFO] PluginManager:220 - loadIPPluginJar : add sai
2024-02-07 19:53:17,435 [INFO] IPUIPlugin:80 - create IPUIPlugin
2024-02-07 19:53:17,435 [INFO] PluginManager:220 - loadIPPluginJar : add spi
2024-02-07 19:53:17,437 [INFO] IPUIPlugin:80 - create IPUIPlugin
2024-02-07 19:53:17,438 [INFO] PluginManager:220 - loadIPPluginJar : add stm32_wpan
2024-02-07 19:53:17,438 [INFO] IPUIPlugin:80 - create IPUIPlugin
2024-02-07 19:53:17,438 [INFO] PluginManager:220 - loadIPPluginJar : add tim
2024-02-07 19:53:17,440 [INFO] IPUIPlugin:80 - create IPUIPlugin
2024-02-07 19:53:17,440 [INFO] PluginManager:220 - loadIPPluginJar : add touchsensing
2024-02-07 19:53:17,441 [INFO] IPUIPlugin:80 - create IPUIPlugin
2024-02-07 19:53:17,441 [INFO] PluginManager:220 - loadIPPluginJar : add tracer_emb
2024-02-07 19:53:17,442 [INFO] IPUIPlugin:80 - create IPUIPlugin
2024-02-07 19:53:17,442 [INFO] PluginManager:220 - loadIPPluginJar : add ts
2024-02-07 19:53:17,443 [INFO] IPUIPlugin:80 - create IPUIPlugin
2024-02-07 19:53:17,443 [INFO] PluginManager:220 - loadIPPluginJar : add tsc
2024-02-07 19:53:17,444 [INFO] IPUIPlugin:80 - create IPUIPlugin
2024-02-07 19:53:17,444 [INFO] PluginManager:220 - loadIPPluginJar : add ucpd
2024-02-07 19:53:17,445 [INFO] IPUIPlugin:80 - create IPUIPlugin
2024-02-07 19:53:17,445 [INFO] PluginManager:220 - loadIPPluginJar : add usart
2024-02-07 19:53:17,447 [INFO] IPUIPlugin:80 - create IPUIPlugin
2024-02-07 19:53:17,447 [INFO] PluginManager:220 - loadIPPluginJar : add usbx
2024-02-07 19:53:17,555 [INFO] CADModel:165 - CPN selected for project level
2024-02-07 19:53:17,555 [INFO] CADModel:114 - Register for checkConnection events
2024-02-07 19:53:17,556 [FATAL] Updater:308 - Updater called before beeing initialized
2024-02-07 19:53:17,556 [ERROR] CADModel:125 - Updater not yet initialized, retry later 
2024-02-07 19:53:17,661 [INFO] CADModel:165 - CPN selected for project level
2024-02-07 19:53:17,662 [INFO] CADModel:114 - Register for checkConnection events
2024-02-07 19:53:17,662 [FATAL] Updater:308 - Updater called before beeing initialized
2024-02-07 19:53:17,662 [ERROR] CADModel:125 - Updater not yet initialized, retry later 
2024-02-07 19:53:17,664 [FATAL] Updater:308 - Updater called before beeing initialized
2024-02-07 19:53:17,738 [FATAL] Updater:308 - Updater called before beeing initialized
2024-02-07 19:53:17,742 [INFO] DbMcusAds:53 - JSON generation date=Thu Sep 30 08:55:09 CEST 2021 (1632984909247)
2024-02-07 19:53:17,742 [FATAL] Updater:308 - Updater called before beeing initialized
2024-02-07 19:53:17,764 [WARN] DetailPanel:346 - Failed to get advertising image, set to default
2024-02-07 19:53:17,822 [FATAL] Updater:308 - Updater called before beeing initialized
2024-02-07 19:53:17,823 [FATAL] Updater:308 - Updater called before beeing initialized
2024-02-07 19:53:17,823 [FATAL] Updater:308 - Updater called before beeing initialized
2024-02-07 19:53:17,823 [WARN] DetailPanel:346 - Failed to get advertising image, set to default
2024-02-07 19:53:17,823 [FATAL] Updater:308 - Updater called before beeing initialized
2024-02-07 19:53:17,851 [ERROR] Updater:1120 - MainUpdater not yet initialized. External WinMGr cannot be set.
2024-02-07 19:53:17,852 [INFO] Updater:1056 - Updater Version found : 6.10.0
2024-02-07 19:53:17,862 [INFO] ApplicationProperties:184 - Using Application install path: C:\ST\STM32CubeIDE_1.14.0\STM32CubeIDE\plugins\com.st.stm32cube.common.mx_6.10.0.202311202037
2024-02-07 19:53:19,434 [ERROR] LogOutputStream:75 - [STDERR_REDIRECT] Feb 07, 2024 7:53:19 PM java.util.prefs.WindowsPreferences <init>
2024-02-07 19:53:19,436 [ERROR] LogOutputStream:75 - [STDERR_REDIRECT] WARNING: Could not open/create prefs root node Software\JavaSoft\Prefs at root 0xffffffff80000002. Windows RegCreateKeyEx(...) returned error code 5.
2024-02-07 19:53:19,436 [ERROR] LogOutputStream:75 - [STDERR_REDIRECT] 
2024-02-07 19:53:19,731 [INFO] MainUpdater:2873 - connection check result : 10
2024-02-07 19:53:19,732 [INFO] MainUpdater:290 - Updater Check For Update Now.
2024-02-07 19:53:19,732 [INFO] MicroXplorer:498 - Change Database Version : DB.6.0.100
2024-02-07 19:53:19,736 [INFO] McuFinderGlobals:63 - Set McuFinder mode to 2 (CubeIDE integrated)
2024-02-07 19:53:19,736 [INFO] UserAuth:180 - activating auth plugin
2024-02-07 19:53:19,738 [INFO] UserAuth:404 - Internet connection configuration mode: 1
2024-02-07 19:53:19,768 [INFO] JxBrowserEngine:152 - Initiate JxBrowser Engine with user profile folder
2024-02-07 19:53:19,899 [INFO] CheckServerUpdateThread:120 - End of CheckServer Thread
2024-02-07 19:53:20,213 [INFO] WebApp:161 - Instantiating new browser for Auth
2024-02-07 19:53:20,290 [WARN] PackLoader:240 - Cannot read IP mode file for STMicroelectronics.X-CUBE-SMBUS.2.1.0
2024-02-07 19:53:20,296 [WARN] PackLoader:240 - Cannot read IP mode file for STMicroelectronics.X-CUBE-TOUCHGFX.4.23.0
2024-02-07 19:53:20,349 [WARN] PackLoader:240 - Cannot read IP mode file for STMicroelectronics.X-CUBE-AZRTOS-F7.1.1.0
2024-02-07 19:53:20,371 [WARN] PackLoader:240 - Cannot read IP mode file for STMicroelectronics.FP-SNS-MOTENV1.4.3.2
2024-02-07 19:53:20,380 [WARN] PackLoader:240 - Cannot read IP mode file for STMicroelectronics.FP-SNS-FLIGHT1.5.0.2
2024-02-07 19:53:20,393 [WARN] PackLoader:240 - Cannot read IP mode file for STMicroelectronics.X-CUBE-DISPLAY.3.0.0
2024-02-07 19:53:20,411 [WARN] PackLoader:240 - Cannot read IP mode file for STMicroelectronics.X-CUBE-BLE1.7.0.0
2024-02-07 19:53:20,423 [WARN] PackLoader:240 - Cannot read IP mode file for emotas.I-CUBE-CANOPEN.1.3.0
2024-02-07 19:53:20,430 [WARN] PackLoader:240 - Cannot read IP mode file for STMicroelectronics.FP-SNS-SMARTAG2.1.2.0
2024-02-07 19:53:20,452 [INFO] LogOutputStream:77 - [STDOUT_REDIRECT] 1 : Invalid condition id : UX_CORESTACK_Condition cause : null
2024-02-07 19:53:20,453 [INFO] LogOutputStream:77 - [STDOUT_REDIRECT] 1 : Invalid condition id : UX_CORESTACK_Condition cause : null
2024-02-07 19:53:20,467 [INFO] LogOutputStream:77 - [STDOUT_REDIRECT] 1 : Invalid condition id : UX_CORESTACK_Condition cause : null
2024-02-07 19:53:20,469 [INFO] LogOutputStream:77 - [STDOUT_REDIRECT] 1 : Invalid condition id : UX_CORESTACK_Condition cause : null
2024-02-07 19:53:20,470 [INFO] LogOutputStream:77 - [STDOUT_REDIRECT] 1 : Invalid condition id : UX_CORESTACK_Condition cause : null
2024-02-07 19:53:20,474 [WARN] PackLoader:240 - Cannot read IP mode file for STMicroelectronics.X-CUBE-AZRTOS-WL.2.0.0
2024-02-07 19:53:20,483 [WARN] PackLoader:240 - Cannot read IP mode file for WES.I-CUBE-Cesium.1.3.0
2024-02-07 19:53:20,491 [WARN] PackLoader:240 - Cannot read IP mode file for STMicroelectronics.X-CUBE-BLE2.3.3.0
2024-02-07 19:53:20,498 [WARN] PackLoader:240 - Cannot read IP mode file for STMicroelectronics.X-CUBE-ALGOBUILD.1.3.0
2024-02-07 19:53:20,516 [WARN] PackLoader:240 - Cannot read IP mode file for STMicroelectronics.X-CUBE-AZRTOS-G0.1.1.0
2024-02-07 19:53:20,524 [WARN] PackLoader:240 - Cannot read IP mode file for STMicroelectronics.X-CUBE-NFC4.3.0.0
2024-02-07 19:53:20,537 [WARN] PackLoader:240 - Cannot read IP mode file for STMicroelectronics.X-CUBE-BLEMGR.3.0.0
2024-02-07 19:53:20,546 [WARN] PackLoader:240 - Cannot read IP mode file for STMicroelectronics.FP-ATR-SIGFOX1.3.2.0
2024-02-07 19:53:20,554 [WARN] PackLoader:240 - Cannot read IP mode file for STMicroelectronics.X-CUBE-EEPRMA1.5.1.0
2024-02-07 19:53:20,590 [WARN] PackLoader:240 - Cannot read IP mode file for SEGGER.I-CUBE-embOS.1.3.1
2024-02-07 19:53:20,628 [WARN] PackLoader:240 - Cannot read IP mode file for STMicroelectronics.X-CUBE-GNSS1.6.0.0
2024-02-07 19:53:20,646 [WARN] PackLoader:240 - Cannot read IP mode file for STMicroelectronics.X-CUBE-AZRTOS-F4.1.1.0
2024-02-07 19:53:20,654 [WARN] PackLoader:240 - Cannot read IP mode file for wolfSSL.I-CUBE-wolfSSL.5.6.4
2024-02-07 19:53:20,671 [WARN] PackLoader:240 - Cannot read IP mode file for STMicroelectronics.X-CUBE-AZRTOS-L5.2.0.0
2024-02-07 19:53:20,678 [WARN] PackLoader:240 - Cannot read IP mode file for STMicroelectronics.X-CUBE-EEPRMA1.4.2.0
2024-02-07 19:53:20,687 [WARN] PackLoader:240 - Cannot read IP mode file for ITTIA_DB.I-CUBE-ITTIADB.8.8.0
2024-02-07 19:53:20,692 [WARN] PackLoader:240 - Cannot read IP mode file for STMicroelectronics.X-CUBE-NFC7.1.0.1
2024-02-07 19:53:20,703 [WARN] PackLoader:240 - Cannot read IP mode file for STMicroelectronics.X-CUBE-NFC6.3.0.0
2024-02-07 19:53:20,711 [WARN] PackLoader:240 - Cannot read IP mode file for STMicroelectronics.X-CUBE-AI.8.1.0
2024-02-07 19:53:20,729 [WARN] ConditionMgr:438 - getConditionDescription Invalid condition id : LAN8742 Phy interface Condition cause : null
2024-02-07 19:53:20,730 [WARN] PackLoader:240 - Cannot read IP mode file for STMicroelectronics.X-CUBE-AZRTOS-L4.2.0.0
2024-02-07 19:53:20,732 [WARN] ConditionMgr:1039 - genDependencies : Invalid condition id : LAN8742 Phy interface Condition cause : null
2024-02-07 19:53:20,732 [WARN] ConditionMgr:1039 - genDependencies : Invalid condition id : LAN8742 Phy interface Condition cause : null
2024-02-07 19:53:20,733 [WARN] ConditionMgr:1039 - genDependencies : Invalid condition id : LAN8742 Phy interface Condition cause : null
2024-02-07 19:53:20,741 [WARN] PackLoader:240 - Cannot read IP mode file for STMicroelectronics.X-CUBE-SFXS2LP1.4.0.0
2024-02-07 19:53:20,753 [WARN] ConditionMgr:438 - getConditionDescription Invalid condition id : UX DEVICE CLASS RTOS Condition cause : null
2024-02-07 19:53:20,753 [WARN] ConditionMgr:438 - getConditionDescription Invalid condition id : UX DEVICE CLASS RTOS Condition cause : null
2024-02-07 19:53:20,755 [WARN] PackLoader:240 - Cannot read IP mode file for STMicroelectronics.X-CUBE-AZRTOS-WB.2.0.0
2024-02-07 19:53:20,756 [WARN] ConditionMgr:1039 - genDependencies : Invalid condition id : UX DEVICE CLASS RTOS Condition cause : null
2024-02-07 19:53:20,757 [WARN] ConditionMgr:1039 - genDependencies : Invalid condition id : UX DEVICE CLASS RTOS Condition cause : null
2024-02-07 19:53:20,757 [WARN] ConditionMgr:1039 - genDependencies : Invalid condition id : UX DEVICE CLASS RTOS Condition cause : null
2024-02-07 19:53:20,758 [WARN] ConditionMgr:1039 - genDependencies : Invalid condition id : UX DEVICE CLASS RTOS Condition cause : null
2024-02-07 19:53:20,758 [WARN] ConditionMgr:1039 - genDependencies : Invalid condition id : UX DEVICE CLASS RTOS Condition cause : null
2024-02-07 19:53:20,768 [WARN] PackLoader:240 - Cannot read IP mode file for STMicroelectronics.X-CUBE-SUBG2.5.0.0
2024-02-07 19:53:20,790 [WARN] PackLoader:240 - Cannot read IP mode file for STMicroelectronics.X-CUBE-AZRTOS-G4.2.0.0
2024-02-07 19:53:20,806 [WARN] PackLoader:240 - Cannot read IP mode file for Infineon.AIROC-Wi-Fi-Bluetooth-STM32.1.5.1
2024-02-07 19:53:20,814 [WARN] PackLoader:240 - Cannot read IP mode file for STMicroelectronics.FP-SNS-MOTENVWB1.1.3.1
2024-02-07 19:53:20,819 [WARN] PackLoader:240 - Cannot read IP mode file for STMicroelectronics.X-CUBE-ISPU.2.0.0
2024-02-07 19:53:20,853 [WARN] PackLoader:240 - Cannot read IP mode file for STMicroelectronics.X-CUBE-MEMS1.10.0.0
2024-02-07 19:53:20,957 [WARN] PackLoader:240 - Cannot read IP mode file for STMicroelectronics.X-CUBE-FREERTOS.1.1.0
2024-02-07 19:53:20,962 [WARN] PackLoader:240 - Cannot read IP mode file for portGmbH.I-Cube-SoM-uGOAL.1.1.0
2024-02-07 19:53:20,967 [WARN] PackLoader:240 - Cannot read IP mode file for STMicroelectronics.X-CUBE-ALS.1.0.1
2024-02-07 19:53:20,970 [INFO] WebApp:780 - Register for checkConnection events
2024-02-07 19:53:20,971 [INFO] WebApp:414 - Apply proxy settings
2024-02-07 19:53:20,971 [WARN] PackLoader:240 - Cannot read IP mode file for STMicroelectronics.FP-ATR-ASTRA1.2.0.0
2024-02-07 19:53:20,971 [INFO] WebApp:499 - Chromium requires no authentication
2024-02-07 19:53:20,980 [WARN] PackLoader:240 - Cannot read IP mode file for STMicroelectronics.X-CUBE-TOF1.3.4.0
2024-02-07 19:53:20,989 [INFO] WebApp:442 - Direct internet connection detected
2024-02-07 19:53:21,001 [WARN] PackLoader:240 - Cannot read IP mode file for STMicroelectronics.X-CUBE-AZRTOS-H7.3.2.0
2024-02-07 19:53:21,004 [INFO] ThirdParty:978 - Integrity check success = true
2024-02-07 19:53:21,004 [INFO] IntegrityCheckThread:100 - exiting critical section [integrity check]
2024-02-07 19:53:21,005 [INFO] IntegrityCheckThread:103 - End integrity checks thread
2024-02-07 19:53:21,244 [INFO] WebApp:192 - Starting web application
2024-02-07 19:53:21,244 [INFO] WebApp:544 - Web application path used C:\ST\STM32CubeIDE_1.14.0\STM32CubeIDE\plugins\com.st.stm32cube.common.mx_6.10.0.202311202037\db\plugins\mcufinder\reactClient1\index.html
2024-02-07 19:53:36,914 [ERROR] LogOutputStream:75 - [STDERR_REDIRECT] SLF4J: Failed to load class "org.slf4j.impl.StaticLoggerBinder".
2024-02-07 19:53:36,916 [ERROR] LogOutputStream:75 - [STDERR_REDIRECT] SLF4J: Defaulting to no-operation (NOP) logger implementation
2024-02-07 19:53:36,917 [ERROR] LogOutputStream:75 - [STDERR_REDIRECT] SLF4J: See http://www.slf4j.org/codes.html#StaticLoggerBinder for further details.
2024-02-07 20:00:08,447 [INFO] LogOutputStream:77 - [STDOUT_REDIRECT] StartTraceHandler.execute(), success : Collect=true
2024-02-07 20:16:40,143 [INFO] McuFinderGlobals:63 - Set McuFinder mode to 2 (CubeIDE integrated)
2024-02-07 20:16:40,145 [INFO] MainUpdater:2873 - connection check result : 10
2024-02-07 20:16:40,147 [INFO] McuFinderGlobals:76 - Set McuFinderConnectedMode to true
2024-02-07 20:16:40,462 [INFO] ServerAccessManage:473 - Download File mcusAds.json._tmp_
2024-02-07 20:16:40,575 [INFO] LoadUrlFilesThread:156 - End of LoadUrlFiles Thread
2024-02-07 20:16:40,921 [INFO] ServerAccessManage:473 - Download File cube-finder-db.zip
2024-02-07 20:16:52,182 [INFO] FileExtend:240 - Unzip File : cube-finder-db.zip
2024-02-07 20:16:52,182 [INFO] FileExtend:255 - Standard Zip Deflate
2024-02-07 20:16:52,740 [INFO] LoadUrlFilesThread:156 - End of LoadUrlFiles Thread
2024-02-07 20:16:53,048 [INFO] ServerAccessManage:473 - Download File crdb.zip
2024-02-07 20:16:53,344 [INFO] FileExtend:240 - Unzip File : crdb.zip
2024-02-07 20:16:53,344 [INFO] FileExtend:255 - Standard Zip Deflate
2024-02-07 20:16:53,461 [INFO] LoadUrlFilesThread:156 - End of LoadUrlFiles Thread
2024-02-07 20:16:53,608 [INFO] ServerAccessManage:473 - Download File tutoVideoDB.zip
2024-02-07 20:16:53,683 [INFO] FileExtend:240 - Unzip File : tutoVideoDB.zip
2024-02-07 20:16:53,684 [INFO] FileExtend:255 - Standard Zip Deflate
2024-02-07 20:16:53,792 [INFO] LoadUrlFilesThread:156 - End of LoadUrlFiles Thread
2024-02-07 20:16:53,793 [WARN] DbFile:41 - Overriding database path with different value: C:\Users\mathi\.stmcufinder\plugins\mcufinder/ => C:\Users\mathi\.stmcufinder\plugins\mcufinder
2024-02-07 20:16:53,972 [INFO] ServerAccessManage:473 - Download File api_config.json
2024-02-07 20:16:54,080 [INFO] LoadUrlFilesThread:156 - End of LoadUrlFiles Thread
2024-02-07 20:16:54,080 [INFO] DbMcusAds:53 - JSON generation date=Wed Nov 29 11:52:27 CET 2023 (1701255147200)
2024-02-07 20:16:54,207 [INFO] ServerAccessManage:473 - Download File 
2024-02-07 20:16:54,247 [INFO] LoadUrlFilesThread:185 - End of LoadServerUrlFiles without Thread
2024-02-07 20:16:54,248 [INFO] TargetSelectorAdapter:259 - Refresh data is successful
2024-02-07 20:16:55,109 [INFO] ApiDb:581 - Connected to CubeFinder SQLite database (C:\Users\mathi\.stmcufinder\plugins\mcufinder\mcu\cube-finder-db.db)
2024-02-07 20:16:55,147 [INFO] ApiDb:668 - CubeFinder database Data Model version=2.1
2024-02-07 20:16:55,147 [INFO] ApiDb:669 - CubeFinder database Configuration version=3.0.39
2024-02-07 20:16:55,148 [INFO] ApiDb:670 - CubeFinder database generation date=2024-01-11 (1704964531)
2024-02-07 20:16:55,148 [INFO] ApiDb:671 - CubeFinder database FW Pack versions=[FP-ATR-ASTRA1_V2.0.0, FP-SNS-FLIGHT1_V5.0.1, FP-SNS-FLIGHT1_V5.0.2, FP-SNS-MOTENV1_V4.3.1, FP-SNS-MOTENV1_V4.3.2, FP-SNS-MOTENVWB1_V1.3.1, FP-SNS-SMARTAG2_V1.2.0, STM32Cube_FW_C0_V1.1.0, STM32Cube_FW_F4_V1.28.0, STM32Cube_FW_F7_V1.17.0, STM32Cube_FW_G0_V1.6.2, STM32Cube_FW_G4_V1.5.2, STM32Cube_FW_H5_V0.5.1, STM32Cube_FW_H5_V1.1.1, STM32Cube_FW_H5_V1.2.0RC2, STM32Cube_FW_H7_V1.11.0, STM32Cube_FW_L0_V1.12.2, STM32Cube_FW_L5_V1.5.0, STM32Cube_FW_U5_V1.3.0RC4, STM32Cube_FW_U5_V1.4.0, STM32Cube_FW_WBA_V1.0.0RC1, STM32Cube_FW_WBA_V1.1.0RC1, STM32Cube_FW_WBA_V1.2.0, STM32Cube_FW_WBA_V1.2.0RC2, STM32Cube_FW_WB_V1.15.0RC1, STM32Cube_FW_WB_V1.16.0, STM32Cube_FW_WB_V1.16.0RC2, STM32Cube_FW_WB_V1.18.0, STM32Cube_FW_WL_V1.3.0, X-CUBE-ALGOBUILD_V1.3.0, X-CUBE-ALS_V1.0.1, X-CUBE-AZRTOS-F4_V1.1.0, X-CUBE-AZRTOS-F7_V1.1.0, X-CUBE-AZRTOS-G0_V1.1.0, X-CUBE-AZRTOS-G4_V2.0.0, X-CUBE-AZRTOS-H7_V3.2.0, X-CUBE-AZRTOS-L4_V1.0.0, X-CUBE-AZRTOS-L4_V2.0.0, X-CUBE-AZRTOS-L5_V1.1.0, X-CUBE-AZRTOS-WB_V2.0.0, X-CUBE-AZRTOS-WL_V2.0.0, X-CUBE-BLE1_V7.0.0, X-CUBE-BLE2_V3.3.0, X-CUBE-BLEMGR_V3.0.0, X-CUBE-EEPRMA1_V4.1.0, X-CUBE-EEPRMA1_V4.2.0, X-CUBE-FREERTOS_V1.1.0, X-CUBE-GNSS1_V6.0.0, X-CUBE-MEMS1_V10.0.0, X-CUBE-MEMS1_V9.1.0, X-CUBE-MEMS1_V9.4.0, X-CUBE-MEMS1_V9.6.0, X-CUBE-NFC4_V3.0.0, X-CUBE-NFC7_V1.0.1, X-CUBE-SFXS2LP1_V4.0.0, X-CUBE-SUBG2_V5.0.0, X-CUBE-TOF1_V3.4.0]
2024-02-07 20:16:56,282 [INFO] ApiDb:240 - Found 371 in-development CPN: [B-G473E-ZEST1S, B-WB1M-WPAN1, B-WL5M-SUBG1, NUCLEO-C031C6, NUCLEO-H503RB, NUCLEO-H563ZI, NUCLEO-U545RE-Q, NUCLEO-U5A5ZJ-Q, NUCLEO-WBA52CG, NUCLEO-WBA55CG, STEVAL-MKBOXPRO, STEVAL-PROTEUS1, STEVAL-STWINBX1, STM320518-EVAL, STM32C0116-DK, STM32C011D6Y3TR, STM32C011D6Y6TR, STM32C011F4P3, STM32C011F4P6, STM32C011F4U3, STM32C011F4U6TR, STM32C011F6P3, STM32C011F6P6, STM32C011F6U3, STM32C011F6U6TR, STM32C011J4M3, STM32C011J4M6, STM32C011J6M3, STM32C011J6M6, STM32C0316-DK, STM32C031C4T3, STM32C031C4T6, STM32C031C4U3, STM32C031C4U6, STM32C031C6T3, STM32C031C6T6, STM32C031C6U3, STM32C031C6U6, STM32C031F4P3, STM32C031F4P6, STM32C031F6P3, STM32C031F6P6, STM32C031G4U3, STM32C031G4U6, STM32C031G6U3, STM32C031G6U6, STM32C031K4T3, STM32C031K4T6, STM32C031K4U3, STM32C031K4U6, STM32C031K6T3, STM32C031K6T6, STM32C031K6U3, STM32C031K6U6, STM32G071K8TXN, STM32G071K8UXN, STM32G081GBU6N, STM32G081KBT6N, STM32G081KBUXN, STM32G0B1CCT6N, STM32G0B1KCT6, STM32G0B1NEY6TR, STM32G0B1RCT6N, STM32G0C1CCT6, STM32G0C1CCT6N, STM32G0C1CCU6N, STM32G0C1CET6N, STM32G0C1CEU6N, STM32G0C1KCT6, STM32G0C1NEY6TR, STM32G0C1RCI6N, STM32G0C1RCT6N, STM32G0C1REI6N, STM32G0C1RET6N, STM32G0C1VCI6, STM32G0C1VEI6, STM32G471CCT6, STM32G471CCU6, STM32G471CET3, STM32G471CET6, STM32G471CEU3, STM32G471CEU6, STM32G471MCT6, STM32G471MET3, STM32G471MET6, STM32G471MEY6TR, STM32G471QCT6, STM32G471QET3, STM32G471RCT6, STM32G471RET3, STM32G471RET6, STM32G471VCH6, STM32G471VCI6, STM32G471VCT6, STM32G471VEH3, STM32G471VEH6, STM32G471VEI3, STM32G471VEI6, STM32G471VET3, STM32G471VET6, STM32G474CCT6, STM32H503CBT6, STM32H503CBU6, STM32H503EBY6TR, STM32H503KBU6, STM32H503RBT6, STM32H562AGI6, STM32H562AII6, STM32H562IGK6, STM32H562IGT6, STM32H562IIK6, STM32H562IIT6, STM32H562RGT6, STM32H562RGV6, STM32H562RIT6, STM32H562RIV6, STM32H562VGT6, STM32H562VIT6, STM32H562ZGT6, STM32H562ZIT6, STM32H563AGI6, STM32H563AII3Q, STM32H563AII6, STM32H563IGK6, STM32H563IGT6, STM32H563IIK3Q, STM32H563IIK6, STM32H563IIT3Q, STM32H563IIT6, STM32H563MIY3QTR, STM32H563RGT6, STM32H563RGV6, STM32H563RIT6, STM32H563RIV6, STM32H563VGT6, STM32H563VIT3Q, STM32H563VIT6, STM32H563ZGT6, STM32H563ZIT3Q, STM32H563ZIT6, STM32H573AII3Q, STM32H573AII6, STM32H573I-DK, STM32H573IIK3Q, STM32H573IIK6, STM32H573IIT3Q, STM32H573IIT6, STM32H573MIY3QTR, STM32H573RIT6, STM32H573RIV6, STM32H573VIT3Q, STM32H573VIT6, STM32H573ZIT3Q, STM32H573ZIT6, STM32L4R5QGI6STR, STM32MP131AAE3, STM32MP131AAF3, STM32MP131AAG3, STM32MP131CAE3, STM32MP131CAF3, STM32MP131CAG3, STM32MP131DAE7, STM32MP131DAF7, STM32MP131DAG7, STM32MP131FAE7, STM32MP131FAF7, STM32MP131FAG7, STM32MP133AAE3, STM32MP133AAF3, STM32MP133AAG3, STM32MP133CAE3, STM32MP133CAF3, STM32MP133CAG3, STM32MP133DAE7, STM32MP133DAF7, STM32MP133DAG7, STM32MP133FAE7, STM32MP133FAF7, STM32MP133FAG7, STM32MP135AAE3, STM32MP135AAF3, STM32MP135AAG3, STM32MP135CAE3, STM32MP135CAF3, STM32MP135CAG3, STM32MP135DAE7, STM32MP135DAF7, STM32MP135DAG7, STM32MP135F-DK, STM32MP135FAE7, STM32MP135FAF7, STM32MP135FAF7T, STM32MP135FAF7U, STM32MP135FAG7, STM32U535CBT6, STM32U535CBT6Q, STM32U535CBU6, STM32U535CBU6Q, STM32U535CCT6, STM32U535CCT6Q, STM32U535CCU6, STM32U535CCU6Q, STM32U535CET6, STM32U535CET6Q, STM32U535CEU6, STM32U535CEU6Q, STM32U535JEY6QTR, STM32U535NCY6QTR, STM32U535NEY6QTR, STM32U535RBI6, STM32U535RBI6Q, STM32U535RBT6, STM32U535RBT6Q, STM32U535RCI6, STM32U535RCI6Q, STM32U535RCT6, STM32U535RCT6Q, STM32U535REI6, STM32U535REI6Q, STM32U535RET6, STM32U535RET6Q, STM32U535VCI6, STM32U535VCI6Q, STM32U535VCT6, STM32U535VCT6Q, STM32U535VEI6, STM32U535VEI6Q, STM32U535VET6, STM32U535VET6Q, STM32U545CET6, STM32U545CET6Q, STM32U545CEU6, STM32U545CEU6Q, STM32U545JEY6QTR, STM32U545NEY6QTR, STM32U545REI6, STM32U545REI6Q, STM32U545RET6, STM32U545RET6Q, STM32U545VEI6, STM32U545VEI6Q, STM32U545VET6, STM32U545VET6Q, STM32U595AIH6, STM32U595AIH6Q, STM32U595AJH6, STM32U595AJH6Q, STM32U595QII6, STM32U595QII6Q, STM32U595QJI6, STM32U595QJI6Q, STM32U595RIT6, STM32U595RIT6Q, STM32U595RJT6, STM32U595RJT6Q, STM32U595VIT6, STM32U595VIT6Q, STM32U595VJT6, STM32U595VJT6Q, STM32U595ZIT6, STM32U595ZIT6Q, STM32U595ZIY6QTR, STM32U595ZJT6, STM32U595ZJT6Q, STM32U595ZJY6QTR, STM32U599BJY6QTR, STM32U599NIH6Q, STM32U599NJH6Q, STM32U599VIT6Q, STM32U599VJT6, STM32U599VJT6Q, STM32U599ZIT6Q, STM32U599ZIY6QTR, STM32U599ZJT6Q, STM32U599ZJY6QTR, STM32U5A5AJH6, STM32U5A5AJH6Q, STM32U5A5QJI6, STM32U5A5QJI6Q, STM32U5A5RJT6, STM32U5A5RJT6Q, STM32U5A5VJT6, STM32U5A5VJT6Q, STM32U5A5ZJT6, STM32U5A5ZJT6Q, STM32U5A5ZJY6QTR, STM32U5A9BJY6QTR, STM32U5A9J-DK, STM32U5A9NJH6Q, STM32U5A9VJT6Q, STM32U5A9ZJT6Q, STM32U5A9ZJY6QTR, STM32U5F7VIT6, STM32U5F7VIT6Q, STM32U5F7VJT6, STM32U5F7VJT6Q, STM32U5F9BJY6QTR, STM32U5F9NJH6Q, STM32U5F9VIT6Q, STM32U5F9VJT6Q, STM32U5F9ZIJ6QTR, STM32U5F9ZIT6Q, STM32U5F9ZJJ6QTR, STM32U5F9ZJT6Q, STM32U5G7VJT6, STM32U5G7VJT6Q, STM32U5G9BJY6QTR, STM32U5G9J-DK1, STM32U5G9J-DK2, STM32U5G9NJH6Q, STM32U5G9VJT6Q, STM32U5G9ZJJ6QTR, STM32U5G9ZJT6Q, STM32WB1MMCH6, STM32WBA50KEU6, STM32WBA50KEU6TR, STM32WBA50KGU6, STM32WBA50KGU6TR, STM32WBA52CEU6, STM32WBA52CEU6TR, STM32WBA52CEU7, STM32WBA52CEU7TR, STM32WBA52CGU6, STM32WBA52CGU6TR, STM32WBA52CGU6U, STM32WBA52CGU7, STM32WBA52CGU7TR, STM32WBA52KEU6, STM32WBA52KEU6TR, STM32WBA52KGU6, STM32WBA52KGU6TR, STM32WBA54CEU6, STM32WBA54CEU6TR, STM32WBA54CEU7, STM32WBA54CEU7TR, STM32WBA54CGU6, STM32WBA54CGU6TR, STM32WBA54CGU7, STM32WBA54CGU7TR, STM32WBA54KEU6, STM32WBA54KEU6TR, STM32WBA54KEU7, STM32WBA54KEU7TR, STM32WBA54KGU6, STM32WBA54KGU6TR, STM32WBA54KGU7, STM32WBA54KGU7TR, STM32WBA55CEU6, STM32WBA55CEU6TR, STM32WBA55CEU7, STM32WBA55CEU7TR, STM32WBA55CGU6, STM32WBA55CGU6TR, STM32WBA55CGU6U, STM32WBA55CGU7, STM32WBA55CGU7TR, STM32WBA55G-DK1, STM32WBA55HEF6, STM32WBA55HEF7, STM32WBA55HGF6, STM32WBA55HGF7, STM32WBA55UEI6, STM32WBA55UEI6TR, STM32WBA55UEI7, STM32WBA55UEI7TR, STM32WBA55UGI6, STM32WBA55UGI6TR, STM32WBA55UGI7, STM32WBA55UGI7TR, STM32WL5MOCH6, STM32WL5MOCH6TR]
2024-02-07 20:16:56,284 [INFO] DbMcus:218 - Found 3930 MCUs, 3930 are supported
2024-02-07 20:16:56,285 [INFO] ApiDb:414 - User favorites file not found: C:\Users\mathi/.stm32cubeide/favorites.mcus.txt
2024-02-07 20:16:56,285 [INFO] DbMcus:224 - Set 0 / 0 favorites MCUs
2024-02-07 20:16:56,393 [INFO] ApiDb:668 - CubeFinder database Data Model version=2.1
2024-02-07 20:16:56,393 [INFO] ApiDb:669 - CubeFinder database Configuration version=3.0.39
2024-02-07 20:16:56,393 [INFO] ApiDb:670 - CubeFinder database generation date=2024-01-11 (1704964531)
2024-02-07 20:16:56,393 [INFO] ApiDb:671 - CubeFinder database FW Pack versions=[FP-ATR-ASTRA1_V2.0.0, FP-SNS-FLIGHT1_V5.0.1, FP-SNS-FLIGHT1_V5.0.2, FP-SNS-MOTENV1_V4.3.1, FP-SNS-MOTENV1_V4.3.2, FP-SNS-MOTENVWB1_V1.3.1, FP-SNS-SMARTAG2_V1.2.0, STM32Cube_FW_C0_V1.1.0, STM32Cube_FW_F4_V1.28.0, STM32Cube_FW_F7_V1.17.0, STM32Cube_FW_G0_V1.6.2, STM32Cube_FW_G4_V1.5.2, STM32Cube_FW_H5_V0.5.1, STM32Cube_FW_H5_V1.1.1, STM32Cube_FW_H5_V1.2.0RC2, STM32Cube_FW_H7_V1.11.0, STM32Cube_FW_L0_V1.12.2, STM32Cube_FW_L5_V1.5.0, STM32Cube_FW_U5_V1.3.0RC4, STM32Cube_FW_U5_V1.4.0, STM32Cube_FW_WBA_V1.0.0RC1, STM32Cube_FW_WBA_V1.1.0RC1, STM32Cube_FW_WBA_V1.2.0, STM32Cube_FW_WBA_V1.2.0RC2, STM32Cube_FW_WB_V1.15.0RC1, STM32Cube_FW_WB_V1.16.0, STM32Cube_FW_WB_V1.16.0RC2, STM32Cube_FW_WB_V1.18.0, STM32Cube_FW_WL_V1.3.0, X-CUBE-ALGOBUILD_V1.3.0, X-CUBE-ALS_V1.0.1, X-CUBE-AZRTOS-F4_V1.1.0, X-CUBE-AZRTOS-F7_V1.1.0, X-CUBE-AZRTOS-G0_V1.1.0, X-CUBE-AZRTOS-G4_V2.0.0, X-CUBE-AZRTOS-H7_V3.2.0, X-CUBE-AZRTOS-L4_V1.0.0, X-CUBE-AZRTOS-L4_V2.0.0, X-CUBE-AZRTOS-L5_V1.1.0, X-CUBE-AZRTOS-WB_V2.0.0, X-CUBE-AZRTOS-WL_V2.0.0, X-CUBE-BLE1_V7.0.0, X-CUBE-BLE2_V3.3.0, X-CUBE-BLEMGR_V3.0.0, X-CUBE-EEPRMA1_V4.1.0, X-CUBE-EEPRMA1_V4.2.0, X-CUBE-FREERTOS_V1.1.0, X-CUBE-GNSS1_V6.0.0, X-CUBE-MEMS1_V10.0.0, X-CUBE-MEMS1_V9.1.0, X-CUBE-MEMS1_V9.4.0, X-CUBE-MEMS1_V9.6.0, X-CUBE-NFC4_V3.0.0, X-CUBE-NFC7_V1.0.1, X-CUBE-SFXS2LP1_V4.0.0, X-CUBE-SUBG2_V5.0.0, X-CUBE-TOF1_V3.4.0]
2024-02-07 20:16:56,427 [INFO] DbBoardsSqlite:226 - include board P-NUCLEO-WB55-NUCLEO as a kit item of type 'Nucleo-64'
2024-02-07 20:16:56,427 [INFO] DbBoardsSqlite:226 - include board P-NUCLEO-WB55-USBDONGLE as a kit item of type 'Nucleo USB Dongle'
2024-02-07 20:16:56,427 [INFO] DbBoardsSqlite:226 - include board STEVAL-IDP005V1 as a kit item of type 'Evaluation Board'
2024-02-07 20:16:56,427 [INFO] DbBoardsSqlite:226 - include board STEVAL-IDP005V2 as a kit item of type 'Evaluation Board'
2024-02-07 20:16:56,450 [INFO] ApiDb:240 - Found 371 in-development CPN: [B-G473E-ZEST1S, B-WB1M-WPAN1, B-WL5M-SUBG1, NUCLEO-C031C6, NUCLEO-H503RB, NUCLEO-H563ZI, NUCLEO-U545RE-Q, NUCLEO-U5A5ZJ-Q, NUCLEO-WBA52CG, NUCLEO-WBA55CG, STEVAL-MKBOXPRO, STEVAL-PROTEUS1, STEVAL-STWINBX1, STM320518-EVAL, STM32C0116-DK, STM32C011D6Y3TR, STM32C011D6Y6TR, STM32C011F4P3, STM32C011F4P6, STM32C011F4U3, STM32C011F4U6TR, STM32C011F6P3, STM32C011F6P6, STM32C011F6U3, STM32C011F6U6TR, STM32C011J4M3, STM32C011J4M6, STM32C011J6M3, STM32C011J6M6, STM32C0316-DK, STM32C031C4T3, STM32C031C4T6, STM32C031C4U3, STM32C031C4U6, STM32C031C6T3, STM32C031C6T6, STM32C031C6U3, STM32C031C6U6, STM32C031F4P3, STM32C031F4P6, STM32C031F6P3, STM32C031F6P6, STM32C031G4U3, STM32C031G4U6, STM32C031G6U3, STM32C031G6U6, STM32C031K4T3, STM32C031K4T6, STM32C031K4U3, STM32C031K4U6, STM32C031K6T3, STM32C031K6T6, STM32C031K6U3, STM32C031K6U6, STM32G071K8TXN, STM32G071K8UXN, STM32G081GBU6N, STM32G081KBT6N, STM32G081KBUXN, STM32G0B1CCT6N, STM32G0B1KCT6, STM32G0B1NEY6TR, STM32G0B1RCT6N, STM32G0C1CCT6, STM32G0C1CCT6N, STM32G0C1CCU6N, STM32G0C1CET6N, STM32G0C1CEU6N, STM32G0C1KCT6, STM32G0C1NEY6TR, STM32G0C1RCI6N, STM32G0C1RCT6N, STM32G0C1REI6N, STM32G0C1RET6N, STM32G0C1VCI6, STM32G0C1VEI6, STM32G471CCT6, STM32G471CCU6, STM32G471CET3, STM32G471CET6, STM32G471CEU3, STM32G471CEU6, STM32G471MCT6, STM32G471MET3, STM32G471MET6, STM32G471MEY6TR, STM32G471QCT6, STM32G471QET3, STM32G471RCT6, STM32G471RET3, STM32G471RET6, STM32G471VCH6, STM32G471VCI6, STM32G471VCT6, STM32G471VEH3, STM32G471VEH6, STM32G471VEI3, STM32G471VEI6, STM32G471VET3, STM32G471VET6, STM32G474CCT6, STM32H503CBT6, STM32H503CBU6, STM32H503EBY6TR, STM32H503KBU6, STM32H503RBT6, STM32H562AGI6, STM32H562AII6, STM32H562IGK6, STM32H562IGT6, STM32H562IIK6, STM32H562IIT6, STM32H562RGT6, STM32H562RGV6, STM32H562RIT6, STM32H562RIV6, STM32H562VGT6, STM32H562VIT6, STM32H562ZGT6, STM32H562ZIT6, STM32H563AGI6, STM32H563AII3Q, STM32H563AII6, STM32H563IGK6, STM32H563IGT6, STM32H563IIK3Q, STM32H563IIK6, STM32H563IIT3Q, STM32H563IIT6, STM32H563MIY3QTR, STM32H563RGT6, STM32H563RGV6, STM32H563RIT6, STM32H563RIV6, STM32H563VGT6, STM32H563VIT3Q, STM32H563VIT6, STM32H563ZGT6, STM32H563ZIT3Q, STM32H563ZIT6, STM32H573AII3Q, STM32H573AII6, STM32H573I-DK, STM32H573IIK3Q, STM32H573IIK6, STM32H573IIT3Q, STM32H573IIT6, STM32H573MIY3QTR, STM32H573RIT6, STM32H573RIV6, STM32H573VIT3Q, STM32H573VIT6, STM32H573ZIT3Q, STM32H573ZIT6, STM32L4R5QGI6STR, STM32MP131AAE3, STM32MP131AAF3, STM32MP131AAG3, STM32MP131CAE3, STM32MP131CAF3, STM32MP131CAG3, STM32MP131DAE7, STM32MP131DAF7, STM32MP131DAG7, STM32MP131FAE7, STM32MP131FAF7, STM32MP131FAG7, STM32MP133AAE3, STM32MP133AAF3, STM32MP133AAG3, STM32MP133CAE3, STM32MP133CAF3, STM32MP133CAG3, STM32MP133DAE7, STM32MP133DAF7, STM32MP133DAG7, STM32MP133FAE7, STM32MP133FAF7, STM32MP133FAG7, STM32MP135AAE3, STM32MP135AAF3, STM32MP135AAG3, STM32MP135CAE3, STM32MP135CAF3, STM32MP135CAG3, STM32MP135DAE7, STM32MP135DAF7, STM32MP135DAG7, STM32MP135F-DK, STM32MP135FAE7, STM32MP135FAF7, STM32MP135FAF7T, STM32MP135FAF7U, STM32MP135FAG7, STM32U535CBT6, STM32U535CBT6Q, STM32U535CBU6, STM32U535CBU6Q, STM32U535CCT6, STM32U535CCT6Q, STM32U535CCU6, STM32U535CCU6Q, STM32U535CET6, STM32U535CET6Q, STM32U535CEU6, STM32U535CEU6Q, STM32U535JEY6QTR, STM32U535NCY6QTR, STM32U535NEY6QTR, STM32U535RBI6, STM32U535RBI6Q, STM32U535RBT6, STM32U535RBT6Q, STM32U535RCI6, STM32U535RCI6Q, STM32U535RCT6, STM32U535RCT6Q, STM32U535REI6, STM32U535REI6Q, STM32U535RET6, STM32U535RET6Q, STM32U535VCI6, STM32U535VCI6Q, STM32U535VCT6, STM32U535VCT6Q, STM32U535VEI6, STM32U535VEI6Q, STM32U535VET6, STM32U535VET6Q, STM32U545CET6, STM32U545CET6Q, STM32U545CEU6, STM32U545CEU6Q, STM32U545JEY6QTR, STM32U545NEY6QTR, STM32U545REI6, STM32U545REI6Q, STM32U545RET6, STM32U545RET6Q, STM32U545VEI6, STM32U545VEI6Q, STM32U545VET6, STM32U545VET6Q, STM32U595AIH6, STM32U595AIH6Q, STM32U595AJH6, STM32U595AJH6Q, STM32U595QII6, STM32U595QII6Q, STM32U595QJI6, STM32U595QJI6Q, STM32U595RIT6, STM32U595RIT6Q, STM32U595RJT6, STM32U595RJT6Q, STM32U595VIT6, STM32U595VIT6Q, STM32U595VJT6, STM32U595VJT6Q, STM32U595ZIT6, STM32U595ZIT6Q, STM32U595ZIY6QTR, STM32U595ZJT6, STM32U595ZJT6Q, STM32U595ZJY6QTR, STM32U599BJY6QTR, STM32U599NIH6Q, STM32U599NJH6Q, STM32U599VIT6Q, STM32U599VJT6, STM32U599VJT6Q, STM32U599ZIT6Q, STM32U599ZIY6QTR, STM32U599ZJT6Q, STM32U599ZJY6QTR, STM32U5A5AJH6, STM32U5A5AJH6Q, STM32U5A5QJI6, STM32U5A5QJI6Q, STM32U5A5RJT6, STM32U5A5RJT6Q, STM32U5A5VJT6, STM32U5A5VJT6Q, STM32U5A5ZJT6, STM32U5A5ZJT6Q, STM32U5A5ZJY6QTR, STM32U5A9BJY6QTR, STM32U5A9J-DK, STM32U5A9NJH6Q, STM32U5A9VJT6Q, STM32U5A9ZJT6Q, STM32U5A9ZJY6QTR, STM32U5F7VIT6, STM32U5F7VIT6Q, STM32U5F7VJT6, STM32U5F7VJT6Q, STM32U5F9BJY6QTR, STM32U5F9NJH6Q, STM32U5F9VIT6Q, STM32U5F9VJT6Q, STM32U5F9ZIJ6QTR, STM32U5F9ZIT6Q, STM32U5F9ZJJ6QTR, STM32U5F9ZJT6Q, STM32U5G7VJT6, STM32U5G7VJT6Q, STM32U5G9BJY6QTR, STM32U5G9J-DK1, STM32U5G9J-DK2, STM32U5G9NJH6Q, STM32U5G9VJT6Q, STM32U5G9ZJJ6QTR, STM32U5G9ZJT6Q, STM32WB1MMCH6, STM32WBA50KEU6, STM32WBA50KEU6TR, STM32WBA50KGU6, STM32WBA50KGU6TR, STM32WBA52CEU6, STM32WBA52CEU6TR, STM32WBA52CEU7, STM32WBA52CEU7TR, STM32WBA52CGU6, STM32WBA52CGU6TR, STM32WBA52CGU6U, STM32WBA52CGU7, STM32WBA52CGU7TR, STM32WBA52KEU6, STM32WBA52KEU6TR, STM32WBA52KGU6, STM32WBA52KGU6TR, STM32WBA54CEU6, STM32WBA54CEU6TR, STM32WBA54CEU7, STM32WBA54CEU7TR, STM32WBA54CGU6, STM32WBA54CGU6TR, STM32WBA54CGU7, STM32WBA54CGU7TR, STM32WBA54KEU6, STM32WBA54KEU6TR, STM32WBA54KEU7, STM32WBA54KEU7TR, STM32WBA54KGU6, STM32WBA54KGU6TR, STM32WBA54KGU7, STM32WBA54KGU7TR, STM32WBA55CEU6, STM32WBA55CEU6TR, STM32WBA55CEU7, STM32WBA55CEU7TR, STM32WBA55CGU6, STM32WBA55CGU6TR, STM32WBA55CGU6U, STM32WBA55CGU7, STM32WBA55CGU7TR, STM32WBA55G-DK1, STM32WBA55HEF6, STM32WBA55HEF7, STM32WBA55HGF6, STM32WBA55HGF7, STM32WBA55UEI6, STM32WBA55UEI6TR, STM32WBA55UEI7, STM32WBA55UEI7TR, STM32WBA55UGI6, STM32WBA55UGI6TR, STM32WBA55UGI7, STM32WBA55UGI7TR, STM32WL5MOCH6, STM32WL5MOCH6TR]
2024-02-07 20:16:56,536 [INFO] BoardInfo:889 - No configuration file found for board P-NUCLEO-WB55
2024-02-07 20:16:56,537 [INFO] DbBoards:161 - Kit is not supported: P-NUCLEO-WB55
2024-02-07 20:16:56,539 [INFO] BoardInfo:889 - No configuration file found for board STEVAL-BFA001V1B
2024-02-07 20:16:56,540 [INFO] DbBoards:161 - Kit is not supported: STEVAL-BFA001V1B
2024-02-07 20:16:56,540 [INFO] BoardInfo:889 - No configuration file found for board STEVAL-BFA001V2B
2024-02-07 20:16:56,540 [INFO] DbBoards:161 - Kit is not supported: STEVAL-BFA001V2B
2024-02-07 20:16:56,608 [INFO] DbBoards:168 - Found 193 boards, 190 are supported
2024-02-07 20:16:56,608 [INFO] DbBoards:169 - Found 193 boards, 3 of them is supported for  Bsp
2024-02-07 20:16:56,610 [INFO] ApiDb:414 - User favorites file not found: C:\Users\mathi/.stm32cubeide/favorites.boards.txt
2024-02-07 20:16:56,610 [INFO] DbBoards:198 - Set 0 / 0 favorites Boards
2024-02-07 20:16:56,612 [INFO] ApiDb:668 - CubeFinder database Data Model version=2.1
2024-02-07 20:16:56,612 [INFO] ApiDb:669 - CubeFinder database Configuration version=3.0.39
2024-02-07 20:16:56,612 [INFO] ApiDb:670 - CubeFinder database generation date=2024-01-11 (1704964531)
2024-02-07 20:16:56,612 [INFO] ApiDb:671 - CubeFinder database FW Pack versions=[FP-ATR-ASTRA1_V2.0.0, FP-SNS-FLIGHT1_V5.0.1, FP-SNS-FLIGHT1_V5.0.2, FP-SNS-MOTENV1_V4.3.1, FP-SNS-MOTENV1_V4.3.2, FP-SNS-MOTENVWB1_V1.3.1, FP-SNS-SMARTAG2_V1.2.0, STM32Cube_FW_C0_V1.1.0, STM32Cube_FW_F4_V1.28.0, STM32Cube_FW_F7_V1.17.0, STM32Cube_FW_G0_V1.6.2, STM32Cube_FW_G4_V1.5.2, STM32Cube_FW_H5_V0.5.1, STM32Cube_FW_H5_V1.1.1, STM32Cube_FW_H5_V1.2.0RC2, STM32Cube_FW_H7_V1.11.0, STM32Cube_FW_L0_V1.12.2, STM32Cube_FW_L5_V1.5.0, STM32Cube_FW_U5_V1.3.0RC4, STM32Cube_FW_U5_V1.4.0, STM32Cube_FW_WBA_V1.0.0RC1, STM32Cube_FW_WBA_V1.1.0RC1, STM32Cube_FW_WBA_V1.2.0, STM32Cube_FW_WBA_V1.2.0RC2, STM32Cube_FW_WB_V1.15.0RC1, STM32Cube_FW_WB_V1.16.0, STM32Cube_FW_WB_V1.16.0RC2, STM32Cube_FW_WB_V1.18.0, STM32Cube_FW_WL_V1.3.0, X-CUBE-ALGOBUILD_V1.3.0, X-CUBE-ALS_V1.0.1, X-CUBE-AZRTOS-F4_V1.1.0, X-CUBE-AZRTOS-F7_V1.1.0, X-CUBE-AZRTOS-G0_V1.1.0, X-CUBE-AZRTOS-G4_V2.0.0, X-CUBE-AZRTOS-H7_V3.2.0, X-CUBE-AZRTOS-L4_V1.0.0, X-CUBE-AZRTOS-L4_V2.0.0, X-CUBE-AZRTOS-L5_V1.1.0, X-CUBE-AZRTOS-WB_V2.0.0, X-CUBE-AZRTOS-WL_V2.0.0, X-CUBE-BLE1_V7.0.0, X-CUBE-BLE2_V3.3.0, X-CUBE-BLEMGR_V3.0.0, X-CUBE-EEPRMA1_V4.1.0, X-CUBE-EEPRMA1_V4.2.0, X-CUBE-FREERTOS_V1.1.0, X-CUBE-GNSS1_V6.0.0, X-CUBE-MEMS1_V10.0.0, X-CUBE-MEMS1_V9.1.0, X-CUBE-MEMS1_V9.4.0, X-CUBE-MEMS1_V9.6.0, X-CUBE-NFC4_V3.0.0, X-CUBE-NFC7_V1.0.1, X-CUBE-SFXS2LP1_V4.0.0, X-CUBE-SUBG2_V5.0.0, X-CUBE-TOF1_V3.4.0]
2024-02-07 20:16:57,016 [ERROR] DbExamplesSqlite:437 - Missing JSON key: board_cpn
2024-02-07 20:16:57,017 [ERROR] DbExamplesSqlite:437 - Missing JSON key: board_cpn
2024-02-07 20:16:57,017 [ERROR] DbExamplesSqlite:437 - Missing JSON key: board_cpn
2024-02-07 20:16:57,017 [ERROR] DbExamplesSqlite:437 - Missing JSON key: board_cpn
2024-02-07 20:16:57,042 [INFO] DbExamplesSqlite:395 - Ignored 55 examples not supported by CubeIDE
2024-02-07 20:16:57,042 [INFO] DbExamplesSqlite:396 - Found 7560 examples active
2024-02-07 20:16:57,042 [INFO] DbExamplesSqlite:397 - Found 844 examples obsolete
2024-02-07 20:16:57,042 [INFO] DbExamplesSqlite:398 - Found 0 examples under development
2024-02-07 20:16:57,042 [INFO] DbExamplesSqlite:399 - Found 8 examples not building
2024-02-07 20:16:57,044 [INFO] DbExamples:125 - Found 7513 examples
2024-02-07 20:16:57,050 [INFO] DbExamples:222 - Found 95 boards with related examples
2024-02-07 20:16:57,051 [INFO] DbExamples:235 - Found 80 MCUs with related examples
2024-02-07 20:16:57,067 [INFO] ApiDb:414 - User favorites file not found: C:\Users\mathi/.stm32cubeide/favorites.examples.txt
2024-02-07 20:16:57,067 [INFO] DbExamples:250 - Set 0 / 0 favorites Examples
2024-02-07 20:16:57,441 [INFO] McuFinderGlobals:76 - Set McuFinderConnectedMode to true
2024-02-07 20:16:57,446 [INFO] MultiScanPanel:200 - Auto-refresh data requested => check proxy status ongoing
2024-02-07 20:16:57,449 [INFO] FinderPluginLoader:95 - Searching for filters in installed packs
2024-02-07 20:16:58,298 [INFO] LoadUrlFilesThread:185 - End of LoadServerUrlFiles without Thread
2024-02-07 20:16:58,306 [INFO] DetailPanel:341 - Set advertising image to C:/Users/mathi/STM32Cube/Repository/\en.prom-stm32wl3-mcu-finder.jpg
2024-02-07 20:17:03,990 [INFO] CrossSelectorPresenter:1358 - Cross Selector saved comparison directory: C:\Users\mathi\.stmcufinder\plugins\mcufinder\mcu\cs_comparisons_mx
2024-02-07 20:17:03,998 [INFO] CrossReferenceDbSqlite:245 - SQLite db open (C:\Users\mathi\.stmcufinder\plugins\mcufinder\mcu\cs\crdb.db)
2024-02-07 20:17:05,455 [INFO] MultiScanPanel:200 - Auto-refresh data requested => check proxy status ongoing
2024-02-07 20:17:05,540 [INFO] LoadUrlFilesThread:185 - End of LoadServerUrlFiles without Thread
2024-02-07 20:17:05,540 [INFO] DetailPanel:341 - Set advertising image to C:/Users/mathi/STM32Cube/Repository/\en.prom-stm32wl3-mcu-finder.jpg
2024-02-07 20:17:05,547 [INFO] DbBoards:642 - Loading board mini-images...
2024-02-07 20:17:06,078 [ERROR] DbBoards:659 - Image file not found for board NUCLEO-WBA55CG: C:\Users\mathi\.stmcufinder\plugins\mcufinder//mcu//boards_images/NUCLEO-WBA55CG.jpg
2024-02-07 20:17:06,724 [ERROR] DbBoards:659 - Image file not found for board STM32WBA55G-DK1: C:\Users\mathi\.stmcufinder\plugins\mcufinder//mcu//boards_images/STM32WBA55G-DK1.jpg
2024-02-07 20:17:06,724 [INFO] DbBoards:665 - Loaded 191 board mini-images
2024-02-07 20:17:06,812 [INFO] MultiScanPanel:200 - Auto-refresh data requested => check proxy status ongoing
2024-02-07 20:17:06,816 [INFO] SoftwarePacks:127 - Download is needed for SW pack 'FP-ATR-ASTRA1_V2.0.0'
2024-02-07 20:17:06,817 [INFO] SoftwarePacks:127 - Download is needed for SW pack 'FP-SNS-FLIGHT1_V5.0.2'
2024-02-07 20:17:06,817 [INFO] SoftwarePacks:127 - Download is needed for SW pack 'FP-SNS-MOTENV1_V4.3.2'
2024-02-07 20:17:06,817 [INFO] SoftwarePacks:127 - Download is needed for SW pack 'FP-SNS-MOTENVWB1_V1.3.1'
2024-02-07 20:17:06,817 [INFO] SoftwarePacks:127 - Download is needed for SW pack 'FP-SNS-SMARTAG2_V1.2.0'
2024-02-07 20:17:06,820 [INFO] SoftwarePacks:127 - Download is needed for SW pack 'STM32Cube_FW_C0_V1.1.0'
2024-02-07 20:17:06,821 [INFO] SoftwarePacks:127 - Download is needed for SW pack 'STM32Cube_FW_F4_V1.28.0'
2024-02-07 20:17:06,822 [INFO] SoftwarePacks:127 - Download is needed for SW pack 'STM32Cube_FW_F7_V1.17.0'
2024-02-07 20:17:06,823 [INFO] SoftwarePacks:127 - Download is needed for SW pack 'STM32Cube_FW_G0_V1.6.2'
2024-02-07 20:17:06,824 [INFO] SoftwarePacks:127 - Download is needed for SW pack 'STM32Cube_FW_G4_V1.5.2'
2024-02-07 20:17:06,824 [INFO] SoftwarePacks:127 - Download is needed for SW pack 'STM32Cube_FW_H5_V1.1.1'
2024-02-07 20:17:06,825 [INFO] SoftwarePacks:127 - Download is needed for SW pack 'STM32Cube_FW_H7_V1.11.0'
2024-02-07 20:17:06,826 [INFO] SoftwarePacks:127 - Download is needed for SW pack 'STM32Cube_FW_L0_V1.12.2'
2024-02-07 20:17:06,827 [INFO] SoftwarePacks:127 - Download is needed for SW pack 'STM32Cube_FW_L5_V1.5.0'
2024-02-07 20:17:06,827 [INFO] SoftwarePacks:127 - Download is needed for SW pack 'STM32Cube_FW_U5_V1.4.0'
2024-02-07 20:17:06,828 [INFO] SoftwarePacks:127 - Download is needed for SW pack 'STM32Cube_FW_WBA_V1.2.0'
2024-02-07 20:17:06,828 [INFO] SoftwarePacks:127 - Download is needed for SW pack 'STM32Cube_FW_WB_V1.18.0'
2024-02-07 20:17:06,829 [INFO] SoftwarePacks:127 - Download is needed for SW pack 'STM32Cube_FW_WL_V1.3.0'
2024-02-07 20:17:06,829 [INFO] SoftwarePacks:127 - Download is needed for SW pack 'X-CUBE-ALGOBUILD_V1.3.0'
2024-02-07 20:17:06,829 [INFO] SoftwarePacks:127 - Download is needed for SW pack 'X-CUBE-ALS_V1.0.1'
2024-02-07 20:17:06,829 [INFO] SoftwarePacks:127 - Download is needed for SW pack 'X-CUBE-AZRTOS-F4_V1.1.0'
2024-02-07 20:17:06,829 [INFO] SoftwarePacks:127 - Download is needed for SW pack 'X-CUBE-AZRTOS-F7_V1.1.0'
2024-02-07 20:17:06,829 [INFO] SoftwarePacks:127 - Download is needed for SW pack 'X-CUBE-AZRTOS-G0_V1.1.0'
2024-02-07 20:17:06,829 [INFO] SoftwarePacks:127 - Download is needed for SW pack 'X-CUBE-AZRTOS-G4_V2.0.0'
2024-02-07 20:17:06,829 [INFO] SoftwarePacks:127 - Download is needed for SW pack 'X-CUBE-AZRTOS-H7_V3.2.0'
2024-02-07 20:17:06,829 [INFO] SoftwarePacks:127 - Download is needed for SW pack 'X-CUBE-AZRTOS-L4_V2.0.0'
2024-02-07 20:17:06,829 [INFO] SoftwarePacks:127 - Download is needed for SW pack 'X-CUBE-AZRTOS-L5_V1.1.0'
2024-02-07 20:17:06,830 [INFO] SoftwarePacks:127 - Download is needed for SW pack 'X-CUBE-AZRTOS-WB_V2.0.0'
2024-02-07 20:17:06,830 [INFO] SoftwarePacks:127 - Download is needed for SW pack 'X-CUBE-AZRTOS-WL_V2.0.0'
2024-02-07 20:17:06,830 [INFO] SoftwarePacks:127 - Download is needed for SW pack 'X-CUBE-BLE1_V7.0.0'
2024-02-07 20:17:06,830 [INFO] SoftwarePacks:127 - Download is needed for SW pack 'X-CUBE-BLE2_V3.3.0'
2024-02-07 20:17:06,830 [INFO] SoftwarePacks:127 - Download is needed for SW pack 'X-CUBE-BLEMGR_V3.0.0'
2024-02-07 20:17:06,830 [INFO] SoftwarePacks:127 - Download is needed for SW pack 'X-CUBE-EEPRMA1_V4.2.0'
2024-02-07 20:17:06,830 [INFO] SoftwarePacks:127 - Download is needed for SW pack 'X-CUBE-FREERTOS_V1.1.0'
2024-02-07 20:17:06,830 [INFO] SoftwarePacks:127 - Download is needed for SW pack 'X-CUBE-GNSS1_V6.0.0'
2024-02-07 20:17:06,830 [INFO] SoftwarePacks:127 - Download is needed for SW pack 'X-CUBE-MEMS1_V10.0.0'
2024-02-07 20:17:06,830 [INFO] SoftwarePacks:127 - Download is needed for SW pack 'X-CUBE-NFC4_V3.0.0'
2024-02-07 20:17:06,830 [INFO] SoftwarePacks:127 - Download is needed for SW pack 'X-CUBE-NFC7_V1.0.1'
2024-02-07 20:17:06,830 [INFO] SoftwarePacks:127 - Download is needed for SW pack 'X-CUBE-SFXS2LP1_V4.0.0'
2024-02-07 20:17:06,830 [INFO] SoftwarePacks:127 - Download is needed for SW pack 'X-CUBE-SUBG2_V5.0.0'
2024-02-07 20:17:06,830 [INFO] SoftwarePacks:127 - Download is needed for SW pack 'X-CUBE-TOF1_V3.4.0'
2024-02-07 20:17:07,612 [INFO] LoadUrlFilesThread:185 - End of LoadServerUrlFiles without Thread
2024-02-07 20:17:07,613 [INFO] DetailPanel:341 - Set advertising image to C:/Users/mathi/STM32Cube/Repository/\en.prom-stm32wl3-mcu-finder.jpg
2024-02-07 20:17:40,858 [INFO] BoardResultTable:719 - Mark Board B-G473E-ZEST1S as favorite
2024-02-07 20:17:42,864 [INFO] BoardResultTable:719 - Unmark Board B-G473E-ZEST1S as favorite
2024-02-07 20:21:19,859 [INFO] BoardResultTable:719 - Mark Board STM32F407G-DISC1 as favorite
2024-02-07 20:21:31,893 [INFO] ServerAccessManage:473 - Download File 
2024-02-07 20:21:31,951 [INFO] LoadUrlFilesThread:185 - End of LoadServerUrlFiles without Thread
2024-02-07 20:21:31,966 [INFO] BoardAction:170 - Large Picture
2024-02-07 20:23:35,568 [INFO] McuFinderGlobals:76 - Set McuFinderConnectedMode to true
2024-02-07 20:23:35,572 [INFO] ApiDb:448 - Save user favorites file C:\Users\mathi/.stm32cubeide/favorites.mcus.txt: 0 item(s)
2024-02-07 20:23:35,573 [INFO] ApiDb:452 - User favorites MCUs=[]
2024-02-07 20:23:35,575 [INFO] ApiDb:448 - Save user favorites file C:\Users\mathi/.stm32cubeide/favorites.boards.txt: 1 item(s)
2024-02-07 20:23:35,575 [INFO] ApiDb:452 - User favorites Boards=[STM32F407G-DISC1]
2024-02-07 20:23:35,579 [INFO] ApiDb:448 - Save user favorites file C:\Users\mathi/.stm32cubeide/favorites.examples.txt: 0 item(s)
2024-02-07 20:23:35,579 [INFO] ApiDb:452 - User favorites Examples=[]
2024-02-07 20:38:09,422 [ERROR] LogOutputStream:75 - [STDERR_REDIRECT] 
2024-02-07 20:38:09,423 [ERROR] LogOutputStream:75 - [STDERR_REDIRECT] 
