2023-12-22 09:38:35,806 [INFO] Activator:176 - 


2023-12-22 09:38:35,833 [INFO] Activator:177 - !SESSION log4j initialized
2023-12-22 09:38:40,644 [INFO] LogOutputStream:77 - [STDOUT_REDIRECT] 
2023-12-22 09:38:42,297 [INFO] ApplicationProperties:184 - Using Application install path: C:\ST\STM32CubeIDE_1.14.0\STM32CubeIDE\plugins\com.st.stm32cube.common.mx_6.10.0.202311202037
2023-12-22 09:38:42,318 [INFO] DbMcusXml:78 - Set database path to: C:\ST\STM32CubeIDE_1.14.0\STM32CubeIDE\plugins\com.st.stm32cube.common.mx_6.10.0.202311202037\\db\/mcu/
2023-12-22 09:38:42,318 [INFO] ApiDb:274 - Set plugin database path to: C:\ST\STM32CubeIDE_1.14.0\STM32CubeIDE\plugins\com.st.stm32cube.common.mx_6.10.0.202311202037\\db\/plugins/boardmanager/
2023-12-22 09:38:42,318 [WARN] ApiDb:259 - Overriding images path with different value:  => C:\ST\STM32CubeIDE_1.14.0\STM32CubeIDE\plugins\com.st.stm32cube.common.mx_6.10.0.202311202037\\db\/plugins/mcufinder/images/
2023-12-22 09:38:42,324 [INFO] ApiDb:250 - Set database path to: C:\Users\mathi\.stmcufinder\plugins\mcufinder//mcu/
2023-12-22 09:38:42,326 [INFO] DbMcusAds:125 - Set database path to: C:\Users\mathi\.stmcufinder\plugins\mcufinder//mcu/
2023-12-22 09:38:42,329 [INFO] CrossReferenceDbSqlite:203 - Set database path to: C:\Users\mathi\.stmcufinder\plugins\mcufinder//mcu/cs/
2023-12-22 09:38:42,405 [INFO] RulesReader:64 - Compatibility file has been processed (297 Rules)
2023-12-22 09:38:42,464 [INFO] DbMcusXml:78 - Set database path to: C:\ST\STM32CubeIDE_1.14.0\STM32CubeIDE\plugins\com.st.stm32cube.common.mx_6.10.0.202311202037\\db\/mcu/
2023-12-22 09:38:42,465 [INFO] ApiDb:274 - Set plugin database path to: C:\ST\STM32CubeIDE_1.14.0\STM32CubeIDE\plugins\com.st.stm32cube.common.mx_6.10.0.202311202037\\db\/plugins/boardmanager/
2023-12-22 09:38:42,465 [INFO] ApiDb:261 - Set plugin images path to: C:\ST\STM32CubeIDE_1.14.0\STM32CubeIDE\plugins\com.st.stm32cube.common.mx_6.10.0.202311202037\\db\/plugins/mcufinder/images/
2023-12-22 09:38:42,465 [WARN] DbFile:41 - Overriding database path with different value: C:\Users\mathi\.stmcufinder\plugins\mcufinder/ => C:\Users\mathi\.stmcufinder\plugins\mcufinder
2023-12-22 09:38:42,465 [INFO] ApiDb:250 - Set database path to: C:\Users\mathi\.stmcufinder\plugins\mcufinder//mcu/
2023-12-22 09:38:42,465 [WARN] DbFile:41 - Overriding database path with different value: C:\Users\mathi\.stmcufinder\plugins\mcufinder/ => C:\Users\mathi\.stmcufinder\plugins\mcufinder
2023-12-22 09:38:42,465 [INFO] DbMcusAds:125 - Set database path to: C:\Users\mathi\.stmcufinder\plugins\mcufinder//mcu/
2023-12-22 09:38:42,465 [WARN] DbFile:41 - Overriding database path with different value: C:\Users\mathi\.stmcufinder\plugins\mcufinder/ => C:\Users\mathi\.stmcufinder\plugins\mcufinder
2023-12-22 09:38:42,465 [WARN] DbFile:41 - Overriding database path with different value: C:\Users\mathi\.stmcufinder\plugins\mcufinder/ => C:\Users\mathi\.stmcufinder\plugins\mcufinder
2023-12-22 09:38:42,465 [INFO] CrossReferenceDbSqlite:203 - Set database path to: C:\Users\mathi\.stmcufinder\plugins\mcufinder//mcu/cs/
2023-12-22 09:38:42,510 [INFO] MainPanel:264 - HeapMemory: 268435456
2023-12-22 09:38:42,545 [INFO] DbMcusXml:78 - Set database path to: C:\ST\STM32CubeIDE_1.14.0\STM32CubeIDE\plugins\com.st.stm32cube.common.mx_6.10.0.202311202037\\db\/mcu/
2023-12-22 09:38:42,545 [INFO] ApiDb:274 - Set plugin database path to: C:\ST\STM32CubeIDE_1.14.0\STM32CubeIDE\plugins\com.st.stm32cube.common.mx_6.10.0.202311202037\\db\/plugins/boardmanager/
2023-12-22 09:38:42,545 [INFO] ApiDb:261 - Set plugin images path to: C:\ST\STM32CubeIDE_1.14.0\STM32CubeIDE\plugins\com.st.stm32cube.common.mx_6.10.0.202311202037\\db\/plugins/mcufinder/images/
2023-12-22 09:38:42,545 [WARN] DbFile:41 - Overriding database path with different value: C:\Users\mathi\.stmcufinder\plugins\mcufinder/ => C:\Users\mathi\.stmcufinder\plugins\mcufinder
2023-12-22 09:38:42,546 [INFO] ApiDb:250 - Set database path to: C:\Users\mathi\.stmcufinder\plugins\mcufinder//mcu/
2023-12-22 09:38:42,546 [WARN] DbFile:41 - Overriding database path with different value: C:\Users\mathi\.stmcufinder\plugins\mcufinder/ => C:\Users\mathi\.stmcufinder\plugins\mcufinder
2023-12-22 09:38:42,546 [INFO] DbMcusAds:125 - Set database path to: C:\Users\mathi\.stmcufinder\plugins\mcufinder//mcu/
2023-12-22 09:38:42,546 [WARN] DbFile:41 - Overriding database path with different value: C:\Users\mathi\.stmcufinder\plugins\mcufinder/ => C:\Users\mathi\.stmcufinder\plugins\mcufinder
2023-12-22 09:38:42,546 [WARN] DbFile:41 - Overriding database path with different value: C:\Users\mathi\.stmcufinder\plugins\mcufinder/ => C:\Users\mathi\.stmcufinder\plugins\mcufinder
2023-12-22 09:38:42,546 [INFO] CrossReferenceDbSqlite:203 - Set database path to: C:\Users\mathi\.stmcufinder\plugins\mcufinder//mcu/cs/
2023-12-22 09:38:42,556 [INFO] ApplicationProperties:184 - Using Application install path: C:\ST\STM32CubeIDE_1.14.0\STM32CubeIDE\plugins\com.st.stm32cube.common.mx_6.10.0.202311202037
2023-12-22 09:38:42,556 [INFO] PluginManage:196 - Search for loadable plugins [exclusion list=, ]
2023-12-22 09:38:42,557 [INFO] PluginManage:310 - Check plugin analytics
2023-12-22 09:38:42,689 [INFO] AnalyticsPlugin:253 - Accepted Software Licenses: 
2023-12-22 09:38:42,689 [INFO] AnalyticsPlugin:255 - Accepted CMSIS Pack Licenses: 
2023-12-22 09:38:42,689 [INFO] AnalyticsPlugin:257 - Accepted Firmware Licenses: 
2023-12-22 09:38:42,691 [INFO] PluginManage:359 - Loaded plugin analytics (category:tool,tabindex:-1)
2023-12-22 09:38:42,691 [INFO] PluginManage:310 - Check plugin cadmodel
2023-12-22 09:38:42,695 [INFO] CADModel:105 - Init CAD model plugin
2023-12-22 09:38:42,695 [INFO] PluginManage:359 - Loaded plugin cadmodel (category:power,tabindex:5)
2023-12-22 09:38:42,695 [INFO] PluginManage:310 - Check plugin clock
2023-12-22 09:38:42,702 [INFO] PluginManage:359 - Loaded plugin clock (category:base,tabindex:2)
2023-12-22 09:38:42,702 [INFO] PluginManage:310 - Check plugin ddr
2023-12-22 09:38:42,704 [INFO] PluginManage:359 - Loaded plugin ddr (category:tool,tabindex:6)
2023-12-22 09:38:42,704 [INFO] PluginManage:310 - Check plugin filemanager
2023-12-22 09:38:42,828 [INFO] PluginManage:359 - Loaded plugin filemanager (category:base,tabindex:10)
2023-12-22 09:38:42,828 [INFO] PluginManage:310 - Check plugin ipmanager
2023-12-22 09:38:42,840 [INFO] PluginManage:359 - Loaded plugin ipmanager (category:base,tabindex:5)
2023-12-22 09:38:42,840 [INFO] PluginManage:310 - Check plugin lpbam
2023-12-22 09:38:42,850 [INFO] PluginManage:359 - Loaded plugin lpbam (category:base,tabindex:0)
2023-12-22 09:38:42,851 [INFO] PluginManage:310 - Check plugin memorymap
2023-12-22 09:38:42,868 [INFO] PluginManage:359 - Loaded plugin memorymap (category:base,tabindex:4)
2023-12-22 09:38:42,869 [INFO] PluginManage:310 - Check plugin pinoutandconfiguration
2023-12-22 09:38:42,879 [INFO] PluginManage:359 - Loaded plugin pinoutandconfiguration (category:base,tabindex:1)
2023-12-22 09:38:42,879 [INFO] PluginManage:310 - Check plugin pinoutconfig
2023-12-22 09:38:43,018 [WARN] SupportedApi:132 - Cannot load RTOS API schema: s4s-elt-must-match.1: The content of 'definitions' must match (annotation?, (simpleType | complexType)?, (unique | key | keyref)*)). A problem was found starting at: attribute.
2023-12-22 09:38:43,118 [INFO] PluginManage:359 - Loaded plugin pinoutconfig (category:base,tabindex:0)
2023-12-22 09:38:43,119 [INFO] PluginManage:310 - Check plugin power
2023-12-22 09:38:43,126 [INFO] PluginManage:359 - Loaded plugin power (category:power,tabindex:4)
2023-12-22 09:38:43,126 [INFO] PluginManage:310 - Check plugin projectmanager
2023-12-22 09:38:43,140 [INFO] PluginManage:359 - Loaded plugin projectmanager (category:projectmanager,tabindex:3)
2023-12-22 09:38:43,140 [INFO] PluginManage:310 - Check plugin thirdparty
2023-12-22 09:38:43,219 [INFO] PluginManage:359 - Loaded plugin thirdparty (category:base,tabindex:-1)
2023-12-22 09:38:43,219 [INFO] PluginManage:310 - Check plugin tools
2023-12-22 09:38:43,219 [WARN] IntegrityCheckThread:84 - waiting for thirdparty lock release [integrity check]
2023-12-22 09:38:43,219 [INFO] IntegrityCheckThread:86 - entering critical section [integrity check]
2023-12-22 09:38:43,220 [INFO] ThirdPartyUpdaterWithRetryManager:70 - Updater plugin not ready yet. [1/15]
2023-12-22 09:38:43,221 [INFO] PluginManage:359 - Loaded plugin tools (category:base,tabindex:7)
2023-12-22 09:38:43,221 [INFO] PluginManage:310 - Check plugin tutovideos
2023-12-22 09:38:43,340 [INFO] PluginManage:359 - Loaded plugin tutovideos (category:base,tabindex:-1)
2023-12-22 09:38:43,340 [INFO] PluginManage:310 - Check plugin updater
2023-12-22 09:38:43,347 [INFO] PluginManage:359 - Loaded plugin updater (category:base,tabindex:12)
2023-12-22 09:38:43,347 [INFO] PluginManage:310 - Check plugin userauth
2023-12-22 09:38:43,351 [INFO] UserAuth:114 - Init User Auth plugin
2023-12-22 09:38:43,351 [INFO] PluginManage:359 - Loaded plugin userauth (category:base,tabindex:14)
2023-12-22 09:38:43,351 [INFO] PluginManage:283 - PluginManage : Loaded plugins [17]
2023-12-22 09:38:43,510 [INFO] PinOutPanel:1499 - setPackage(No Configuration,No Configuration)
2023-12-22 09:38:43,557 [INFO] CADModel:165 - CPN selected for project level
2023-12-22 09:38:43,558 [INFO] CADModel:114 - Register for checkConnection events
2023-12-22 09:38:43,567 [INFO] IPUIPlugin:80 - create IPUIPlugin
2023-12-22 09:38:43,567 [INFO] PluginManager:220 - loadIPPluginJar : add adc
2023-12-22 09:38:43,568 [INFO] IPUIPlugin:80 - create IPUIPlugin
2023-12-22 09:38:43,568 [INFO] PluginManager:220 - loadIPPluginJar : add aes
2023-12-22 09:38:43,570 [INFO] IPUIPlugin:80 - create IPUIPlugin
2023-12-22 09:38:43,570 [INFO] PluginManager:220 - loadIPPluginJar : add can
2023-12-22 09:38:43,571 [INFO] IPUIPlugin:80 - create IPUIPlugin
2023-12-22 09:38:43,572 [INFO] PluginManager:220 - loadIPPluginJar : add comp
2023-12-22 09:38:43,573 [INFO] IPUIPlugin:80 - create IPUIPlugin
2023-12-22 09:38:43,573 [INFO] PluginManager:220 - loadIPPluginJar : add cryp
2023-12-22 09:38:43,574 [INFO] IPUIPlugin:80 - create IPUIPlugin
2023-12-22 09:38:43,574 [INFO] PluginManager:220 - loadIPPluginJar : add dfsdm
2023-12-22 09:38:43,577 [INFO] IPUIPlugin:80 - create IPUIPlugin
2023-12-22 09:38:43,577 [INFO] PluginManager:220 - loadIPPluginJar : add dma
2023-12-22 09:38:43,578 [INFO] IPUIPlugin:80 - create IPUIPlugin
2023-12-22 09:38:43,578 [INFO] PluginManager:220 - loadIPPluginJar : add dma3
2023-12-22 09:38:43,579 [INFO] IPUIPlugin:80 - create IPUIPlugin
2023-12-22 09:38:43,579 [INFO] PluginManager:220 - loadIPPluginJar : add fatfs
2023-12-22 09:38:43,581 [INFO] IPUIPlugin:80 - create IPUIPlugin
2023-12-22 09:38:43,582 [INFO] PluginManager:220 - loadIPPluginJar : add fmc
2023-12-22 09:38:43,584 [INFO] IPUIPlugin:80 - create IPUIPlugin
2023-12-22 09:38:43,584 [INFO] PluginManager:220 - loadIPPluginJar : add freertos
2023-12-22 09:38:43,585 [INFO] IPUIPlugin:80 - create IPUIPlugin
2023-12-22 09:38:43,585 [INFO] PluginManager:220 - loadIPPluginJar : add genericplugin
2023-12-22 09:38:43,586 [INFO] IPUIPlugin:80 - create IPUIPlugin
2023-12-22 09:38:43,586 [INFO] PluginManager:220 - loadIPPluginJar : add gfxmmu
2023-12-22 09:38:43,589 [INFO] IPUIPlugin:80 - create IPUIPlugin
2023-12-22 09:38:43,589 [INFO] PluginManager:220 - loadIPPluginJar : add gic
2023-12-22 09:38:43,591 [INFO] IPUIPlugin:80 - create IPUIPlugin
2023-12-22 09:38:43,591 [INFO] PluginManager:220 - loadIPPluginJar : add gpio
2023-12-22 09:38:43,592 [INFO] IPUIPlugin:80 - create IPUIPlugin
2023-12-22 09:38:43,592 [INFO] PluginManager:220 - loadIPPluginJar : add gtzc
2023-12-22 09:38:43,593 [INFO] IPUIPlugin:80 - create IPUIPlugin
2023-12-22 09:38:43,593 [INFO] PluginManager:220 - loadIPPluginJar : add hash
2023-12-22 09:38:43,595 [INFO] IPUIPlugin:80 - create IPUIPlugin
2023-12-22 09:38:43,595 [INFO] PluginManager:220 - loadIPPluginJar : add i2c
2023-12-22 09:38:43,596 [INFO] IPUIPlugin:80 - create IPUIPlugin
2023-12-22 09:38:43,596 [INFO] PluginManager:220 - loadIPPluginJar : add i2s
2023-12-22 09:38:43,597 [INFO] IPUIPlugin:80 - create IPUIPlugin
2023-12-22 09:38:43,597 [INFO] PluginManager:220 - loadIPPluginJar : add i3c
2023-12-22 09:38:43,599 [INFO] IPUIPlugin:80 - create IPUIPlugin
2023-12-22 09:38:43,599 [INFO] PluginManager:220 - loadIPPluginJar : add ipddr
2023-12-22 09:38:43,602 [INFO] IPUIPlugin:80 - create IPUIPlugin
2023-12-22 09:38:43,603 [INFO] PluginManager:220 - loadIPPluginJar : add linkedlist
2023-12-22 09:38:43,604 [INFO] IPUIPlugin:80 - create IPUIPlugin
2023-12-22 09:38:43,604 [INFO] PluginManager:220 - loadIPPluginJar : add lorawan
2023-12-22 09:38:43,605 [INFO] IPUIPlugin:80 - create IPUIPlugin
2023-12-22 09:38:43,605 [INFO] PluginManager:220 - loadIPPluginJar : add ltdc
2023-12-22 09:38:43,608 [INFO] IPUIPlugin:80 - create IPUIPlugin
2023-12-22 09:38:43,608 [INFO] PluginManager:220 - loadIPPluginJar : add mdma
2023-12-22 09:38:43,611 [INFO] IPUIPlugin:80 - create IPUIPlugin
2023-12-22 09:38:43,611 [INFO] PluginManager:220 - loadIPPluginJar : add nvic
2023-12-22 09:38:43,612 [INFO] IPUIPlugin:80 - create IPUIPlugin
2023-12-22 09:38:43,612 [INFO] PluginManager:220 - loadIPPluginJar : add opamp
2023-12-22 09:38:43,614 [INFO] IPUIPlugin:80 - create IPUIPlugin
2023-12-22 09:38:43,614 [INFO] PluginManager:220 - loadIPPluginJar : add openamp
2023-12-22 09:38:43,615 [INFO] IPUIPlugin:80 - create IPUIPlugin
2023-12-22 09:38:43,615 [INFO] PluginManager:220 - loadIPPluginJar : add pdm2pcm
2023-12-22 09:38:43,619 [INFO] IPUIPlugin:80 - create IPUIPlugin
2023-12-22 09:38:43,620 [INFO] PluginManager:220 - loadIPPluginJar : add plateformsettings
2023-12-22 09:38:43,621 [INFO] IPUIPlugin:80 - create IPUIPlugin
2023-12-22 09:38:43,621 [INFO] PluginManager:220 - loadIPPluginJar : add quadspi
2023-12-22 09:38:43,623 [INFO] IPUIPlugin:80 - create IPUIPlugin
2023-12-22 09:38:43,623 [INFO] PluginManager:220 - loadIPPluginJar : add resmgrutility
2023-12-22 09:38:43,624 [INFO] IPUIPlugin:80 - create IPUIPlugin
2023-12-22 09:38:43,624 [INFO] PluginManager:220 - loadIPPluginJar : add sai
2023-12-22 09:38:43,625 [INFO] IPUIPlugin:80 - create IPUIPlugin
2023-12-22 09:38:43,625 [INFO] PluginManager:220 - loadIPPluginJar : add spi
2023-12-22 09:38:43,628 [INFO] IPUIPlugin:80 - create IPUIPlugin
2023-12-22 09:38:43,628 [INFO] PluginManager:220 - loadIPPluginJar : add stm32_wpan
2023-12-22 09:38:43,629 [INFO] IPUIPlugin:80 - create IPUIPlugin
2023-12-22 09:38:43,629 [INFO] PluginManager:220 - loadIPPluginJar : add tim
2023-12-22 09:38:43,630 [INFO] IPUIPlugin:80 - create IPUIPlugin
2023-12-22 09:38:43,630 [INFO] PluginManager:220 - loadIPPluginJar : add touchsensing
2023-12-22 09:38:43,631 [INFO] IPUIPlugin:80 - create IPUIPlugin
2023-12-22 09:38:43,631 [INFO] PluginManager:220 - loadIPPluginJar : add tracer_emb
2023-12-22 09:38:43,632 [INFO] IPUIPlugin:80 - create IPUIPlugin
2023-12-22 09:38:43,632 [INFO] PluginManager:220 - loadIPPluginJar : add ts
2023-12-22 09:38:43,633 [INFO] IPUIPlugin:80 - create IPUIPlugin
2023-12-22 09:38:43,633 [INFO] PluginManager:220 - loadIPPluginJar : add tsc
2023-12-22 09:38:43,633 [INFO] IPUIPlugin:80 - create IPUIPlugin
2023-12-22 09:38:43,634 [INFO] PluginManager:220 - loadIPPluginJar : add ucpd
2023-12-22 09:38:43,635 [INFO] IPUIPlugin:80 - create IPUIPlugin
2023-12-22 09:38:43,635 [INFO] PluginManager:220 - loadIPPluginJar : add usart
2023-12-22 09:38:43,636 [INFO] IPUIPlugin:80 - create IPUIPlugin
2023-12-22 09:38:43,636 [INFO] PluginManager:220 - loadIPPluginJar : add usbx
2023-12-22 09:38:43,745 [INFO] CADModel:165 - CPN selected for project level
2023-12-22 09:38:43,745 [INFO] CADModel:114 - Register for checkConnection events
2023-12-22 09:38:43,745 [FATAL] Updater:308 - Updater called before beeing initialized
2023-12-22 09:38:43,745 [ERROR] CADModel:125 - Updater not yet initialized, retry later 
2023-12-22 09:38:43,824 [INFO] CADModel:165 - CPN selected for project level
2023-12-22 09:38:43,824 [INFO] CADModel:114 - Register for checkConnection events
2023-12-22 09:38:43,824 [FATAL] Updater:308 - Updater called before beeing initialized
2023-12-22 09:38:43,824 [ERROR] CADModel:125 - Updater not yet initialized, retry later 
2023-12-22 09:38:43,826 [FATAL] Updater:308 - Updater called before beeing initialized
2023-12-22 09:38:43,912 [FATAL] Updater:308 - Updater called before beeing initialized
2023-12-22 09:38:43,915 [INFO] DbMcusAds:53 - JSON generation date=Thu Sep 30 08:55:09 CEST 2021 (1632984909247)
2023-12-22 09:38:43,915 [FATAL] Updater:308 - Updater called before beeing initialized
2023-12-22 09:38:43,937 [WARN] DetailPanel:346 - Failed to get advertising image, set to default
2023-12-22 09:38:43,999 [FATAL] Updater:308 - Updater called before beeing initialized
2023-12-22 09:38:44,000 [FATAL] Updater:308 - Updater called before beeing initialized
2023-12-22 09:38:44,000 [FATAL] Updater:308 - Updater called before beeing initialized
2023-12-22 09:38:44,000 [WARN] DetailPanel:346 - Failed to get advertising image, set to default
2023-12-22 09:38:44,001 [FATAL] Updater:308 - Updater called before beeing initialized
2023-12-22 09:38:44,029 [ERROR] Updater:1120 - MainUpdater not yet initialized. External WinMGr cannot be set.
2023-12-22 09:38:44,030 [INFO] Updater:1056 - Updater Version found : 6.10.0
2023-12-22 09:38:44,040 [INFO] ApplicationProperties:184 - Using Application install path: C:\ST\STM32CubeIDE_1.14.0\STM32CubeIDE\plugins\com.st.stm32cube.common.mx_6.10.0.202311202037
2023-12-22 09:38:45,609 [ERROR] LogOutputStream:75 - [STDERR_REDIRECT] Dec 22, 2023 9:38:45 AM java.util.prefs.WindowsPreferences <init>
2023-12-22 09:38:45,611 [ERROR] LogOutputStream:75 - [STDERR_REDIRECT] WARNING: Could not open/create prefs root node Software\JavaSoft\Prefs at root 0xffffffff80000002. Windows RegCreateKeyEx(...) returned error code 5.
2023-12-22 09:38:45,611 [ERROR] LogOutputStream:75 - [STDERR_REDIRECT] 
2023-12-22 09:38:45,902 [INFO] MainUpdater:2873 - connection check result : 10
2023-12-22 09:38:45,902 [INFO] MainUpdater:290 - Updater Check For Update Now.
2023-12-22 09:38:45,903 [INFO] MicroXplorer:498 - Change Database Version : DB.6.0.100
2023-12-22 09:38:45,906 [INFO] McuFinderGlobals:63 - Set McuFinder mode to 2 (CubeIDE integrated)
2023-12-22 09:38:45,906 [INFO] UserAuth:180 - activating auth plugin
2023-12-22 09:38:45,908 [INFO] UserAuth:404 - Internet connection configuration mode: 1
2023-12-22 09:38:45,933 [INFO] JxBrowserEngine:152 - Initiate JxBrowser Engine with user profile folder
2023-12-22 09:38:46,061 [INFO] CheckServerUpdateThread:120 - End of CheckServer Thread
2023-12-22 09:38:46,297 [INFO] WebApp:161 - Instantiating new browser for Auth
2023-12-22 09:38:46,324 [WARN] PackLoader:240 - Cannot read IP mode file for STMicroelectronics.X-CUBE-SMBUS.2.1.0
2023-12-22 09:38:46,335 [WARN] PackLoader:240 - Cannot read IP mode file for STMicroelectronics.X-CUBE-TOUCHGFX.4.23.0
2023-12-22 09:38:46,357 [WARN] PackLoader:240 - Cannot read IP mode file for STMicroelectronics.X-CUBE-AZRTOS-F7.1.1.0
2023-12-22 09:38:46,363 [WARN] PackLoader:240 - Cannot read IP mode file for STMicroelectronics.FP-SNS-MOTENV1.4.3.2
2023-12-22 09:38:46,369 [WARN] PackLoader:240 - Cannot read IP mode file for STMicroelectronics.FP-SNS-FLIGHT1.5.0.2
2023-12-22 09:38:46,376 [WARN] PackLoader:240 - Cannot read IP mode file for STMicroelectronics.X-CUBE-DISPLAY.3.0.0
2023-12-22 09:38:46,390 [WARN] PackLoader:240 - Cannot read IP mode file for STMicroelectronics.X-CUBE-BLE1.7.0.0
2023-12-22 09:38:46,395 [WARN] PackLoader:240 - Cannot read IP mode file for emotas.I-CUBE-CANOPEN.1.3.0
2023-12-22 09:38:46,398 [WARN] PackLoader:240 - Cannot read IP mode file for STMicroelectronics.FP-SNS-SMARTAG2.1.2.0
2023-12-22 09:38:46,408 [INFO] LogOutputStream:77 - [STDOUT_REDIRECT] 1 : Invalid condition id : UX_CORESTACK_Condition cause : null
2023-12-22 09:38:46,409 [INFO] LogOutputStream:77 - [STDOUT_REDIRECT] 1 : Invalid condition id : UX_CORESTACK_Condition cause : null
2023-12-22 09:38:46,410 [INFO] LogOutputStream:77 - [STDOUT_REDIRECT] 1 : Invalid condition id : UX_CORESTACK_Condition cause : null
2023-12-22 09:38:46,411 [INFO] LogOutputStream:77 - [STDOUT_REDIRECT] 1 : Invalid condition id : UX_CORESTACK_Condition cause : null
2023-12-22 09:38:46,411 [INFO] LogOutputStream:77 - [STDOUT_REDIRECT] 1 : Invalid condition id : UX_CORESTACK_Condition cause : null
2023-12-22 09:38:46,413 [WARN] PackLoader:240 - Cannot read IP mode file for STMicroelectronics.X-CUBE-AZRTOS-WL.2.0.0
2023-12-22 09:38:46,422 [WARN] PackLoader:240 - Cannot read IP mode file for WES.I-CUBE-Cesium.1.3.0
2023-12-22 09:38:46,425 [WARN] PackLoader:240 - Cannot read IP mode file for STMicroelectronics.X-CUBE-BLE2.3.3.0
2023-12-22 09:38:46,437 [WARN] PackLoader:240 - Cannot read IP mode file for STMicroelectronics.X-CUBE-ALGOBUILD.1.3.0
2023-12-22 09:38:46,446 [WARN] PackLoader:240 - Cannot read IP mode file for STMicroelectronics.X-CUBE-AZRTOS-G0.1.1.0
2023-12-22 09:38:46,451 [WARN] PackLoader:240 - Cannot read IP mode file for STMicroelectronics.X-CUBE-NFC4.3.0.0
2023-12-22 09:38:46,456 [WARN] PackLoader:240 - Cannot read IP mode file for STMicroelectronics.X-CUBE-BLEMGR.3.0.0
2023-12-22 09:38:46,459 [WARN] PackLoader:240 - Cannot read IP mode file for STMicroelectronics.FP-ATR-SIGFOX1.3.2.0
2023-12-22 09:38:46,462 [WARN] PackLoader:240 - Cannot read IP mode file for STMicroelectronics.X-CUBE-GNSS1.6.0.0
2023-12-22 09:38:46,472 [WARN] PackLoader:240 - Cannot read IP mode file for STMicroelectronics.X-CUBE-AZRTOS-F4.1.1.0
2023-12-22 09:38:46,476 [WARN] PackLoader:240 - Cannot read IP mode file for wolfSSL.I-CUBE-wolfSSL.5.6.4
2023-12-22 09:38:46,486 [WARN] PackLoader:240 - Cannot read IP mode file for STMicroelectronics.X-CUBE-AZRTOS-L5.2.0.0
2023-12-22 09:38:46,492 [WARN] PackLoader:240 - Cannot read IP mode file for STMicroelectronics.X-CUBE-EEPRMA1.4.2.0
2023-12-22 09:38:46,496 [WARN] PackLoader:240 - Cannot read IP mode file for ITTIA_DB.I-CUBE-ITTIADB.8.8.0
2023-12-22 09:38:46,500 [WARN] PackLoader:240 - Cannot read IP mode file for STMicroelectronics.X-CUBE-NFC7.1.0.1
2023-12-22 09:38:46,508 [WARN] PackLoader:240 - Cannot read IP mode file for STMicroelectronics.X-CUBE-NFC6.3.0.0
2023-12-22 09:38:46,511 [WARN] PackLoader:240 - Cannot read IP mode file for STMicroelectronics.X-CUBE-AI.8.1.0
2023-12-22 09:38:46,522 [WARN] ConditionMgr:438 - getConditionDescription Invalid condition id : LAN8742 Phy interface Condition cause : null
2023-12-22 09:38:46,523 [WARN] PackLoader:240 - Cannot read IP mode file for STMicroelectronics.X-CUBE-AZRTOS-L4.2.0.0
2023-12-22 09:38:46,524 [WARN] ConditionMgr:1039 - genDependencies : Invalid condition id : LAN8742 Phy interface Condition cause : null
2023-12-22 09:38:46,524 [WARN] ConditionMgr:1039 - genDependencies : Invalid condition id : LAN8742 Phy interface Condition cause : null
2023-12-22 09:38:46,525 [WARN] ConditionMgr:1039 - genDependencies : Invalid condition id : LAN8742 Phy interface Condition cause : null
2023-12-22 09:38:46,532 [WARN] PackLoader:240 - Cannot read IP mode file for STMicroelectronics.X-CUBE-SFXS2LP1.4.0.0
2023-12-22 09:38:46,540 [WARN] ConditionMgr:438 - getConditionDescription Invalid condition id : UX DEVICE CLASS RTOS Condition cause : null
2023-12-22 09:38:46,541 [WARN] ConditionMgr:438 - getConditionDescription Invalid condition id : UX DEVICE CLASS RTOS Condition cause : null
2023-12-22 09:38:46,542 [WARN] PackLoader:240 - Cannot read IP mode file for STMicroelectronics.X-CUBE-AZRTOS-WB.2.0.0
2023-12-22 09:38:46,542 [WARN] ConditionMgr:1039 - genDependencies : Invalid condition id : UX DEVICE CLASS RTOS Condition cause : null
2023-12-22 09:38:46,542 [WARN] ConditionMgr:1039 - genDependencies : Invalid condition id : UX DEVICE CLASS RTOS Condition cause : null
2023-12-22 09:38:46,543 [WARN] ConditionMgr:1039 - genDependencies : Invalid condition id : UX DEVICE CLASS RTOS Condition cause : null
2023-12-22 09:38:46,543 [WARN] ConditionMgr:1039 - genDependencies : Invalid condition id : UX DEVICE CLASS RTOS Condition cause : null
2023-12-22 09:38:46,543 [WARN] ConditionMgr:1039 - genDependencies : Invalid condition id : UX DEVICE CLASS RTOS Condition cause : null
2023-12-22 09:38:46,550 [WARN] PackLoader:240 - Cannot read IP mode file for STMicroelectronics.X-CUBE-SUBG2.5.0.0
2023-12-22 09:38:46,564 [WARN] PackLoader:240 - Cannot read IP mode file for STMicroelectronics.X-CUBE-AZRTOS-G4.2.0.0
2023-12-22 09:38:46,572 [WARN] PackLoader:240 - Cannot read IP mode file for Infineon.AIROC-Wi-Fi-Bluetooth-STM32.1.5.1
2023-12-22 09:38:46,577 [WARN] PackLoader:240 - Cannot read IP mode file for STMicroelectronics.FP-SNS-MOTENVWB1.1.3.1
2023-12-22 09:38:46,580 [WARN] PackLoader:240 - Cannot read IP mode file for STMicroelectronics.X-CUBE-ISPU.2.0.0
2023-12-22 09:38:46,604 [WARN] PackLoader:240 - Cannot read IP mode file for STMicroelectronics.X-CUBE-MEMS1.10.0.0
2023-12-22 09:38:46,655 [WARN] PackLoader:240 - Cannot read IP mode file for STMicroelectronics.X-CUBE-FREERTOS.1.1.0
2023-12-22 09:38:46,659 [WARN] PackLoader:240 - Cannot read IP mode file for portGmbH.I-Cube-SoM-uGOAL.1.1.0
2023-12-22 09:38:46,662 [WARN] PackLoader:240 - Cannot read IP mode file for STMicroelectronics.X-CUBE-ALS.1.0.1
2023-12-22 09:38:46,666 [WARN] PackLoader:240 - Cannot read IP mode file for STMicroelectronics.FP-ATR-ASTRA1.2.0.0
2023-12-22 09:38:46,673 [WARN] PackLoader:240 - Cannot read IP mode file for STMicroelectronics.X-CUBE-TOF1.3.4.0
2023-12-22 09:38:46,690 [WARN] PackLoader:240 - Cannot read IP mode file for STMicroelectronics.X-CUBE-AZRTOS-H7.3.2.0
2023-12-22 09:38:46,692 [INFO] ThirdParty:978 - Integrity check success = true
2023-12-22 09:38:46,692 [INFO] IntegrityCheckThread:100 - exiting critical section [integrity check]
2023-12-22 09:38:46,692 [INFO] IntegrityCheckThread:103 - End integrity checks thread
2023-12-22 09:38:47,090 [INFO] WebApp:780 - Register for checkConnection events
2023-12-22 09:38:47,091 [INFO] WebApp:414 - Apply proxy settings
2023-12-22 09:38:47,091 [INFO] WebApp:499 - Chromium requires no authentication
2023-12-22 09:38:47,096 [INFO] WebApp:442 - Direct internet connection detected
2023-12-22 09:38:47,209 [INFO] WebApp:192 - Starting web application
2023-12-22 09:38:47,209 [INFO] WebApp:544 - Web application path used C:\ST\STM32CubeIDE_1.14.0\STM32CubeIDE\plugins\com.st.stm32cube.common.mx_6.10.0.202311202037\db\plugins\mcufinder\reactClient1\index.html
2023-12-22 09:38:49,482 [ERROR] LogOutputStream:75 - [STDERR_REDIRECT] 
