2023-04-05 19:40:04,070 [INFO] Activator:176 - 


2023-04-05 19:40:04,070 [INFO] Activator:177 - !SESSION log4j initialized
2023-04-05 19:40:10,790 [INFO] LogOutputStream:77 - [STDOUT_REDIRECT] 
2023-04-05 19:40:42,943 [ERROR] LogOutputStream:75 - [STDERR_REDIRECT] SLF4J: Failed to load class "org.slf4j.impl.StaticLoggerBinder".
2023-04-05 19:40:42,943 [ERROR] LogOutputStream:75 - [STDERR_REDIRECT] SLF4J: Defaulting to no-operation (NOP) logger implementation
2023-04-05 19:40:42,943 [ERROR] LogOutputStream:75 - [STDERR_REDIRECT] SLF4J: See http://www.slf4j.org/codes.html#StaticLoggerBinder for further details.
2023-04-05 19:44:32,694 [INFO] ApplicationProperties:184 - Using Application install path: C:\Program Files\STM32CubeIDE_1.12.0\STM32CubeIDE\plugins\com.st.stm32cube.common.mx_6.8.0.202302231600
2023-04-05 19:44:32,718 [INFO] DbMcusXml:78 - Set database path to: C:\Program Files\STM32CubeIDE_1.12.0\STM32CubeIDE\plugins\com.st.stm32cube.common.mx_6.8.0.202302231600\\db\/mcu/
2023-04-05 19:44:32,718 [INFO] ApiDb:274 - Set plugin database path to: C:\Program Files\STM32CubeIDE_1.12.0\STM32CubeIDE\plugins\com.st.stm32cube.common.mx_6.8.0.202302231600\\db\/plugins/boardmanager/
2023-04-05 19:44:32,720 [WARN] ApiDb:259 - Overriding images path with different value:  => C:\Program Files\STM32CubeIDE_1.12.0\STM32CubeIDE\plugins\com.st.stm32cube.common.mx_6.8.0.202302231600\\db\/plugins/mcufinder/images/
2023-04-05 19:44:32,741 [INFO] ApiDb:250 - Set database path to: C:\Users\mathi\.stmcufinder\plugins\mcufinder//mcu/
2023-04-05 19:44:32,742 [INFO] DbMcusAds:125 - Set database path to: C:\Users\mathi\.stmcufinder\plugins\mcufinder//mcu/
2023-04-05 19:44:43,755 [INFO] CrossReferenceDbSqlite:203 - Set database path to: C:\Users\mathi\.stmcufinder\plugins\mcufinder//mcu/cs/
2023-04-05 19:44:43,890 [INFO] RulesReader:64 - Compatibility file has been processed (293 Rules)
2023-04-05 19:44:43,991 [INFO] DbMcusXml:78 - Set database path to: C:\Program Files\STM32CubeIDE_1.12.0\STM32CubeIDE\plugins\com.st.stm32cube.common.mx_6.8.0.202302231600\\db\/mcu/
2023-04-05 19:44:43,991 [INFO] ApiDb:274 - Set plugin database path to: C:\Program Files\STM32CubeIDE_1.12.0\STM32CubeIDE\plugins\com.st.stm32cube.common.mx_6.8.0.202302231600\\db\/plugins/boardmanager/
2023-04-05 19:44:43,991 [INFO] ApiDb:261 - Set plugin images path to: C:\Program Files\STM32CubeIDE_1.12.0\STM32CubeIDE\plugins\com.st.stm32cube.common.mx_6.8.0.202302231600\\db\/plugins/mcufinder/images/
2023-04-05 19:44:43,991 [WARN] DbFile:41 - Overriding database path with different value: C:\Users\mathi\.stmcufinder\plugins\mcufinder/ => C:\Users\mathi\.stmcufinder\plugins\mcufinder
2023-04-05 19:44:43,991 [INFO] ApiDb:250 - Set database path to: C:\Users\mathi\.stmcufinder\plugins\mcufinder//mcu/
2023-04-05 19:44:43,992 [WARN] DbFile:41 - Overriding database path with different value: C:\Users\mathi\.stmcufinder\plugins\mcufinder/ => C:\Users\mathi\.stmcufinder\plugins\mcufinder
2023-04-05 19:44:43,992 [INFO] DbMcusAds:125 - Set database path to: C:\Users\mathi\.stmcufinder\plugins\mcufinder//mcu/
2023-04-05 19:44:43,992 [WARN] DbFile:41 - Overriding database path with different value: C:\Users\mathi\.stmcufinder\plugins\mcufinder/ => C:\Users\mathi\.stmcufinder\plugins\mcufinder
2023-04-05 19:44:43,992 [WARN] DbFile:41 - Overriding database path with different value: C:\Users\mathi\.stmcufinder\plugins\mcufinder/ => C:\Users\mathi\.stmcufinder\plugins\mcufinder
2023-04-05 19:44:43,992 [INFO] CrossReferenceDbSqlite:203 - Set database path to: C:\Users\mathi\.stmcufinder\plugins\mcufinder//mcu/cs/
2023-04-05 19:44:44,092 [INFO] MainPanel:253 - HeapMemory: 419430400
2023-04-05 19:44:44,199 [INFO] DbMcusXml:78 - Set database path to: C:\Program Files\STM32CubeIDE_1.12.0\STM32CubeIDE\plugins\com.st.stm32cube.common.mx_6.8.0.202302231600\\db\/mcu/
2023-04-05 19:44:44,199 [INFO] ApiDb:274 - Set plugin database path to: C:\Program Files\STM32CubeIDE_1.12.0\STM32CubeIDE\plugins\com.st.stm32cube.common.mx_6.8.0.202302231600\\db\/plugins/boardmanager/
2023-04-05 19:44:44,199 [INFO] ApiDb:261 - Set plugin images path to: C:\Program Files\STM32CubeIDE_1.12.0\STM32CubeIDE\plugins\com.st.stm32cube.common.mx_6.8.0.202302231600\\db\/plugins/mcufinder/images/
2023-04-05 19:44:44,200 [WARN] DbFile:41 - Overriding database path with different value: C:\Users\mathi\.stmcufinder\plugins\mcufinder/ => C:\Users\mathi\.stmcufinder\plugins\mcufinder
2023-04-05 19:44:44,200 [INFO] ApiDb:250 - Set database path to: C:\Users\mathi\.stmcufinder\plugins\mcufinder//mcu/
2023-04-05 19:44:44,200 [WARN] DbFile:41 - Overriding database path with different value: C:\Users\mathi\.stmcufinder\plugins\mcufinder/ => C:\Users\mathi\.stmcufinder\plugins\mcufinder
2023-04-05 19:44:44,200 [INFO] DbMcusAds:125 - Set database path to: C:\Users\mathi\.stmcufinder\plugins\mcufinder//mcu/
2023-04-05 19:44:44,200 [WARN] DbFile:41 - Overriding database path with different value: C:\Users\mathi\.stmcufinder\plugins\mcufinder/ => C:\Users\mathi\.stmcufinder\plugins\mcufinder
2023-04-05 19:44:44,200 [WARN] DbFile:41 - Overriding database path with different value: C:\Users\mathi\.stmcufinder\plugins\mcufinder/ => C:\Users\mathi\.stmcufinder\plugins\mcufinder
2023-04-05 19:44:44,200 [INFO] CrossReferenceDbSqlite:203 - Set database path to: C:\Users\mathi\.stmcufinder\plugins\mcufinder//mcu/cs/
2023-04-05 19:44:44,222 [INFO] ApplicationProperties:184 - Using Application install path: C:\Program Files\STM32CubeIDE_1.12.0\STM32CubeIDE\plugins\com.st.stm32cube.common.mx_6.8.0.202302231600
2023-04-05 19:44:44,224 [INFO] PluginManage:196 - Search for loadable plugins [exclusion list=, ]
2023-04-05 19:44:44,226 [INFO] PluginManage:310 - Check plugin analytics
2023-04-05 19:44:44,397 [INFO] AnalyticsPlugin:253 - Accepted Software Licenses: 
2023-04-05 19:44:44,397 [INFO] AnalyticsPlugin:255 - Accepted CMSIS Pack Licenses: 
2023-04-05 19:44:44,397 [INFO] AnalyticsPlugin:257 - Accepted Firmware Licenses: 
2023-04-05 19:44:44,407 [INFO] PluginManage:359 - Loaded plugin analytics (category:tool,tabindex:-1)
2023-04-05 19:44:44,407 [INFO] PluginManage:310 - Check plugin cadmodel
2023-04-05 19:44:44,415 [INFO] CADModel:105 - Init CAD model plugin
2023-04-05 19:44:44,415 [INFO] PluginManage:359 - Loaded plugin cadmodel (category:power,tabindex:5)
2023-04-05 19:44:44,415 [INFO] PluginManage:310 - Check plugin clock
2023-04-05 19:44:44,431 [INFO] PluginManage:359 - Loaded plugin clock (category:base,tabindex:2)
2023-04-05 19:44:44,431 [INFO] PluginManage:310 - Check plugin ddr
2023-04-05 19:44:44,435 [INFO] PluginManage:359 - Loaded plugin ddr (category:tool,tabindex:6)
2023-04-05 19:44:44,435 [INFO] PluginManage:310 - Check plugin filemanager
2023-04-05 19:44:44,594 [INFO] PluginManage:359 - Loaded plugin filemanager (category:base,tabindex:10)
2023-04-05 19:44:44,595 [INFO] PluginManage:310 - Check plugin ipmanager
2023-04-05 19:44:44,606 [INFO] PluginManage:359 - Loaded plugin ipmanager (category:base,tabindex:5)
2023-04-05 19:44:44,606 [INFO] PluginManage:310 - Check plugin lpbam
2023-04-05 19:44:44,619 [INFO] PluginManage:359 - Loaded plugin lpbam (category:base,tabindex:0)
2023-04-05 19:44:44,620 [INFO] PluginManage:310 - Check plugin pinoutandconfiguration
2023-04-05 19:44:44,631 [INFO] PluginManage:359 - Loaded plugin pinoutandconfiguration (category:base,tabindex:1)
2023-04-05 19:44:44,631 [INFO] PluginManage:310 - Check plugin pinoutconfig
2023-04-05 19:44:44,742 [WARN] SupportedApi:132 - Cannot load RTOS API schema: s4s-elt-must-match.1: The content of 'definitions' must match (annotation?, (simpleType | complexType)?, (unique | key | keyref)*)). A problem was found starting at: attribute.
2023-04-05 19:44:44,891 [INFO] PluginManage:359 - Loaded plugin pinoutconfig (category:base,tabindex:0)
2023-04-05 19:44:44,892 [INFO] PluginManage:310 - Check plugin power
2023-04-05 19:44:44,904 [INFO] PluginManage:359 - Loaded plugin power (category:power,tabindex:4)
2023-04-05 19:44:44,905 [INFO] PluginManage:310 - Check plugin projectmanager
2023-04-05 19:44:44,922 [INFO] PluginManage:359 - Loaded plugin projectmanager (category:projectmanager,tabindex:3)
2023-04-05 19:44:44,923 [INFO] PluginManage:310 - Check plugin thirdparty
2023-04-05 19:44:45,060 [INFO] PluginManage:359 - Loaded plugin thirdparty (category:base,tabindex:-1)
2023-04-05 19:44:45,059 [WARN] IntegrityCheckThread:84 - waiting for thirdparty lock release [integrity check]
2023-04-05 19:44:45,060 [INFO] PluginManage:310 - Check plugin tools
2023-04-05 19:44:45,060 [INFO] IntegrityCheckThread:86 - entering critical section [integrity check]
2023-04-05 19:44:45,062 [INFO] ThirdPartyUpdaterWithRetryManager:70 - Updater plugin not ready yet. [1/15]
2023-04-05 19:44:45,064 [INFO] PluginManage:359 - Loaded plugin tools (category:base,tabindex:7)
2023-04-05 19:44:45,064 [INFO] PluginManage:310 - Check plugin tutovideos
2023-04-05 19:44:45,276 [INFO] PluginManage:359 - Loaded plugin tutovideos (category:base,tabindex:-1)
2023-04-05 19:44:45,276 [INFO] PluginManage:310 - Check plugin updater
2023-04-05 19:44:45,293 [INFO] PluginManage:359 - Loaded plugin updater (category:base,tabindex:12)
2023-04-05 19:44:45,294 [INFO] PluginManage:283 - PluginManage : Loaded plugins [15]
2023-04-05 19:44:45,588 [INFO] PinOutPanel:1499 - setPackage(No Configuration,No Configuration)
2023-04-05 19:44:45,675 [INFO] CADModel:165 - CPN selected for project level
2023-04-05 19:44:45,675 [INFO] CADModel:114 - Register for checkConnection events
2023-04-05 19:44:45,696 [INFO] IPUIPlugin:80 - create IPUIPlugin
2023-04-05 19:44:45,697 [INFO] PluginManager:220 - loadIPPluginJar : add adc
2023-04-05 19:44:45,701 [INFO] IPUIPlugin:80 - create IPUIPlugin
2023-04-05 19:44:45,701 [INFO] PluginManager:220 - loadIPPluginJar : add aes
2023-04-05 19:44:45,705 [INFO] IPUIPlugin:80 - create IPUIPlugin
2023-04-05 19:44:45,705 [INFO] PluginManager:220 - loadIPPluginJar : add can
2023-04-05 19:44:45,707 [INFO] IPUIPlugin:80 - create IPUIPlugin
2023-04-05 19:44:45,707 [INFO] PluginManager:220 - loadIPPluginJar : add comp
2023-04-05 19:44:45,710 [INFO] IPUIPlugin:80 - create IPUIPlugin
2023-04-05 19:44:45,710 [INFO] PluginManager:220 - loadIPPluginJar : add cryp
2023-04-05 19:44:45,714 [INFO] IPUIPlugin:80 - create IPUIPlugin
2023-04-05 19:44:45,714 [INFO] PluginManager:220 - loadIPPluginJar : add dfsdm
2023-04-05 19:44:45,720 [INFO] IPUIPlugin:80 - create IPUIPlugin
2023-04-05 19:44:45,721 [INFO] PluginManager:220 - loadIPPluginJar : add dma
2023-04-05 19:44:45,724 [INFO] IPUIPlugin:80 - create IPUIPlugin
2023-04-05 19:44:45,724 [INFO] PluginManager:220 - loadIPPluginJar : add dma3
2023-04-05 19:44:45,727 [INFO] IPUIPlugin:80 - create IPUIPlugin
2023-04-05 19:44:45,727 [INFO] PluginManager:220 - loadIPPluginJar : add fatfs
2023-04-05 19:44:45,732 [INFO] IPUIPlugin:80 - create IPUIPlugin
2023-04-05 19:44:45,733 [INFO] PluginManager:220 - loadIPPluginJar : add fmc
2023-04-05 19:44:45,740 [INFO] IPUIPlugin:80 - create IPUIPlugin
2023-04-05 19:44:45,741 [INFO] PluginManager:220 - loadIPPluginJar : add freertos
2023-04-05 19:44:45,742 [INFO] IPUIPlugin:80 - create IPUIPlugin
2023-04-05 19:44:45,743 [INFO] PluginManager:220 - loadIPPluginJar : add genericplugin
2023-04-05 19:44:45,746 [INFO] IPUIPlugin:80 - create IPUIPlugin
2023-04-05 19:44:45,746 [INFO] PluginManager:220 - loadIPPluginJar : add gfxmmu
2023-04-05 19:44:45,751 [INFO] IPUIPlugin:80 - create IPUIPlugin
2023-04-05 19:44:45,751 [INFO] PluginManager:220 - loadIPPluginJar : add gic
2023-04-05 19:44:45,756 [INFO] IPUIPlugin:80 - create IPUIPlugin
2023-04-05 19:44:45,756 [INFO] PluginManager:220 - loadIPPluginJar : add gpio
2023-04-05 19:44:45,760 [INFO] IPUIPlugin:80 - create IPUIPlugin
2023-04-05 19:44:45,760 [INFO] PluginManager:220 - loadIPPluginJar : add gtzc
2023-04-05 19:44:45,764 [INFO] IPUIPlugin:80 - create IPUIPlugin
2023-04-05 19:44:45,764 [INFO] PluginManager:220 - loadIPPluginJar : add hash
2023-04-05 19:44:45,767 [INFO] IPUIPlugin:80 - create IPUIPlugin
2023-04-05 19:44:45,768 [INFO] PluginManager:220 - loadIPPluginJar : add i2c
2023-04-05 19:44:45,771 [INFO] IPUIPlugin:80 - create IPUIPlugin
2023-04-05 19:44:45,771 [INFO] PluginManager:220 - loadIPPluginJar : add i2s
2023-04-05 19:44:45,775 [INFO] IPUIPlugin:80 - create IPUIPlugin
2023-04-05 19:44:45,776 [INFO] PluginManager:220 - loadIPPluginJar : add i3c
2023-04-05 19:44:45,780 [INFO] IPUIPlugin:80 - create IPUIPlugin
2023-04-05 19:44:45,780 [INFO] PluginManager:220 - loadIPPluginJar : add ipddr
2023-04-05 19:44:45,788 [INFO] IPUIPlugin:80 - create IPUIPlugin
2023-04-05 19:44:45,788 [INFO] PluginManager:220 - loadIPPluginJar : add linkedlist
2023-04-05 19:44:45,791 [INFO] IPUIPlugin:80 - create IPUIPlugin
2023-04-05 19:44:45,791 [INFO] PluginManager:220 - loadIPPluginJar : add lorawan
2023-04-05 19:44:45,793 [INFO] IPUIPlugin:80 - create IPUIPlugin
2023-04-05 19:44:45,794 [INFO] PluginManager:220 - loadIPPluginJar : add ltdc
2023-04-05 19:44:45,801 [INFO] IPUIPlugin:80 - create IPUIPlugin
2023-04-05 19:44:45,801 [INFO] PluginManager:220 - loadIPPluginJar : add mdma
2023-04-05 19:44:45,805 [INFO] IPUIPlugin:80 - create IPUIPlugin
2023-04-05 19:44:45,805 [INFO] PluginManager:220 - loadIPPluginJar : add nvic
2023-04-05 19:44:45,809 [INFO] IPUIPlugin:80 - create IPUIPlugin
2023-04-05 19:44:45,809 [INFO] PluginManager:220 - loadIPPluginJar : add opamp
2023-04-05 19:44:45,813 [INFO] IPUIPlugin:80 - create IPUIPlugin
2023-04-05 19:44:45,814 [INFO] PluginManager:220 - loadIPPluginJar : add openamp
2023-04-05 19:44:45,818 [INFO] IPUIPlugin:80 - create IPUIPlugin
2023-04-05 19:44:45,818 [INFO] PluginManager:220 - loadIPPluginJar : add pdm2pcm
2023-04-05 19:44:45,826 [INFO] IPUIPlugin:80 - create IPUIPlugin
2023-04-05 19:44:45,828 [INFO] PluginManager:220 - loadIPPluginJar : add plateformsettings
2023-04-05 19:44:45,831 [INFO] IPUIPlugin:80 - create IPUIPlugin
2023-04-05 19:44:45,831 [INFO] PluginManager:220 - loadIPPluginJar : add quadspi
2023-04-05 19:44:45,836 [INFO] IPUIPlugin:80 - create IPUIPlugin
2023-04-05 19:44:45,837 [INFO] PluginManager:220 - loadIPPluginJar : add resmgrutility
2023-04-05 19:44:45,840 [INFO] IPUIPlugin:80 - create IPUIPlugin
2023-04-05 19:44:45,840 [INFO] PluginManager:220 - loadIPPluginJar : add sai
2023-04-05 19:44:45,844 [INFO] IPUIPlugin:80 - create IPUIPlugin
2023-04-05 19:44:45,844 [INFO] PluginManager:220 - loadIPPluginJar : add spi
2023-04-05 19:44:45,849 [INFO] IPUIPlugin:80 - create IPUIPlugin
2023-04-05 19:44:45,850 [INFO] PluginManager:220 - loadIPPluginJar : add stm32_wpan
2023-04-05 19:44:45,853 [INFO] IPUIPlugin:80 - create IPUIPlugin
2023-04-05 19:44:45,853 [INFO] PluginManager:220 - loadIPPluginJar : add tim
2023-04-05 19:44:45,857 [INFO] IPUIPlugin:80 - create IPUIPlugin
2023-04-05 19:44:45,857 [INFO] PluginManager:220 - loadIPPluginJar : add touchsensing
2023-04-05 19:44:45,859 [INFO] IPUIPlugin:80 - create IPUIPlugin
2023-04-05 19:44:45,860 [INFO] PluginManager:220 - loadIPPluginJar : add tracer_emb
2023-04-05 19:44:45,862 [INFO] IPUIPlugin:80 - create IPUIPlugin
2023-04-05 19:44:45,862 [INFO] PluginManager:220 - loadIPPluginJar : add ts
2023-04-05 19:44:45,865 [INFO] IPUIPlugin:80 - create IPUIPlugin
2023-04-05 19:44:45,865 [INFO] PluginManager:220 - loadIPPluginJar : add tsc
2023-04-05 19:44:45,867 [INFO] IPUIPlugin:80 - create IPUIPlugin
2023-04-05 19:44:45,868 [INFO] PluginManager:220 - loadIPPluginJar : add ucpd
2023-04-05 19:44:45,871 [INFO] IPUIPlugin:80 - create IPUIPlugin
2023-04-05 19:44:45,871 [INFO] PluginManager:220 - loadIPPluginJar : add usart
2023-04-05 19:44:45,875 [INFO] IPUIPlugin:80 - create IPUIPlugin
2023-04-05 19:44:45,875 [INFO] PluginManager:220 - loadIPPluginJar : add usbx
2023-04-05 19:44:46,007 [INFO] CADModel:165 - CPN selected for project level
2023-04-05 19:44:46,007 [INFO] CADModel:114 - Register for checkConnection events
2023-04-05 19:44:46,007 [FATAL] Updater:308 - Updater called before beeing initialized
2023-04-05 19:44:46,007 [ERROR] CADModel:125 - Updater not yet initialized, retry later 
2023-04-05 19:44:46,171 [INFO] CADModel:165 - CPN selected for project level
2023-04-05 19:44:46,171 [INFO] CADModel:114 - Register for checkConnection events
2023-04-05 19:44:46,171 [FATAL] Updater:308 - Updater called before beeing initialized
2023-04-05 19:44:46,171 [ERROR] CADModel:125 - Updater not yet initialized, retry later 
2023-04-05 19:44:46,175 [FATAL] Updater:308 - Updater called before beeing initialized
2023-04-05 19:44:46,297 [FATAL] Updater:308 - Updater called before beeing initialized
2023-04-05 19:44:46,304 [INFO] DbMcusAds:53 - JSON generation date=Tue Mar 07 09:50:55 CET 2023 (1678179055114)
2023-04-05 19:44:46,304 [FATAL] Updater:308 - Updater called before beeing initialized
2023-04-05 19:44:46,361 [WARN] DetailPanel:346 - Failed to get advertising image, set to default
2023-04-05 19:44:46,465 [FATAL] Updater:308 - Updater called before beeing initialized
2023-04-05 19:44:46,468 [FATAL] Updater:308 - Updater called before beeing initialized
2023-04-05 19:44:46,468 [FATAL] Updater:308 - Updater called before beeing initialized
2023-04-05 19:44:46,468 [WARN] DetailPanel:346 - Failed to get advertising image, set to default
2023-04-05 19:44:46,469 [FATAL] Updater:308 - Updater called before beeing initialized
2023-04-05 19:44:46,543 [ERROR] Updater:1120 - MainUpdater not yet initialized. External WinMGr cannot be set.
2023-04-05 19:44:46,548 [INFO] Updater:1056 - Updater Version found : 6.8.0
2023-04-05 19:44:46,571 [INFO] ApplicationProperties:184 - Using Application install path: C:\Program Files\STM32CubeIDE_1.12.0\STM32CubeIDE\plugins\com.st.stm32cube.common.mx_6.8.0.202302231600
2023-04-05 19:44:46,731 [INFO] MainUpdater:2854 - connection check result : 10
2023-04-05 19:44:46,731 [INFO] MainUpdater:3548 - Updater definition file requires update
2023-04-05 19:44:46,733 [INFO] MainUpdater:283 - Updater Check For Update Now.
2023-04-05 19:44:46,734 [INFO] MicroXplorer:498 - Change Database Version : DB.6.0.80
2023-04-05 19:44:46,858 [INFO] ServerAccessManage:473 - Download File updaters.zip
2023-04-05 19:44:47,501 [INFO] FileExtend:240 - Unzip File : updaters.zip
2023-04-05 19:44:47,502 [INFO] FileExtend:255 - Standard Zip Deflate
2023-04-05 19:44:47,964 [INFO] ServerAccessManage:473 - Download File PacksControlFlags.xml
2023-04-05 19:44:48,067 [WARN] MainUpdater:1187 - Updater busy. Cannot search thirdparties
2023-04-05 19:44:48,068 [INFO] ThirdPartyUpdaterWithRetryManager:96 - Updater plugin is busy. [1/15]
2023-04-05 19:44:48,090 [INFO] ServerAccessManage:473 - Download File cubemx.pidx
2023-04-05 19:44:48,533 [INFO] ServerAccessManage:473 - Download File STMicroelectronics.X-CUBE-TOF1.pdsc
2023-04-05 19:44:49,083 [ERROR] ServerAccessManage:1089 - Problem, file not found on Server
2023-04-05 19:44:49,168 [INFO] ServerAccessManage:473 - Download File STMicroelectronics.X-CUBE-TOUCHGFX.pdsc
2023-04-05 19:44:49,916 [WARN] PackLoader:240 - Cannot read IP mode file for STMicroelectronics.X-CUBE-TOF1.3.3.0
2023-04-05 19:44:49,934 [WARN] PackLoader:240 - Cannot read IP mode file for STMicroelectronics.X-CUBE-TOUCHGFX.4.21.3
2023-04-05 19:44:49,935 [INFO] PopulateThirdPartyThread:66 - Ending populate Thread
2023-04-05 19:44:49,939 [INFO] ThirdParty:1030 - CMSIS Pack Vendor :STMicroelectronics X-CUBE-TOUCHGFX 4.21.3
2023-04-05 19:44:49,939 [INFO] ThirdParty:1030 - CMSIS Pack Vendor :STMicroelectronics X-CUBE-TOF1 3.3.0
2023-04-05 19:44:49,939 [INFO] LoadServerUpdatesThread:373 - End of LoadServerUpdate Thread
2023-04-05 19:44:50,014 [INFO] CheckServerUpdateThread:120 - End of CheckServer Thread
2023-04-05 19:44:50,216 [INFO] MainUpdater:2854 - connection check result : 10
2023-04-05 19:44:50,221 [INFO] McuFinderGlobals:66 - Set McuFinderConnectedMode to true
2023-04-05 19:44:51,083 [WARN] MainUpdater:1187 - Updater busy. Cannot search thirdparties
2023-04-05 19:44:51,084 [INFO] ThirdPartyUpdaterWithRetryManager:96 - Updater plugin is busy. [2/15]
2023-04-05 19:44:52,532 [INFO] ServerAccessManage:473 - Download File mcusAds.json._tmp_
2023-04-05 19:44:52,645 [INFO] LoadUrlFilesThread:156 - End of LoadUrlFiles Thread
2023-04-05 19:44:52,832 [INFO] ServerAccessManage:473 - Download File cube-finder-db.zip
2023-04-05 19:44:54,092 [WARN] MainUpdater:1187 - Updater busy. Cannot search thirdparties
2023-04-05 19:44:54,092 [INFO] ThirdPartyUpdaterWithRetryManager:96 - Updater plugin is busy. [3/15]
2023-04-05 19:44:57,105 [WARN] MainUpdater:1187 - Updater busy. Cannot search thirdparties
2023-04-05 19:44:57,105 [INFO] ThirdPartyUpdaterWithRetryManager:96 - Updater plugin is busy. [4/15]
2023-04-05 19:45:00,105 [WARN] MainUpdater:1187 - Updater busy. Cannot search thirdparties
2023-04-05 19:45:00,105 [INFO] ThirdPartyUpdaterWithRetryManager:96 - Updater plugin is busy. [5/15]
2023-04-05 19:45:03,119 [WARN] MainUpdater:1187 - Updater busy. Cannot search thirdparties
2023-04-05 19:45:03,119 [INFO] ThirdPartyUpdaterWithRetryManager:96 - Updater plugin is busy. [6/15]
2023-04-05 19:45:06,120 [WARN] MainUpdater:1187 - Updater busy. Cannot search thirdparties
2023-04-05 19:45:06,120 [INFO] ThirdPartyUpdaterWithRetryManager:96 - Updater plugin is busy. [7/15]
2023-04-05 19:45:09,129 [WARN] MainUpdater:1187 - Updater busy. Cannot search thirdparties
2023-04-05 19:45:09,129 [INFO] ThirdPartyUpdaterWithRetryManager:96 - Updater plugin is busy. [8/15]
2023-04-05 19:45:12,142 [WARN] MainUpdater:1187 - Updater busy. Cannot search thirdparties
2023-04-05 19:45:12,142 [INFO] ThirdPartyUpdaterWithRetryManager:96 - Updater plugin is busy. [9/15]
2023-04-05 19:45:15,150 [WARN] MainUpdater:1187 - Updater busy. Cannot search thirdparties
2023-04-05 19:45:15,150 [INFO] ThirdPartyUpdaterWithRetryManager:96 - Updater plugin is busy. [10/15]
2023-04-05 19:45:18,164 [WARN] MainUpdater:1187 - Updater busy. Cannot search thirdparties
2023-04-05 19:45:18,164 [INFO] ThirdPartyUpdaterWithRetryManager:96 - Updater plugin is busy. [11/15]
2023-04-05 19:45:21,178 [WARN] MainUpdater:1187 - Updater busy. Cannot search thirdparties
2023-04-05 19:45:21,178 [INFO] ThirdPartyUpdaterWithRetryManager:96 - Updater plugin is busy. [12/15]
2023-04-05 19:45:24,179 [WARN] MainUpdater:1187 - Updater busy. Cannot search thirdparties
2023-04-05 19:45:24,179 [INFO] ThirdPartyUpdaterWithRetryManager:96 - Updater plugin is busy. [13/15]
2023-04-05 19:45:27,194 [WARN] MainUpdater:1187 - Updater busy. Cannot search thirdparties
2023-04-05 19:45:27,194 [INFO] ThirdPartyUpdaterWithRetryManager:96 - Updater plugin is busy. [14/15]
2023-04-05 19:45:28,034 [INFO] FileExtend:240 - Unzip File : cube-finder-db.zip
2023-04-05 19:45:28,035 [INFO] FileExtend:255 - Standard Zip Deflate
2023-04-05 19:45:28,789 [INFO] LoadUrlFilesThread:156 - End of LoadUrlFiles Thread
2023-04-05 19:45:30,324 [WARN] PackLoader:240 - Cannot read IP mode file for STMicroelectronics.X-CUBE-GNSS1.6.0.0
2023-04-05 19:45:30,344 [WARN] PackLoader:240 - Cannot read IP mode file for STMicroelectronics.X-CUBE-AZRTOS-F4.1.1.0
2023-04-05 19:45:30,363 [WARN] PackLoader:240 - Cannot read IP mode file for STMicroelectronics.X-CUBE-AZRTOS-F7.1.1.0
2023-04-05 19:45:30,373 [WARN] PackLoader:240 - Cannot read IP mode file for STMicroelectronics.X-CUBE-BLE1.6.2.4
2023-04-05 19:45:30,381 [WARN] PackLoader:240 - Cannot read IP mode file for STMicroelectronics.X-CUBE-BLEMGR.2.0.0
2023-04-05 19:45:30,395 [WARN] PackLoader:240 - Cannot read IP mode file for STMicroelectronics.X-CUBE-DISPLAY.3.0.0
2023-04-05 19:45:30,407 [WARN] PackLoader:240 - Cannot read IP mode file for wolfSSL.I-CUBE-wolfSSL.5.5.4
2023-04-05 19:45:30,413 [WARN] PackLoader:240 - Cannot read IP mode file for STMicroelectronics.X-CUBE-NFC7.1.0.0
2023-04-05 19:45:30,421 [WARN] PackLoader:240 - Cannot read IP mode file for STMicroelectronics.X-CUBE-EEPRMA1.4.1.0
2023-04-05 19:45:30,431 [WARN] PackLoader:240 - Cannot read IP mode file for WES.I-CUBE-Cesium.1.3.0
2023-04-05 19:45:30,441 [WARN] PackLoader:240 - Cannot read IP mode file for STMicroelectronics.X-CUBE-SFXS2LP1.4.0.0
2023-04-05 19:45:30,447 [WARN] PackLoader:240 - Cannot read IP mode file for STMicroelectronics.X-CUBE-BLE2.3.3.0
2023-04-05 19:45:30,457 [WARN] PackLoader:240 - Cannot read IP mode file for STMicroelectronics.X-CUBE-TOF1.3.2.0
2023-04-05 19:45:30,477 [WARN] PackLoader:240 - Cannot read IP mode file for STMicroelectronics.X-CUBE-AZRTOS-H7.3.0.0
2023-04-05 19:45:30,485 [WARN] PackLoader:240 - Cannot read IP mode file for STMicroelectronics.X-CUBE-ISPU.1.1.0
2023-04-05 19:45:30,494 [WARN] PackLoader:240 - Cannot read IP mode file for RoweBots.I-CUBE-UNISONRTOS.5.5.0-4
2023-04-05 19:45:30,502 [WARN] PackLoader:240 - Cannot read IP mode file for emotas.I-CUBE-CANOPEN.1.2.0
2023-04-05 19:45:30,508 [WARN] PackLoader:240 - Cannot read IP mode file for STMicroelectronics.X-CUBE-AI.8.0.0
2023-04-05 19:45:30,515 [WARN] PackLoader:240 - Cannot read IP mode file for STMicroelectronics.X-CUBE-FREERTOS.1.0.0
2023-04-05 19:45:30,521 [WARN] PackLoader:240 - Cannot read IP mode file for STMicroelectronics.X-CUBE-TOUCHGFX.4.21.1
2023-04-05 19:45:30,524 [WARN] PackLoader:240 - Cannot read IP mode file for STMicroelectronics.X-CUBE-TOUCHGFX.4.21.3
2023-04-05 19:45:30,531 [WARN] PackLoader:240 - Cannot read IP mode file for STMicroelectronics.X-CUBE-ALGOBUILD.1.3.0
2023-04-05 19:45:30,544 [WARN] PackLoader:240 - Cannot read IP mode file for STMicroelectronics.X-CUBE-AZRTOS-L5.1.1.0
2023-04-05 19:45:30,560 [WARN] PackLoader:240 - Cannot read IP mode file for STMicroelectronics.X-CUBE-AZRTOS-G0.1.1.0
2023-04-05 19:45:30,570 [WARN] PackLoader:240 - Cannot read IP mode file for STMicroelectronics.X-CUBE-SUBG2.5.0.0
2023-04-05 19:45:30,580 [WARN] PackLoader:240 - Cannot read IP mode file for STMicroelectronics.X-CUBE-NFC4.3.0.0
2023-04-05 19:45:30,588 [WARN] PackLoader:240 - Cannot read IP mode file for STMicroelectronics.X-CUBE-TOF1.3.3.0
2023-04-05 19:45:30,600 [WARN] PackLoader:240 - Cannot read IP mode file for STMicroelectronics.FP-ATR-ASTRA1.1.1.1
2023-04-05 19:45:30,612 [WARN] PackLoader:240 - Cannot read IP mode file for STMicroelectronics.X-CUBE-AZRTOS-G4.1.0.0
2023-04-05 19:45:30,619 [WARN] PackLoader:240 - Cannot read IP mode file for STMicroelectronics.FP-ATR-SIGFOX1.3.2.0
2023-04-05 19:45:30,635 [WARN] PackLoader:240 - Cannot read IP mode file for STMicroelectronics.X-CUBE-AZRTOS-L4.1.0.0
2023-04-05 19:45:30,648 [WARN] PackLoader:240 - Cannot read IP mode file for STMicroelectronics.X-CUBE-AZRTOS-WL.1.0.0
2023-04-05 19:45:30,655 [WARN] PackLoader:240 - Cannot read IP mode file for portGmbH.I-Cube-SoM-uGOAL.1.1.0
2023-04-05 19:45:30,659 [WARN] PackLoader:240 - Cannot read IP mode file for STMicroelectronics.X-CUBE-ALS.1.0.1
2023-04-05 19:45:30,692 [WARN] PackLoader:240 - Cannot read IP mode file for STMicroelectronics.X-CUBE-MEMS1.9.5.0
2023-04-05 19:45:30,832 [WARN] PackLoader:240 - Cannot read IP mode file for STMicroelectronics.X-CUBE-AZRTOS-WB.1.1.0
2023-04-05 19:45:30,863 [WARN] PackLoader:240 - Cannot read IP mode file for SEGGER.I-CUBE-embOS.1.3.1
2023-04-05 19:45:30,894 [INFO] ThirdParty:978 - Integrity check success = true
2023-04-05 19:45:30,895 [INFO] IntegrityCheckThread:100 - exiting critical section [integrity check]
2023-04-05 19:45:30,895 [INFO] IntegrityCheckThread:103 - End integrity checks thread
2023-04-05 19:45:42,045 [INFO] ServerAccessManage:473 - Download File crdb.zip
2023-04-05 19:45:42,674 [INFO] FileExtend:240 - Unzip File : crdb.zip
2023-04-05 19:45:42,675 [INFO] FileExtend:255 - Standard Zip Deflate
2023-04-05 19:45:42,804 [INFO] LoadUrlFilesThread:156 - End of LoadUrlFiles Thread
2023-04-05 19:45:44,975 [INFO] ServerAccessManage:473 - Download File tutoVideoDB.zip
2023-04-05 19:45:45,075 [INFO] FileExtend:240 - Unzip File : tutoVideoDB.zip
2023-04-05 19:45:45,075 [INFO] FileExtend:255 - Standard Zip Deflate
2023-04-05 19:45:45,198 [INFO] LoadUrlFilesThread:156 - End of LoadUrlFiles Thread
2023-04-05 19:45:45,214 [WARN] DbFile:41 - Overriding database path with different value: C:\Users\mathi\.stmcufinder\plugins\mcufinder/ => C:\Users\mathi\.stmcufinder\plugins\mcufinder
2023-04-05 19:45:45,264 [INFO] ServerAccessManage:473 - Download File api_config.json
2023-04-05 19:45:45,387 [INFO] LoadUrlFilesThread:156 - End of LoadUrlFiles Thread
2023-04-05 19:45:45,388 [INFO] DbMcusAds:53 - JSON generation date=Tue Mar 07 09:50:55 CET 2023 (1678179055335)
2023-04-05 19:45:45,406 [INFO] LoadUrlFilesThread:185 - End of LoadServerUrlFiles without Thread
2023-04-05 19:45:45,406 [INFO] TargetSelectorAdapter:259 - Refresh data is successful
2023-04-05 19:45:45,485 [INFO] ApiDb:581 - Connected to CubeFinder SQLite database (C:\Users\mathi\.stmcufinder\plugins\mcufinder\mcu\cube-finder-db.db)
2023-04-05 19:45:45,534 [INFO] ApiDb:668 - CubeFinder database Data Model version=2.1
2023-04-05 19:45:45,535 [INFO] ApiDb:669 - CubeFinder database Configuration version=3.0.35
2023-04-05 19:45:45,535 [INFO] ApiDb:670 - CubeFinder database generation date=2023-03-10 (1678456172)
2023-04-05 19:45:45,535 [INFO] ApiDb:671 - CubeFinder database FW Pack versions=[FP-ATR-ASTRA1_V1.1.1, STM32Cube_FW_C0_V1.0.1, STM32Cube_FW_F0_V1.11.4, STM32Cube_FW_F3_V1.11.4, STM32Cube_FW_F4_V1.27.1, STM32Cube_FW_F7_V1.17.0, STM32Cube_FW_G0_V1.6.1, STM32Cube_FW_G4_V1.5.1, STM32Cube_FW_H5_V0.5.1, STM32Cube_FW_H5_V1.0.0, STM32Cube_FW_H7_V1.11.0, STM32Cube_FW_L0_V1.12.2, STM32Cube_FW_L5_V1.5.0, STM32Cube_FW_U5_V1.2.0, STM32Cube_FW_WBA_V1.0.0, STM32Cube_FW_WBA_V1.0.0RC1, STM32Cube_FW_WBA_V1.0.0RC3, STM32Cube_FW_WB_V1.15.0RC1, STM32Cube_FW_WB_V1.16.0, STM32Cube_FW_WB_V1.16.0RC2, STM32Cube_FW_WL_V1.3.0, X-CUBE-ALGOBUILD_V1.3.0, X-CUBE-ALS_V1.0.1, X-CUBE-AZRTOS-F4_V1.1.0, X-CUBE-AZRTOS-F7_V1.1.0, X-CUBE-AZRTOS-G0_V1.1.0, X-CUBE-AZRTOS-G4_V1.0.0, X-CUBE-AZRTOS-H7_V3.0.0, X-CUBE-AZRTOS-L4_V1.0.0, X-CUBE-AZRTOS-L5_V1.1.0, X-CUBE-AZRTOS-WB_V1.1.0, X-CUBE-AZRTOS-WL_V1.0.0, X-CUBE-BLE1_V6.2.4, X-CUBE-BLE2_V3.3.0, X-CUBE-BLEMGR_V1.3.0, X-CUBE-EEPRMA1_V4.1.0, X-CUBE-GNSS1_V6.0.0, X-CUBE-MEMS1_V9.1.0, X-CUBE-MEMS1_V9.4.0, X-CUBE-MEMS1_V9.5.0, X-CUBE-NFC4_V3.0.0, X-CUBE-NFC7_V1.0.0, X-CUBE-SFXS2LP1_V4.0.0, X-CUBE-SUBG2_V5.0.0]
2023-04-05 19:45:46,976 [INFO] ApiDb:240 - Found 297 in-development CPN: [B-G473E-ZEST1S, B-WB1M-WPAN1, B-WL5M-SUBG1, NUCLEO-C031C6, NUCLEO-H503RB, NUCLEO-H563ZI, NUCLEO-U545RE-Q, NUCLEO-U5A5ZJ-Q, NUCLEO-WBA52CG, STEVAL-PROTEUS1, STEVAL-STWINBX1, STM320518-EVAL, STM32C0116-DK, STM32C011D6Y3TR, STM32C011D6Y6TR, STM32C011F4P3, STM32C011F4P6, STM32C011F4U3, STM32C011F4U6TR, STM32C011F6P3, STM32C011F6P6, STM32C011F6U3, STM32C011F6U6TR, STM32C011J4M3, STM32C011J4M6, STM32C011J6M3, STM32C011J6M6, STM32C0316-DK, STM32C031C4T3, STM32C031C4T6, STM32C031C4U3, STM32C031C4U6, STM32C031C6T3, STM32C031C6T6, STM32C031C6U3, STM32C031C6U6, STM32C031F4P3, STM32C031F4P6, STM32C031F6P3, STM32C031F6P6, STM32C031G4U3, STM32C031G4U6, STM32C031G6U3, STM32C031G6U6, STM32C031K4T3, STM32C031K4T6, STM32C031K4U3, STM32C031K4U6, STM32C031K6T3, STM32C031K6T6, STM32C031K6U3, STM32C031K6U6, STM32G071K8TXN, STM32G071K8UXN, STM32G081GBU6N, STM32G081KBT6N, STM32G081KBUXN, STM32G0B1CCT6N, STM32G0B1KCT6, STM32G0B1NEY6TR, STM32G0B1RCT6N, STM32G0C1CCT6, STM32G0C1CCT6N, STM32G0C1CCU6N, STM32G0C1CET6N, STM32G0C1CEU6N, STM32G0C1KCT6, STM32G0C1NEY6TR, STM32G0C1RCI6N, STM32G0C1RCT6N, STM32G0C1REI6N, STM32G0C1RET6N, STM32G0C1VCI6, STM32G0C1VEI6, STM32G471CCT6, STM32G471CCU6, STM32G471CET3, STM32G471CET6, STM32G471CEU3, STM32G471CEU6, STM32G471MCT6, STM32G471MET3, STM32G471MET6, STM32G471MEY6TR, STM32G471QCT6, STM32G471QET3, STM32G471RCT6, STM32G471RET3, STM32G471RET6, STM32G471VCH6, STM32G471VCI6, STM32G471VCT6, STM32G471VEH3, STM32G471VEH6, STM32G471VEI3, STM32G471VEI6, STM32G471VET3, STM32G471VET6, STM32G474CCT6, STM32H503CBT6, STM32H503CBU6, STM32H503EBY6TR, STM32H503KBU6, STM32H503RBT6, STM32H562AGI6, STM32H562AII6, STM32H562IGK6, STM32H562IGT6, STM32H562IIK6, STM32H562IIT6, STM32H562RGT6, STM32H562RGV6, STM32H562RIT6, STM32H562RIV6, STM32H562VGT6, STM32H562VIT6, STM32H562ZGT6, STM32H562ZIT6, STM32H563AGI6, STM32H563AII3Q, STM32H563AII6, STM32H563IGK6, STM32H563IGT6, STM32H563IIK3Q, STM32H563IIK6, STM32H563IIT3Q, STM32H563IIT6, STM32H563MIY3QTR, STM32H563RGT6, STM32H563RGV6, STM32H563RIT6, STM32H563RIV6, STM32H563VGT6, STM32H563VIT3Q, STM32H563VIT6, STM32H563ZGT6, STM32H563ZIT3Q, STM32H563ZIT6, STM32H573AII3Q, STM32H573AII6, STM32H573I-DK, STM32H573IIK3Q, STM32H573IIK6, STM32H573IIT3Q, STM32H573IIT6, STM32H573MIY3QTR, STM32H573RIT6, STM32H573RIV6, STM32H573VIT3Q, STM32H573VIT6, STM32H573ZIT3Q, STM32H573ZIT6, STM32L4R5QGI6STR, STM32MP131AAE3, STM32MP131AAF3, STM32MP131AAG3, STM32MP131CAE3, STM32MP131CAF3, STM32MP131CAG3, STM32MP131DAE7, STM32MP131DAF7, STM32MP131DAG7, STM32MP131FAE7, STM32MP131FAF7, STM32MP131FAG7, STM32MP133AAE3, STM32MP133AAF3, STM32MP133AAG3, STM32MP133CAE3, STM32MP133CAF3, STM32MP133CAG3, STM32MP133DAE7, STM32MP133DAF7, STM32MP133DAG7, STM32MP133FAE7, STM32MP133FAF7, STM32MP133FAG7, STM32MP135AAE3, STM32MP135AAF3, STM32MP135AAG3, STM32MP135CAE3, STM32MP135CAF3, STM32MP135CAG3, STM32MP135DAE7, STM32MP135DAF7, STM32MP135DAG7, STM32MP135F-DK, STM32MP135FAE7, STM32MP135FAF7, STM32MP135FAF7T, STM32MP135FAF7U, STM32MP135FAG7, STM32U535CBT6, STM32U535CBT6Q, STM32U535CBU6, STM32U535CBU6Q, STM32U535CCT6, STM32U535CCT6Q, STM32U535CCU6, STM32U535CCU6Q, STM32U535CET6, STM32U535CET6Q, STM32U535CEU6, STM32U535CEU6Q, STM32U535JEY6QTR, STM32U535NCY6QTR, STM32U535NEY6QTR, STM32U535RBI6, STM32U535RBI6Q, STM32U535RBT6, STM32U535RBT6Q, STM32U535RCI6, STM32U535RCI6Q, STM32U535RCT6, STM32U535RCT6Q, STM32U535REI6, STM32U535REI6Q, STM32U535RET6, STM32U535RET6Q, STM32U535VCI6, STM32U535VCI6Q, STM32U535VCT6, STM32U535VCT6Q, STM32U535VEI6, STM32U535VEI6Q, STM32U535VET6, STM32U535VET6Q, STM32U545CET6, STM32U545CET6Q, STM32U545CEU6, STM32U545CEU6Q, STM32U545JEY6QTR, STM32U545NEY6QTR, STM32U545REI6, STM32U545REI6Q, STM32U545RET6, STM32U545RET6Q, STM32U545VEI6, STM32U545VEI6Q, STM32U545VET6, STM32U545VET6Q, STM32U595AIH6, STM32U595AIH6Q, STM32U595AJH6, STM32U595AJH6Q, STM32U595QII6, STM32U595QII6Q, STM32U595QJI6, STM32U595QJI6Q, STM32U595RIT6, STM32U595RIT6Q, STM32U595RJT6, STM32U595RJT6Q, STM32U595VIT6, STM32U595VIT6Q, STM32U595VJT6, STM32U595VJT6Q, STM32U595ZIT6, STM32U595ZIT6Q, STM32U595ZIY6QTR, STM32U595ZJT6, STM32U595ZJT6Q, STM32U595ZJY6QTR, STM32U599BJY6QTR, STM32U599NIH6Q, STM32U599NJH6Q, STM32U599VIT6Q, STM32U599VJT6, STM32U599VJT6Q, STM32U599ZIT6Q, STM32U599ZIY6QTR, STM32U599ZJT6Q, STM32U599ZJY6QTR, STM32U5A5AJH6, STM32U5A5AJH6Q, STM32U5A5QJI6, STM32U5A5QJI6Q, STM32U5A5RJT6, STM32U5A5RJT6Q, STM32U5A5VJT6, STM32U5A5VJT6Q, STM32U5A5ZJT6, STM32U5A5ZJT6Q, STM32U5A5ZJY6QTR, STM32U5A9BJY6QTR, STM32U5A9J-DK, STM32U5A9NJH6Q, STM32U5A9VJT6Q, STM32U5A9ZJT6Q, STM32U5A9ZJY6QTR, STM32WB1MMCH6, STM32WBA52CEU6, STM32WBA52CEU6T, STM32WBA52CGU6, STM32WBA52CGU6T, STM32WL5MOCH6, STM32WL5MOCH6TR]
2023-04-05 19:45:46,980 [INFO] DbMcus:216 - Found 3775 MCUs, 3775 are supported
2023-04-05 19:45:46,982 [INFO] ApiDb:423 - Load user favorites file C:\Users\mathi/.stm32cubeide/favorites.mcus.txt: 0 item(s)
2023-04-05 19:45:46,983 [INFO] ApiDb:427 - User favorites MCUs=[]
2023-04-05 19:45:46,983 [INFO] DbMcus:222 - Set 0 / 0 favorites MCUs
2023-04-05 19:45:47,192 [INFO] ApiDb:668 - CubeFinder database Data Model version=2.1
2023-04-05 19:45:47,192 [INFO] ApiDb:669 - CubeFinder database Configuration version=3.0.35
2023-04-05 19:45:47,192 [INFO] ApiDb:670 - CubeFinder database generation date=2023-03-10 (1678456172)
2023-04-05 19:45:47,192 [INFO] ApiDb:671 - CubeFinder database FW Pack versions=[FP-ATR-ASTRA1_V1.1.1, STM32Cube_FW_C0_V1.0.1, STM32Cube_FW_F0_V1.11.4, STM32Cube_FW_F3_V1.11.4, STM32Cube_FW_F4_V1.27.1, STM32Cube_FW_F7_V1.17.0, STM32Cube_FW_G0_V1.6.1, STM32Cube_FW_G4_V1.5.1, STM32Cube_FW_H5_V0.5.1, STM32Cube_FW_H5_V1.0.0, STM32Cube_FW_H7_V1.11.0, STM32Cube_FW_L0_V1.12.2, STM32Cube_FW_L5_V1.5.0, STM32Cube_FW_U5_V1.2.0, STM32Cube_FW_WBA_V1.0.0, STM32Cube_FW_WBA_V1.0.0RC1, STM32Cube_FW_WBA_V1.0.0RC3, STM32Cube_FW_WB_V1.15.0RC1, STM32Cube_FW_WB_V1.16.0, STM32Cube_FW_WB_V1.16.0RC2, STM32Cube_FW_WL_V1.3.0, X-CUBE-ALGOBUILD_V1.3.0, X-CUBE-ALS_V1.0.1, X-CUBE-AZRTOS-F4_V1.1.0, X-CUBE-AZRTOS-F7_V1.1.0, X-CUBE-AZRTOS-G0_V1.1.0, X-CUBE-AZRTOS-G4_V1.0.0, X-CUBE-AZRTOS-H7_V3.0.0, X-CUBE-AZRTOS-L4_V1.0.0, X-CUBE-AZRTOS-L5_V1.1.0, X-CUBE-AZRTOS-WB_V1.1.0, X-CUBE-AZRTOS-WL_V1.0.0, X-CUBE-BLE1_V6.2.4, X-CUBE-BLE2_V3.3.0, X-CUBE-BLEMGR_V1.3.0, X-CUBE-EEPRMA1_V4.1.0, X-CUBE-GNSS1_V6.0.0, X-CUBE-MEMS1_V9.1.0, X-CUBE-MEMS1_V9.4.0, X-CUBE-MEMS1_V9.5.0, X-CUBE-NFC4_V3.0.0, X-CUBE-NFC7_V1.0.0, X-CUBE-SFXS2LP1_V4.0.0, X-CUBE-SUBG2_V5.0.0]
2023-04-05 19:45:47,235 [INFO] DbBoardsSqlite:226 - include board P-NUCLEO-WB55-NUCLEO as a kit item of type 'Nucleo-64'
2023-04-05 19:45:47,235 [INFO] DbBoardsSqlite:226 - include board P-NUCLEO-WB55-USBDONGLE as a kit item of type 'Nucleo USB Dongle'
2023-04-05 19:45:47,235 [INFO] DbBoardsSqlite:226 - include board STEVAL-IDP005V1 as a kit item of type 'Evaluation Board'
2023-04-05 19:45:47,236 [INFO] DbBoardsSqlite:226 - include board STEVAL-IDP005V2 as a kit item of type 'Evaluation Board'
2023-04-05 19:45:47,273 [INFO] ApiDb:240 - Found 297 in-development CPN: [B-G473E-ZEST1S, B-WB1M-WPAN1, B-WL5M-SUBG1, NUCLEO-C031C6, NUCLEO-H503RB, NUCLEO-H563ZI, NUCLEO-U545RE-Q, NUCLEO-U5A5ZJ-Q, NUCLEO-WBA52CG, STEVAL-PROTEUS1, STEVAL-STWINBX1, STM320518-EVAL, STM32C0116-DK, STM32C011D6Y3TR, STM32C011D6Y6TR, STM32C011F4P3, STM32C011F4P6, STM32C011F4U3, STM32C011F4U6TR, STM32C011F6P3, STM32C011F6P6, STM32C011F6U3, STM32C011F6U6TR, STM32C011J4M3, STM32C011J4M6, STM32C011J6M3, STM32C011J6M6, STM32C0316-DK, STM32C031C4T3, STM32C031C4T6, STM32C031C4U3, STM32C031C4U6, STM32C031C6T3, STM32C031C6T6, STM32C031C6U3, STM32C031C6U6, STM32C031F4P3, STM32C031F4P6, STM32C031F6P3, STM32C031F6P6, STM32C031G4U3, STM32C031G4U6, STM32C031G6U3, STM32C031G6U6, STM32C031K4T3, STM32C031K4T6, STM32C031K4U3, STM32C031K4U6, STM32C031K6T3, STM32C031K6T6, STM32C031K6U3, STM32C031K6U6, STM32G071K8TXN, STM32G071K8UXN, STM32G081GBU6N, STM32G081KBT6N, STM32G081KBUXN, STM32G0B1CCT6N, STM32G0B1KCT6, STM32G0B1NEY6TR, STM32G0B1RCT6N, STM32G0C1CCT6, STM32G0C1CCT6N, STM32G0C1CCU6N, STM32G0C1CET6N, STM32G0C1CEU6N, STM32G0C1KCT6, STM32G0C1NEY6TR, STM32G0C1RCI6N, STM32G0C1RCT6N, STM32G0C1REI6N, STM32G0C1RET6N, STM32G0C1VCI6, STM32G0C1VEI6, STM32G471CCT6, STM32G471CCU6, STM32G471CET3, STM32G471CET6, STM32G471CEU3, STM32G471CEU6, STM32G471MCT6, STM32G471MET3, STM32G471MET6, STM32G471MEY6TR, STM32G471QCT6, STM32G471QET3, STM32G471RCT6, STM32G471RET3, STM32G471RET6, STM32G471VCH6, STM32G471VCI6, STM32G471VCT6, STM32G471VEH3, STM32G471VEH6, STM32G471VEI3, STM32G471VEI6, STM32G471VET3, STM32G471VET6, STM32G474CCT6, STM32H503CBT6, STM32H503CBU6, STM32H503EBY6TR, STM32H503KBU6, STM32H503RBT6, STM32H562AGI6, STM32H562AII6, STM32H562IGK6, STM32H562IGT6, STM32H562IIK6, STM32H562IIT6, STM32H562RGT6, STM32H562RGV6, STM32H562RIT6, STM32H562RIV6, STM32H562VGT6, STM32H562VIT6, STM32H562ZGT6, STM32H562ZIT6, STM32H563AGI6, STM32H563AII3Q, STM32H563AII6, STM32H563IGK6, STM32H563IGT6, STM32H563IIK3Q, STM32H563IIK6, STM32H563IIT3Q, STM32H563IIT6, STM32H563MIY3QTR, STM32H563RGT6, STM32H563RGV6, STM32H563RIT6, STM32H563RIV6, STM32H563VGT6, STM32H563VIT3Q, STM32H563VIT6, STM32H563ZGT6, STM32H563ZIT3Q, STM32H563ZIT6, STM32H573AII3Q, STM32H573AII6, STM32H573I-DK, STM32H573IIK3Q, STM32H573IIK6, STM32H573IIT3Q, STM32H573IIT6, STM32H573MIY3QTR, STM32H573RIT6, STM32H573RIV6, STM32H573VIT3Q, STM32H573VIT6, STM32H573ZIT3Q, STM32H573ZIT6, STM32L4R5QGI6STR, STM32MP131AAE3, STM32MP131AAF3, STM32MP131AAG3, STM32MP131CAE3, STM32MP131CAF3, STM32MP131CAG3, STM32MP131DAE7, STM32MP131DAF7, STM32MP131DAG7, STM32MP131FAE7, STM32MP131FAF7, STM32MP131FAG7, STM32MP133AAE3, STM32MP133AAF3, STM32MP133AAG3, STM32MP133CAE3, STM32MP133CAF3, STM32MP133CAG3, STM32MP133DAE7, STM32MP133DAF7, STM32MP133DAG7, STM32MP133FAE7, STM32MP133FAF7, STM32MP133FAG7, STM32MP135AAE3, STM32MP135AAF3, STM32MP135AAG3, STM32MP135CAE3, STM32MP135CAF3, STM32MP135CAG3, STM32MP135DAE7, STM32MP135DAF7, STM32MP135DAG7, STM32MP135F-DK, STM32MP135FAE7, STM32MP135FAF7, STM32MP135FAF7T, STM32MP135FAF7U, STM32MP135FAG7, STM32U535CBT6, STM32U535CBT6Q, STM32U535CBU6, STM32U535CBU6Q, STM32U535CCT6, STM32U535CCT6Q, STM32U535CCU6, STM32U535CCU6Q, STM32U535CET6, STM32U535CET6Q, STM32U535CEU6, STM32U535CEU6Q, STM32U535JEY6QTR, STM32U535NCY6QTR, STM32U535NEY6QTR, STM32U535RBI6, STM32U535RBI6Q, STM32U535RBT6, STM32U535RBT6Q, STM32U535RCI6, STM32U535RCI6Q, STM32U535RCT6, STM32U535RCT6Q, STM32U535REI6, STM32U535REI6Q, STM32U535RET6, STM32U535RET6Q, STM32U535VCI6, STM32U535VCI6Q, STM32U535VCT6, STM32U535VCT6Q, STM32U535VEI6, STM32U535VEI6Q, STM32U535VET6, STM32U535VET6Q, STM32U545CET6, STM32U545CET6Q, STM32U545CEU6, STM32U545CEU6Q, STM32U545JEY6QTR, STM32U545NEY6QTR, STM32U545REI6, STM32U545REI6Q, STM32U545RET6, STM32U545RET6Q, STM32U545VEI6, STM32U545VEI6Q, STM32U545VET6, STM32U545VET6Q, STM32U595AIH6, STM32U595AIH6Q, STM32U595AJH6, STM32U595AJH6Q, STM32U595QII6, STM32U595QII6Q, STM32U595QJI6, STM32U595QJI6Q, STM32U595RIT6, STM32U595RIT6Q, STM32U595RJT6, STM32U595RJT6Q, STM32U595VIT6, STM32U595VIT6Q, STM32U595VJT6, STM32U595VJT6Q, STM32U595ZIT6, STM32U595ZIT6Q, STM32U595ZIY6QTR, STM32U595ZJT6, STM32U595ZJT6Q, STM32U595ZJY6QTR, STM32U599BJY6QTR, STM32U599NIH6Q, STM32U599NJH6Q, STM32U599VIT6Q, STM32U599VJT6, STM32U599VJT6Q, STM32U599ZIT6Q, STM32U599ZIY6QTR, STM32U599ZJT6Q, STM32U599ZJY6QTR, STM32U5A5AJH6, STM32U5A5AJH6Q, STM32U5A5QJI6, STM32U5A5QJI6Q, STM32U5A5RJT6, STM32U5A5RJT6Q, STM32U5A5VJT6, STM32U5A5VJT6Q, STM32U5A5ZJT6, STM32U5A5ZJT6Q, STM32U5A5ZJY6QTR, STM32U5A9BJY6QTR, STM32U5A9J-DK, STM32U5A9NJH6Q, STM32U5A9VJT6Q, STM32U5A9ZJT6Q, STM32U5A9ZJY6QTR, STM32WB1MMCH6, STM32WBA52CEU6, STM32WBA52CEU6T, STM32WBA52CGU6, STM32WBA52CGU6T, STM32WL5MOCH6, STM32WL5MOCH6TR]
2023-04-05 19:45:47,365 [INFO] BoardInfo:880 - No configuration file found for board P-NUCLEO-WB55
2023-04-05 19:45:47,366 [INFO] DbBoards:157 - Kit is not supported: P-NUCLEO-WB55
2023-04-05 19:45:47,369 [INFO] BoardInfo:880 - No configuration file found for board STEVAL-BFA001V1B
2023-04-05 19:45:47,369 [INFO] DbBoards:157 - Kit is not supported: STEVAL-BFA001V1B
2023-04-05 19:45:47,370 [INFO] BoardInfo:880 - No configuration file found for board STEVAL-BFA001V2B
2023-04-05 19:45:47,370 [INFO] DbBoards:157 - Kit is not supported: STEVAL-BFA001V2B
2023-04-05 19:45:47,445 [INFO] DbBoards:161 - Found 187 boards, 184 are supported
2023-04-05 19:45:47,451 [INFO] ApiDb:423 - Load user favorites file C:\Users\mathi/.stm32cubeide/favorites.boards.txt: 1 item(s)
2023-04-05 19:45:47,452 [INFO] ApiDb:427 - User favorites Boards=[STM32F407G-DISC1]
2023-04-05 19:45:47,452 [INFO] DbBoards:190 - Set 1 / 1 favorites Boards
2023-04-05 19:45:47,455 [INFO] ApiDb:668 - CubeFinder database Data Model version=2.1
2023-04-05 19:45:47,455 [INFO] ApiDb:669 - CubeFinder database Configuration version=3.0.35
2023-04-05 19:45:47,455 [INFO] ApiDb:670 - CubeFinder database generation date=2023-03-10 (1678456172)
2023-04-05 19:45:47,455 [INFO] ApiDb:671 - CubeFinder database FW Pack versions=[FP-ATR-ASTRA1_V1.1.1, STM32Cube_FW_C0_V1.0.1, STM32Cube_FW_F0_V1.11.4, STM32Cube_FW_F3_V1.11.4, STM32Cube_FW_F4_V1.27.1, STM32Cube_FW_F7_V1.17.0, STM32Cube_FW_G0_V1.6.1, STM32Cube_FW_G4_V1.5.1, STM32Cube_FW_H5_V0.5.1, STM32Cube_FW_H5_V1.0.0, STM32Cube_FW_H7_V1.11.0, STM32Cube_FW_L0_V1.12.2, STM32Cube_FW_L5_V1.5.0, STM32Cube_FW_U5_V1.2.0, STM32Cube_FW_WBA_V1.0.0, STM32Cube_FW_WBA_V1.0.0RC1, STM32Cube_FW_WBA_V1.0.0RC3, STM32Cube_FW_WB_V1.15.0RC1, STM32Cube_FW_WB_V1.16.0, STM32Cube_FW_WB_V1.16.0RC2, STM32Cube_FW_WL_V1.3.0, X-CUBE-ALGOBUILD_V1.3.0, X-CUBE-ALS_V1.0.1, X-CUBE-AZRTOS-F4_V1.1.0, X-CUBE-AZRTOS-F7_V1.1.0, X-CUBE-AZRTOS-G0_V1.1.0, X-CUBE-AZRTOS-G4_V1.0.0, X-CUBE-AZRTOS-H7_V3.0.0, X-CUBE-AZRTOS-L4_V1.0.0, X-CUBE-AZRTOS-L5_V1.1.0, X-CUBE-AZRTOS-WB_V1.1.0, X-CUBE-AZRTOS-WL_V1.0.0, X-CUBE-BLE1_V6.2.4, X-CUBE-BLE2_V3.3.0, X-CUBE-BLEMGR_V1.3.0, X-CUBE-EEPRMA1_V4.1.0, X-CUBE-GNSS1_V6.0.0, X-CUBE-MEMS1_V9.1.0, X-CUBE-MEMS1_V9.4.0, X-CUBE-MEMS1_V9.5.0, X-CUBE-NFC4_V3.0.0, X-CUBE-NFC7_V1.0.0, X-CUBE-SFXS2LP1_V4.0.0, X-CUBE-SUBG2_V5.0.0]
2023-04-05 19:45:48,036 [INFO] DbExamplesSqlite:376 - Ignored 46 examples not supported by CubeIDE
2023-04-05 19:45:48,036 [INFO] DbExamplesSqlite:377 - Found 7328 examples active
2023-04-05 19:45:48,037 [INFO] DbExamplesSqlite:378 - Found 1095 examples obsolete
2023-04-05 19:45:48,037 [INFO] DbExamplesSqlite:379 - Found 0 examples under development
2023-04-05 19:45:48,037 [INFO] DbExamplesSqlite:380 - Found 77 examples not building
2023-04-05 19:45:48,039 [INFO] DbExamples:125 - Found 7359 examples
2023-04-05 19:45:48,050 [INFO] DbExamples:222 - Found 92 boards with related examples
2023-04-05 19:45:48,052 [INFO] DbExamples:235 - Found 78 MCUs with related examples
2023-04-05 19:45:48,073 [INFO] ApiDb:414 - User favorites file not found: C:\Users\mathi/.stm32cubeide/favorites.examples.txt
2023-04-05 19:45:48,073 [INFO] DbExamples:250 - Set 0 / 0 favorites Examples
2023-04-05 19:45:48,251 [INFO] McuFinderGlobals:66 - Set McuFinderConnectedMode to true
2023-04-05 19:45:48,261 [INFO] MultiScanPanel:200 - Auto-refresh data requested => check proxy status ongoing
2023-04-05 19:45:48,265 [INFO] FinderPluginLoader:95 - Searching for filters in installed packs
2023-04-05 19:45:49,598 [INFO] LoadUrlFilesThread:185 - End of LoadServerUrlFiles without Thread
2023-04-05 19:45:49,617 [INFO] DetailPanel:341 - Set advertising image to C:/Users/mathi/STM32Cube/Repository/\en.prom-stm32h5-mcu-finder.jpg
2023-04-05 19:53:37,801 [INFO] MultiScanPanel:200 - Auto-refresh data requested => check proxy status ongoing
2023-04-05 19:53:37,908 [INFO] LoadUrlFilesThread:185 - End of LoadServerUrlFiles without Thread
2023-04-05 19:53:37,908 [INFO] DetailPanel:341 - Set advertising image to C:/Users/mathi/STM32Cube/Repository/\en.prom-stm32h5-mcu-finder.jpg
2023-04-05 19:54:05,003 [INFO] MetaSearchPanel:254 - search for filter with key=STM32F4
2023-04-05 19:54:05,003 [INFO] MetaSearchPanel:355 - search for filter component McuSeries
2023-04-05 19:54:05,003 [INFO] MetaSearchPanel:329 - Collapse all filters sections
2023-04-05 19:56:13,919 [INFO] McuFinderGlobals:66 - Set McuFinderConnectedMode to true
2023-04-05 19:56:13,922 [INFO] ApiDb:448 - Save user favorites file C:\Users\mathi/.stm32cubeide/favorites.mcus.txt: 0 item(s)
2023-04-05 19:56:13,922 [INFO] ApiDb:452 - User favorites MCUs=[]
2023-04-05 19:56:13,923 [INFO] ApiDb:448 - Save user favorites file C:\Users\mathi/.stm32cubeide/favorites.boards.txt: 1 item(s)
2023-04-05 19:56:13,924 [INFO] ApiDb:452 - User favorites Boards=[STM32F407G-DISC1]
2023-04-05 20:25:07,782 [INFO] LogOutputStream:77 - [STDOUT_REDIRECT] StartTraceHandler.execute(), success : Collect=true
2023-04-05 20:27:11,920 [INFO] MainUpdater:2854 - connection check result : 10
2023-04-05 20:27:12,005 [INFO] McuFinderGlobals:66 - Set McuFinderConnectedMode to true
2023-04-05 20:27:12,006 [INFO] MultiScanPanel:200 - Auto-refresh data requested => check proxy status ongoing
2023-04-05 20:27:12,006 [INFO] FinderPluginLoader:95 - Searching for filters in installed packs
2023-04-05 20:27:13,225 [INFO] LoadUrlFilesThread:185 - End of LoadServerUrlFiles without Thread
2023-04-05 20:27:13,225 [INFO] DetailPanel:341 - Set advertising image to C:/Users/mathi/STM32Cube/Repository/\en.prom-stm32h5-mcu-finder.jpg
2023-04-05 20:27:30,168 [INFO] MultiScanPanel:200 - Auto-refresh data requested => check proxy status ongoing
2023-04-05 20:27:30,208 [INFO] LoadUrlFilesThread:185 - End of LoadServerUrlFiles without Thread
2023-04-05 20:27:30,208 [INFO] DetailPanel:341 - Set advertising image to C:/Users/mathi/STM32Cube/Repository/\en.prom-stm32h5-mcu-finder.jpg
2023-04-05 20:27:33,525 [INFO] ApiDb:581 - Connected to CubeFinder SQLite database (C:\Users\mathi\.stmcufinder\plugins\mcufinder\mcu\cube-finder-db.db)
2023-04-05 20:28:29,401 [INFO] McuFinderGlobals:66 - Set McuFinderConnectedMode to true
2023-04-05 20:28:29,403 [INFO] ApiDb:448 - Save user favorites file C:\Users\mathi/.stm32cubeide/favorites.mcus.txt: 0 item(s)
2023-04-05 20:28:29,403 [INFO] ApiDb:452 - User favorites MCUs=[]
2023-04-05 20:28:29,404 [INFO] ApiDb:448 - Save user favorites file C:\Users\mathi/.stm32cubeide/favorites.boards.txt: 1 item(s)
2023-04-05 20:28:29,405 [INFO] ApiDb:452 - User favorites Boards=[STM32F407G-DISC1]
2023-04-05 20:37:17,394 [ERROR] LogOutputStream:75 - [STDERR_REDIRECT] Exception in thread "SWV client thread" java.lang.NullPointerException
2023-04-05 20:37:17,394 [ERROR] LogOutputStream:75 - [STDERR_REDIRECT] 	at com.st.stm32cube.ide.mcu.debug.swv.core.SWVPlugin.debugTrace(SWVPlugin.java:85)
2023-04-05 20:37:17,394 [ERROR] LogOutputStream:75 - [STDERR_REDIRECT] 	at com.st.stm32cube.ide.mcu.debug.swv.core.SWVClient.TRACE(SWVClient.java:768)
2023-04-05 20:37:17,394 [ERROR] LogOutputStream:75 - [STDERR_REDIRECT] 	at com.st.stm32cube.ide.mcu.debug.swv.core.SWVClient.createProtocolPacket(SWVClient.java:472)
2023-04-05 20:37:17,394 [ERROR] LogOutputStream:75 - [STDERR_REDIRECT] 	at com.st.stm32cube.ide.mcu.debug.swv.core.SWVClient.run(SWVClient.java:370)
