2023-07-25 20:50:20,280 [INFO] Activator:176 - 


2023-07-25 20:50:20,290 [INFO] Activator:177 - !SESSION log4j initialized
2023-07-25 20:50:28,052 [INFO] LogOutputStream:77 - [STDOUT_REDIRECT] 
2023-07-25 20:51:00,409 [ERROR] LogOutputStream:75 - [STDERR_REDIRECT] SLF4J: Failed to load class "org.slf4j.impl.StaticLoggerBinder".
2023-07-25 20:51:00,409 [ERROR] LogOutputStream:75 - [STDERR_REDIRECT] SLF4J: Defaulting to no-operation (NOP) logger implementation
2023-07-25 20:51:00,411 [ERROR] LogOutputStream:75 - [STDERR_REDIRECT] SLF4J: See http://www.slf4j.org/codes.html#StaticLoggerBinder for further details.
2023-07-25 20:52:36,221 [INFO] ApplicationProperties:184 - Using Application install path: C:\Program Files\STM32CubeIDE_1.12.0\STM32CubeIDE\plugins\com.st.stm32cube.common.mx_6.8.0.202302231600
2023-07-25 20:52:36,249 [INFO] DbMcusXml:78 - Set database path to: C:\Program Files\STM32CubeIDE_1.12.0\STM32CubeIDE\plugins\com.st.stm32cube.common.mx_6.8.0.202302231600\\db\/mcu/
2023-07-25 20:52:36,250 [INFO] ApiDb:274 - Set plugin database path to: C:\Program Files\STM32CubeIDE_1.12.0\STM32CubeIDE\plugins\com.st.stm32cube.common.mx_6.8.0.202302231600\\db\/plugins/boardmanager/
2023-07-25 20:52:36,252 [WARN] ApiDb:259 - Overriding images path with different value:  => C:\Program Files\STM32CubeIDE_1.12.0\STM32CubeIDE\plugins\com.st.stm32cube.common.mx_6.8.0.202302231600\\db\/plugins/mcufinder/images/
2023-07-25 20:52:36,274 [INFO] ApiDb:250 - Set database path to: C:\Users\mathi\.stmcufinder\plugins\mcufinder//mcu/
2023-07-25 20:52:36,276 [INFO] DbMcusAds:125 - Set database path to: C:\Users\mathi\.stmcufinder\plugins\mcufinder//mcu/
2023-07-25 20:52:47,311 [INFO] CrossReferenceDbSqlite:203 - Set database path to: C:\Users\mathi\.stmcufinder\plugins\mcufinder//mcu/cs/
2023-07-25 20:52:47,436 [INFO] RulesReader:64 - Compatibility file has been processed (293 Rules)
2023-07-25 20:52:47,528 [INFO] DbMcusXml:78 - Set database path to: C:\Program Files\STM32CubeIDE_1.12.0\STM32CubeIDE\plugins\com.st.stm32cube.common.mx_6.8.0.202302231600\\db\/mcu/
2023-07-25 20:52:47,528 [INFO] ApiDb:274 - Set plugin database path to: C:\Program Files\STM32CubeIDE_1.12.0\STM32CubeIDE\plugins\com.st.stm32cube.common.mx_6.8.0.202302231600\\db\/plugins/boardmanager/
2023-07-25 20:52:47,528 [INFO] ApiDb:261 - Set plugin images path to: C:\Program Files\STM32CubeIDE_1.12.0\STM32CubeIDE\plugins\com.st.stm32cube.common.mx_6.8.0.202302231600\\db\/plugins/mcufinder/images/
2023-07-25 20:52:47,528 [WARN] DbFile:41 - Overriding database path with different value: C:\Users\mathi\.stmcufinder\plugins\mcufinder/ => C:\Users\mathi\.stmcufinder\plugins\mcufinder
2023-07-25 20:52:47,528 [INFO] ApiDb:250 - Set database path to: C:\Users\mathi\.stmcufinder\plugins\mcufinder//mcu/
2023-07-25 20:52:47,528 [WARN] DbFile:41 - Overriding database path with different value: C:\Users\mathi\.stmcufinder\plugins\mcufinder/ => C:\Users\mathi\.stmcufinder\plugins\mcufinder
2023-07-25 20:52:47,528 [INFO] DbMcusAds:125 - Set database path to: C:\Users\mathi\.stmcufinder\plugins\mcufinder//mcu/
2023-07-25 20:52:47,528 [WARN] DbFile:41 - Overriding database path with different value: C:\Users\mathi\.stmcufinder\plugins\mcufinder/ => C:\Users\mathi\.stmcufinder\plugins\mcufinder
2023-07-25 20:52:47,529 [WARN] DbFile:41 - Overriding database path with different value: C:\Users\mathi\.stmcufinder\plugins\mcufinder/ => C:\Users\mathi\.stmcufinder\plugins\mcufinder
2023-07-25 20:52:47,529 [INFO] CrossReferenceDbSqlite:203 - Set database path to: C:\Users\mathi\.stmcufinder\plugins\mcufinder//mcu/cs/
2023-07-25 20:52:47,617 [INFO] MainPanel:253 - HeapMemory: 463470592
2023-07-25 20:52:47,719 [INFO] DbMcusXml:78 - Set database path to: C:\Program Files\STM32CubeIDE_1.12.0\STM32CubeIDE\plugins\com.st.stm32cube.common.mx_6.8.0.202302231600\\db\/mcu/
2023-07-25 20:52:47,719 [INFO] ApiDb:274 - Set plugin database path to: C:\Program Files\STM32CubeIDE_1.12.0\STM32CubeIDE\plugins\com.st.stm32cube.common.mx_6.8.0.202302231600\\db\/plugins/boardmanager/
2023-07-25 20:52:47,719 [INFO] ApiDb:261 - Set plugin images path to: C:\Program Files\STM32CubeIDE_1.12.0\STM32CubeIDE\plugins\com.st.stm32cube.common.mx_6.8.0.202302231600\\db\/plugins/mcufinder/images/
2023-07-25 20:52:47,719 [WARN] DbFile:41 - Overriding database path with different value: C:\Users\mathi\.stmcufinder\plugins\mcufinder/ => C:\Users\mathi\.stmcufinder\plugins\mcufinder
2023-07-25 20:52:47,719 [INFO] ApiDb:250 - Set database path to: C:\Users\mathi\.stmcufinder\plugins\mcufinder//mcu/
2023-07-25 20:52:47,720 [WARN] DbFile:41 - Overriding database path with different value: C:\Users\mathi\.stmcufinder\plugins\mcufinder/ => C:\Users\mathi\.stmcufinder\plugins\mcufinder
2023-07-25 20:52:47,720 [INFO] DbMcusAds:125 - Set database path to: C:\Users\mathi\.stmcufinder\plugins\mcufinder//mcu/
2023-07-25 20:52:47,720 [WARN] DbFile:41 - Overriding database path with different value: C:\Users\mathi\.stmcufinder\plugins\mcufinder/ => C:\Users\mathi\.stmcufinder\plugins\mcufinder
2023-07-25 20:52:47,720 [WARN] DbFile:41 - Overriding database path with different value: C:\Users\mathi\.stmcufinder\plugins\mcufinder/ => C:\Users\mathi\.stmcufinder\plugins\mcufinder
2023-07-25 20:52:47,720 [INFO] CrossReferenceDbSqlite:203 - Set database path to: C:\Users\mathi\.stmcufinder\plugins\mcufinder//mcu/cs/
2023-07-25 20:52:47,739 [INFO] ApplicationProperties:184 - Using Application install path: C:\Program Files\STM32CubeIDE_1.12.0\STM32CubeIDE\plugins\com.st.stm32cube.common.mx_6.8.0.202302231600
2023-07-25 20:52:47,741 [INFO] PluginManage:196 - Search for loadable plugins [exclusion list=, ]
2023-07-25 20:52:47,742 [INFO] PluginManage:310 - Check plugin analytics
2023-07-25 20:52:47,893 [INFO] AnalyticsPlugin:253 - Accepted Software Licenses: 
2023-07-25 20:52:47,894 [INFO] AnalyticsPlugin:255 - Accepted CMSIS Pack Licenses: 
2023-07-25 20:52:47,894 [INFO] AnalyticsPlugin:257 - Accepted Firmware Licenses: 
2023-07-25 20:52:47,902 [INFO] PluginManage:359 - Loaded plugin analytics (category:tool,tabindex:-1)
2023-07-25 20:52:47,902 [INFO] PluginManage:310 - Check plugin cadmodel
2023-07-25 20:52:47,909 [INFO] CADModel:105 - Init CAD model plugin
2023-07-25 20:52:47,909 [INFO] PluginManage:359 - Loaded plugin cadmodel (category:power,tabindex:5)
2023-07-25 20:52:47,909 [INFO] PluginManage:310 - Check plugin clock
2023-07-25 20:52:47,922 [INFO] PluginManage:359 - Loaded plugin clock (category:base,tabindex:2)
2023-07-25 20:52:47,923 [INFO] PluginManage:310 - Check plugin ddr
2023-07-25 20:52:47,926 [INFO] PluginManage:359 - Loaded plugin ddr (category:tool,tabindex:6)
2023-07-25 20:52:47,927 [INFO] PluginManage:310 - Check plugin filemanager
2023-07-25 20:52:48,079 [INFO] PluginManage:359 - Loaded plugin filemanager (category:base,tabindex:10)
2023-07-25 20:52:48,079 [INFO] PluginManage:310 - Check plugin ipmanager
2023-07-25 20:52:48,089 [INFO] PluginManage:359 - Loaded plugin ipmanager (category:base,tabindex:5)
2023-07-25 20:52:48,089 [INFO] PluginManage:310 - Check plugin lpbam
2023-07-25 20:52:48,100 [INFO] PluginManage:359 - Loaded plugin lpbam (category:base,tabindex:0)
2023-07-25 20:52:48,101 [INFO] PluginManage:310 - Check plugin pinoutandconfiguration
2023-07-25 20:52:48,110 [INFO] PluginManage:359 - Loaded plugin pinoutandconfiguration (category:base,tabindex:1)
2023-07-25 20:52:48,110 [INFO] PluginManage:310 - Check plugin pinoutconfig
2023-07-25 20:52:48,206 [WARN] SupportedApi:132 - Cannot load RTOS API schema: s4s-elt-must-match.1: The content of 'definitions' must match (annotation?, (simpleType | complexType)?, (unique | key | keyref)*)). A problem was found starting at: attribute.
2023-07-25 20:52:48,342 [INFO] PluginManage:359 - Loaded plugin pinoutconfig (category:base,tabindex:0)
2023-07-25 20:52:48,342 [INFO] PluginManage:310 - Check plugin power
2023-07-25 20:52:48,355 [INFO] PluginManage:359 - Loaded plugin power (category:power,tabindex:4)
2023-07-25 20:52:48,355 [INFO] PluginManage:310 - Check plugin projectmanager
2023-07-25 20:52:48,370 [INFO] PluginManage:359 - Loaded plugin projectmanager (category:projectmanager,tabindex:3)
2023-07-25 20:52:48,370 [INFO] PluginManage:310 - Check plugin thirdparty
2023-07-25 20:52:48,505 [INFO] PluginManage:359 - Loaded plugin thirdparty (category:base,tabindex:-1)
2023-07-25 20:52:48,505 [WARN] IntegrityCheckThread:84 - waiting for thirdparty lock release [integrity check]
2023-07-25 20:52:48,505 [INFO] PluginManage:310 - Check plugin tools
2023-07-25 20:52:48,505 [INFO] IntegrityCheckThread:86 - entering critical section [integrity check]
2023-07-25 20:52:48,507 [INFO] ThirdPartyUpdaterWithRetryManager:70 - Updater plugin not ready yet. [1/15]
2023-07-25 20:52:48,508 [INFO] PluginManage:359 - Loaded plugin tools (category:base,tabindex:7)
2023-07-25 20:52:48,509 [INFO] PluginManage:310 - Check plugin tutovideos
2023-07-25 20:52:48,710 [INFO] PluginManage:359 - Loaded plugin tutovideos (category:base,tabindex:-1)
2023-07-25 20:52:48,711 [INFO] PluginManage:310 - Check plugin updater
2023-07-25 20:52:48,726 [INFO] PluginManage:359 - Loaded plugin updater (category:base,tabindex:12)
2023-07-25 20:52:48,727 [INFO] PluginManage:283 - PluginManage : Loaded plugins [15]
2023-07-25 20:52:49,028 [INFO] PinOutPanel:1499 - setPackage(No Configuration,No Configuration)
2023-07-25 20:52:49,113 [INFO] CADModel:165 - CPN selected for project level
2023-07-25 20:52:49,113 [INFO] CADModel:114 - Register for checkConnection events
2023-07-25 20:52:49,138 [INFO] IPUIPlugin:80 - create IPUIPlugin
2023-07-25 20:52:49,138 [INFO] PluginManager:220 - loadIPPluginJar : add adc
2023-07-25 20:52:49,142 [INFO] IPUIPlugin:80 - create IPUIPlugin
2023-07-25 20:52:49,142 [INFO] PluginManager:220 - loadIPPluginJar : add aes
2023-07-25 20:52:49,146 [INFO] IPUIPlugin:80 - create IPUIPlugin
2023-07-25 20:52:49,147 [INFO] PluginManager:220 - loadIPPluginJar : add can
2023-07-25 20:52:49,149 [INFO] IPUIPlugin:80 - create IPUIPlugin
2023-07-25 20:52:49,150 [INFO] PluginManager:220 - loadIPPluginJar : add comp
2023-07-25 20:52:49,154 [INFO] IPUIPlugin:80 - create IPUIPlugin
2023-07-25 20:52:49,154 [INFO] PluginManager:220 - loadIPPluginJar : add cryp
2023-07-25 20:52:49,157 [INFO] IPUIPlugin:80 - create IPUIPlugin
2023-07-25 20:52:49,158 [INFO] PluginManager:220 - loadIPPluginJar : add dfsdm
2023-07-25 20:52:49,165 [INFO] IPUIPlugin:80 - create IPUIPlugin
2023-07-25 20:52:49,166 [INFO] PluginManager:220 - loadIPPluginJar : add dma
2023-07-25 20:52:49,170 [INFO] IPUIPlugin:80 - create IPUIPlugin
2023-07-25 20:52:49,170 [INFO] PluginManager:220 - loadIPPluginJar : add dma3
2023-07-25 20:52:49,172 [INFO] IPUIPlugin:80 - create IPUIPlugin
2023-07-25 20:52:49,173 [INFO] PluginManager:220 - loadIPPluginJar : add fatfs
2023-07-25 20:52:49,179 [INFO] IPUIPlugin:80 - create IPUIPlugin
2023-07-25 20:52:49,179 [INFO] PluginManager:220 - loadIPPluginJar : add fmc
2023-07-25 20:52:49,208 [INFO] IPUIPlugin:80 - create IPUIPlugin
2023-07-25 20:52:49,208 [INFO] PluginManager:220 - loadIPPluginJar : add freertos
2023-07-25 20:52:49,210 [INFO] IPUIPlugin:80 - create IPUIPlugin
2023-07-25 20:52:49,210 [INFO] PluginManager:220 - loadIPPluginJar : add genericplugin
2023-07-25 20:52:49,214 [INFO] IPUIPlugin:80 - create IPUIPlugin
2023-07-25 20:52:49,214 [INFO] PluginManager:220 - loadIPPluginJar : add gfxmmu
2023-07-25 20:52:49,220 [INFO] IPUIPlugin:80 - create IPUIPlugin
2023-07-25 20:52:49,220 [INFO] PluginManager:220 - loadIPPluginJar : add gic
2023-07-25 20:52:49,226 [INFO] IPUIPlugin:80 - create IPUIPlugin
2023-07-25 20:52:49,226 [INFO] PluginManager:220 - loadIPPluginJar : add gpio
2023-07-25 20:52:49,231 [INFO] IPUIPlugin:80 - create IPUIPlugin
2023-07-25 20:52:49,231 [INFO] PluginManager:220 - loadIPPluginJar : add gtzc
2023-07-25 20:52:49,235 [INFO] IPUIPlugin:80 - create IPUIPlugin
2023-07-25 20:52:49,235 [INFO] PluginManager:220 - loadIPPluginJar : add hash
2023-07-25 20:52:49,240 [INFO] IPUIPlugin:80 - create IPUIPlugin
2023-07-25 20:52:49,240 [INFO] PluginManager:220 - loadIPPluginJar : add i2c
2023-07-25 20:52:49,244 [INFO] IPUIPlugin:80 - create IPUIPlugin
2023-07-25 20:52:49,244 [INFO] PluginManager:220 - loadIPPluginJar : add i2s
2023-07-25 20:52:49,248 [INFO] IPUIPlugin:80 - create IPUIPlugin
2023-07-25 20:52:49,249 [INFO] PluginManager:220 - loadIPPluginJar : add i3c
2023-07-25 20:52:49,253 [INFO] IPUIPlugin:80 - create IPUIPlugin
2023-07-25 20:52:49,253 [INFO] PluginManager:220 - loadIPPluginJar : add ipddr
2023-07-25 20:52:49,262 [INFO] IPUIPlugin:80 - create IPUIPlugin
2023-07-25 20:52:49,262 [INFO] PluginManager:220 - loadIPPluginJar : add linkedlist
2023-07-25 20:52:49,266 [INFO] IPUIPlugin:80 - create IPUIPlugin
2023-07-25 20:52:49,266 [INFO] PluginManager:220 - loadIPPluginJar : add lorawan
2023-07-25 20:52:49,268 [INFO] IPUIPlugin:80 - create IPUIPlugin
2023-07-25 20:52:49,268 [INFO] PluginManager:220 - loadIPPluginJar : add ltdc
2023-07-25 20:52:49,276 [INFO] IPUIPlugin:80 - create IPUIPlugin
2023-07-25 20:52:49,277 [INFO] PluginManager:220 - loadIPPluginJar : add mdma
2023-07-25 20:52:49,282 [INFO] IPUIPlugin:80 - create IPUIPlugin
2023-07-25 20:52:49,282 [INFO] PluginManager:220 - loadIPPluginJar : add nvic
2023-07-25 20:52:49,287 [INFO] IPUIPlugin:80 - create IPUIPlugin
2023-07-25 20:52:49,287 [INFO] PluginManager:220 - loadIPPluginJar : add opamp
2023-07-25 20:52:49,292 [INFO] IPUIPlugin:80 - create IPUIPlugin
2023-07-25 20:52:49,293 [INFO] PluginManager:220 - loadIPPluginJar : add openamp
2023-07-25 20:52:49,297 [INFO] IPUIPlugin:80 - create IPUIPlugin
2023-07-25 20:52:49,297 [INFO] PluginManager:220 - loadIPPluginJar : add pdm2pcm
2023-07-25 20:52:49,307 [INFO] IPUIPlugin:80 - create IPUIPlugin
2023-07-25 20:52:49,310 [INFO] PluginManager:220 - loadIPPluginJar : add plateformsettings
2023-07-25 20:52:49,314 [INFO] IPUIPlugin:80 - create IPUIPlugin
2023-07-25 20:52:49,314 [INFO] PluginManager:220 - loadIPPluginJar : add quadspi
2023-07-25 20:52:49,321 [INFO] IPUIPlugin:80 - create IPUIPlugin
2023-07-25 20:52:49,321 [INFO] PluginManager:220 - loadIPPluginJar : add resmgrutility
2023-07-25 20:52:49,326 [INFO] IPUIPlugin:80 - create IPUIPlugin
2023-07-25 20:52:49,326 [INFO] PluginManager:220 - loadIPPluginJar : add sai
2023-07-25 20:52:49,330 [INFO] IPUIPlugin:80 - create IPUIPlugin
2023-07-25 20:52:49,330 [INFO] PluginManager:220 - loadIPPluginJar : add spi
2023-07-25 20:52:49,338 [INFO] IPUIPlugin:80 - create IPUIPlugin
2023-07-25 20:52:49,338 [INFO] PluginManager:220 - loadIPPluginJar : add stm32_wpan
2023-07-25 20:52:49,341 [INFO] IPUIPlugin:80 - create IPUIPlugin
2023-07-25 20:52:49,341 [INFO] PluginManager:220 - loadIPPluginJar : add tim
2023-07-25 20:52:49,346 [INFO] IPUIPlugin:80 - create IPUIPlugin
2023-07-25 20:52:49,346 [INFO] PluginManager:220 - loadIPPluginJar : add touchsensing
2023-07-25 20:52:49,349 [INFO] IPUIPlugin:80 - create IPUIPlugin
2023-07-25 20:52:49,350 [INFO] PluginManager:220 - loadIPPluginJar : add tracer_emb
2023-07-25 20:52:49,353 [INFO] IPUIPlugin:80 - create IPUIPlugin
2023-07-25 20:52:49,353 [INFO] PluginManager:220 - loadIPPluginJar : add ts
2023-07-25 20:52:49,356 [INFO] IPUIPlugin:80 - create IPUIPlugin
2023-07-25 20:52:49,356 [INFO] PluginManager:220 - loadIPPluginJar : add tsc
2023-07-25 20:52:49,359 [INFO] IPUIPlugin:80 - create IPUIPlugin
2023-07-25 20:52:49,359 [INFO] PluginManager:220 - loadIPPluginJar : add ucpd
2023-07-25 20:52:49,363 [INFO] IPUIPlugin:80 - create IPUIPlugin
2023-07-25 20:52:49,364 [INFO] PluginManager:220 - loadIPPluginJar : add usart
2023-07-25 20:52:49,369 [INFO] IPUIPlugin:80 - create IPUIPlugin
2023-07-25 20:52:49,369 [INFO] PluginManager:220 - loadIPPluginJar : add usbx
2023-07-25 20:52:49,508 [INFO] CADModel:165 - CPN selected for project level
2023-07-25 20:52:49,508 [INFO] CADModel:114 - Register for checkConnection events
2023-07-25 20:52:49,508 [FATAL] Updater:308 - Updater called before beeing initialized
2023-07-25 20:52:49,508 [ERROR] CADModel:125 - Updater not yet initialized, retry later 
2023-07-25 20:52:49,674 [INFO] CADModel:165 - CPN selected for project level
2023-07-25 20:52:49,674 [INFO] CADModel:114 - Register for checkConnection events
2023-07-25 20:52:49,675 [FATAL] Updater:308 - Updater called before beeing initialized
2023-07-25 20:52:49,675 [ERROR] CADModel:125 - Updater not yet initialized, retry later 
2023-07-25 20:52:49,679 [FATAL] Updater:308 - Updater called before beeing initialized
2023-07-25 20:52:49,790 [FATAL] Updater:308 - Updater called before beeing initialized
2023-07-25 20:52:49,796 [INFO] DbMcusAds:53 - JSON generation date=Tue Mar 07 09:50:54 CET 2023 (1678179054945)
2023-07-25 20:52:49,796 [FATAL] Updater:308 - Updater called before beeing initialized
2023-07-25 20:52:49,845 [WARN] DetailPanel:346 - Failed to get advertising image, set to default
2023-07-25 20:52:49,943 [FATAL] Updater:308 - Updater called before beeing initialized
2023-07-25 20:52:49,945 [FATAL] Updater:308 - Updater called before beeing initialized
2023-07-25 20:52:49,945 [FATAL] Updater:308 - Updater called before beeing initialized
2023-07-25 20:52:49,945 [WARN] DetailPanel:346 - Failed to get advertising image, set to default
2023-07-25 20:52:49,946 [FATAL] Updater:308 - Updater called before beeing initialized
2023-07-25 20:52:50,000 [ERROR] Updater:1120 - MainUpdater not yet initialized. External WinMGr cannot be set.
2023-07-25 20:52:50,003 [INFO] Updater:1056 - Updater Version found : 6.8.0
2023-07-25 20:52:50,022 [INFO] ApplicationProperties:184 - Using Application install path: C:\Program Files\STM32CubeIDE_1.12.0\STM32CubeIDE\plugins\com.st.stm32cube.common.mx_6.8.0.202302231600
2023-07-25 20:52:50,169 [INFO] MainUpdater:2854 - connection check result : 10
2023-07-25 20:52:50,170 [INFO] MainUpdater:3548 - Updater definition file requires update
2023-07-25 20:52:50,171 [INFO] MainUpdater:283 - Updater Check For Update Now.
2023-07-25 20:52:50,172 [INFO] MicroXplorer:498 - Change Database Version : DB.6.0.80
2023-07-25 20:52:50,242 [INFO] ServerAccessManage:473 - Download File updaters.zip
2023-07-25 20:52:50,455 [INFO] FileExtend:240 - Unzip File : updaters.zip
2023-07-25 20:52:50,455 [INFO] FileExtend:255 - Standard Zip Deflate
2023-07-25 20:52:50,976 [INFO] ServerAccessManage:473 - Download File PacksControlFlags.xml
2023-07-25 20:52:51,037 [INFO] ServerAccessManage:473 - Download File cubemx.pidx
2023-07-25 20:52:51,263 [INFO] ServerAccessManage:473 - Download File STMicroelectronics.FP-SNS-FLIGHT1.pdsc
2023-07-25 20:52:51,473 [INFO] ServerAccessManage:473 - Download File STMicroelectronics.FP-SNS-MOTENV1.pdsc
2023-07-25 20:52:51,509 [WARN] MainUpdater:1187 - Updater busy. Cannot search thirdparties
2023-07-25 20:52:51,510 [INFO] ThirdPartyUpdaterWithRetryManager:96 - Updater plugin is busy. [1/15]
2023-07-25 20:52:51,973 [INFO] ServerAccessManage:473 - Download File STMicroelectronics.X-CUBE-NFC7.pdsc
2023-07-25 20:52:52,177 [INFO] ServerAccessManage:473 - Download File STMicroelectronics.X-CUBE-TOF1.pdsc
2023-07-25 20:52:52,571 [ERROR] ServerAccessManage:1089 - Problem, file not found on Server
2023-07-25 20:52:52,662 [INFO] ServerAccessManage:473 - Download File STMicroelectronics.X-CUBE-TOUCHGFX.pdsc
2023-07-25 20:52:53,929 [INFO] ServerAccessManage:473 - Download File STMicroelectronics.X-CUBE-AZRTOS-L4.pdsc
2023-07-25 20:52:54,431 [INFO] ServerAccessManage:473 - Download File STMicroelectronics.X-CUBE-AZRTOS-WL.pdsc
2023-07-25 20:52:54,518 [WARN] MainUpdater:1187 - Updater busy. Cannot search thirdparties
2023-07-25 20:52:54,518 [INFO] ThirdPartyUpdaterWithRetryManager:96 - Updater plugin is busy. [2/15]
2023-07-25 20:52:54,784 [WARN] PackLoader:240 - Cannot read IP mode file for STMicroelectronics.FP-SNS-FLIGHT1.5.0.2
2023-07-25 20:52:54,790 [WARN] PackLoader:240 - Cannot read IP mode file for STMicroelectronics.FP-SNS-MOTENV1.4.3.2
2023-07-25 20:52:54,803 [WARN] PackLoader:240 - Cannot read IP mode file for STMicroelectronics.X-CUBE-NFC7.1.0.1
2023-07-25 20:52:54,816 [WARN] PackLoader:240 - Cannot read IP mode file for STMicroelectronics.X-CUBE-TOF1.3.3.1
2023-07-25 20:52:54,830 [WARN] PackLoader:240 - Cannot read IP mode file for STMicroelectronics.X-CUBE-TOUCHGFX.4.22.0
2023-07-25 20:52:54,851 [WARN] ConditionMgr:438 - getConditionDescription Invalid condition id : LAN8742 Phy interface Condition cause : null
2023-07-25 20:52:54,852 [WARN] PackLoader:240 - Cannot read IP mode file for STMicroelectronics.X-CUBE-AZRTOS-L4.2.0.0
2023-07-25 20:52:54,855 [WARN] ConditionMgr:1039 - genDependencies : Invalid condition id : LAN8742 Phy interface Condition cause : null
2023-07-25 20:52:54,856 [WARN] ConditionMgr:1039 - genDependencies : Invalid condition id : LAN8742 Phy interface Condition cause : null
2023-07-25 20:52:54,856 [WARN] ConditionMgr:1039 - genDependencies : Invalid condition id : LAN8742 Phy interface Condition cause : null
2023-07-25 20:52:54,868 [INFO] LogOutputStream:77 - [STDOUT_REDIRECT] 1 : Invalid condition id : UX_CORESTACK_Condition cause : null
2023-07-25 20:52:54,869 [INFO] LogOutputStream:77 - [STDOUT_REDIRECT] 1 : Invalid condition id : UX_CORESTACK_Condition cause : null
2023-07-25 20:52:54,869 [INFO] LogOutputStream:77 - [STDOUT_REDIRECT] 1 : Invalid condition id : UX_CORESTACK_Condition cause : null
2023-07-25 20:52:54,870 [INFO] LogOutputStream:77 - [STDOUT_REDIRECT] 1 : Invalid condition id : UX_CORESTACK_Condition cause : null
2023-07-25 20:52:54,871 [INFO] LogOutputStream:77 - [STDOUT_REDIRECT] 1 : Invalid condition id : UX_CORESTACK_Condition cause : null
2023-07-25 20:52:54,875 [WARN] PackLoader:240 - Cannot read IP mode file for STMicroelectronics.X-CUBE-AZRTOS-WL.2.0.0
2023-07-25 20:52:54,877 [INFO] PopulateThirdPartyThread:66 - Ending populate Thread
2023-07-25 20:52:54,881 [INFO] ThirdParty:1030 - CMSIS Pack Vendor :STMicroelectronics X-CUBE-AZRTOS-L4 2.0.0
2023-07-25 20:52:54,882 [INFO] ThirdParty:1030 - CMSIS Pack Vendor :STMicroelectronics FP-SNS-MOTENV1 4.3.2
2023-07-25 20:52:54,882 [INFO] ThirdParty:1030 - CMSIS Pack Vendor :STMicroelectronics X-CUBE-NFC7 1.0.1
2023-07-25 20:52:54,882 [INFO] ThirdParty:1030 - CMSIS Pack Vendor :STMicroelectronics X-CUBE-TOUCHGFX 4.22.0
2023-07-25 20:52:54,882 [INFO] ThirdParty:1030 - CMSIS Pack Vendor :STMicroelectronics FP-SNS-FLIGHT1 5.0.2
2023-07-25 20:52:54,882 [INFO] ThirdParty:1030 - CMSIS Pack Vendor :STMicroelectronics X-CUBE-AZRTOS-WL 2.0.0
2023-07-25 20:52:54,882 [INFO] ThirdParty:1030 - CMSIS Pack Vendor :STMicroelectronics X-CUBE-TOF1 3.3.1
2023-07-25 20:52:54,882 [INFO] LoadServerUpdatesThread:373 - End of LoadServerUpdate Thread
2023-07-25 20:52:54,900 [INFO] CheckServerUpdateThread:120 - End of CheckServer Thread
2023-07-25 20:52:55,100 [INFO] MainUpdater:2854 - connection check result : 10
2023-07-25 20:52:55,108 [INFO] McuFinderGlobals:66 - Set McuFinderConnectedMode to true
2023-07-25 20:52:57,377 [INFO] ServerAccessManage:473 - Download File mcusAds.json._tmp_
2023-07-25 20:52:57,491 [INFO] LoadUrlFilesThread:156 - End of LoadUrlFiles Thread
2023-07-25 20:52:57,530 [WARN] MainUpdater:1187 - Updater busy. Cannot search thirdparties
2023-07-25 20:52:57,530 [INFO] ThirdPartyUpdaterWithRetryManager:96 - Updater plugin is busy. [3/15]
2023-07-25 20:52:57,740 [INFO] ServerAccessManage:473 - Download File cube-finder-db.zip
2023-07-25 20:53:00,540 [WARN] MainUpdater:1187 - Updater busy. Cannot search thirdparties
2023-07-25 20:53:00,540 [INFO] ThirdPartyUpdaterWithRetryManager:96 - Updater plugin is busy. [4/15]
2023-07-25 20:53:03,541 [WARN] MainUpdater:1187 - Updater busy. Cannot search thirdparties
2023-07-25 20:53:03,541 [INFO] ThirdPartyUpdaterWithRetryManager:96 - Updater plugin is busy. [5/15]
2023-07-25 20:53:06,554 [WARN] MainUpdater:1187 - Updater busy. Cannot search thirdparties
2023-07-25 20:53:06,554 [INFO] ThirdPartyUpdaterWithRetryManager:96 - Updater plugin is busy. [6/15]
2023-07-25 20:53:09,562 [WARN] MainUpdater:1187 - Updater busy. Cannot search thirdparties
2023-07-25 20:53:09,562 [INFO] ThirdPartyUpdaterWithRetryManager:96 - Updater plugin is busy. [7/15]
2023-07-25 20:53:12,564 [WARN] MainUpdater:1187 - Updater busy. Cannot search thirdparties
2023-07-25 20:53:12,564 [INFO] ThirdPartyUpdaterWithRetryManager:96 - Updater plugin is busy. [8/15]
2023-07-25 20:53:15,579 [WARN] MainUpdater:1187 - Updater busy. Cannot search thirdparties
2023-07-25 20:53:15,579 [INFO] ThirdPartyUpdaterWithRetryManager:96 - Updater plugin is busy. [9/15]
2023-07-25 20:53:16,414 [INFO] FileExtend:240 - Unzip File : cube-finder-db.zip
2023-07-25 20:53:16,414 [INFO] FileExtend:255 - Standard Zip Deflate
2023-07-25 20:53:17,087 [INFO] LoadUrlFilesThread:156 - End of LoadUrlFiles Thread
2023-07-25 20:53:18,761 [WARN] PackLoader:240 - Cannot read IP mode file for STMicroelectronics.X-CUBE-SMBUS.2.1.0
2023-07-25 20:53:18,776 [WARN] PackLoader:240 - Cannot read IP mode file for STMicroelectronics.X-CUBE-AZRTOS-F7.1.1.0
2023-07-25 20:53:18,783 [ERROR] RealEvaluatedCondition:428 - Found unsupported composite condition: GROUP='STM32_MetaDataManager' CLASS='Data Exchange'
2023-07-25 20:53:18,783 [ERROR] RealEvaluatedCondition:428 - Found unsupported composite condition: CLASS='Data Exchange' GROUP='STM32_MetaDataManager'
2023-07-25 20:53:18,784 [WARN] PackLoader:240 - Cannot read IP mode file for STMicroelectronics.FP-SNS-MOTENV1.4.3.0
2023-07-25 20:53:18,789 [WARN] PackLoader:240 - Cannot read IP mode file for STMicroelectronics.FP-SNS-MOTENV1.4.3.2
2023-07-25 20:53:18,795 [WARN] PackLoader:240 - Cannot read IP mode file for STMicroelectronics.FP-SNS-FLIGHT1.5.0.0
2023-07-25 20:53:18,801 [WARN] PackLoader:240 - Cannot read IP mode file for STMicroelectronics.X-CUBE-BLE1.6.2.4
2023-07-25 20:53:18,805 [WARN] PackLoader:240 - Cannot read IP mode file for STMicroelectronics.FP-SNS-FLIGHT1.5.0.2
2023-07-25 20:53:18,812 [WARN] PackLoader:240 - Cannot read IP mode file for STMicroelectronics.X-CUBE-DISPLAY.3.0.0
2023-07-25 20:53:18,821 [WARN] PackLoader:240 - Cannot read IP mode file for STMicroelectronics.X-CUBE-TOUCHGFX.4.22.0
2023-07-25 20:53:18,829 [INFO] LogOutputStream:77 - [STDOUT_REDIRECT] 1 : Invalid condition id : UX_CORESTACK_Condition cause : null
2023-07-25 20:53:18,830 [INFO] LogOutputStream:77 - [STDOUT_REDIRECT] 1 : Invalid condition id : UX_CORESTACK_Condition cause : null
2023-07-25 20:53:18,831 [INFO] LogOutputStream:77 - [STDOUT_REDIRECT] 1 : Invalid condition id : UX_CORESTACK_Condition cause : null
2023-07-25 20:53:18,832 [INFO] LogOutputStream:77 - [STDOUT_REDIRECT] 1 : Invalid condition id : UX_CORESTACK_Condition cause : null
2023-07-25 20:53:18,833 [INFO] LogOutputStream:77 - [STDOUT_REDIRECT] 1 : Invalid condition id : UX_CORESTACK_Condition cause : null
2023-07-25 20:53:18,837 [WARN] PackLoader:240 - Cannot read IP mode file for STMicroelectronics.X-CUBE-AZRTOS-WL.2.0.0
2023-07-25 20:53:18,847 [WARN] PackLoader:240 - Cannot read IP mode file for WES.I-CUBE-Cesium.1.3.0
2023-07-25 20:53:18,852 [WARN] PackLoader:240 - Cannot read IP mode file for STMicroelectronics.X-CUBE-BLE2.3.3.0
2023-07-25 20:53:18,861 [WARN] PackLoader:240 - Cannot read IP mode file for STMicroelectronics.X-CUBE-TOF1.3.2.0
2023-07-25 20:53:18,876 [WARN] PackLoader:240 - Cannot read IP mode file for emotas.I-CUBE-CANOPEN.1.2.0
2023-07-25 20:53:18,880 [WARN] PackLoader:240 - Cannot read IP mode file for STMicroelectronics.X-CUBE-TOUCHGFX.4.21.1
2023-07-25 20:53:18,884 [WARN] PackLoader:240 - Cannot read IP mode file for STMicroelectronics.X-CUBE-TOUCHGFX.4.21.3
2023-07-25 20:53:18,887 [WARN] PackLoader:240 - Cannot read IP mode file for STMicroelectronics.X-CUBE-TOUCHGFX.4.21.4
2023-07-25 20:53:18,893 [WARN] PackLoader:240 - Cannot read IP mode file for STMicroelectronics.X-CUBE-ALGOBUILD.1.3.0
2023-07-25 20:53:18,907 [WARN] PackLoader:240 - Cannot read IP mode file for STMicroelectronics.X-CUBE-AZRTOS-G0.1.1.0
2023-07-25 20:53:18,916 [WARN] PackLoader:240 - Cannot read IP mode file for STMicroelectronics.X-CUBE-NFC4.3.0.0
2023-07-25 20:53:18,922 [WARN] PackLoader:240 - Cannot read IP mode file for STMicroelectronics.FP-ATR-SIGFOX1.3.2.0
2023-07-25 20:53:18,957 [WARN] PackLoader:240 - Cannot read IP mode file for STMicroelectronics.X-CUBE-MEMS1.9.5.0
2023-07-25 20:53:19,083 [WARN] PackLoader:240 - Cannot read IP mode file for SEGGER.I-CUBE-embOS.1.3.1
2023-07-25 20:53:19,119 [WARN] PackLoader:240 - Cannot read IP mode file for STMicroelectronics.X-CUBE-GNSS1.6.0.0
2023-07-25 20:53:19,134 [WARN] PackLoader:240 - Cannot read IP mode file for STMicroelectronics.X-CUBE-AZRTOS-F4.1.1.0
2023-07-25 20:53:19,167 [WARN] PackLoader:240 - Cannot read IP mode file for STMicroelectronics.X-CUBE-MEMS1.9.6.0
2023-07-25 20:53:19,294 [WARN] PackLoader:240 - Cannot read IP mode file for STMicroelectronics.X-CUBE-BLEMGR.2.0.0
2023-07-25 20:53:19,313 [WARN] ConditionMgr:438 - getConditionDescription Invalid condition id : UX DEVICE CLASS RTOS Condition cause : null
2023-07-25 20:53:19,313 [WARN] ConditionMgr:438 - getConditionDescription Invalid condition id : UX DEVICE CLASS RTOS Condition cause : null
2023-07-25 20:53:19,316 [WARN] PackLoader:240 - Cannot read IP mode file for STMicroelectronics.X-CUBE-AZRTOS-H7.3.1.0
2023-07-25 20:53:19,317 [WARN] ConditionMgr:1039 - genDependencies : Invalid condition id : UX DEVICE CLASS RTOS Condition cause : null
2023-07-25 20:53:19,318 [WARN] ConditionMgr:1039 - genDependencies : Invalid condition id : UX DEVICE CLASS RTOS Condition cause : null
2023-07-25 20:53:19,319 [WARN] ConditionMgr:1039 - genDependencies : Invalid condition id : UX DEVICE CLASS RTOS Condition cause : null
2023-07-25 20:53:19,319 [WARN] ConditionMgr:1039 - genDependencies : Invalid condition id : UX DEVICE CLASS RTOS Condition cause : null
2023-07-25 20:53:19,320 [WARN] ConditionMgr:1039 - genDependencies : Invalid condition id : UX DEVICE CLASS RTOS Condition cause : null
2023-07-25 20:53:19,328 [WARN] PackLoader:240 - Cannot read IP mode file for wolfSSL.I-CUBE-wolfSSL.5.5.4
2023-07-25 20:53:19,334 [WARN] PackLoader:240 - Cannot read IP mode file for STMicroelectronics.X-CUBE-NFC7.1.0.1
2023-07-25 20:53:19,340 [WARN] PackLoader:240 - Cannot read IP mode file for STMicroelectronics.X-CUBE-NFC7.1.0.0
2023-07-25 20:53:19,348 [WARN] PackLoader:240 - Cannot read IP mode file for STMicroelectronics.X-CUBE-EEPRMA1.4.1.0
2023-07-25 20:53:19,369 [WARN] ConditionMgr:438 - getConditionDescription Invalid condition id : LAN8742 Phy interface Condition cause : null
2023-07-25 20:53:19,370 [WARN] PackLoader:240 - Cannot read IP mode file for STMicroelectronics.X-CUBE-AZRTOS-L4.2.0.0
2023-07-25 20:53:19,372 [WARN] ConditionMgr:1039 - genDependencies : Invalid condition id : LAN8742 Phy interface Condition cause : null
2023-07-25 20:53:19,373 [WARN] ConditionMgr:1039 - genDependencies : Invalid condition id : LAN8742 Phy interface Condition cause : null
2023-07-25 20:53:19,373 [WARN] ConditionMgr:1039 - genDependencies : Invalid condition id : LAN8742 Phy interface Condition cause : null
2023-07-25 20:53:19,385 [WARN] PackLoader:240 - Cannot read IP mode file for STMicroelectronics.X-CUBE-SFXS2LP1.4.0.0
2023-07-25 20:53:19,409 [WARN] PackLoader:240 - Cannot read IP mode file for STMicroelectronics.X-CUBE-AZRTOS-H7.3.0.0
2023-07-25 20:53:19,421 [WARN] PackLoader:240 - Cannot read IP mode file for STMicroelectronics.X-CUBE-ISPU.1.1.0
2023-07-25 20:53:19,430 [WARN] PackLoader:240 - Cannot read IP mode file for RoweBots.I-CUBE-UNISONRTOS.5.5.0-4
2023-07-25 20:53:19,437 [WARN] PackLoader:240 - Cannot read IP mode file for STMicroelectronics.X-CUBE-AI.8.0.0
2023-07-25 20:53:19,445 [WARN] PackLoader:240 - Cannot read IP mode file for STMicroelectronics.X-CUBE-FREERTOS.1.0.0
2023-07-25 20:53:19,450 [WARN] PackLoader:240 - Cannot read IP mode file for STMicroelectronics.X-CUBE-FREERTOS.1.0.1
2023-07-25 20:53:19,469 [WARN] PackLoader:240 - Cannot read IP mode file for STMicroelectronics.X-CUBE-AZRTOS-L5.1.1.0
2023-07-25 20:53:19,478 [WARN] PackLoader:240 - Cannot read IP mode file for STMicroelectronics.X-CUBE-AI.8.0.1
2023-07-25 20:53:19,489 [WARN] PackLoader:240 - Cannot read IP mode file for STMicroelectronics.X-CUBE-SUBG2.5.0.0
2023-07-25 20:53:19,504 [WARN] PackLoader:240 - Cannot read IP mode file for STMicroelectronics.X-CUBE-TOF1.3.3.1
2023-07-25 20:53:19,529 [WARN] PackLoader:240 - Cannot read IP mode file for STMicroelectronics.X-CUBE-AZRTOS-G4.2.0.0
2023-07-25 20:53:19,540 [WARN] PackLoader:240 - Cannot read IP mode file for STMicroelectronics.X-CUBE-TOF1.3.3.0
2023-07-25 20:53:19,554 [WARN] PackLoader:240 - Cannot read IP mode file for STMicroelectronics.FP-ATR-ASTRA1.1.1.1
2023-07-25 20:53:19,566 [WARN] PackLoader:240 - Cannot read IP mode file for STMicroelectronics.X-CUBE-AZRTOS-G4.1.0.0
2023-07-25 20:53:19,593 [WARN] PackLoader:240 - Cannot read IP mode file for STMicroelectronics.X-CUBE-AZRTOS-L4.1.0.0
2023-07-25 20:53:19,608 [WARN] PackLoader:240 - Cannot read IP mode file for STMicroelectronics.X-CUBE-AZRTOS-WL.1.0.0
2023-07-25 20:53:19,618 [WARN] PackLoader:240 - Cannot read IP mode file for portGmbH.I-Cube-SoM-uGOAL.1.1.0
2023-07-25 20:53:19,626 [WARN] PackLoader:240 - Cannot read IP mode file for STMicroelectronics.X-CUBE-ALS.1.0.1
2023-07-25 20:53:19,638 [WARN] PackLoader:240 - Cannot read IP mode file for STMicroelectronics.X-CUBE-AZRTOS-WB.1.1.0
2023-07-25 20:53:19,645 [WARN] PackLoader:240 - Cannot read IP mode file for STMicroelectronics.FP-ATR-ASTRA1.2.0.0
2023-07-25 20:53:19,646 [INFO] ThirdParty:978 - Integrity check success = true
2023-07-25 20:53:19,646 [INFO] IntegrityCheckThread:100 - exiting critical section [integrity check]
2023-07-25 20:53:19,646 [INFO] IntegrityCheckThread:103 - End integrity checks thread
2023-07-25 20:53:30,350 [INFO] ServerAccessManage:473 - Download File crdb.zip
2023-07-25 20:53:30,857 [INFO] FileExtend:240 - Unzip File : crdb.zip
2023-07-25 20:53:30,857 [INFO] FileExtend:255 - Standard Zip Deflate
2023-07-25 20:53:30,999 [INFO] LoadUrlFilesThread:156 - End of LoadUrlFiles Thread
2023-07-25 20:53:33,314 [INFO] ServerAccessManage:473 - Download File tutoVideoDB.zip
2023-07-25 20:53:33,368 [INFO] FileExtend:240 - Unzip File : tutoVideoDB.zip
2023-07-25 20:53:33,368 [INFO] FileExtend:255 - Standard Zip Deflate
2023-07-25 20:53:33,487 [INFO] LoadUrlFilesThread:156 - End of LoadUrlFiles Thread
2023-07-25 20:53:33,505 [WARN] DbFile:41 - Overriding database path with different value: C:\Users\mathi\.stmcufinder\plugins\mcufinder/ => C:\Users\mathi\.stmcufinder\plugins\mcufinder
2023-07-25 20:53:33,654 [INFO] ServerAccessManage:473 - Download File api_config.json
2023-07-25 20:53:33,763 [INFO] LoadUrlFilesThread:156 - End of LoadUrlFiles Thread
2023-07-25 20:53:33,764 [INFO] DbMcusAds:53 - JSON generation date=Tue Mar 07 09:50:55 CET 2023 (1678179055114)
2023-07-25 20:53:33,781 [INFO] LoadUrlFilesThread:185 - End of LoadServerUrlFiles without Thread
2023-07-25 20:53:33,781 [INFO] TargetSelectorAdapter:259 - Refresh data is successful
2023-07-25 20:53:33,865 [INFO] ApiDb:581 - Connected to CubeFinder SQLite database (C:\Users\mathi\.stmcufinder\plugins\mcufinder\mcu\cube-finder-db.db)
2023-07-25 20:53:33,917 [INFO] ApiDb:668 - CubeFinder database Data Model version=2.1
2023-07-25 20:53:33,917 [INFO] ApiDb:669 - CubeFinder database Configuration version=3.0.37
2023-07-25 20:53:33,918 [INFO] ApiDb:670 - CubeFinder database generation date=2023-06-26 (1687786131)
2023-07-25 20:53:33,918 [INFO] ApiDb:671 - CubeFinder database FW Pack versions=[FP-ATR-ASTRA1_V2.0.0, FP-SNS-FLIGHT1_V5.0.1, FP-SNS-MOTENV1_V4.3.1, STM32Cube_FW_C0_V1.1.0, STM32Cube_FW_F4_V1.27.1, STM32Cube_FW_F7_V1.17.0, STM32Cube_FW_G0_V1.6.1, STM32Cube_FW_G4_V1.5.1, STM32Cube_FW_H5_V0.5.1, STM32Cube_FW_H5_V1.1.0, STM32Cube_FW_H7_V1.11.0, STM32Cube_FW_L0_V1.12.2, STM32Cube_FW_L5_V1.5.0, STM32Cube_FW_U5_V1.3.0, STM32Cube_FW_U5_V1.3.0RC4, STM32Cube_FW_WBA_V1.0.0RC1, STM32Cube_FW_WBA_V1.1.0, STM32Cube_FW_WBA_V1.1.0RC1, STM32Cube_FW_WB_V1.15.0RC1, STM32Cube_FW_WB_V1.16.0, STM32Cube_FW_WB_V1.16.0RC2, STM32Cube_FW_WB_V1.17.0, STM32Cube_FW_WL_V1.3.0, X-CUBE-ALGOBUILD_V1.3.0, X-CUBE-ALS_V1.0.1, X-CUBE-AZRTOS-F4_V1.1.0, X-CUBE-AZRTOS-F7_V1.1.0, X-CUBE-AZRTOS-G0_V1.1.0, X-CUBE-AZRTOS-G4_V2.0.0, X-CUBE-AZRTOS-H7_V3.1.0, X-CUBE-AZRTOS-L4_V1.0.0, X-CUBE-AZRTOS-L4_V2.0.0, X-CUBE-AZRTOS-L5_V1.1.0, X-CUBE-AZRTOS-WB_V1.1.0, X-CUBE-AZRTOS-WL_V2.0.0, X-CUBE-BLE1_V6.2.4, X-CUBE-BLE2_V3.3.0, X-CUBE-BLEMGR_V2.0.0, X-CUBE-EEPRMA1_V4.1.0, X-CUBE-FREERTOS_V1.0.1, X-CUBE-GNSS1_V6.0.0, X-CUBE-MEMS1_V9.1.0, X-CUBE-MEMS1_V9.4.0, X-CUBE-MEMS1_V9.6.0, X-CUBE-NFC4_V3.0.0, X-CUBE-NFC7_V1.0.0, X-CUBE-SFXS2LP1_V4.0.0, X-CUBE-SUBG2_V5.0.0]
2023-07-25 20:53:35,416 [INFO] ApiDb:240 - Found 297 in-development CPN: [B-G473E-ZEST1S, B-WB1M-WPAN1, B-WL5M-SUBG1, NUCLEO-C031C6, NUCLEO-H503RB, NUCLEO-H563ZI, NUCLEO-U545RE-Q, NUCLEO-U5A5ZJ-Q, NUCLEO-WBA52CG, STEVAL-PROTEUS1, STEVAL-STWINBX1, STM320518-EVAL, STM32C0116-DK, STM32C011D6Y3TR, STM32C011D6Y6TR, STM32C011F4P3, STM32C011F4P6, STM32C011F4U3, STM32C011F4U6TR, STM32C011F6P3, STM32C011F6P6, STM32C011F6U3, STM32C011F6U6TR, STM32C011J4M3, STM32C011J4M6, STM32C011J6M3, STM32C011J6M6, STM32C0316-DK, STM32C031C4T3, STM32C031C4T6, STM32C031C4U3, STM32C031C4U6, STM32C031C6T3, STM32C031C6T6, STM32C031C6U3, STM32C031C6U6, STM32C031F4P3, STM32C031F4P6, STM32C031F6P3, STM32C031F6P6, STM32C031G4U3, STM32C031G4U6, STM32C031G6U3, STM32C031G6U6, STM32C031K4T3, STM32C031K4T6, STM32C031K4U3, STM32C031K4U6, STM32C031K6T3, STM32C031K6T6, STM32C031K6U3, STM32C031K6U6, STM32G071K8TXN, STM32G071K8UXN, STM32G081GBU6N, STM32G081KBT6N, STM32G081KBUXN, STM32G0B1CCT6N, STM32G0B1KCT6, STM32G0B1NEY6TR, STM32G0B1RCT6N, STM32G0C1CCT6, STM32G0C1CCT6N, STM32G0C1CCU6N, STM32G0C1CET6N, STM32G0C1CEU6N, STM32G0C1KCT6, STM32G0C1NEY6TR, STM32G0C1RCI6N, STM32G0C1RCT6N, STM32G0C1REI6N, STM32G0C1RET6N, STM32G0C1VCI6, STM32G0C1VEI6, STM32G471CCT6, STM32G471CCU6, STM32G471CET3, STM32G471CET6, STM32G471CEU3, STM32G471CEU6, STM32G471MCT6, STM32G471MET3, STM32G471MET6, STM32G471MEY6TR, STM32G471QCT6, STM32G471QET3, STM32G471RCT6, STM32G471RET3, STM32G471RET6, STM32G471VCH6, STM32G471VCI6, STM32G471VCT6, STM32G471VEH3, STM32G471VEH6, STM32G471VEI3, STM32G471VEI6, STM32G471VET3, STM32G471VET6, STM32G474CCT6, STM32H503CBT6, STM32H503CBU6, STM32H503EBY6TR, STM32H503KBU6, STM32H503RBT6, STM32H562AGI6, STM32H562AII6, STM32H562IGK6, STM32H562IGT6, STM32H562IIK6, STM32H562IIT6, STM32H562RGT6, STM32H562RGV6, STM32H562RIT6, STM32H562RIV6, STM32H562VGT6, STM32H562VIT6, STM32H562ZGT6, STM32H562ZIT6, STM32H563AGI6, STM32H563AII3Q, STM32H563AII6, STM32H563IGK6, STM32H563IGT6, STM32H563IIK3Q, STM32H563IIK6, STM32H563IIT3Q, STM32H563IIT6, STM32H563MIY3QTR, STM32H563RGT6, STM32H563RGV6, STM32H563RIT6, STM32H563RIV6, STM32H563VGT6, STM32H563VIT3Q, STM32H563VIT6, STM32H563ZGT6, STM32H563ZIT3Q, STM32H563ZIT6, STM32H573AII3Q, STM32H573AII6, STM32H573I-DK, STM32H573IIK3Q, STM32H573IIK6, STM32H573IIT3Q, STM32H573IIT6, STM32H573MIY3QTR, STM32H573RIT6, STM32H573RIV6, STM32H573VIT3Q, STM32H573VIT6, STM32H573ZIT3Q, STM32H573ZIT6, STM32L4R5QGI6STR, STM32MP131AAE3, STM32MP131AAF3, STM32MP131AAG3, STM32MP131CAE3, STM32MP131CAF3, STM32MP131CAG3, STM32MP131DAE7, STM32MP131DAF7, STM32MP131DAG7, STM32MP131FAE7, STM32MP131FAF7, STM32MP131FAG7, STM32MP133AAE3, STM32MP133AAF3, STM32MP133AAG3, STM32MP133CAE3, STM32MP133CAF3, STM32MP133CAG3, STM32MP133DAE7, STM32MP133DAF7, STM32MP133DAG7, STM32MP133FAE7, STM32MP133FAF7, STM32MP133FAG7, STM32MP135AAE3, STM32MP135AAF3, STM32MP135AAG3, STM32MP135CAE3, STM32MP135CAF3, STM32MP135CAG3, STM32MP135DAE7, STM32MP135DAF7, STM32MP135DAG7, STM32MP135F-DK, STM32MP135FAE7, STM32MP135FAF7, STM32MP135FAF7T, STM32MP135FAF7U, STM32MP135FAG7, STM32U535CBT6, STM32U535CBT6Q, STM32U535CBU6, STM32U535CBU6Q, STM32U535CCT6, STM32U535CCT6Q, STM32U535CCU6, STM32U535CCU6Q, STM32U535CET6, STM32U535CET6Q, STM32U535CEU6, STM32U535CEU6Q, STM32U535JEY6QTR, STM32U535NCY6QTR, STM32U535NEY6QTR, STM32U535RBI6, STM32U535RBI6Q, STM32U535RBT6, STM32U535RBT6Q, STM32U535RCI6, STM32U535RCI6Q, STM32U535RCT6, STM32U535RCT6Q, STM32U535REI6, STM32U535REI6Q, STM32U535RET6, STM32U535RET6Q, STM32U535VCI6, STM32U535VCI6Q, STM32U535VCT6, STM32U535VCT6Q, STM32U535VEI6, STM32U535VEI6Q, STM32U535VET6, STM32U535VET6Q, STM32U545CET6, STM32U545CET6Q, STM32U545CEU6, STM32U545CEU6Q, STM32U545JEY6QTR, STM32U545NEY6QTR, STM32U545REI6, STM32U545REI6Q, STM32U545RET6, STM32U545RET6Q, STM32U545VEI6, STM32U545VEI6Q, STM32U545VET6, STM32U545VET6Q, STM32U595AIH6, STM32U595AIH6Q, STM32U595AJH6, STM32U595AJH6Q, STM32U595QII6, STM32U595QII6Q, STM32U595QJI6, STM32U595QJI6Q, STM32U595RIT6, STM32U595RIT6Q, STM32U595RJT6, STM32U595RJT6Q, STM32U595VIT6, STM32U595VIT6Q, STM32U595VJT6, STM32U595VJT6Q, STM32U595ZIT6, STM32U595ZIT6Q, STM32U595ZIY6QTR, STM32U595ZJT6, STM32U595ZJT6Q, STM32U595ZJY6QTR, STM32U599BJY6QTR, STM32U599NIH6Q, STM32U599NJH6Q, STM32U599VIT6Q, STM32U599VJT6, STM32U599VJT6Q, STM32U599ZIT6Q, STM32U599ZIY6QTR, STM32U599ZJT6Q, STM32U599ZJY6QTR, STM32U5A5AJH6, STM32U5A5AJH6Q, STM32U5A5QJI6, STM32U5A5QJI6Q, STM32U5A5RJT6, STM32U5A5RJT6Q, STM32U5A5VJT6, STM32U5A5VJT6Q, STM32U5A5ZJT6, STM32U5A5ZJT6Q, STM32U5A5ZJY6QTR, STM32U5A9BJY6QTR, STM32U5A9J-DK, STM32U5A9NJH6Q, STM32U5A9VJT6Q, STM32U5A9ZJT6Q, STM32U5A9ZJY6QTR, STM32WB1MMCH6, STM32WBA52CEU6, STM32WBA52CEU6T, STM32WBA52CGU6, STM32WBA52CGU6T, STM32WL5MOCH6, STM32WL5MOCH6TR]
2023-07-25 20:53:35,420 [INFO] DbMcus:216 - Found 3825 MCUs, 3825 are supported
2023-07-25 20:53:35,422 [INFO] ApiDb:423 - Load user favorites file C:\Users\mathi/.stm32cubeide/favorites.mcus.txt: 0 item(s)
2023-07-25 20:53:35,423 [INFO] ApiDb:427 - User favorites MCUs=[]
2023-07-25 20:53:35,423 [INFO] DbMcus:222 - Set 0 / 0 favorites MCUs
2023-07-25 20:53:35,642 [INFO] ApiDb:668 - CubeFinder database Data Model version=2.1
2023-07-25 20:53:35,642 [INFO] ApiDb:669 - CubeFinder database Configuration version=3.0.37
2023-07-25 20:53:35,642 [INFO] ApiDb:670 - CubeFinder database generation date=2023-06-26 (1687786131)
2023-07-25 20:53:35,642 [INFO] ApiDb:671 - CubeFinder database FW Pack versions=[FP-ATR-ASTRA1_V2.0.0, FP-SNS-FLIGHT1_V5.0.1, FP-SNS-MOTENV1_V4.3.1, STM32Cube_FW_C0_V1.1.0, STM32Cube_FW_F4_V1.27.1, STM32Cube_FW_F7_V1.17.0, STM32Cube_FW_G0_V1.6.1, STM32Cube_FW_G4_V1.5.1, STM32Cube_FW_H5_V0.5.1, STM32Cube_FW_H5_V1.1.0, STM32Cube_FW_H7_V1.11.0, STM32Cube_FW_L0_V1.12.2, STM32Cube_FW_L5_V1.5.0, STM32Cube_FW_U5_V1.3.0, STM32Cube_FW_U5_V1.3.0RC4, STM32Cube_FW_WBA_V1.0.0RC1, STM32Cube_FW_WBA_V1.1.0, STM32Cube_FW_WBA_V1.1.0RC1, STM32Cube_FW_WB_V1.15.0RC1, STM32Cube_FW_WB_V1.16.0, STM32Cube_FW_WB_V1.16.0RC2, STM32Cube_FW_WB_V1.17.0, STM32Cube_FW_WL_V1.3.0, X-CUBE-ALGOBUILD_V1.3.0, X-CUBE-ALS_V1.0.1, X-CUBE-AZRTOS-F4_V1.1.0, X-CUBE-AZRTOS-F7_V1.1.0, X-CUBE-AZRTOS-G0_V1.1.0, X-CUBE-AZRTOS-G4_V2.0.0, X-CUBE-AZRTOS-H7_V3.1.0, X-CUBE-AZRTOS-L4_V1.0.0, X-CUBE-AZRTOS-L4_V2.0.0, X-CUBE-AZRTOS-L5_V1.1.0, X-CUBE-AZRTOS-WB_V1.1.0, X-CUBE-AZRTOS-WL_V2.0.0, X-CUBE-BLE1_V6.2.4, X-CUBE-BLE2_V3.3.0, X-CUBE-BLEMGR_V2.0.0, X-CUBE-EEPRMA1_V4.1.0, X-CUBE-FREERTOS_V1.0.1, X-CUBE-GNSS1_V6.0.0, X-CUBE-MEMS1_V9.1.0, X-CUBE-MEMS1_V9.4.0, X-CUBE-MEMS1_V9.6.0, X-CUBE-NFC4_V3.0.0, X-CUBE-NFC7_V1.0.0, X-CUBE-SFXS2LP1_V4.0.0, X-CUBE-SUBG2_V5.0.0]
2023-07-25 20:53:35,686 [INFO] DbBoardsSqlite:226 - include board P-NUCLEO-WB55-NUCLEO as a kit item of type 'Nucleo-64'
2023-07-25 20:53:35,686 [INFO] DbBoardsSqlite:226 - include board P-NUCLEO-WB55-USBDONGLE as a kit item of type 'Nucleo USB Dongle'
2023-07-25 20:53:35,687 [INFO] DbBoardsSqlite:226 - include board STEVAL-IDP005V1 as a kit item of type 'Evaluation Board'
2023-07-25 20:53:35,687 [INFO] DbBoardsSqlite:226 - include board STEVAL-IDP005V2 as a kit item of type 'Evaluation Board'
2023-07-25 20:53:35,725 [INFO] ApiDb:240 - Found 297 in-development CPN: [B-G473E-ZEST1S, B-WB1M-WPAN1, B-WL5M-SUBG1, NUCLEO-C031C6, NUCLEO-H503RB, NUCLEO-H563ZI, NUCLEO-U545RE-Q, NUCLEO-U5A5ZJ-Q, NUCLEO-WBA52CG, STEVAL-PROTEUS1, STEVAL-STWINBX1, STM320518-EVAL, STM32C0116-DK, STM32C011D6Y3TR, STM32C011D6Y6TR, STM32C011F4P3, STM32C011F4P6, STM32C011F4U3, STM32C011F4U6TR, STM32C011F6P3, STM32C011F6P6, STM32C011F6U3, STM32C011F6U6TR, STM32C011J4M3, STM32C011J4M6, STM32C011J6M3, STM32C011J6M6, STM32C0316-DK, STM32C031C4T3, STM32C031C4T6, STM32C031C4U3, STM32C031C4U6, STM32C031C6T3, STM32C031C6T6, STM32C031C6U3, STM32C031C6U6, STM32C031F4P3, STM32C031F4P6, STM32C031F6P3, STM32C031F6P6, STM32C031G4U3, STM32C031G4U6, STM32C031G6U3, STM32C031G6U6, STM32C031K4T3, STM32C031K4T6, STM32C031K4U3, STM32C031K4U6, STM32C031K6T3, STM32C031K6T6, STM32C031K6U3, STM32C031K6U6, STM32G071K8TXN, STM32G071K8UXN, STM32G081GBU6N, STM32G081KBT6N, STM32G081KBUXN, STM32G0B1CCT6N, STM32G0B1KCT6, STM32G0B1NEY6TR, STM32G0B1RCT6N, STM32G0C1CCT6, STM32G0C1CCT6N, STM32G0C1CCU6N, STM32G0C1CET6N, STM32G0C1CEU6N, STM32G0C1KCT6, STM32G0C1NEY6TR, STM32G0C1RCI6N, STM32G0C1RCT6N, STM32G0C1REI6N, STM32G0C1RET6N, STM32G0C1VCI6, STM32G0C1VEI6, STM32G471CCT6, STM32G471CCU6, STM32G471CET3, STM32G471CET6, STM32G471CEU3, STM32G471CEU6, STM32G471MCT6, STM32G471MET3, STM32G471MET6, STM32G471MEY6TR, STM32G471QCT6, STM32G471QET3, STM32G471RCT6, STM32G471RET3, STM32G471RET6, STM32G471VCH6, STM32G471VCI6, STM32G471VCT6, STM32G471VEH3, STM32G471VEH6, STM32G471VEI3, STM32G471VEI6, STM32G471VET3, STM32G471VET6, STM32G474CCT6, STM32H503CBT6, STM32H503CBU6, STM32H503EBY6TR, STM32H503KBU6, STM32H503RBT6, STM32H562AGI6, STM32H562AII6, STM32H562IGK6, STM32H562IGT6, STM32H562IIK6, STM32H562IIT6, STM32H562RGT6, STM32H562RGV6, STM32H562RIT6, STM32H562RIV6, STM32H562VGT6, STM32H562VIT6, STM32H562ZGT6, STM32H562ZIT6, STM32H563AGI6, STM32H563AII3Q, STM32H563AII6, STM32H563IGK6, STM32H563IGT6, STM32H563IIK3Q, STM32H563IIK6, STM32H563IIT3Q, STM32H563IIT6, STM32H563MIY3QTR, STM32H563RGT6, STM32H563RGV6, STM32H563RIT6, STM32H563RIV6, STM32H563VGT6, STM32H563VIT3Q, STM32H563VIT6, STM32H563ZGT6, STM32H563ZIT3Q, STM32H563ZIT6, STM32H573AII3Q, STM32H573AII6, STM32H573I-DK, STM32H573IIK3Q, STM32H573IIK6, STM32H573IIT3Q, STM32H573IIT6, STM32H573MIY3QTR, STM32H573RIT6, STM32H573RIV6, STM32H573VIT3Q, STM32H573VIT6, STM32H573ZIT3Q, STM32H573ZIT6, STM32L4R5QGI6STR, STM32MP131AAE3, STM32MP131AAF3, STM32MP131AAG3, STM32MP131CAE3, STM32MP131CAF3, STM32MP131CAG3, STM32MP131DAE7, STM32MP131DAF7, STM32MP131DAG7, STM32MP131FAE7, STM32MP131FAF7, STM32MP131FAG7, STM32MP133AAE3, STM32MP133AAF3, STM32MP133AAG3, STM32MP133CAE3, STM32MP133CAF3, STM32MP133CAG3, STM32MP133DAE7, STM32MP133DAF7, STM32MP133DAG7, STM32MP133FAE7, STM32MP133FAF7, STM32MP133FAG7, STM32MP135AAE3, STM32MP135AAF3, STM32MP135AAG3, STM32MP135CAE3, STM32MP135CAF3, STM32MP135CAG3, STM32MP135DAE7, STM32MP135DAF7, STM32MP135DAG7, STM32MP135F-DK, STM32MP135FAE7, STM32MP135FAF7, STM32MP135FAF7T, STM32MP135FAF7U, STM32MP135FAG7, STM32U535CBT6, STM32U535CBT6Q, STM32U535CBU6, STM32U535CBU6Q, STM32U535CCT6, STM32U535CCT6Q, STM32U535CCU6, STM32U535CCU6Q, STM32U535CET6, STM32U535CET6Q, STM32U535CEU6, STM32U535CEU6Q, STM32U535JEY6QTR, STM32U535NCY6QTR, STM32U535NEY6QTR, STM32U535RBI6, STM32U535RBI6Q, STM32U535RBT6, STM32U535RBT6Q, STM32U535RCI6, STM32U535RCI6Q, STM32U535RCT6, STM32U535RCT6Q, STM32U535REI6, STM32U535REI6Q, STM32U535RET6, STM32U535RET6Q, STM32U535VCI6, STM32U535VCI6Q, STM32U535VCT6, STM32U535VCT6Q, STM32U535VEI6, STM32U535VEI6Q, STM32U535VET6, STM32U535VET6Q, STM32U545CET6, STM32U545CET6Q, STM32U545CEU6, STM32U545CEU6Q, STM32U545JEY6QTR, STM32U545NEY6QTR, STM32U545REI6, STM32U545REI6Q, STM32U545RET6, STM32U545RET6Q, STM32U545VEI6, STM32U545VEI6Q, STM32U545VET6, STM32U545VET6Q, STM32U595AIH6, STM32U595AIH6Q, STM32U595AJH6, STM32U595AJH6Q, STM32U595QII6, STM32U595QII6Q, STM32U595QJI6, STM32U595QJI6Q, STM32U595RIT6, STM32U595RIT6Q, STM32U595RJT6, STM32U595RJT6Q, STM32U595VIT6, STM32U595VIT6Q, STM32U595VJT6, STM32U595VJT6Q, STM32U595ZIT6, STM32U595ZIT6Q, STM32U595ZIY6QTR, STM32U595ZJT6, STM32U595ZJT6Q, STM32U595ZJY6QTR, STM32U599BJY6QTR, STM32U599NIH6Q, STM32U599NJH6Q, STM32U599VIT6Q, STM32U599VJT6, STM32U599VJT6Q, STM32U599ZIT6Q, STM32U599ZIY6QTR, STM32U599ZJT6Q, STM32U599ZJY6QTR, STM32U5A5AJH6, STM32U5A5AJH6Q, STM32U5A5QJI6, STM32U5A5QJI6Q, STM32U5A5RJT6, STM32U5A5RJT6Q, STM32U5A5VJT6, STM32U5A5VJT6Q, STM32U5A5ZJT6, STM32U5A5ZJT6Q, STM32U5A5ZJY6QTR, STM32U5A9BJY6QTR, STM32U5A9J-DK, STM32U5A9NJH6Q, STM32U5A9VJT6Q, STM32U5A9ZJT6Q, STM32U5A9ZJY6QTR, STM32WB1MMCH6, STM32WBA52CEU6, STM32WBA52CEU6T, STM32WBA52CGU6, STM32WBA52CGU6T, STM32WL5MOCH6, STM32WL5MOCH6TR]
2023-07-25 20:53:35,835 [INFO] BoardInfo:880 - No configuration file found for board P-NUCLEO-WB55
2023-07-25 20:53:35,836 [INFO] DbBoards:157 - Kit is not supported: P-NUCLEO-WB55
2023-07-25 20:53:35,839 [INFO] BoardInfo:880 - No configuration file found for board STEVAL-BFA001V1B
2023-07-25 20:53:35,839 [INFO] DbBoards:157 - Kit is not supported: STEVAL-BFA001V1B
2023-07-25 20:53:35,840 [INFO] BoardInfo:880 - No configuration file found for board STEVAL-BFA001V2B
2023-07-25 20:53:35,840 [INFO] DbBoards:157 - Kit is not supported: STEVAL-BFA001V2B
2023-07-25 20:53:35,845 [INFO] BoardInfo:880 - No configuration file found for board STEVAL-SMARTAG2
2023-07-25 20:53:35,845 [INFO] DbBoards:157 - Board is not supported: STEVAL-SMARTAG2
2023-07-25 20:53:35,921 [INFO] DbBoards:161 - Found 188 boards, 184 are supported
2023-07-25 20:53:35,926 [INFO] ApiDb:423 - Load user favorites file C:\Users\mathi/.stm32cubeide/favorites.boards.txt: 1 item(s)
2023-07-25 20:53:35,926 [INFO] ApiDb:427 - User favorites Boards=[STM32F407G-DISC1]
2023-07-25 20:53:35,926 [INFO] DbBoards:190 - Set 1 / 1 favorites Boards
2023-07-25 20:53:35,929 [INFO] ApiDb:668 - CubeFinder database Data Model version=2.1
2023-07-25 20:53:35,929 [INFO] ApiDb:669 - CubeFinder database Configuration version=3.0.37
2023-07-25 20:53:35,929 [INFO] ApiDb:670 - CubeFinder database generation date=2023-06-26 (1687786131)
2023-07-25 20:53:35,929 [INFO] ApiDb:671 - CubeFinder database FW Pack versions=[FP-ATR-ASTRA1_V2.0.0, FP-SNS-FLIGHT1_V5.0.1, FP-SNS-MOTENV1_V4.3.1, STM32Cube_FW_C0_V1.1.0, STM32Cube_FW_F4_V1.27.1, STM32Cube_FW_F7_V1.17.0, STM32Cube_FW_G0_V1.6.1, STM32Cube_FW_G4_V1.5.1, STM32Cube_FW_H5_V0.5.1, STM32Cube_FW_H5_V1.1.0, STM32Cube_FW_H7_V1.11.0, STM32Cube_FW_L0_V1.12.2, STM32Cube_FW_L5_V1.5.0, STM32Cube_FW_U5_V1.3.0, STM32Cube_FW_U5_V1.3.0RC4, STM32Cube_FW_WBA_V1.0.0RC1, STM32Cube_FW_WBA_V1.1.0, STM32Cube_FW_WBA_V1.1.0RC1, STM32Cube_FW_WB_V1.15.0RC1, STM32Cube_FW_WB_V1.16.0, STM32Cube_FW_WB_V1.16.0RC2, STM32Cube_FW_WB_V1.17.0, STM32Cube_FW_WL_V1.3.0, X-CUBE-ALGOBUILD_V1.3.0, X-CUBE-ALS_V1.0.1, X-CUBE-AZRTOS-F4_V1.1.0, X-CUBE-AZRTOS-F7_V1.1.0, X-CUBE-AZRTOS-G0_V1.1.0, X-CUBE-AZRTOS-G4_V2.0.0, X-CUBE-AZRTOS-H7_V3.1.0, X-CUBE-AZRTOS-L4_V1.0.0, X-CUBE-AZRTOS-L4_V2.0.0, X-CUBE-AZRTOS-L5_V1.1.0, X-CUBE-AZRTOS-WB_V1.1.0, X-CUBE-AZRTOS-WL_V2.0.0, X-CUBE-BLE1_V6.2.4, X-CUBE-BLE2_V3.3.0, X-CUBE-BLEMGR_V2.0.0, X-CUBE-EEPRMA1_V4.1.0, X-CUBE-FREERTOS_V1.0.1, X-CUBE-GNSS1_V6.0.0, X-CUBE-MEMS1_V9.1.0, X-CUBE-MEMS1_V9.4.0, X-CUBE-MEMS1_V9.6.0, X-CUBE-NFC4_V3.0.0, X-CUBE-NFC7_V1.0.0, X-CUBE-SFXS2LP1_V4.0.0, X-CUBE-SUBG2_V5.0.0]
2023-07-25 20:53:36,523 [INFO] DbExamplesSqlite:376 - Ignored 27 examples not supported by CubeIDE
2023-07-25 20:53:36,524 [INFO] DbExamplesSqlite:377 - Found 7164 examples active
2023-07-25 20:53:36,524 [INFO] DbExamplesSqlite:378 - Found 677 examples obsolete
2023-07-25 20:53:36,525 [INFO] DbExamplesSqlite:379 - Found 0 examples under development
2023-07-25 20:53:36,526 [INFO] DbExamplesSqlite:380 - Found 74 examples not building
2023-07-25 20:53:36,528 [INFO] DbExamples:125 - Found 7211 examples
2023-07-25 20:53:36,582 [ERROR] DbExamples:208 - Found 22 examples with invalid data (board or MCU)
2023-07-25 20:53:36,583 [INFO] DbExamples:222 - Found 91 boards with related examples
2023-07-25 20:53:36,585 [INFO] DbExamples:235 - Found 77 MCUs with related examples
2023-07-25 20:53:36,608 [INFO] ApiDb:423 - Load user favorites file C:\Users\mathi/.stm32cubeide/favorites.examples.txt: 0 item(s)
2023-07-25 20:53:36,609 [INFO] ApiDb:427 - User favorites Examples=[]
2023-07-25 20:53:36,609 [INFO] DbExamples:250 - Set 0 / 0 favorites Examples
2023-07-25 20:53:36,804 [INFO] McuFinderGlobals:66 - Set McuFinderConnectedMode to true
2023-07-25 20:53:36,815 [INFO] MultiScanPanel:200 - Auto-refresh data requested => check proxy status ongoing
2023-07-25 20:53:36,821 [INFO] FinderPluginLoader:95 - Searching for filters in installed packs
2023-07-25 20:53:38,348 [INFO] LoadUrlFilesThread:185 - End of LoadServerUrlFiles without Thread
2023-07-25 20:53:38,368 [INFO] DetailPanel:341 - Set advertising image to C:/Users/mathi/STM32Cube/Repository/\en.prom-stm32h5-mcu-finder.jpg
2023-07-25 20:53:44,598 [INFO] MultiScanPanel:200 - Auto-refresh data requested => check proxy status ongoing
2023-07-25 20:53:44,726 [INFO] LoadUrlFilesThread:185 - End of LoadServerUrlFiles without Thread
2023-07-25 20:53:44,726 [INFO] DetailPanel:341 - Set advertising image to C:/Users/mathi/STM32Cube/Repository/\en.prom-stm32h5-mcu-finder.jpg
2023-07-25 20:53:49,045 [INFO] MultiScanPanel:200 - Auto-refresh data requested => check proxy status ongoing
2023-07-25 20:53:49,051 [INFO] SoftwarePacks:127 - Download is needed for SW pack 'FP-ATR-ASTRA1_V2.0.0'
2023-07-25 20:53:49,053 [INFO] SoftwarePacks:127 - Download is needed for SW pack 'STM32Cube_FW_C0_V1.1.0'
2023-07-25 20:53:49,055 [INFO] SoftwarePacks:127 - Download is needed for SW pack 'STM32Cube_FW_F4_V1.27.1'
2023-07-25 20:53:49,056 [INFO] SoftwarePacks:127 - Download is needed for SW pack 'STM32Cube_FW_F7_V1.17.0'
2023-07-25 20:53:49,058 [INFO] SoftwarePacks:127 - Download is needed for SW pack 'STM32Cube_FW_G0_V1.6.1'
2023-07-25 20:53:49,059 [INFO] SoftwarePacks:127 - Download is needed for SW pack 'STM32Cube_FW_G4_V1.5.1'
2023-07-25 20:53:49,061 [INFO] SoftwarePacks:127 - Download is needed for SW pack 'STM32Cube_FW_H5_V1.1.0'
2023-07-25 20:53:49,063 [INFO] SoftwarePacks:127 - Download is needed for SW pack 'STM32Cube_FW_H7_V1.11.0'
2023-07-25 20:53:49,064 [INFO] SoftwarePacks:127 - Download is needed for SW pack 'STM32Cube_FW_L0_V1.12.2'
2023-07-25 20:53:49,066 [INFO] SoftwarePacks:127 - Download is needed for SW pack 'STM32Cube_FW_L5_V1.5.0'
2023-07-25 20:53:49,068 [INFO] SoftwarePacks:127 - Download is needed for SW pack 'STM32Cube_FW_U5_V1.3.0'
2023-07-25 20:53:49,069 [INFO] SoftwarePacks:127 - Download is needed for SW pack 'STM32Cube_FW_WBA_V1.1.0'
2023-07-25 20:53:49,071 [INFO] SoftwarePacks:127 - Download is needed for SW pack 'STM32Cube_FW_WB_V1.17.0'
2023-07-25 20:53:49,073 [INFO] SoftwarePacks:127 - Download is needed for SW pack 'STM32Cube_FW_WL_V1.3.0'
2023-07-25 20:53:49,073 [INFO] SoftwarePacks:127 - Download is needed for SW pack 'X-CUBE-ALGOBUILD_V1.3.0'
2023-07-25 20:53:49,073 [INFO] SoftwarePacks:127 - Download is needed for SW pack 'X-CUBE-ALS_V1.0.1'
2023-07-25 20:53:49,073 [INFO] SoftwarePacks:127 - Download is needed for SW pack 'X-CUBE-AZRTOS-F4_V1.1.0'
2023-07-25 20:53:49,074 [INFO] SoftwarePacks:127 - Download is needed for SW pack 'X-CUBE-AZRTOS-F7_V1.1.0'
2023-07-25 20:53:49,074 [INFO] SoftwarePacks:127 - Download is needed for SW pack 'X-CUBE-AZRTOS-G0_V1.1.0'
2023-07-25 20:53:49,074 [INFO] SoftwarePacks:127 - Download is needed for SW pack 'X-CUBE-AZRTOS-G4_V2.0.0'
2023-07-25 20:53:49,074 [INFO] SoftwarePacks:127 - Download is needed for SW pack 'X-CUBE-AZRTOS-H7_V3.1.0'
2023-07-25 20:53:49,074 [INFO] SoftwarePacks:127 - Download is needed for SW pack 'X-CUBE-AZRTOS-L4_V2.0.0'
2023-07-25 20:53:49,074 [INFO] SoftwarePacks:127 - Download is needed for SW pack 'X-CUBE-AZRTOS-L5_V1.1.0'
2023-07-25 20:53:49,074 [INFO] SoftwarePacks:127 - Download is needed for SW pack 'X-CUBE-AZRTOS-WB_V1.1.0'
2023-07-25 20:53:49,074 [INFO] SoftwarePacks:127 - Download is needed for SW pack 'X-CUBE-AZRTOS-WL_V2.0.0'
2023-07-25 20:53:49,074 [INFO] SoftwarePacks:127 - Download is needed for SW pack 'X-CUBE-BLE1_V6.2.4'
2023-07-25 20:53:49,074 [INFO] SoftwarePacks:127 - Download is needed for SW pack 'X-CUBE-BLE2_V3.3.0'
2023-07-25 20:53:49,074 [INFO] SoftwarePacks:127 - Download is needed for SW pack 'X-CUBE-BLEMGR_V2.0.0'
2023-07-25 20:53:49,074 [INFO] SoftwarePacks:127 - Download is needed for SW pack 'X-CUBE-EEPRMA1_V4.1.0'
2023-07-25 20:53:49,074 [INFO] SoftwarePacks:127 - Download is needed for SW pack 'X-CUBE-FREERTOS_V1.0.1'
2023-07-25 20:53:49,075 [INFO] SoftwarePacks:127 - Download is needed for SW pack 'X-CUBE-GNSS1_V6.0.0'
2023-07-25 20:53:49,075 [INFO] SoftwarePacks:127 - Download is needed for SW pack 'X-CUBE-MEMS1_V9.6.0'
2023-07-25 20:53:49,075 [INFO] SoftwarePacks:127 - Download is needed for SW pack 'X-CUBE-NFC4_V3.0.0'
2023-07-25 20:53:49,075 [INFO] SoftwarePacks:127 - Download is needed for SW pack 'X-CUBE-NFC7_V1.0.0'
2023-07-25 20:53:49,075 [INFO] SoftwarePacks:127 - Download is needed for SW pack 'X-CUBE-SFXS2LP1_V4.0.0'
2023-07-25 20:53:49,075 [INFO] SoftwarePacks:127 - Download is needed for SW pack 'X-CUBE-SUBG2_V5.0.0'
2023-07-25 20:53:49,982 [INFO] LoadUrlFilesThread:185 - End of LoadServerUrlFiles without Thread
2023-07-25 20:53:49,982 [INFO] DetailPanel:341 - Set advertising image to C:/Users/mathi/STM32Cube/Repository/\en.prom-stm32h5-mcu-finder.jpg
2023-07-25 20:53:49,994 [ERROR] AppliInfo:139 - Unknown STM32CubeMX version: 6.9.0
2023-07-25 20:53:49,995 [ERROR] AppliInfo:139 - Unknown STM32CubeMX version: 6.9.0
2023-07-25 20:53:49,995 [ERROR] AppliInfo:139 - Unknown STM32CubeMX version: 6.9.0
2023-07-25 20:53:49,995 [ERROR] AppliInfo:139 - Unknown STM32CubeMX version: 6.9.0
2023-07-25 20:53:49,995 [ERROR] AppliInfo:139 - Unknown STM32CubeMX version: 6.9.0
2023-07-25 20:53:49,995 [ERROR] AppliInfo:139 - Unknown STM32CubeMX version: 6.9.0
2023-07-25 20:53:49,996 [ERROR] AppliInfo:139 - Unknown STM32CubeMX version: 6.9.0
2023-07-25 20:53:49,996 [ERROR] AppliInfo:139 - Unknown STM32CubeMX version: 6.9.0
2023-07-25 20:53:49,996 [ERROR] AppliInfo:139 - Unknown STM32CubeMX version: 6.9.0
2023-07-25 20:53:49,996 [ERROR] AppliInfo:139 - Unknown STM32CubeMX version: 6.9.0
2023-07-25 20:53:49,997 [ERROR] AppliInfo:139 - Unknown STM32CubeMX version: 6.9.0
2023-07-25 20:53:49,997 [ERROR] AppliInfo:139 - Unknown STM32CubeMX version: 6.9.0
2023-07-25 20:53:49,997 [ERROR] AppliInfo:139 - Unknown STM32CubeMX version: 6.9.0
2023-07-25 20:53:49,997 [ERROR] AppliInfo:139 - Unknown STM32CubeMX version: 6.9.0
2023-07-25 20:53:49,997 [ERROR] AppliInfo:139 - Unknown STM32CubeMX version: 6.9.0
2023-07-25 20:53:49,997 [ERROR] AppliInfo:139 - Unknown STM32CubeMX version: 6.9.0
2023-07-25 20:53:49,998 [ERROR] AppliInfo:139 - Unknown STM32CubeMX version: 6.9.0
2023-07-25 20:53:49,998 [ERROR] AppliInfo:139 - Unknown STM32CubeMX version: 6.9.0
2023-07-25 20:53:49,998 [ERROR] AppliInfo:139 - Unknown STM32CubeMX version: 6.9.0
2023-07-25 20:53:49,998 [ERROR] AppliInfo:139 - Unknown STM32CubeMX version: 6.9.0
2023-07-25 20:53:49,998 [ERROR] AppliInfo:139 - Unknown STM32CubeMX version: 6.9.0
2023-07-25 20:53:49,998 [ERROR] AppliInfo:139 - Unknown STM32CubeMX version: 6.9.0
2023-07-25 20:53:49,999 [ERROR] AppliInfo:139 - Unknown STM32CubeMX version: 6.9.0
2023-07-25 20:53:49,999 [ERROR] AppliInfo:139 - Unknown STM32CubeMX version: 6.9.0
2023-07-25 20:53:49,999 [ERROR] AppliInfo:139 - Unknown STM32CubeMX version: 6.9.0
2023-07-25 20:53:49,999 [ERROR] AppliInfo:139 - Unknown STM32CubeMX version: 6.9.0
2023-07-25 20:53:49,999 [ERROR] AppliInfo:139 - Unknown STM32CubeMX version: 6.9.0
2023-07-25 20:53:50,000 [ERROR] AppliInfo:139 - Unknown STM32CubeMX version: 6.9.0
2023-07-25 20:53:50,000 [ERROR] AppliInfo:139 - Unknown STM32CubeMX version: 6.9.0
2023-07-25 20:53:50,000 [ERROR] AppliInfo:139 - Unknown STM32CubeMX version: 6.9.0
2023-07-25 20:53:50,001 [ERROR] AppliInfo:139 - Unknown STM32CubeMX version: 6.9.0
2023-07-25 20:53:50,001 [ERROR] AppliInfo:139 - Unknown STM32CubeMX version: 6.9.0
2023-07-25 20:53:50,001 [ERROR] AppliInfo:139 - Unknown STM32CubeMX version: 6.9.0
2023-07-25 20:53:50,001 [ERROR] AppliInfo:139 - Unknown STM32CubeMX version: 6.9.0
2023-07-25 20:53:50,001 [ERROR] AppliInfo:139 - Unknown STM32CubeMX version: 6.9.0
2023-07-25 20:53:50,001 [ERROR] AppliInfo:139 - Unknown STM32CubeMX version: 6.9.0
2023-07-25 20:53:50,001 [ERROR] AppliInfo:139 - Unknown STM32CubeMX version: 6.9.0
2023-07-25 20:53:50,002 [ERROR] AppliInfo:139 - Unknown STM32CubeMX version: 6.9.0
2023-07-25 20:53:50,002 [ERROR] AppliInfo:139 - Unknown STM32CubeMX version: 6.9.0
2023-07-25 20:53:50,002 [ERROR] AppliInfo:139 - Unknown STM32CubeMX version: 6.9.0
2023-07-25 20:53:50,002 [ERROR] AppliInfo:139 - Unknown STM32CubeMX version: 6.9.0
2023-07-25 20:53:50,002 [ERROR] AppliInfo:139 - Unknown STM32CubeMX version: 6.9.0
2023-07-25 20:53:50,002 [ERROR] AppliInfo:139 - Unknown STM32CubeMX version: 6.9.0
2023-07-25 20:53:50,002 [ERROR] AppliInfo:139 - Unknown STM32CubeMX version: 6.9.0
2023-07-25 20:53:50,002 [ERROR] AppliInfo:139 - Unknown STM32CubeMX version: 6.9.0
2023-07-25 20:53:50,003 [ERROR] AppliInfo:139 - Unknown STM32CubeMX version: 6.9.0
2023-07-25 20:53:50,003 [ERROR] AppliInfo:139 - Unknown STM32CubeMX version: 6.9.0
2023-07-25 20:53:50,003 [ERROR] AppliInfo:139 - Unknown STM32CubeMX version: 6.9.0
2023-07-25 20:53:50,003 [ERROR] AppliInfo:139 - Unknown STM32CubeMX version: 6.9.0
2023-07-25 20:53:50,003 [ERROR] AppliInfo:139 - Unknown STM32CubeMX version: 6.9.0
2023-07-25 20:53:50,003 [ERROR] AppliInfo:139 - Unknown STM32CubeMX version: 6.9.0
2023-07-25 20:53:50,003 [ERROR] AppliInfo:139 - Unknown STM32CubeMX version: 6.9.0
2023-07-25 20:53:50,004 [ERROR] AppliInfo:139 - Unknown STM32CubeMX version: 6.9.0
2023-07-25 20:53:50,004 [ERROR] AppliInfo:139 - Unknown STM32CubeMX version: 6.9.0
2023-07-25 20:53:50,004 [ERROR] AppliInfo:139 - Unknown STM32CubeMX version: 6.9.0
2023-07-25 20:53:50,004 [ERROR] AppliInfo:139 - Unknown STM32CubeMX version: 6.9.0
2023-07-25 20:53:50,004 [ERROR] AppliInfo:139 - Unknown STM32CubeMX version: 6.9.0
2023-07-25 20:53:50,005 [ERROR] AppliInfo:139 - Unknown STM32CubeMX version: 6.9.0
2023-07-25 20:53:50,005 [ERROR] AppliInfo:139 - Unknown STM32CubeMX version: 6.9.0
2023-07-25 20:53:50,005 [ERROR] AppliInfo:139 - Unknown STM32CubeMX version: 6.9.0
2023-07-25 20:53:50,005 [ERROR] AppliInfo:139 - Unknown STM32CubeMX version: 6.9.0
2023-07-25 20:53:50,006 [ERROR] AppliInfo:139 - Unknown STM32CubeMX version: 6.9.0
2023-07-25 20:53:50,006 [ERROR] AppliInfo:139 - Unknown STM32CubeMX version: 6.9.0
2023-07-25 20:53:50,006 [ERROR] AppliInfo:139 - Unknown STM32CubeMX version: 6.9.0
2023-07-25 20:53:50,006 [ERROR] AppliInfo:139 - Unknown STM32CubeMX version: 6.9.0
2023-07-25 20:53:50,007 [ERROR] AppliInfo:139 - Unknown STM32CubeMX version: 6.9.0
2023-07-25 20:53:50,007 [ERROR] AppliInfo:139 - Unknown STM32CubeMX version: 6.9.0
2023-07-25 20:53:50,007 [ERROR] AppliInfo:139 - Unknown STM32CubeMX version: 6.9.0
2023-07-25 20:53:50,007 [ERROR] AppliInfo:139 - Unknown STM32CubeMX version: 6.9.0
2023-07-25 20:53:50,007 [ERROR] AppliInfo:139 - Unknown STM32CubeMX version: 6.9.0
2023-07-25 20:53:50,007 [ERROR] AppliInfo:139 - Unknown STM32CubeMX version: 6.9.0
2023-07-25 20:53:50,008 [ERROR] AppliInfo:139 - Unknown STM32CubeMX version: 6.9.0
2023-07-25 20:53:50,008 [ERROR] AppliInfo:139 - Unknown STM32CubeMX version: 6.9.0
2023-07-25 20:53:50,008 [ERROR] AppliInfo:139 - Unknown STM32CubeMX version: 6.9.0
2023-07-25 20:53:50,008 [ERROR] AppliInfo:139 - Unknown STM32CubeMX version: 6.9.0
2023-07-25 20:53:50,008 [ERROR] AppliInfo:139 - Unknown STM32CubeMX version: 6.9.0
2023-07-25 20:53:50,008 [ERROR] AppliInfo:139 - Unknown STM32CubeMX version: 6.9.0
2023-07-25 20:53:50,009 [ERROR] AppliInfo:139 - Unknown STM32CubeMX version: 6.9.0
2023-07-25 20:53:50,009 [ERROR] AppliInfo:139 - Unknown STM32CubeMX version: 6.9.0
2023-07-25 20:53:50,009 [ERROR] AppliInfo:139 - Unknown STM32CubeMX version: 6.9.0
2023-07-25 20:53:50,009 [ERROR] AppliInfo:139 - Unknown STM32CubeMX version: 6.9.0
2023-07-25 20:53:50,009 [ERROR] AppliInfo:139 - Unknown STM32CubeMX version: 6.9.0
2023-07-25 20:53:50,010 [ERROR] AppliInfo:139 - Unknown STM32CubeMX version: 6.9.0
2023-07-25 20:53:50,010 [ERROR] AppliInfo:139 - Unknown STM32CubeMX version: 6.9.0
2023-07-25 20:53:50,010 [ERROR] AppliInfo:139 - Unknown STM32CubeMX version: 6.9.0
2023-07-25 20:53:50,010 [ERROR] AppliInfo:139 - Unknown STM32CubeMX version: 6.9.0
2023-07-25 20:53:50,011 [ERROR] AppliInfo:139 - Unknown STM32CubeMX version: 6.9.0
2023-07-25 20:53:50,011 [ERROR] AppliInfo:139 - Unknown STM32CubeMX version: 6.9.0
2023-07-25 20:53:50,011 [ERROR] AppliInfo:139 - Unknown STM32CubeMX version: 6.9.0
2023-07-25 20:53:50,012 [ERROR] AppliInfo:139 - Unknown STM32CubeMX version: 6.9.0
2023-07-25 20:53:50,012 [ERROR] AppliInfo:139 - Unknown STM32CubeMX version: 6.9.0
2023-07-25 20:53:50,013 [ERROR] AppliInfo:139 - Unknown STM32CubeMX version: 6.9.0
2023-07-25 20:53:50,013 [ERROR] AppliInfo:139 - Unknown STM32CubeMX version: 6.9.0
2023-07-25 20:53:50,014 [ERROR] AppliInfo:139 - Unknown STM32CubeMX version: 6.9.0
2023-07-25 20:53:50,014 [ERROR] AppliInfo:139 - Unknown STM32CubeMX version: 6.9.0
2023-07-25 20:53:50,015 [ERROR] AppliInfo:139 - Unknown STM32CubeMX version: 6.9.0
2023-07-25 20:53:50,015 [ERROR] AppliInfo:139 - Unknown STM32CubeMX version: 6.9.0
2023-07-25 20:53:50,017 [ERROR] AppliInfo:139 - Unknown STM32CubeMX version: 6.9.0
2023-07-25 20:53:50,017 [ERROR] AppliInfo:139 - Unknown STM32CubeMX version: 6.9.0
2023-07-25 20:53:50,017 [ERROR] AppliInfo:139 - Unknown STM32CubeMX version: 6.9.0
2023-07-25 20:53:50,018 [ERROR] AppliInfo:139 - Unknown STM32CubeMX version: 6.9.0
2023-07-25 20:53:50,018 [ERROR] AppliInfo:139 - Unknown STM32CubeMX version: 6.9.0
2023-07-25 20:53:50,018 [ERROR] AppliInfo:139 - Unknown STM32CubeMX version: 6.9.0
2023-07-25 20:53:50,262 [ERROR] AppliInfo:139 - Unknown STM32CubeMX version: 6.9.0
2023-07-25 20:53:50,262 [ERROR] AppliInfo:139 - Unknown STM32CubeMX version: 6.9.0
2023-07-25 20:53:50,265 [ERROR] AppliInfo:139 - Unknown STM32CubeMX version: 6.9.0
2023-07-25 20:53:50,265 [ERROR] AppliInfo:139 - Unknown STM32CubeMX version: 6.9.0
2023-07-25 20:53:50,266 [ERROR] AppliInfo:139 - Unknown STM32CubeMX version: 6.9.0
2023-07-25 20:53:50,267 [ERROR] AppliInfo:139 - Unknown STM32CubeMX version: 6.9.0
2023-07-25 20:53:50,267 [ERROR] AppliInfo:139 - Unknown STM32CubeMX version: 6.9.0
2023-07-25 20:53:50,267 [ERROR] AppliInfo:139 - Unknown STM32CubeMX version: 6.9.0
2023-07-25 20:53:50,267 [ERROR] AppliInfo:139 - Unknown STM32CubeMX version: 6.9.0
2023-07-25 20:53:50,267 [ERROR] AppliInfo:139 - Unknown STM32CubeMX version: 6.9.0
2023-07-25 20:53:50,267 [ERROR] AppliInfo:139 - Unknown STM32CubeMX version: 6.9.0
2023-07-25 20:53:50,267 [ERROR] AppliInfo:139 - Unknown STM32CubeMX version: 6.9.0
2023-07-25 20:53:50,271 [ERROR] AppliInfo:139 - Unknown STM32CubeMX version: 6.9.0
2023-07-25 20:53:50,272 [ERROR] AppliInfo:139 - Unknown STM32CubeMX version: 6.9.0
2023-07-25 20:53:50,272 [ERROR] AppliInfo:139 - Unknown STM32CubeMX version: 6.9.0
2023-07-25 20:53:50,272 [ERROR] AppliInfo:139 - Unknown STM32CubeMX version: 6.9.0
2023-07-25 20:53:50,272 [ERROR] AppliInfo:139 - Unknown STM32CubeMX version: 6.9.0
2023-07-25 20:53:50,272 [ERROR] AppliInfo:139 - Unknown STM32CubeMX version: 6.9.0
2023-07-25 20:53:50,272 [ERROR] AppliInfo:139 - Unknown STM32CubeMX version: 6.9.0
2023-07-25 20:53:50,280 [ERROR] AppliInfo:139 - Unknown STM32CubeMX version: 6.9.0
2023-07-25 20:53:50,280 [ERROR] AppliInfo:139 - Unknown STM32CubeMX version: 6.9.0
2023-07-25 20:53:50,281 [ERROR] AppliInfo:139 - Unknown STM32CubeMX version: 6.9.0
2023-07-25 20:53:50,281 [ERROR] AppliInfo:139 - Unknown STM32CubeMX version: 6.9.0
2023-07-25 20:53:50,281 [ERROR] AppliInfo:139 - Unknown STM32CubeMX version: 6.9.0
2023-07-25 20:53:50,281 [ERROR] AppliInfo:139 - Unknown STM32CubeMX version: 6.9.0
2023-07-25 20:53:50,281 [ERROR] AppliInfo:139 - Unknown STM32CubeMX version: 6.9.0
2023-07-25 20:53:50,281 [ERROR] AppliInfo:139 - Unknown STM32CubeMX version: 6.9.0
2023-07-25 20:53:50,282 [ERROR] AppliInfo:139 - Unknown STM32CubeMX version: 6.9.0
2023-07-25 20:53:50,282 [ERROR] AppliInfo:139 - Unknown STM32CubeMX version: 6.9.0
2023-07-25 20:53:50,282 [ERROR] AppliInfo:139 - Unknown STM32CubeMX version: 6.9.0
2023-07-25 20:53:50,282 [ERROR] AppliInfo:139 - Unknown STM32CubeMX version: 6.9.0
2023-07-25 20:53:50,282 [ERROR] AppliInfo:139 - Unknown STM32CubeMX version: 6.9.0
2023-07-25 20:53:50,287 [ERROR] AppliInfo:139 - Unknown STM32CubeMX version: 6.9.0
2023-07-25 20:53:50,292 [ERROR] AppliInfo:139 - Unknown STM32CubeMX version: 6.9.0
2023-07-25 20:53:50,292 [ERROR] AppliInfo:139 - Unknown STM32CubeMX version: 6.9.0
2023-07-25 20:53:50,293 [ERROR] AppliInfo:139 - Unknown STM32CubeMX version: 6.9.0
2023-07-25 20:53:50,294 [ERROR] AppliInfo:139 - Unknown STM32CubeMX version: 6.9.0
2023-07-25 20:53:50,295 [ERROR] AppliInfo:139 - Unknown STM32CubeMX version: 6.9.0
2023-07-25 20:53:50,296 [ERROR] AppliInfo:139 - Unknown STM32CubeMX version: 6.9.0
2023-07-25 20:53:50,297 [ERROR] AppliInfo:139 - Unknown STM32CubeMX version: 6.9.0
2023-07-25 20:53:50,298 [ERROR] AppliInfo:139 - Unknown STM32CubeMX version: 6.9.0
2023-07-25 20:53:50,298 [ERROR] AppliInfo:139 - Unknown STM32CubeMX version: 6.9.0
2023-07-25 20:53:50,299 [ERROR] AppliInfo:139 - Unknown STM32CubeMX version: 6.9.0
2023-07-25 20:53:50,299 [ERROR] AppliInfo:139 - Unknown STM32CubeMX version: 6.9.0
2023-07-25 20:53:50,299 [ERROR] AppliInfo:139 - Unknown STM32CubeMX version: 6.9.0
2023-07-25 20:53:50,505 [ERROR] AppliInfo:139 - Unknown STM32CubeMX version: 6.9.0
2023-07-25 20:53:50,505 [ERROR] AppliInfo:139 - Unknown STM32CubeMX version: 6.9.0
2023-07-25 20:53:50,506 [ERROR] AppliInfo:139 - Unknown STM32CubeMX version: 6.9.0
2023-07-25 20:53:50,526 [ERROR] AppliInfo:139 - Unknown STM32CubeMX version: 6.9.0
2023-07-25 20:53:50,526 [ERROR] AppliInfo:139 - Unknown STM32CubeMX version: 6.9.0
2023-07-25 20:53:50,526 [ERROR] AppliInfo:139 - Unknown STM32CubeMX version: 6.9.0
2023-07-25 20:53:50,526 [ERROR] AppliInfo:139 - Unknown STM32CubeMX version: 6.9.0
2023-07-25 20:53:50,527 [ERROR] AppliInfo:139 - Unknown STM32CubeMX version: 6.9.0
2023-07-25 20:53:50,527 [ERROR] AppliInfo:139 - Unknown STM32CubeMX version: 6.9.0
2023-07-25 20:53:50,527 [ERROR] AppliInfo:139 - Unknown STM32CubeMX version: 6.9.0
2023-07-25 20:53:50,527 [ERROR] AppliInfo:139 - Unknown STM32CubeMX version: 6.9.0
2023-07-25 20:53:50,527 [ERROR] AppliInfo:139 - Unknown STM32CubeMX version: 6.9.0
2023-07-25 20:53:50,527 [ERROR] AppliInfo:139 - Unknown STM32CubeMX version: 6.9.0
2023-07-25 20:53:50,527 [ERROR] AppliInfo:139 - Unknown STM32CubeMX version: 6.9.0
2023-07-25 20:53:50,528 [ERROR] AppliInfo:139 - Unknown STM32CubeMX version: 6.9.0
2023-07-25 20:53:50,528 [ERROR] AppliInfo:139 - Unknown STM32CubeMX version: 6.9.0
2023-07-25 20:53:50,528 [ERROR] AppliInfo:139 - Unknown STM32CubeMX version: 6.9.0
2023-07-25 20:53:50,528 [ERROR] AppliInfo:139 - Unknown STM32CubeMX version: 6.9.0
2023-07-25 20:53:50,528 [ERROR] AppliInfo:139 - Unknown STM32CubeMX version: 6.9.0
2023-07-25 20:53:50,529 [ERROR] AppliInfo:139 - Unknown STM32CubeMX version: 6.9.0
2023-07-25 20:53:50,529 [ERROR] AppliInfo:139 - Unknown STM32CubeMX version: 6.9.0
2023-07-25 20:53:50,530 [ERROR] AppliInfo:139 - Unknown STM32CubeMX version: 6.9.0
2023-07-25 20:53:50,530 [ERROR] AppliInfo:139 - Unknown STM32CubeMX version: 6.9.0
2023-07-25 20:53:50,530 [ERROR] AppliInfo:139 - Unknown STM32CubeMX version: 6.9.0
2023-07-25 20:53:50,530 [ERROR] AppliInfo:139 - Unknown STM32CubeMX version: 6.9.0
2023-07-25 20:53:50,531 [ERROR] AppliInfo:139 - Unknown STM32CubeMX version: 6.9.0
2023-07-25 20:53:50,531 [ERROR] AppliInfo:139 - Unknown STM32CubeMX version: 6.9.0
2023-07-25 20:53:50,531 [ERROR] AppliInfo:139 - Unknown STM32CubeMX version: 6.9.0
2023-07-25 20:53:50,531 [ERROR] AppliInfo:139 - Unknown STM32CubeMX version: 6.9.0
2023-07-25 20:53:50,532 [ERROR] AppliInfo:139 - Unknown STM32CubeMX version: 6.9.0
2023-07-25 20:53:50,532 [ERROR] AppliInfo:139 - Unknown STM32CubeMX version: 6.9.0
2023-07-25 20:53:50,532 [ERROR] AppliInfo:139 - Unknown STM32CubeMX version: 6.9.0
2023-07-25 20:53:50,532 [ERROR] AppliInfo:139 - Unknown STM32CubeMX version: 6.9.0
2023-07-25 20:53:50,533 [ERROR] AppliInfo:139 - Unknown STM32CubeMX version: 6.9.0
2023-07-25 20:53:50,533 [ERROR] AppliInfo:139 - Unknown STM32CubeMX version: 6.9.0
2023-07-25 20:53:50,533 [ERROR] AppliInfo:139 - Unknown STM32CubeMX version: 6.9.0
2023-07-25 20:53:50,533 [ERROR] AppliInfo:139 - Unknown STM32CubeMX version: 6.9.0
2023-07-25 20:53:50,533 [ERROR] AppliInfo:139 - Unknown STM32CubeMX version: 6.9.0
2023-07-25 20:53:50,533 [ERROR] AppliInfo:139 - Unknown STM32CubeMX version: 6.9.0
2023-07-25 20:53:50,535 [ERROR] AppliInfo:139 - Unknown STM32CubeMX version: 6.9.0
2023-07-25 20:53:50,535 [ERROR] AppliInfo:139 - Unknown STM32CubeMX version: 6.9.0
2023-07-25 20:53:50,535 [ERROR] AppliInfo:139 - Unknown STM32CubeMX version: 6.9.0
2023-07-25 20:53:50,535 [ERROR] AppliInfo:139 - Unknown STM32CubeMX version: 6.9.0
2023-07-25 20:53:50,535 [ERROR] AppliInfo:139 - Unknown STM32CubeMX version: 6.9.0
2023-07-25 20:53:50,535 [ERROR] AppliInfo:139 - Unknown STM32CubeMX version: 6.9.0
2023-07-25 20:53:50,536 [ERROR] AppliInfo:139 - Unknown STM32CubeMX version: 6.9.0
2023-07-25 20:53:50,536 [ERROR] AppliInfo:139 - Unknown STM32CubeMX version: 6.9.0
2023-07-25 20:53:50,536 [ERROR] AppliInfo:139 - Unknown STM32CubeMX version: 6.9.0
2023-07-25 20:53:50,536 [ERROR] AppliInfo:139 - Unknown STM32CubeMX version: 6.9.0
2023-07-25 20:53:50,536 [ERROR] AppliInfo:139 - Unknown STM32CubeMX version: 6.9.0
2023-07-25 20:53:50,536 [ERROR] AppliInfo:139 - Unknown STM32CubeMX version: 6.9.0
2023-07-25 20:53:50,536 [ERROR] AppliInfo:139 - Unknown STM32CubeMX version: 6.9.0
2023-07-25 20:53:50,537 [ERROR] AppliInfo:139 - Unknown STM32CubeMX version: 6.9.0
2023-07-25 20:53:50,537 [ERROR] AppliInfo:139 - Unknown STM32CubeMX version: 6.9.0
2023-07-25 20:53:50,537 [ERROR] AppliInfo:139 - Unknown STM32CubeMX version: 6.9.0
2023-07-25 20:53:50,537 [ERROR] AppliInfo:139 - Unknown STM32CubeMX version: 6.9.0
2023-07-25 20:53:50,537 [ERROR] AppliInfo:139 - Unknown STM32CubeMX version: 6.9.0
2023-07-25 20:53:50,537 [ERROR] AppliInfo:139 - Unknown STM32CubeMX version: 6.9.0
2023-07-25 20:53:50,537 [ERROR] AppliInfo:139 - Unknown STM32CubeMX version: 6.9.0
2023-07-25 20:53:50,537 [ERROR] AppliInfo:139 - Unknown STM32CubeMX version: 6.9.0
2023-07-25 20:53:50,538 [ERROR] AppliInfo:139 - Unknown STM32CubeMX version: 6.9.0
2023-07-25 20:53:50,538 [ERROR] AppliInfo:139 - Unknown STM32CubeMX version: 6.9.0
2023-07-25 20:53:50,538 [ERROR] AppliInfo:139 - Unknown STM32CubeMX version: 6.9.0
2023-07-25 20:53:50,538 [ERROR] AppliInfo:139 - Unknown STM32CubeMX version: 6.9.0
2023-07-25 20:53:50,538 [ERROR] AppliInfo:139 - Unknown STM32CubeMX version: 6.9.0
2023-07-25 20:53:50,538 [ERROR] AppliInfo:139 - Unknown STM32CubeMX version: 6.9.0
2023-07-25 20:53:50,538 [ERROR] AppliInfo:139 - Unknown STM32CubeMX version: 6.9.0
2023-07-25 20:53:50,545 [ERROR] AppliInfo:139 - Unknown STM32CubeMX version: 6.9.0
2023-07-25 20:53:50,545 [ERROR] AppliInfo:139 - Unknown STM32CubeMX version: 6.9.0
2023-07-25 20:53:50,556 [ERROR] AppliInfo:139 - Unknown STM32CubeMX version: 6.9.0
2023-07-25 20:53:50,557 [ERROR] AppliInfo:139 - Unknown STM32CubeMX version: 6.9.0
2023-07-25 20:53:50,557 [ERROR] AppliInfo:139 - Unknown STM32CubeMX version: 6.9.0
2023-07-25 20:53:50,558 [ERROR] AppliInfo:139 - Unknown STM32CubeMX version: 6.9.0
2023-07-25 20:53:50,559 [ERROR] AppliInfo:139 - Unknown STM32CubeMX version: 6.9.0
2023-07-25 20:53:50,559 [ERROR] AppliInfo:139 - Unknown STM32CubeMX version: 6.9.0
2023-07-25 20:53:50,559 [ERROR] AppliInfo:139 - Unknown STM32CubeMX version: 6.9.0
2023-07-25 20:53:50,560 [ERROR] AppliInfo:139 - Unknown STM32CubeMX version: 6.9.0
2023-07-25 20:53:50,560 [ERROR] AppliInfo:139 - Unknown STM32CubeMX version: 6.9.0
2023-07-25 20:53:50,560 [ERROR] AppliInfo:139 - Unknown STM32CubeMX version: 6.9.0
2023-07-25 20:53:50,584 [ERROR] AppliInfo:139 - Unknown STM32CubeMX version: 6.9.0
2023-07-25 20:53:50,584 [ERROR] AppliInfo:139 - Unknown STM32CubeMX version: 6.9.0
2023-07-25 20:53:50,589 [ERROR] AppliInfo:139 - Unknown STM32CubeMX version: 6.9.0
2023-07-25 20:53:50,590 [ERROR] AppliInfo:139 - Unknown STM32CubeMX version: 6.9.0
2023-07-25 20:53:50,590 [ERROR] AppliInfo:139 - Unknown STM32CubeMX version: 6.9.0
2023-07-25 20:53:50,590 [ERROR] AppliInfo:139 - Unknown STM32CubeMX version: 6.9.0
2023-07-25 20:53:50,590 [ERROR] AppliInfo:139 - Unknown STM32CubeMX version: 6.9.0
2023-07-25 20:53:50,591 [ERROR] AppliInfo:139 - Unknown STM32CubeMX version: 6.9.0
2023-07-25 20:53:50,591 [ERROR] AppliInfo:139 - Unknown STM32CubeMX version: 6.9.0
2023-07-25 20:53:50,591 [ERROR] AppliInfo:139 - Unknown STM32CubeMX version: 6.9.0
2023-07-25 20:53:50,591 [ERROR] AppliInfo:139 - Unknown STM32CubeMX version: 6.9.0
2023-07-25 20:53:50,591 [ERROR] AppliInfo:139 - Unknown STM32CubeMX version: 6.9.0
2023-07-25 20:53:50,592 [ERROR] AppliInfo:139 - Unknown STM32CubeMX version: 6.9.0
2023-07-25 20:53:50,592 [ERROR] AppliInfo:139 - Unknown STM32CubeMX version: 6.9.0
2023-07-25 20:53:50,592 [ERROR] AppliInfo:139 - Unknown STM32CubeMX version: 6.9.0
2023-07-25 20:53:50,592 [ERROR] AppliInfo:139 - Unknown STM32CubeMX version: 6.9.0
2023-07-25 20:53:50,592 [ERROR] AppliInfo:139 - Unknown STM32CubeMX version: 6.9.0
2023-07-25 20:53:50,593 [ERROR] AppliInfo:139 - Unknown STM32CubeMX version: 6.9.0
2023-07-25 20:53:50,593 [ERROR] AppliInfo:139 - Unknown STM32CubeMX version: 6.9.0
2023-07-25 20:53:50,593 [ERROR] AppliInfo:139 - Unknown STM32CubeMX version: 6.9.0
2023-07-25 20:53:50,593 [ERROR] AppliInfo:139 - Unknown STM32CubeMX version: 6.9.0
2023-07-25 20:53:50,593 [ERROR] AppliInfo:139 - Unknown STM32CubeMX version: 6.9.0
2023-07-25 20:53:50,593 [ERROR] AppliInfo:139 - Unknown STM32CubeMX version: 6.9.0
2023-07-25 20:53:50,593 [ERROR] AppliInfo:139 - Unknown STM32CubeMX version: 6.9.0
2023-07-25 20:53:50,594 [ERROR] AppliInfo:139 - Unknown STM32CubeMX version: 6.9.0
2023-07-25 20:53:50,594 [ERROR] AppliInfo:139 - Unknown STM32CubeMX version: 6.9.0
2023-07-25 20:53:50,595 [ERROR] AppliInfo:139 - Unknown STM32CubeMX version: 6.9.0
2023-07-25 20:53:50,595 [ERROR] AppliInfo:139 - Unknown STM32CubeMX version: 6.9.0
2023-07-25 20:53:50,595 [ERROR] AppliInfo:139 - Unknown STM32CubeMX version: 6.9.0
2023-07-25 20:53:50,595 [ERROR] AppliInfo:139 - Unknown STM32CubeMX version: 6.9.0
2023-07-25 20:53:50,596 [ERROR] AppliInfo:139 - Unknown STM32CubeMX version: 6.9.0
2023-07-25 20:53:50,596 [ERROR] AppliInfo:139 - Unknown STM32CubeMX version: 6.9.0
2023-07-25 20:53:50,596 [ERROR] AppliInfo:139 - Unknown STM32CubeMX version: 6.9.0
2023-07-25 20:53:50,596 [ERROR] AppliInfo:139 - Unknown STM32CubeMX version: 6.9.0
2023-07-25 20:53:50,596 [ERROR] AppliInfo:139 - Unknown STM32CubeMX version: 6.9.0
2023-07-25 20:53:50,596 [ERROR] AppliInfo:139 - Unknown STM32CubeMX version: 6.9.0
2023-07-25 20:53:50,596 [ERROR] AppliInfo:139 - Unknown STM32CubeMX version: 6.9.0
2023-07-25 20:53:50,596 [ERROR] AppliInfo:139 - Unknown STM32CubeMX version: 6.9.0
2023-07-25 20:53:50,597 [ERROR] AppliInfo:139 - Unknown STM32CubeMX version: 6.9.0
2023-07-25 20:53:50,597 [ERROR] AppliInfo:139 - Unknown STM32CubeMX version: 6.9.0
2023-07-25 20:53:50,597 [ERROR] AppliInfo:139 - Unknown STM32CubeMX version: 6.9.0
2023-07-25 20:53:50,597 [ERROR] AppliInfo:139 - Unknown STM32CubeMX version: 6.9.0
2023-07-25 20:53:50,597 [ERROR] AppliInfo:139 - Unknown STM32CubeMX version: 6.9.0
2023-07-25 20:53:50,597 [ERROR] AppliInfo:139 - Unknown STM32CubeMX version: 6.9.0
2023-07-25 20:53:50,598 [ERROR] AppliInfo:139 - Unknown STM32CubeMX version: 6.9.0
2023-07-25 20:53:50,598 [ERROR] AppliInfo:139 - Unknown STM32CubeMX version: 6.9.0
2023-07-25 20:53:50,598 [ERROR] AppliInfo:139 - Unknown STM32CubeMX version: 6.9.0
2023-07-25 20:53:50,598 [ERROR] AppliInfo:139 - Unknown STM32CubeMX version: 6.9.0
2023-07-25 20:53:50,598 [ERROR] AppliInfo:139 - Unknown STM32CubeMX version: 6.9.0
2023-07-25 20:53:50,598 [ERROR] AppliInfo:139 - Unknown STM32CubeMX version: 6.9.0
2023-07-25 20:53:50,598 [ERROR] AppliInfo:139 - Unknown STM32CubeMX version: 6.9.0
2023-07-25 20:53:50,599 [ERROR] AppliInfo:139 - Unknown STM32CubeMX version: 6.9.0
2023-07-25 20:53:50,599 [ERROR] AppliInfo:139 - Unknown STM32CubeMX version: 6.9.0
2023-07-25 20:53:50,599 [ERROR] AppliInfo:139 - Unknown STM32CubeMX version: 6.9.0
2023-07-25 20:53:50,599 [ERROR] AppliInfo:139 - Unknown STM32CubeMX version: 6.9.0
2023-07-25 20:53:50,599 [ERROR] AppliInfo:139 - Unknown STM32CubeMX version: 6.9.0
2023-07-25 20:53:50,599 [ERROR] AppliInfo:139 - Unknown STM32CubeMX version: 6.9.0
2023-07-25 20:53:50,599 [ERROR] AppliInfo:139 - Unknown STM32CubeMX version: 6.9.0
2023-07-25 20:53:50,599 [ERROR] AppliInfo:139 - Unknown STM32CubeMX version: 6.9.0
2023-07-25 20:53:50,600 [ERROR] AppliInfo:139 - Unknown STM32CubeMX version: 6.9.0
2023-07-25 20:53:50,600 [ERROR] AppliInfo:139 - Unknown STM32CubeMX version: 6.9.0
2023-07-25 20:53:50,600 [ERROR] AppliInfo:139 - Unknown STM32CubeMX version: 6.9.0
2023-07-25 20:53:50,600 [ERROR] AppliInfo:139 - Unknown STM32CubeMX version: 6.9.0
2023-07-25 20:53:50,600 [ERROR] AppliInfo:139 - Unknown STM32CubeMX version: 6.9.0
2023-07-25 20:53:50,600 [ERROR] AppliInfo:139 - Unknown STM32CubeMX version: 6.9.0
2023-07-25 20:53:50,601 [ERROR] AppliInfo:139 - Unknown STM32CubeMX version: 6.9.0
2023-07-25 20:53:50,601 [ERROR] AppliInfo:139 - Unknown STM32CubeMX version: 6.9.0
2023-07-25 20:53:50,601 [ERROR] AppliInfo:139 - Unknown STM32CubeMX version: 6.9.0
2023-07-25 20:53:50,601 [ERROR] AppliInfo:139 - Unknown STM32CubeMX version: 6.9.0
2023-07-25 20:53:50,601 [ERROR] AppliInfo:139 - Unknown STM32CubeMX version: 6.9.0
2023-07-25 20:53:50,601 [ERROR] AppliInfo:139 - Unknown STM32CubeMX version: 6.9.0
2023-07-25 20:53:50,602 [ERROR] AppliInfo:139 - Unknown STM32CubeMX version: 6.9.0
2023-07-25 20:53:50,602 [ERROR] AppliInfo:139 - Unknown STM32CubeMX version: 6.9.0
2023-07-25 20:53:50,602 [ERROR] AppliInfo:139 - Unknown STM32CubeMX version: 6.9.0
2023-07-25 20:53:50,602 [ERROR] AppliInfo:139 - Unknown STM32CubeMX version: 6.9.0
2023-07-25 20:53:50,602 [ERROR] AppliInfo:139 - Unknown STM32CubeMX version: 6.9.0
2023-07-25 20:53:50,602 [ERROR] AppliInfo:139 - Unknown STM32CubeMX version: 6.9.0
2023-07-25 20:53:50,602 [ERROR] AppliInfo:139 - Unknown STM32CubeMX version: 6.9.0
2023-07-25 20:53:50,603 [ERROR] AppliInfo:139 - Unknown STM32CubeMX version: 6.9.0
2023-07-25 20:53:50,603 [ERROR] AppliInfo:139 - Unknown STM32CubeMX version: 6.9.0
2023-07-25 20:53:50,603 [ERROR] AppliInfo:139 - Unknown STM32CubeMX version: 6.9.0
2023-07-25 20:53:50,603 [ERROR] AppliInfo:139 - Unknown STM32CubeMX version: 6.9.0
2023-07-25 20:53:50,603 [ERROR] AppliInfo:139 - Unknown STM32CubeMX version: 6.9.0
2023-07-25 20:53:50,603 [ERROR] AppliInfo:139 - Unknown STM32CubeMX version: 6.9.0
2023-07-25 20:53:50,603 [ERROR] AppliInfo:139 - Unknown STM32CubeMX version: 6.9.0
2023-07-25 20:53:50,604 [ERROR] AppliInfo:139 - Unknown STM32CubeMX version: 6.9.0
2023-07-25 20:53:50,604 [ERROR] AppliInfo:139 - Unknown STM32CubeMX version: 6.9.0
2023-07-25 20:53:50,604 [ERROR] AppliInfo:139 - Unknown STM32CubeMX version: 6.9.0
2023-07-25 20:53:50,604 [ERROR] AppliInfo:139 - Unknown STM32CubeMX version: 6.9.0
2023-07-25 20:53:50,604 [ERROR] AppliInfo:139 - Unknown STM32CubeMX version: 6.9.0
2023-07-25 20:53:50,604 [ERROR] AppliInfo:139 - Unknown STM32CubeMX version: 6.9.0
2023-07-25 20:53:50,605 [ERROR] AppliInfo:139 - Unknown STM32CubeMX version: 6.9.0
2023-07-25 20:53:50,605 [ERROR] AppliInfo:139 - Unknown STM32CubeMX version: 6.9.0
2023-07-25 20:53:50,605 [ERROR] AppliInfo:139 - Unknown STM32CubeMX version: 6.9.0
2023-07-25 20:53:50,605 [ERROR] AppliInfo:139 - Unknown STM32CubeMX version: 6.9.0
2023-07-25 20:53:50,605 [ERROR] AppliInfo:139 - Unknown STM32CubeMX version: 6.9.0
2023-07-25 20:53:50,605 [ERROR] AppliInfo:139 - Unknown STM32CubeMX version: 6.9.0
2023-07-25 20:53:50,606 [ERROR] AppliInfo:139 - Unknown STM32CubeMX version: 6.9.0
2023-07-25 20:53:50,606 [ERROR] AppliInfo:139 - Unknown STM32CubeMX version: 6.9.0
2023-07-25 20:53:50,606 [ERROR] AppliInfo:139 - Unknown STM32CubeMX version: 6.9.0
2023-07-25 20:53:50,606 [ERROR] AppliInfo:139 - Unknown STM32CubeMX version: 6.9.0
2023-07-25 20:53:50,606 [ERROR] AppliInfo:139 - Unknown STM32CubeMX version: 6.9.0
2023-07-25 20:53:50,606 [ERROR] AppliInfo:139 - Unknown STM32CubeMX version: 6.9.0
2023-07-25 20:53:50,607 [ERROR] AppliInfo:139 - Unknown STM32CubeMX version: 6.9.0
2023-07-25 20:53:50,607 [ERROR] AppliInfo:139 - Unknown STM32CubeMX version: 6.9.0
2023-07-25 20:53:50,607 [ERROR] AppliInfo:139 - Unknown STM32CubeMX version: 6.9.0
2023-07-25 20:53:50,607 [ERROR] AppliInfo:139 - Unknown STM32CubeMX version: 6.9.0
2023-07-25 20:53:50,607 [ERROR] AppliInfo:139 - Unknown STM32CubeMX version: 6.9.0
2023-07-25 20:53:50,608 [ERROR] AppliInfo:139 - Unknown STM32CubeMX version: 6.9.0
2023-07-25 20:53:50,608 [ERROR] AppliInfo:139 - Unknown STM32CubeMX version: 6.9.0
2023-07-25 20:53:50,608 [ERROR] AppliInfo:139 - Unknown STM32CubeMX version: 6.9.0
2023-07-25 20:53:50,608 [ERROR] AppliInfo:139 - Unknown STM32CubeMX version: 6.9.0
2023-07-25 20:53:50,608 [ERROR] AppliInfo:139 - Unknown STM32CubeMX version: 6.9.0
2023-07-25 20:53:50,608 [ERROR] AppliInfo:139 - Unknown STM32CubeMX version: 6.9.0
2023-07-25 20:53:50,609 [ERROR] AppliInfo:139 - Unknown STM32CubeMX version: 6.9.0
2023-07-25 20:53:50,609 [ERROR] AppliInfo:139 - Unknown STM32CubeMX version: 6.9.0
2023-07-25 20:53:50,609 [ERROR] AppliInfo:139 - Unknown STM32CubeMX version: 6.9.0
2023-07-25 20:53:50,609 [ERROR] AppliInfo:139 - Unknown STM32CubeMX version: 6.9.0
2023-07-25 20:53:50,609 [ERROR] AppliInfo:139 - Unknown STM32CubeMX version: 6.9.0
2023-07-25 20:53:50,609 [ERROR] AppliInfo:139 - Unknown STM32CubeMX version: 6.9.0
2023-07-25 20:53:50,610 [ERROR] AppliInfo:139 - Unknown STM32CubeMX version: 6.9.0
2023-07-25 20:53:50,610 [ERROR] AppliInfo:139 - Unknown STM32CubeMX version: 6.9.0
2023-07-25 20:53:50,610 [ERROR] AppliInfo:139 - Unknown STM32CubeMX version: 6.9.0
2023-07-25 20:53:50,610 [ERROR] AppliInfo:139 - Unknown STM32CubeMX version: 6.9.0
2023-07-25 20:53:50,610 [ERROR] AppliInfo:139 - Unknown STM32CubeMX version: 6.9.0
2023-07-25 20:53:50,610 [ERROR] AppliInfo:139 - Unknown STM32CubeMX version: 6.9.0
2023-07-25 20:53:50,610 [ERROR] AppliInfo:139 - Unknown STM32CubeMX version: 6.9.0
2023-07-25 20:53:50,611 [ERROR] AppliInfo:139 - Unknown STM32CubeMX version: 6.9.0
2023-07-25 20:53:50,611 [ERROR] AppliInfo:139 - Unknown STM32CubeMX version: 6.9.0
2023-07-25 20:53:50,611 [ERROR] AppliInfo:139 - Unknown STM32CubeMX version: 6.9.0
2023-07-25 20:53:50,611 [ERROR] AppliInfo:139 - Unknown STM32CubeMX version: 6.9.0
2023-07-25 20:53:50,611 [ERROR] AppliInfo:139 - Unknown STM32CubeMX version: 6.9.0
2023-07-25 20:53:50,612 [ERROR] AppliInfo:139 - Unknown STM32CubeMX version: 6.9.0
2023-07-25 20:53:50,612 [ERROR] AppliInfo:139 - Unknown STM32CubeMX version: 6.9.0
2023-07-25 20:53:50,612 [ERROR] AppliInfo:139 - Unknown STM32CubeMX version: 6.9.0
2023-07-25 20:53:50,612 [ERROR] AppliInfo:139 - Unknown STM32CubeMX version: 6.9.0
2023-07-25 20:53:50,612 [ERROR] AppliInfo:139 - Unknown STM32CubeMX version: 6.9.0
2023-07-25 20:53:50,612 [ERROR] AppliInfo:139 - Unknown STM32CubeMX version: 6.9.0
2023-07-25 20:53:50,612 [ERROR] AppliInfo:139 - Unknown STM32CubeMX version: 6.9.0
2023-07-25 20:53:50,613 [ERROR] AppliInfo:139 - Unknown STM32CubeMX version: 6.9.0
2023-07-25 20:53:50,613 [ERROR] AppliInfo:139 - Unknown STM32CubeMX version: 6.9.0
2023-07-25 20:53:50,613 [ERROR] AppliInfo:139 - Unknown STM32CubeMX version: 6.9.0
2023-07-25 20:53:50,613 [ERROR] AppliInfo:139 - Unknown STM32CubeMX version: 6.9.0
2023-07-25 20:53:50,613 [ERROR] AppliInfo:139 - Unknown STM32CubeMX version: 6.9.0
2023-07-25 20:53:50,613 [ERROR] AppliInfo:139 - Unknown STM32CubeMX version: 6.9.0
2023-07-25 20:53:50,613 [ERROR] AppliInfo:139 - Unknown STM32CubeMX version: 6.9.0
2023-07-25 20:53:50,613 [ERROR] AppliInfo:139 - Unknown STM32CubeMX version: 6.9.0
2023-07-25 20:53:50,614 [ERROR] AppliInfo:139 - Unknown STM32CubeMX version: 6.9.0
2023-07-25 20:53:50,614 [ERROR] AppliInfo:139 - Unknown STM32CubeMX version: 6.9.0
2023-07-25 20:53:50,614 [ERROR] AppliInfo:139 - Unknown STM32CubeMX version: 6.9.0
2023-07-25 20:53:50,614 [ERROR] AppliInfo:139 - Unknown STM32CubeMX version: 6.9.0
2023-07-25 20:53:50,614 [ERROR] AppliInfo:139 - Unknown STM32CubeMX version: 6.9.0
2023-07-25 20:53:50,614 [ERROR] AppliInfo:139 - Unknown STM32CubeMX version: 6.9.0
2023-07-25 20:53:50,614 [ERROR] AppliInfo:139 - Unknown STM32CubeMX version: 6.9.0
2023-07-25 20:53:50,615 [ERROR] AppliInfo:139 - Unknown STM32CubeMX version: 6.9.0
2023-07-25 20:53:50,615 [ERROR] AppliInfo:139 - Unknown STM32CubeMX version: 6.9.0
2023-07-25 20:53:50,615 [ERROR] AppliInfo:139 - Unknown STM32CubeMX version: 6.9.0
2023-07-25 20:53:50,615 [ERROR] AppliInfo:139 - Unknown STM32CubeMX version: 6.9.0
2023-07-25 20:53:50,615 [ERROR] AppliInfo:139 - Unknown STM32CubeMX version: 6.9.0
2023-07-25 20:53:50,615 [ERROR] AppliInfo:139 - Unknown STM32CubeMX version: 6.9.0
2023-07-25 20:53:50,616 [ERROR] AppliInfo:139 - Unknown STM32CubeMX version: 6.9.0
2023-07-25 20:53:50,616 [ERROR] AppliInfo:139 - Unknown STM32CubeMX version: 6.9.0
2023-07-25 20:53:50,616 [ERROR] AppliInfo:139 - Unknown STM32CubeMX version: 6.9.0
2023-07-25 20:53:50,616 [ERROR] AppliInfo:139 - Unknown STM32CubeMX version: 6.9.0
2023-07-25 20:53:50,616 [ERROR] AppliInfo:139 - Unknown STM32CubeMX version: 6.9.0
2023-07-25 20:53:50,616 [ERROR] AppliInfo:139 - Unknown STM32CubeMX version: 6.9.0
2023-07-25 20:53:50,616 [ERROR] AppliInfo:139 - Unknown STM32CubeMX version: 6.9.0
2023-07-25 20:53:50,617 [ERROR] AppliInfo:139 - Unknown STM32CubeMX version: 6.9.0
2023-07-25 20:53:50,617 [ERROR] AppliInfo:139 - Unknown STM32CubeMX version: 6.9.0
2023-07-25 20:53:50,617 [ERROR] AppliInfo:139 - Unknown STM32CubeMX version: 6.9.0
2023-07-25 20:53:50,617 [ERROR] AppliInfo:139 - Unknown STM32CubeMX version: 6.9.0
2023-07-25 20:53:50,617 [ERROR] AppliInfo:139 - Unknown STM32CubeMX version: 6.9.0
2023-07-25 20:53:50,618 [ERROR] AppliInfo:139 - Unknown STM32CubeMX version: 6.9.0
2023-07-25 20:53:50,618 [ERROR] AppliInfo:139 - Unknown STM32CubeMX version: 6.9.0
2023-07-25 20:53:50,618 [ERROR] AppliInfo:139 - Unknown STM32CubeMX version: 6.9.0
2023-07-25 20:53:50,618 [ERROR] AppliInfo:139 - Unknown STM32CubeMX version: 6.9.0
2023-07-25 20:53:50,618 [ERROR] AppliInfo:139 - Unknown STM32CubeMX version: 6.9.0
2023-07-25 20:53:50,618 [ERROR] AppliInfo:139 - Unknown STM32CubeMX version: 6.9.0
2023-07-25 20:53:50,618 [ERROR] AppliInfo:139 - Unknown STM32CubeMX version: 6.9.0
2023-07-25 20:53:50,619 [ERROR] AppliInfo:139 - Unknown STM32CubeMX version: 6.9.0
2023-07-25 20:53:50,619 [ERROR] AppliInfo:139 - Unknown STM32CubeMX version: 6.9.0
2023-07-25 20:53:50,619 [ERROR] AppliInfo:139 - Unknown STM32CubeMX version: 6.9.0
2023-07-25 20:53:50,619 [ERROR] AppliInfo:139 - Unknown STM32CubeMX version: 6.9.0
2023-07-25 20:53:50,619 [ERROR] AppliInfo:139 - Unknown STM32CubeMX version: 6.9.0
2023-07-25 20:53:50,619 [ERROR] AppliInfo:139 - Unknown STM32CubeMX version: 6.9.0
2023-07-25 20:53:50,619 [ERROR] AppliInfo:139 - Unknown STM32CubeMX version: 6.9.0
2023-07-25 20:53:50,619 [ERROR] AppliInfo:139 - Unknown STM32CubeMX version: 6.9.0
2023-07-25 20:53:50,620 [ERROR] AppliInfo:139 - Unknown STM32CubeMX version: 6.9.0
2023-07-25 20:53:50,620 [ERROR] AppliInfo:139 - Unknown STM32CubeMX version: 6.9.0
2023-07-25 20:53:50,620 [ERROR] AppliInfo:139 - Unknown STM32CubeMX version: 6.9.0
2023-07-25 20:53:50,620 [ERROR] AppliInfo:139 - Unknown STM32CubeMX version: 6.9.0
2023-07-25 20:53:50,620 [ERROR] AppliInfo:139 - Unknown STM32CubeMX version: 6.9.0
2023-07-25 20:53:50,620 [ERROR] AppliInfo:139 - Unknown STM32CubeMX version: 6.9.0
2023-07-25 20:53:50,620 [ERROR] AppliInfo:139 - Unknown STM32CubeMX version: 6.9.0
2023-07-25 20:53:50,621 [ERROR] AppliInfo:139 - Unknown STM32CubeMX version: 6.9.0
2023-07-25 20:53:50,621 [ERROR] AppliInfo:139 - Unknown STM32CubeMX version: 6.9.0
2023-07-25 20:53:50,621 [ERROR] AppliInfo:139 - Unknown STM32CubeMX version: 6.9.0
2023-07-25 20:53:50,621 [ERROR] AppliInfo:139 - Unknown STM32CubeMX version: 6.9.0
2023-07-25 20:53:50,621 [ERROR] AppliInfo:139 - Unknown STM32CubeMX version: 6.9.0
2023-07-25 20:53:50,621 [ERROR] AppliInfo:139 - Unknown STM32CubeMX version: 6.9.0
2023-07-25 20:53:50,621 [ERROR] AppliInfo:139 - Unknown STM32CubeMX version: 6.9.0
2023-07-25 20:53:50,622 [ERROR] AppliInfo:139 - Unknown STM32CubeMX version: 6.9.0
2023-07-25 20:53:50,622 [ERROR] AppliInfo:139 - Unknown STM32CubeMX version: 6.9.0
2023-07-25 20:53:50,622 [ERROR] AppliInfo:139 - Unknown STM32CubeMX version: 6.9.0
2023-07-25 20:53:50,622 [ERROR] AppliInfo:139 - Unknown STM32CubeMX version: 6.9.0
2023-07-25 20:53:50,622 [ERROR] AppliInfo:139 - Unknown STM32CubeMX version: 6.9.0
2023-07-25 20:53:50,622 [ERROR] AppliInfo:139 - Unknown STM32CubeMX version: 6.9.0
2023-07-25 20:53:50,622 [ERROR] AppliInfo:139 - Unknown STM32CubeMX version: 6.9.0
2023-07-25 20:54:28,335 [INFO] McuFinderGlobals:66 - Set McuFinderConnectedMode to true
2023-07-25 20:54:28,337 [INFO] ApiDb:448 - Save user favorites file C:\Users\mathi/.stm32cubeide/favorites.mcus.txt: 0 item(s)
2023-07-25 20:54:28,338 [INFO] ApiDb:452 - User favorites MCUs=[]
2023-07-25 20:54:28,339 [INFO] ApiDb:448 - Save user favorites file C:\Users\mathi/.stm32cubeide/favorites.boards.txt: 1 item(s)
2023-07-25 20:54:28,339 [INFO] ApiDb:452 - User favorites Boards=[STM32F407G-DISC1]
2023-07-25 20:54:28,342 [INFO] ApiDb:448 - Save user favorites file C:\Users\mathi/.stm32cubeide/favorites.examples.txt: 0 item(s)
2023-07-25 20:54:28,342 [INFO] ApiDb:452 - User favorites Examples=[]
