2023-03-21 10:28:30,041 [INFO] Activator:176 - 


2023-03-21 10:28:30,042 [INFO] Activator:177 - !SESSION log4j initialized
2023-03-21 10:28:32,291 [INFO] LogOutputStream:77 - [STDOUT_REDIRECT] 
2023-03-21 10:35:32,922 [INFO] Activator:176 - 


2023-03-21 10:35:32,938 [INFO] Activator:177 - !SESSION log4j initialized
2023-03-21 10:35:35,814 [INFO] LogOutputStream:77 - [STDOUT_REDIRECT] 
2023-03-21 10:35:47,916 [INFO] ApplicationProperties:184 - Using Application install path: C:\Program Files\STM32CubeIDE_1.12.0\STM32CubeIDE\plugins\com.st.stm32cube.common.mx_6.8.0.202302231600
2023-03-21 10:35:47,932 [INFO] DbMcusXml:78 - Set database path to: C:\Program Files\STM32CubeIDE_1.12.0\STM32CubeIDE\plugins\com.st.stm32cube.common.mx_6.8.0.202302231600\\db\/mcu/
2023-03-21 10:35:47,972 [INFO] ApiDb:274 - Set plugin database path to: C:\Program Files\STM32CubeIDE_1.12.0\STM32CubeIDE\plugins\com.st.stm32cube.common.mx_6.8.0.202302231600\\db\/plugins/boardmanager/
2023-03-21 10:35:47,972 [WARN] ApiDb:259 - Overriding images path with different value:  => C:\Program Files\STM32CubeIDE_1.12.0\STM32CubeIDE\plugins\com.st.stm32cube.common.mx_6.8.0.202302231600\\db\/plugins/mcufinder/images/
2023-03-21 10:35:49,433 [WARN] ApiFinderProperties:113 - C:\Users\mathi\.stmcufinder\plugins\mcufinder\mcu\mcuFinder.mfd doesn't exist
2023-03-21 10:35:49,435 [INFO] ApiDb:250 - Set database path to: C:\Users\mathi\.stmcufinder\plugins\mcufinder//mcu/
2023-03-21 10:35:49,435 [INFO] DbMcusAds:125 - Set database path to: C:\Users\mathi\.stmcufinder\plugins\mcufinder//mcu/
2023-03-21 10:35:49,507 [INFO] CrossReferenceDbSqlite:203 - Set database path to: C:\Users\mathi\.stmcufinder\plugins\mcufinder//mcu/cs/
2023-03-21 10:35:49,619 [INFO] RulesReader:64 - Compatibility file has been processed (293 Rules)
2023-03-21 10:35:49,735 [INFO] DbMcusXml:78 - Set database path to: C:\Program Files\STM32CubeIDE_1.12.0\STM32CubeIDE\plugins\com.st.stm32cube.common.mx_6.8.0.202302231600\\db\/mcu/
2023-03-21 10:35:49,735 [INFO] ApiDb:274 - Set plugin database path to: C:\Program Files\STM32CubeIDE_1.12.0\STM32CubeIDE\plugins\com.st.stm32cube.common.mx_6.8.0.202302231600\\db\/plugins/boardmanager/
2023-03-21 10:35:49,735 [INFO] ApiDb:261 - Set plugin images path to: C:\Program Files\STM32CubeIDE_1.12.0\STM32CubeIDE\plugins\com.st.stm32cube.common.mx_6.8.0.202302231600\\db\/plugins/mcufinder/images/
2023-03-21 10:35:49,735 [WARN] DbFile:41 - Overriding database path with different value: C:\Users\mathi\.stmcufinder\plugins\mcufinder/ => C:\Users\mathi\.stmcufinder\plugins\mcufinder
2023-03-21 10:35:49,735 [INFO] ApiDb:250 - Set database path to: C:\Users\mathi\.stmcufinder\plugins\mcufinder//mcu/
2023-03-21 10:35:49,735 [WARN] DbFile:41 - Overriding database path with different value: C:\Users\mathi\.stmcufinder\plugins\mcufinder/ => C:\Users\mathi\.stmcufinder\plugins\mcufinder
2023-03-21 10:35:49,735 [INFO] DbMcusAds:125 - Set database path to: C:\Users\mathi\.stmcufinder\plugins\mcufinder//mcu/
2023-03-21 10:35:49,735 [WARN] DbFile:41 - Overriding database path with different value: C:\Users\mathi\.stmcufinder\plugins\mcufinder/ => C:\Users\mathi\.stmcufinder\plugins\mcufinder
2023-03-21 10:35:49,735 [WARN] DbFile:41 - Overriding database path with different value: C:\Users\mathi\.stmcufinder\plugins\mcufinder/ => C:\Users\mathi\.stmcufinder\plugins\mcufinder
2023-03-21 10:35:49,735 [INFO] CrossReferenceDbSqlite:203 - Set database path to: C:\Users\mathi\.stmcufinder\plugins\mcufinder//mcu/cs/
2023-03-21 10:35:49,804 [INFO] MainPanel:253 - HeapMemory: 268435456
2023-03-21 10:35:49,904 [INFO] DbMcusXml:78 - Set database path to: C:\Program Files\STM32CubeIDE_1.12.0\STM32CubeIDE\plugins\com.st.stm32cube.common.mx_6.8.0.202302231600\\db\/mcu/
2023-03-21 10:35:49,904 [INFO] ApiDb:274 - Set plugin database path to: C:\Program Files\STM32CubeIDE_1.12.0\STM32CubeIDE\plugins\com.st.stm32cube.common.mx_6.8.0.202302231600\\db\/plugins/boardmanager/
2023-03-21 10:35:49,904 [INFO] ApiDb:261 - Set plugin images path to: C:\Program Files\STM32CubeIDE_1.12.0\STM32CubeIDE\plugins\com.st.stm32cube.common.mx_6.8.0.202302231600\\db\/plugins/mcufinder/images/
2023-03-21 10:35:49,904 [WARN] DbFile:41 - Overriding database path with different value: C:\Users\mathi\.stmcufinder\plugins\mcufinder/ => C:\Users\mathi\.stmcufinder\plugins\mcufinder
2023-03-21 10:35:49,904 [INFO] ApiDb:250 - Set database path to: C:\Users\mathi\.stmcufinder\plugins\mcufinder//mcu/
2023-03-21 10:35:49,904 [WARN] DbFile:41 - Overriding database path with different value: C:\Users\mathi\.stmcufinder\plugins\mcufinder/ => C:\Users\mathi\.stmcufinder\plugins\mcufinder
2023-03-21 10:35:49,904 [INFO] DbMcusAds:125 - Set database path to: C:\Users\mathi\.stmcufinder\plugins\mcufinder//mcu/
2023-03-21 10:35:49,904 [WARN] DbFile:41 - Overriding database path with different value: C:\Users\mathi\.stmcufinder\plugins\mcufinder/ => C:\Users\mathi\.stmcufinder\plugins\mcufinder
2023-03-21 10:35:49,904 [WARN] DbFile:41 - Overriding database path with different value: C:\Users\mathi\.stmcufinder\plugins\mcufinder/ => C:\Users\mathi\.stmcufinder\plugins\mcufinder
2023-03-21 10:35:49,904 [INFO] CrossReferenceDbSqlite:203 - Set database path to: C:\Users\mathi\.stmcufinder\plugins\mcufinder//mcu/cs/
2023-03-21 10:35:49,920 [INFO] ApplicationProperties:184 - Using Application install path: C:\Program Files\STM32CubeIDE_1.12.0\STM32CubeIDE\plugins\com.st.stm32cube.common.mx_6.8.0.202302231600
2023-03-21 10:35:49,920 [INFO] PluginManage:196 - Search for loadable plugins [exclusion list=, ]
2023-03-21 10:35:49,920 [INFO] PluginManage:310 - Check plugin analytics
2023-03-21 10:35:50,067 [INFO] AnalyticsPlugin:253 - Accepted Software Licenses: 
2023-03-21 10:35:50,067 [INFO] AnalyticsPlugin:255 - Accepted CMSIS Pack Licenses: 
2023-03-21 10:35:50,067 [INFO] AnalyticsPlugin:257 - Accepted Firmware Licenses: 
2023-03-21 10:35:50,067 [INFO] PluginManage:359 - Loaded plugin analytics (category:tool,tabindex:-1)
2023-03-21 10:35:50,067 [INFO] PluginManage:310 - Check plugin cadmodel
2023-03-21 10:35:50,083 [INFO] CADModel:105 - Init CAD model plugin
2023-03-21 10:35:50,083 [INFO] PluginManage:359 - Loaded plugin cadmodel (category:power,tabindex:5)
2023-03-21 10:35:50,083 [INFO] PluginManage:310 - Check plugin clock
2023-03-21 10:35:50,089 [INFO] PluginManage:359 - Loaded plugin clock (category:base,tabindex:2)
2023-03-21 10:35:50,089 [INFO] PluginManage:310 - Check plugin ddr
2023-03-21 10:35:50,089 [INFO] PluginManage:359 - Loaded plugin ddr (category:tool,tabindex:6)
2023-03-21 10:35:50,089 [INFO] PluginManage:310 - Check plugin filemanager
2023-03-21 10:35:50,221 [INFO] PluginManage:359 - Loaded plugin filemanager (category:base,tabindex:10)
2023-03-21 10:35:50,221 [INFO] PluginManage:310 - Check plugin ipmanager
2023-03-21 10:35:50,221 [INFO] PluginManage:359 - Loaded plugin ipmanager (category:base,tabindex:5)
2023-03-21 10:35:50,221 [INFO] PluginManage:310 - Check plugin lpbam
2023-03-21 10:35:50,236 [INFO] PluginManage:359 - Loaded plugin lpbam (category:base,tabindex:0)
2023-03-21 10:35:50,236 [INFO] PluginManage:310 - Check plugin pinoutandconfiguration
2023-03-21 10:35:50,236 [INFO] PluginManage:359 - Loaded plugin pinoutandconfiguration (category:base,tabindex:1)
2023-03-21 10:35:50,236 [INFO] PluginManage:310 - Check plugin pinoutconfig
2023-03-21 10:35:50,306 [WARN] SupportedApi:132 - Cannot load RTOS API schema: s4s-elt-must-match.1: The content of 'definitions' must match (annotation?, (simpleType | complexType)?, (unique | key | keyref)*)). A problem was found starting at: attribute.
2023-03-21 10:35:50,422 [INFO] PluginManage:359 - Loaded plugin pinoutconfig (category:base,tabindex:0)
2023-03-21 10:35:50,422 [INFO] PluginManage:310 - Check plugin power
2023-03-21 10:35:50,422 [INFO] PluginManage:359 - Loaded plugin power (category:power,tabindex:4)
2023-03-21 10:35:50,422 [INFO] PluginManage:310 - Check plugin projectmanager
2023-03-21 10:35:50,453 [INFO] PluginManage:359 - Loaded plugin projectmanager (category:projectmanager,tabindex:3)
2023-03-21 10:35:50,453 [INFO] PluginManage:310 - Check plugin thirdparty
2023-03-21 10:35:50,553 [INFO] PluginManage:359 - Loaded plugin thirdparty (category:base,tabindex:-1)
2023-03-21 10:35:50,553 [WARN] IntegrityCheckThread:84 - waiting for thirdparty lock release [integrity check]
2023-03-21 10:35:50,553 [INFO] IntegrityCheckThread:86 - entering critical section [integrity check]
2023-03-21 10:35:50,553 [INFO] PluginManage:310 - Check plugin tools
2023-03-21 10:35:50,553 [INFO] ThirdPartyUpdaterWithRetryManager:70 - Updater plugin not ready yet. [1/15]
2023-03-21 10:35:50,569 [INFO] PluginManage:359 - Loaded plugin tools (category:base,tabindex:7)
2023-03-21 10:35:50,569 [INFO] PluginManage:310 - Check plugin tutovideos
2023-03-21 10:35:50,722 [INFO] PluginManage:359 - Loaded plugin tutovideos (category:base,tabindex:-1)
2023-03-21 10:35:50,722 [INFO] PluginManage:310 - Check plugin updater
2023-03-21 10:35:50,738 [INFO] PluginManage:359 - Loaded plugin updater (category:base,tabindex:12)
2023-03-21 10:35:50,738 [INFO] PluginManage:283 - PluginManage : Loaded plugins [15]
2023-03-21 10:35:51,008 [INFO] PinOutPanel:1499 - setPackage(No Configuration,No Configuration)
2023-03-21 10:35:51,070 [INFO] CADModel:165 - CPN selected for project level
2023-03-21 10:35:51,070 [INFO] CADModel:114 - Register for checkConnection events
2023-03-21 10:35:51,092 [INFO] IPUIPlugin:80 - create IPUIPlugin
2023-03-21 10:35:51,092 [INFO] PluginManager:220 - loadIPPluginJar : add adc
2023-03-21 10:35:51,092 [INFO] IPUIPlugin:80 - create IPUIPlugin
2023-03-21 10:35:51,092 [INFO] PluginManager:220 - loadIPPluginJar : add aes
2023-03-21 10:35:51,092 [INFO] IPUIPlugin:80 - create IPUIPlugin
2023-03-21 10:35:51,092 [INFO] PluginManager:220 - loadIPPluginJar : add can
2023-03-21 10:35:51,092 [INFO] IPUIPlugin:80 - create IPUIPlugin
2023-03-21 10:35:51,092 [INFO] PluginManager:220 - loadIPPluginJar : add comp
2023-03-21 10:35:51,108 [INFO] IPUIPlugin:80 - create IPUIPlugin
2023-03-21 10:35:51,108 [INFO] PluginManager:220 - loadIPPluginJar : add cryp
2023-03-21 10:35:51,110 [INFO] IPUIPlugin:80 - create IPUIPlugin
2023-03-21 10:35:51,111 [INFO] PluginManager:220 - loadIPPluginJar : add dfsdm
2023-03-21 10:35:51,117 [INFO] IPUIPlugin:80 - create IPUIPlugin
2023-03-21 10:35:51,117 [INFO] PluginManager:220 - loadIPPluginJar : add dma
2023-03-21 10:35:51,120 [INFO] IPUIPlugin:80 - create IPUIPlugin
2023-03-21 10:35:51,120 [INFO] PluginManager:220 - loadIPPluginJar : add dma3
2023-03-21 10:35:51,121 [INFO] IPUIPlugin:80 - create IPUIPlugin
2023-03-21 10:35:51,121 [INFO] PluginManager:220 - loadIPPluginJar : add fatfs
2023-03-21 10:35:51,121 [INFO] IPUIPlugin:80 - create IPUIPlugin
2023-03-21 10:35:51,121 [INFO] PluginManager:220 - loadIPPluginJar : add fmc
2023-03-21 10:35:51,121 [INFO] IPUIPlugin:80 - create IPUIPlugin
2023-03-21 10:35:51,121 [INFO] PluginManager:220 - loadIPPluginJar : add freertos
2023-03-21 10:35:51,121 [INFO] IPUIPlugin:80 - create IPUIPlugin
2023-03-21 10:35:51,121 [INFO] PluginManager:220 - loadIPPluginJar : add genericplugin
2023-03-21 10:35:51,137 [INFO] IPUIPlugin:80 - create IPUIPlugin
2023-03-21 10:35:51,137 [INFO] PluginManager:220 - loadIPPluginJar : add gfxmmu
2023-03-21 10:35:51,137 [INFO] IPUIPlugin:80 - create IPUIPlugin
2023-03-21 10:35:51,137 [INFO] PluginManager:220 - loadIPPluginJar : add gic
2023-03-21 10:35:51,137 [INFO] IPUIPlugin:80 - create IPUIPlugin
2023-03-21 10:35:51,137 [INFO] PluginManager:220 - loadIPPluginJar : add gpio
2023-03-21 10:35:51,137 [INFO] IPUIPlugin:80 - create IPUIPlugin
2023-03-21 10:35:51,137 [INFO] PluginManager:220 - loadIPPluginJar : add gtzc
2023-03-21 10:35:51,153 [INFO] IPUIPlugin:80 - create IPUIPlugin
2023-03-21 10:35:51,153 [INFO] PluginManager:220 - loadIPPluginJar : add hash
2023-03-21 10:35:51,153 [INFO] IPUIPlugin:80 - create IPUIPlugin
2023-03-21 10:35:51,153 [INFO] PluginManager:220 - loadIPPluginJar : add i2c
2023-03-21 10:35:51,153 [INFO] IPUIPlugin:80 - create IPUIPlugin
2023-03-21 10:35:51,153 [INFO] PluginManager:220 - loadIPPluginJar : add i2s
2023-03-21 10:35:51,153 [INFO] IPUIPlugin:80 - create IPUIPlugin
2023-03-21 10:35:51,153 [INFO] PluginManager:220 - loadIPPluginJar : add i3c
2023-03-21 10:35:51,153 [INFO] IPUIPlugin:80 - create IPUIPlugin
2023-03-21 10:35:51,153 [INFO] PluginManager:220 - loadIPPluginJar : add ipddr
2023-03-21 10:35:51,168 [INFO] IPUIPlugin:80 - create IPUIPlugin
2023-03-21 10:35:51,168 [INFO] PluginManager:220 - loadIPPluginJar : add linkedlist
2023-03-21 10:35:51,168 [INFO] IPUIPlugin:80 - create IPUIPlugin
2023-03-21 10:35:51,168 [INFO] PluginManager:220 - loadIPPluginJar : add lorawan
2023-03-21 10:35:51,168 [INFO] IPUIPlugin:80 - create IPUIPlugin
2023-03-21 10:35:51,168 [INFO] PluginManager:220 - loadIPPluginJar : add ltdc
2023-03-21 10:35:51,184 [INFO] IPUIPlugin:80 - create IPUIPlugin
2023-03-21 10:35:51,184 [INFO] PluginManager:220 - loadIPPluginJar : add mdma
2023-03-21 10:35:51,184 [INFO] IPUIPlugin:80 - create IPUIPlugin
2023-03-21 10:35:51,184 [INFO] PluginManager:220 - loadIPPluginJar : add nvic
2023-03-21 10:35:51,192 [INFO] IPUIPlugin:80 - create IPUIPlugin
2023-03-21 10:35:51,192 [INFO] PluginManager:220 - loadIPPluginJar : add opamp
2023-03-21 10:35:51,192 [INFO] IPUIPlugin:80 - create IPUIPlugin
2023-03-21 10:35:51,192 [INFO] PluginManager:220 - loadIPPluginJar : add openamp
2023-03-21 10:35:51,192 [INFO] IPUIPlugin:80 - create IPUIPlugin
2023-03-21 10:35:51,192 [INFO] PluginManager:220 - loadIPPluginJar : add pdm2pcm
2023-03-21 10:35:51,192 [INFO] IPUIPlugin:80 - create IPUIPlugin
2023-03-21 10:35:51,208 [INFO] PluginManager:220 - loadIPPluginJar : add plateformsettings
2023-03-21 10:35:51,208 [INFO] IPUIPlugin:80 - create IPUIPlugin
2023-03-21 10:35:51,208 [INFO] PluginManager:220 - loadIPPluginJar : add quadspi
2023-03-21 10:35:51,208 [INFO] IPUIPlugin:80 - create IPUIPlugin
2023-03-21 10:35:51,208 [INFO] PluginManager:220 - loadIPPluginJar : add resmgrutility
2023-03-21 10:35:51,208 [INFO] IPUIPlugin:80 - create IPUIPlugin
2023-03-21 10:35:51,208 [INFO] PluginManager:220 - loadIPPluginJar : add sai
2023-03-21 10:35:51,208 [INFO] IPUIPlugin:80 - create IPUIPlugin
2023-03-21 10:35:51,208 [INFO] PluginManager:220 - loadIPPluginJar : add spi
2023-03-21 10:35:51,224 [INFO] IPUIPlugin:80 - create IPUIPlugin
2023-03-21 10:35:51,224 [INFO] PluginManager:220 - loadIPPluginJar : add stm32_wpan
2023-03-21 10:35:51,224 [INFO] IPUIPlugin:80 - create IPUIPlugin
2023-03-21 10:35:51,224 [INFO] PluginManager:220 - loadIPPluginJar : add tim
2023-03-21 10:35:51,224 [INFO] IPUIPlugin:80 - create IPUIPlugin
2023-03-21 10:35:51,224 [INFO] PluginManager:220 - loadIPPluginJar : add touchsensing
2023-03-21 10:35:51,224 [INFO] IPUIPlugin:80 - create IPUIPlugin
2023-03-21 10:35:51,224 [INFO] PluginManager:220 - loadIPPluginJar : add tracer_emb
2023-03-21 10:35:51,224 [INFO] IPUIPlugin:80 - create IPUIPlugin
2023-03-21 10:35:51,224 [INFO] PluginManager:220 - loadIPPluginJar : add ts
2023-03-21 10:35:51,224 [INFO] IPUIPlugin:80 - create IPUIPlugin
2023-03-21 10:35:51,224 [INFO] PluginManager:220 - loadIPPluginJar : add tsc
2023-03-21 10:35:51,239 [INFO] IPUIPlugin:80 - create IPUIPlugin
2023-03-21 10:35:51,239 [INFO] PluginManager:220 - loadIPPluginJar : add ucpd
2023-03-21 10:35:51,239 [INFO] IPUIPlugin:80 - create IPUIPlugin
2023-03-21 10:35:51,239 [INFO] PluginManager:220 - loadIPPluginJar : add usart
2023-03-21 10:35:51,239 [INFO] IPUIPlugin:80 - create IPUIPlugin
2023-03-21 10:35:51,239 [INFO] PluginManager:220 - loadIPPluginJar : add usbx
2023-03-21 10:35:51,371 [INFO] CADModel:165 - CPN selected for project level
2023-03-21 10:35:51,371 [INFO] CADModel:114 - Register for checkConnection events
2023-03-21 10:35:51,371 [FATAL] Updater:308 - Updater called before beeing initialized
2023-03-21 10:35:51,371 [ERROR] CADModel:125 - Updater not yet initialized, retry later 
2023-03-21 10:35:51,525 [INFO] CADModel:165 - CPN selected for project level
2023-03-21 10:35:51,525 [INFO] CADModel:114 - Register for checkConnection events
2023-03-21 10:35:51,525 [FATAL] Updater:308 - Updater called before beeing initialized
2023-03-21 10:35:51,525 [ERROR] CADModel:125 - Updater not yet initialized, retry later 
2023-03-21 10:35:51,525 [FATAL] Updater:308 - Updater called before beeing initialized
2023-03-21 10:35:51,640 [FATAL] Updater:308 - Updater called before beeing initialized
2023-03-21 10:35:51,640 [INFO] DbMcusAds:53 - JSON generation date=Thu Sep 30 08:55:09 CEST 2021 (1632984909247)
2023-03-21 10:35:51,640 [FATAL] Updater:308 - Updater called before beeing initialized
2023-03-21 10:35:51,672 [WARN] DetailPanel:346 - Failed to get advertising image, set to default
2023-03-21 10:35:51,772 [FATAL] Updater:308 - Updater called before beeing initialized
2023-03-21 10:35:51,772 [FATAL] Updater:308 - Updater called before beeing initialized
2023-03-21 10:35:51,772 [FATAL] Updater:308 - Updater called before beeing initialized
2023-03-21 10:35:51,772 [WARN] DetailPanel:346 - Failed to get advertising image, set to default
2023-03-21 10:35:51,772 [FATAL] Updater:308 - Updater called before beeing initialized
2023-03-21 10:35:51,825 [ERROR] Updater:1120 - MainUpdater not yet initialized. External WinMGr cannot be set.
2023-03-21 10:35:51,825 [INFO] Updater:1056 - Updater Version found : 6.8.0
2023-03-21 10:35:51,841 [INFO] ApplicationProperties:184 - Using Application install path: C:\Program Files\STM32CubeIDE_1.12.0\STM32CubeIDE\plugins\com.st.stm32cube.common.mx_6.8.0.202302231600
2023-03-21 10:35:51,872 [INFO] MainUpdater:519 - Copy updater definitions from MX database
2023-03-21 10:35:51,894 [INFO] MainUpdater:552 - Copy flag file definitions from MX database
2023-03-21 10:35:51,894 [INFO] MainUpdater:568 - Copy thirdparty index definitions from MX database
2023-03-21 10:35:51,894 [INFO] MainUpdater:587 - Copy default thirdparty db definitions from MX database
2023-03-21 10:35:51,941 [INFO] MainUpdater:2854 - connection check result : 10
2023-03-21 10:35:51,941 [INFO] MainUpdater:3548 - Updater definition file requires update
2023-03-21 10:35:51,941 [INFO] MainUpdater:283 - Updater Check For Update Now.
2023-03-21 10:35:51,941 [INFO] MicroXplorer:498 - Change Database Version : DB.6.0.80
2023-03-21 10:35:51,988 [INFO] ServerAccessManage:473 - Download File updaters.zip
2023-03-21 10:35:52,113 [INFO] FileExtend:240 - Unzip File : updaters.zip
2023-03-21 10:35:52,113 [INFO] FileExtend:255 - Standard Zip Deflate
2023-03-21 10:35:52,759 [INFO] ServerAccessManage:473 - Download File PacksControlFlags.xml
2023-03-21 10:35:52,812 [INFO] ServerAccessManage:473 - Download File cubemx.pidx
2023-03-21 10:35:52,997 [INFO] ServerAccessManage:473 - Download File STMicroelectronics.FP-ATR-ASTRA1.pdsc
2023-03-21 10:35:53,213 [INFO] ServerAccessManage:473 - Download File STMicroelectronics.FP-ATR-SIGFOX1.pdsc
2023-03-21 10:35:53,297 [INFO] ServerAccessManage:473 - Download File STMicroelectronics.X-CUBE-AI.pdsc
2023-03-21 10:35:53,560 [WARN] MainUpdater:1187 - Updater busy. Cannot search thirdparties
2023-03-21 10:35:53,560 [INFO] ThirdPartyUpdaterWithRetryManager:96 - Updater plugin is busy. [1/15]
2023-03-21 10:35:53,814 [INFO] ServerAccessManage:473 - Download File STMicroelectronics.X-CUBE-ALS.pdsc
2023-03-21 10:35:53,930 [INFO] ServerAccessManage:473 - Download File STMicroelectronics.X-CUBE-BLE1.pdsc
2023-03-21 10:35:54,431 [ERROR] ServerAccessManage:1089 - Problem, file not found on Server
2023-03-21 10:35:54,462 [INFO] ServerAccessManage:473 - Download File STMicroelectronics.X-CUBE-BLE2.pdsc
2023-03-21 10:35:55,276 [INFO] ServerAccessManage:473 - Download File STMicroelectronics.X-CUBE-BLEMGR.pdsc
2023-03-21 10:35:55,495 [INFO] ServerAccessManage:473 - Download File STMicroelectronics.X-CUBE-DISPLAY.pdsc
2023-03-21 10:35:55,749 [INFO] ServerAccessManage:473 - Download File STMicroelectronics.X-CUBE-EEPRMA1.pdsc
2023-03-21 10:35:55,903 [ERROR] ServerAccessManage:1089 - Problem, file not found on Server
2023-03-21 10:35:56,034 [INFO] ServerAccessManage:473 - Download File STMicroelectronics.X-CUBE-FREERTOS.pdsc
2023-03-21 10:35:56,250 [INFO] ServerAccessManage:473 - Download File STMicroelectronics.X-CUBE-GNSS1.pdsc
2023-03-21 10:35:56,566 [WARN] MainUpdater:1187 - Updater busy. Cannot search thirdparties
2023-03-21 10:35:56,566 [INFO] ThirdPartyUpdaterWithRetryManager:96 - Updater plugin is busy. [2/15]
2023-03-21 10:35:57,136 [ERROR] LogOutputStream:75 - [STDERR_REDIRECT] SLF4J: Failed to load class "org.slf4j.impl.StaticLoggerBinder".
2023-03-21 10:35:57,136 [ERROR] LogOutputStream:75 - [STDERR_REDIRECT] SLF4J: Defaulting to no-operation (NOP) logger implementation
2023-03-21 10:35:57,136 [ERROR] LogOutputStream:75 - [STDERR_REDIRECT] SLF4J: See http://www.slf4j.org/codes.html#StaticLoggerBinder for further details.
2023-03-21 10:35:57,368 [ERROR] ServerAccessManage:1089 - Problem, file not found on Server
2023-03-21 10:35:57,484 [ERROR] ServerAccessManage:1089 - Problem, file not found on Server
2023-03-21 10:35:57,607 [ERROR] ServerAccessManage:1089 - Problem, file not found on Server
2023-03-21 10:35:57,722 [ERROR] ServerAccessManage:1089 - Problem, file not found on Server
2023-03-21 10:35:57,838 [ERROR] ServerAccessManage:1089 - Problem, file not found on Server
2023-03-21 10:35:57,954 [ERROR] ServerAccessManage:1089 - Problem, file not found on Server
2023-03-21 10:35:57,994 [INFO] ServerAccessManage:473 - Download File STMicroelectronics.X-CUBE-ISPU.pdsc
2023-03-21 10:35:58,123 [INFO] ServerAccessManage:473 - Download File STMicroelectronics.X-CUBE-MEMS1.pdsc
2023-03-21 10:35:58,941 [INFO] ServerAccessManage:473 - Download File STMicroelectronics.X-CUBE-NFC4.pdsc
2023-03-21 10:35:59,458 [INFO] ServerAccessManage:473 - Download File STMicroelectronics.X-CUBE-NFC7.pdsc
2023-03-21 10:35:59,573 [WARN] MainUpdater:1187 - Updater busy. Cannot search thirdparties
2023-03-21 10:35:59,573 [INFO] ThirdPartyUpdaterWithRetryManager:96 - Updater plugin is busy. [3/15]
2023-03-21 10:35:59,743 [INFO] ServerAccessManage:473 - Download File STMicroelectronics.X-CUBE-SFXS2LP1.pdsc
2023-03-21 10:36:00,345 [INFO] ServerAccessManage:473 - Download File STMicroelectronics.X-CUBE-SUBG2.pdsc
2023-03-21 10:36:01,163 [INFO] ServerAccessManage:473 - Download File STMicroelectronics.X-CUBE-TOF1.pdsc
2023-03-21 10:36:01,433 [ERROR] ServerAccessManage:1089 - Problem, file not found on Server
2023-03-21 10:36:01,580 [INFO] ServerAccessManage:473 - Download File STMicroelectronics.X-CUBE-TOUCHGFX.pdsc
2023-03-21 10:36:01,934 [INFO] ServerAccessManage:473 - Download File STMicroelectronics.X-CUBE-ALGOBUILD.pdsc
2023-03-21 10:36:02,097 [INFO] ServerAccessManage:473 - Download File STMicroelectronics.X-CUBE-AZRTOS-H7.pdsc
2023-03-21 10:36:02,513 [INFO] ServerAccessManage:473 - Download File STMicroelectronics.X-CUBE-AZRTOS-F4.pdsc
2023-03-21 10:36:02,590 [WARN] MainUpdater:1187 - Updater busy. Cannot search thirdparties
2023-03-21 10:36:02,590 [INFO] ThirdPartyUpdaterWithRetryManager:96 - Updater plugin is busy. [4/15]
2023-03-21 10:36:03,010 [INFO] ServerAccessManage:473 - Download File STMicroelectronics.X-CUBE-AZRTOS-F7.pdsc
2023-03-21 10:36:03,380 [INFO] ServerAccessManage:473 - Download File STMicroelectronics.X-CUBE-AZRTOS-L4.pdsc
2023-03-21 10:36:03,549 [INFO] ServerAccessManage:473 - Download File STMicroelectronics.X-CUBE-AZRTOS-L5.pdsc
2023-03-21 10:36:03,812 [INFO] ServerAccessManage:473 - Download File STMicroelectronics.X-CUBE-AZRTOS-G0.pdsc
2023-03-21 10:36:04,197 [INFO] ServerAccessManage:473 - Download File STMicroelectronics.X-CUBE-AZRTOS-G4.pdsc
2023-03-21 10:36:04,366 [INFO] ServerAccessManage:473 - Download File STMicroelectronics.X-CUBE-AZRTOS-WB.pdsc
2023-03-21 10:36:04,636 [INFO] ServerAccessManage:473 - Download File STMicroelectronics.X-CUBE-AZRTOS-WL.pdsc
2023-03-21 10:36:05,310 [INFO] ServerAccessManage:473 - Download File wolfSSL.I-CUBE-wolfSSL.pdsc
2023-03-21 10:36:05,594 [WARN] MainUpdater:1187 - Updater busy. Cannot search thirdparties
2023-03-21 10:36:05,594 [INFO] ThirdPartyUpdaterWithRetryManager:96 - Updater plugin is busy. [5/15]
2023-03-21 10:36:08,209 [ERROR] ServerAccessManage:1089 - Problem, file not found on Server
2023-03-21 10:36:08,595 [WARN] MainUpdater:1187 - Updater busy. Cannot search thirdparties
2023-03-21 10:36:08,595 [INFO] ThirdPartyUpdaterWithRetryManager:96 - Updater plugin is busy. [6/15]
2023-03-21 10:36:08,617 [ERROR] ServerAccessManage:1089 - Problem, file not found on Server
2023-03-21 10:36:09,018 [ERROR] ServerAccessManage:1089 - Problem, file not found on Server
2023-03-21 10:36:09,598 [INFO] ServerAccessManage:473 - Download File RoweBots.I-CUBE-UNISONRTOS.pdsc
2023-03-21 10:36:10,368 [ERROR] ServerAccessManage:1089 - Problem, file not found on Server
2023-03-21 10:36:10,870 [ERROR] ServerAccessManage:1089 - Problem, file not found on Server
2023-03-21 10:36:11,371 [ERROR] ServerAccessManage:1089 - Problem, file not found on Server
2023-03-21 10:36:11,603 [WARN] MainUpdater:1187 - Updater busy. Cannot search thirdparties
2023-03-21 10:36:11,603 [INFO] ThirdPartyUpdaterWithRetryManager:96 - Updater plugin is busy. [7/15]
2023-03-21 10:36:11,892 [ERROR] ServerAccessManage:1089 - Problem, file not found on Server
2023-03-21 10:36:12,088 [INFO] ServerAccessManage:473 - Download File SEGGER.I-CUBE-embOS.pdsc
2023-03-21 10:36:12,282 [INFO] MainUpdater:2854 - connection check result : 10
2023-03-21 10:36:12,705 [INFO] ServerAccessManage:473 - Download File portGmbH.I-Cube-SoM-uGOAL.pdsc
2023-03-21 10:36:13,191 [ERROR] ServerAccessManage:1089 - Problem, file not found on Server
2023-03-21 10:36:13,245 [ERROR] ServerAccessManage:1089 - Problem, file not found on Server
2023-03-21 10:36:13,276 [ERROR] ServerAccessManage:1089 - Problem, file not found on Server
2023-03-21 10:36:13,546 [INFO] ServerAccessManage:473 - Download File emotas.I-CUBE-CANOPEN.pdsc
2023-03-21 10:36:14,611 [WARN] MainUpdater:1187 - Updater busy. Cannot search thirdparties
2023-03-21 10:36:14,611 [INFO] ThirdPartyUpdaterWithRetryManager:96 - Updater plugin is busy. [8/15]
2023-03-21 10:36:14,935 [INFO] ServerAccessManage:473 - Download File WES.I-CUBE-Cesium.pdsc
2023-03-21 10:36:17,118 [ERROR] ServerAccessManage:1089 - Problem, file not found on Server
2023-03-21 10:36:17,619 [WARN] MainUpdater:1187 - Updater busy. Cannot search thirdparties
2023-03-21 10:36:17,619 [INFO] ThirdPartyUpdaterWithRetryManager:96 - Updater plugin is busy. [9/15]
2023-03-21 10:36:17,888 [ERROR] ServerAccessManage:1089 - Problem, file not found on Server
2023-03-21 10:36:17,941 [WARN] CheckServerUpdateThread:151 - Open CheckUpdateFile Fail
2023-03-21 10:36:17,968 [WARN] PackLoader:240 - Cannot read IP mode file for STMicroelectronics.FP-ATR-ASTRA1.1.1.1
2023-03-21 10:36:17,979 [WARN] PackLoader:240 - Cannot read IP mode file for STMicroelectronics.FP-ATR-SIGFOX1.3.2.0
2023-03-21 10:36:17,979 [WARN] PackLoader:240 - Cannot read IP mode file for STMicroelectronics.X-CUBE-AI.8.0.0
2023-03-21 10:36:17,994 [WARN] PackLoader:240 - Cannot read IP mode file for STMicroelectronics.X-CUBE-ALS.1.0.1
2023-03-21 10:36:18,010 [WARN] PackLoader:240 - Cannot read IP mode file for STMicroelectronics.X-CUBE-BLE1.6.2.4
2023-03-21 10:36:18,010 [WARN] PackLoader:240 - Cannot read IP mode file for STMicroelectronics.X-CUBE-BLE2.3.3.0
2023-03-21 10:36:18,025 [WARN] PackLoader:240 - Cannot read IP mode file for STMicroelectronics.X-CUBE-BLEMGR.2.0.0
2023-03-21 10:36:18,041 [WARN] PackLoader:240 - Cannot read IP mode file for STMicroelectronics.X-CUBE-DISPLAY.3.0.0
2023-03-21 10:36:18,057 [WARN] PackLoader:240 - Cannot read IP mode file for STMicroelectronics.X-CUBE-EEPRMA1.4.1.0
2023-03-21 10:36:18,072 [WARN] PackLoader:240 - Cannot read IP mode file for STMicroelectronics.X-CUBE-FREERTOS.1.0.0
2023-03-21 10:36:18,072 [WARN] PackLoader:240 - Cannot read IP mode file for STMicroelectronics.X-CUBE-GNSS1.6.0.0
2023-03-21 10:36:18,088 [INFO] CheckServerUpdateThread:120 - End of CheckServer Thread
2023-03-21 10:36:18,088 [WARN] PackLoader:240 - Cannot read IP mode file for STMicroelectronics.X-CUBE-ISPU.1.1.0
2023-03-21 10:36:18,157 [WARN] PackLoader:240 - Cannot read IP mode file for STMicroelectronics.X-CUBE-MEMS1.9.5.0
2023-03-21 10:36:18,173 [INFO] McuFinderGlobals:66 - Set McuFinderConnectedMode to true
2023-03-21 10:36:18,342 [WARN] PackLoader:240 - Cannot read IP mode file for STMicroelectronics.X-CUBE-NFC4.3.0.0
2023-03-21 10:36:18,357 [WARN] PackLoader:240 - Cannot read IP mode file for STMicroelectronics.X-CUBE-NFC7.1.0.0
2023-03-21 10:36:18,357 [WARN] PackLoader:240 - Cannot read IP mode file for STMicroelectronics.X-CUBE-SFXS2LP1.4.0.0
2023-03-21 10:36:18,389 [WARN] PackLoader:240 - Cannot read IP mode file for STMicroelectronics.X-CUBE-SUBG2.5.0.0
2023-03-21 10:36:18,404 [WARN] PackLoader:240 - Cannot read IP mode file for STMicroelectronics.X-CUBE-TOF1.3.2.0
2023-03-21 10:36:18,420 [WARN] PackLoader:240 - Cannot read IP mode file for STMicroelectronics.X-CUBE-TOUCHGFX.4.21.1
2023-03-21 10:36:18,442 [WARN] PackLoader:240 - Cannot read IP mode file for STMicroelectronics.X-CUBE-ALGOBUILD.1.3.0
2023-03-21 10:36:18,473 [WARN] PackLoader:240 - Cannot read IP mode file for STMicroelectronics.X-CUBE-AZRTOS-H7.3.0.0
2023-03-21 10:36:18,505 [WARN] PackLoader:240 - Cannot read IP mode file for STMicroelectronics.X-CUBE-AZRTOS-F4.1.1.0
2023-03-21 10:36:18,520 [INFO] ServerAccessManage:473 - Download File mcusAds.json._tmp_
2023-03-21 10:36:18,520 [WARN] PackLoader:240 - Cannot read IP mode file for STMicroelectronics.X-CUBE-AZRTOS-F7.1.1.0
2023-03-21 10:36:18,558 [WARN] PackLoader:240 - Cannot read IP mode file for STMicroelectronics.X-CUBE-AZRTOS-L4.1.0.0
2023-03-21 10:36:18,574 [WARN] PackLoader:240 - Cannot read IP mode file for STMicroelectronics.X-CUBE-AZRTOS-L5.1.1.0
2023-03-21 10:36:18,605 [WARN] PackLoader:240 - Cannot read IP mode file for STMicroelectronics.X-CUBE-AZRTOS-G0.1.1.0
2023-03-21 10:36:18,621 [WARN] PackLoader:240 - Cannot read IP mode file for STMicroelectronics.X-CUBE-AZRTOS-G4.1.0.0
2023-03-21 10:36:18,621 [INFO] LoadUrlFilesThread:156 - End of LoadUrlFiles Thread
2023-03-21 10:36:18,658 [WARN] PackLoader:240 - Cannot read IP mode file for STMicroelectronics.X-CUBE-AZRTOS-WB.1.1.0
2023-03-21 10:36:18,705 [WARN] PackLoader:240 - Cannot read IP mode file for STMicroelectronics.X-CUBE-AZRTOS-WL.1.0.0
2023-03-21 10:36:18,721 [WARN] PackLoader:240 - Cannot read IP mode file for wolfSSL.I-CUBE-wolfSSL.5.5.4
2023-03-21 10:36:18,740 [WARN] PackLoader:240 - Cannot read IP mode file for RoweBots.I-CUBE-UNISONRTOS.5.5.0-4
2023-03-21 10:36:18,779 [WARN] PackLoader:240 - Cannot read IP mode file for SEGGER.I-CUBE-embOS.1.3.1
2023-03-21 10:36:18,826 [INFO] ServerAccessManage:473 - Download File cube-finder-db.zip
2023-03-21 10:36:18,842 [WARN] PackLoader:240 - Cannot read IP mode file for portGmbH.I-Cube-SoM-uGOAL.1.1.0
2023-03-21 10:36:18,843 [WARN] PackLoader:240 - Cannot read IP mode file for emotas.I-CUBE-CANOPEN.1.2.0
2023-03-21 10:36:18,858 [WARN] PackLoader:240 - Cannot read IP mode file for WES.I-CUBE-Cesium.1.3.0
2023-03-21 10:36:18,858 [INFO] PopulateThirdPartyThread:66 - Ending populate Thread
2023-03-21 10:36:18,874 [INFO] ThirdParty:1030 - CMSIS Pack Vendor :STMicroelectronics X-CUBE-ISPU 1.1.0
2023-03-21 10:36:18,874 [INFO] ThirdParty:1030 - CMSIS Pack Vendor :STMicroelectronics X-CUBE-DISPLAY 3.0.0
2023-03-21 10:36:18,874 [INFO] ThirdParty:1030 - CMSIS Pack Vendor :RoweBots I-CUBE-UNISONRTOS 5.5.0-4
2023-03-21 10:36:18,874 [INFO] ThirdParty:1030 - CMSIS Pack Vendor :STMicroelectronics X-CUBE-GNSS1 6.0.0
2023-03-21 10:36:18,874 [INFO] ThirdParty:1030 - CMSIS Pack Vendor :STMicroelectronics X-CUBE-AZRTOS-F4 1.1.0
2023-03-21 10:36:18,874 [INFO] ThirdParty:1030 - CMSIS Pack Vendor :STMicroelectronics FP-ATR-SIGFOX1 3.2.0
2023-03-21 10:36:18,874 [INFO] ThirdParty:1030 - CMSIS Pack Vendor :STMicroelectronics X-CUBE-AZRTOS-G4 1.0.0
2023-03-21 10:36:18,874 [INFO] ThirdParty:1030 - CMSIS Pack Vendor :wolfSSL I-CUBE-wolfSSL 5.5.4
2023-03-21 10:36:18,874 [INFO] ThirdParty:1030 - CMSIS Pack Vendor :STMicroelectronics X-CUBE-AZRTOS-L4 1.0.0
2023-03-21 10:36:18,874 [INFO] ThirdParty:1030 - CMSIS Pack Vendor :STMicroelectronics X-CUBE-AI 8.0.0
2023-03-21 10:36:18,874 [INFO] ThirdParty:1030 - CMSIS Pack Vendor :emotas I-CUBE-CANOPEN 1.2.0
2023-03-21 10:36:18,874 [INFO] ThirdParty:1030 - CMSIS Pack Vendor :STMicroelectronics X-CUBE-FREERTOS 1.0.0
2023-03-21 10:36:18,874 [INFO] ThirdParty:1030 - CMSIS Pack Vendor :STMicroelectronics X-CUBE-TOUCHGFX 4.21.1
2023-03-21 10:36:18,874 [INFO] ThirdParty:1030 - CMSIS Pack Vendor :STMicroelectronics X-CUBE-NFC7 1.0.0
2023-03-21 10:36:18,874 [INFO] ThirdParty:1030 - CMSIS Pack Vendor :STMicroelectronics X-CUBE-AZRTOS-WL 1.0.0
2023-03-21 10:36:18,874 [INFO] ThirdParty:1030 - CMSIS Pack Vendor :STMicroelectronics X-CUBE-AZRTOS-F7 1.1.0
2023-03-21 10:36:18,874 [INFO] ThirdParty:1030 - CMSIS Pack Vendor :STMicroelectronics X-CUBE-ALS 1.0.1
2023-03-21 10:36:18,874 [INFO] ThirdParty:1030 - CMSIS Pack Vendor :STMicroelectronics X-CUBE-EEPRMA1 4.1.0
2023-03-21 10:36:18,874 [INFO] ThirdParty:1030 - CMSIS Pack Vendor :portGmbH I-Cube-SoM-uGOAL 1.1.0
2023-03-21 10:36:18,874 [INFO] ThirdParty:1030 - CMSIS Pack Vendor :STMicroelectronics X-CUBE-MEMS1 9.5.0
2023-03-21 10:36:18,874 [INFO] ThirdParty:1030 - CMSIS Pack Vendor :STMicroelectronics X-CUBE-AZRTOS-WB 1.1.0
2023-03-21 10:36:18,874 [INFO] ThirdParty:1030 - CMSIS Pack Vendor :STMicroelectronics X-CUBE-ALGOBUILD 1.3.0
2023-03-21 10:36:18,874 [INFO] ThirdParty:1030 - CMSIS Pack Vendor :SEGGER I-CUBE-embOS 1.3.1
2023-03-21 10:36:18,874 [INFO] ThirdParty:1030 - CMSIS Pack Vendor :STMicroelectronics X-CUBE-BLE1 6.2.4
2023-03-21 10:36:18,874 [INFO] ThirdParty:1030 - CMSIS Pack Vendor :STMicroelectronics X-CUBE-AZRTOS-L5 1.1.0
2023-03-21 10:36:18,874 [INFO] ThirdParty:1030 - CMSIS Pack Vendor :STMicroelectronics X-CUBE-AZRTOS-G0 1.1.0
2023-03-21 10:36:18,874 [INFO] ThirdParty:1030 - CMSIS Pack Vendor :STMicroelectronics X-CUBE-BLEMGR 2.0.0
2023-03-21 10:36:18,874 [INFO] ThirdParty:1030 - CMSIS Pack Vendor :STMicroelectronics X-CUBE-NFC4 3.0.0
2023-03-21 10:36:18,874 [INFO] ThirdParty:1030 - CMSIS Pack Vendor :STMicroelectronics X-CUBE-SUBG2 5.0.0
2023-03-21 10:36:18,874 [INFO] ThirdParty:1030 - CMSIS Pack Vendor :WES I-CUBE-Cesium 1.3.0
2023-03-21 10:36:18,874 [INFO] ThirdParty:1030 - CMSIS Pack Vendor :STMicroelectronics X-CUBE-SFXS2LP1 4.0.0
2023-03-21 10:36:18,874 [INFO] ThirdParty:1030 - CMSIS Pack Vendor :STMicroelectronics X-CUBE-BLE2 3.3.0
2023-03-21 10:36:18,874 [INFO] ThirdParty:1030 - CMSIS Pack Vendor :STMicroelectronics X-CUBE-TOF1 3.2.0
2023-03-21 10:36:18,874 [INFO] ThirdParty:1030 - CMSIS Pack Vendor :STMicroelectronics FP-ATR-ASTRA1 1.1.1
2023-03-21 10:36:18,874 [INFO] ThirdParty:1030 - CMSIS Pack Vendor :STMicroelectronics X-CUBE-AZRTOS-H7 3.0.0
2023-03-21 10:36:18,874 [INFO] LoadServerUpdatesThread:373 - End of LoadServerUpdate Thread
2023-03-21 10:36:20,624 [WARN] MainUpdater:1187 - Updater busy. Cannot search thirdparties
2023-03-21 10:36:20,624 [INFO] ThirdPartyUpdaterWithRetryManager:96 - Updater plugin is busy. [10/15]
2023-03-21 10:36:23,642 [WARN] MainUpdater:1187 - Updater busy. Cannot search thirdparties
2023-03-21 10:36:23,642 [INFO] ThirdPartyUpdaterWithRetryManager:96 - Updater plugin is busy. [11/15]
2023-03-21 10:36:26,649 [WARN] MainUpdater:1187 - Updater busy. Cannot search thirdparties
2023-03-21 10:36:26,649 [INFO] ThirdPartyUpdaterWithRetryManager:96 - Updater plugin is busy. [12/15]
2023-03-21 10:36:29,662 [WARN] MainUpdater:1187 - Updater busy. Cannot search thirdparties
2023-03-21 10:36:29,662 [INFO] ThirdPartyUpdaterWithRetryManager:96 - Updater plugin is busy. [13/15]
2023-03-21 10:36:31,624 [INFO] FileExtend:240 - Unzip File : cube-finder-db.zip
2023-03-21 10:36:31,624 [INFO] FileExtend:255 - Standard Zip Deflate
2023-03-21 10:36:32,324 [INFO] LoadUrlFilesThread:156 - End of LoadUrlFiles Thread
2023-03-21 10:36:32,671 [WARN] MainUpdater:1187 - Updater busy. Cannot search thirdparties
2023-03-21 10:36:32,671 [INFO] ThirdPartyUpdaterWithRetryManager:96 - Updater plugin is busy. [14/15]
2023-03-21 10:36:32,775 [INFO] ServerAccessManage:473 - Download File crdb.zip
2023-03-21 10:36:33,207 [INFO] FileExtend:240 - Unzip File : crdb.zip
2023-03-21 10:36:33,207 [INFO] FileExtend:255 - Standard Zip Deflate
2023-03-21 10:36:33,323 [INFO] LoadUrlFilesThread:156 - End of LoadUrlFiles Thread
2023-03-21 10:36:33,492 [INFO] ServerAccessManage:473 - Download File tutoVideoDB.zip
2023-03-21 10:36:33,523 [INFO] FileExtend:240 - Unzip File : tutoVideoDB.zip
2023-03-21 10:36:33,523 [INFO] FileExtend:255 - Standard Zip Deflate
2023-03-21 10:36:33,624 [INFO] LoadUrlFilesThread:156 - End of LoadUrlFiles Thread
2023-03-21 10:36:33,624 [WARN] DbFile:41 - Overriding database path with different value: C:\Users\mathi\.stmcufinder\plugins\mcufinder/ => C:\Users\mathi\.stmcufinder\plugins\mcufinder
2023-03-21 10:36:33,777 [INFO] ServerAccessManage:473 - Download File api_config.json
2023-03-21 10:36:33,877 [INFO] LoadUrlFilesThread:156 - End of LoadUrlFiles Thread
2023-03-21 10:36:33,877 [INFO] DbMcusAds:53 - JSON generation date=Tue Mar 07 09:50:55 CET 2023 (1678179055114)
2023-03-21 10:36:34,009 [INFO] ServerAccessManage:473 - Download File 
2023-03-21 10:36:34,047 [INFO] LoadUrlFilesThread:185 - End of LoadServerUrlFiles without Thread
2023-03-21 10:36:34,047 [INFO] TargetSelectorAdapter:259 - Refresh data is successful
2023-03-21 10:36:34,378 [INFO] ApiDb:581 - Connected to CubeFinder SQLite database (C:\Users\mathi\.stmcufinder\plugins\mcufinder\mcu\cube-finder-db.db)
2023-03-21 10:36:34,425 [INFO] ApiDb:668 - CubeFinder database Data Model version=2.1
2023-03-21 10:36:34,425 [INFO] ApiDb:669 - CubeFinder database Configuration version=3.0.35
2023-03-21 10:36:34,425 [INFO] ApiDb:670 - CubeFinder database generation date=2023-03-10 (1678456172)
2023-03-21 10:36:34,425 [INFO] ApiDb:671 - CubeFinder database FW Pack versions=[FP-ATR-ASTRA1_V1.1.1, STM32Cube_FW_C0_V1.0.1, STM32Cube_FW_F0_V1.11.4, STM32Cube_FW_F3_V1.11.4, STM32Cube_FW_F4_V1.27.1, STM32Cube_FW_F7_V1.17.0, STM32Cube_FW_G0_V1.6.1, STM32Cube_FW_G4_V1.5.1, STM32Cube_FW_H5_V0.5.1, STM32Cube_FW_H5_V1.0.0, STM32Cube_FW_H7_V1.11.0, STM32Cube_FW_L0_V1.12.2, STM32Cube_FW_L5_V1.5.0, STM32Cube_FW_U5_V1.2.0, STM32Cube_FW_WBA_V1.0.0, STM32Cube_FW_WBA_V1.0.0RC1, STM32Cube_FW_WBA_V1.0.0RC3, STM32Cube_FW_WB_V1.15.0RC1, STM32Cube_FW_WB_V1.16.0, STM32Cube_FW_WB_V1.16.0RC2, STM32Cube_FW_WL_V1.3.0, X-CUBE-ALGOBUILD_V1.3.0, X-CUBE-ALS_V1.0.1, X-CUBE-AZRTOS-F4_V1.1.0, X-CUBE-AZRTOS-F7_V1.1.0, X-CUBE-AZRTOS-G0_V1.1.0, X-CUBE-AZRTOS-G4_V1.0.0, X-CUBE-AZRTOS-H7_V3.0.0, X-CUBE-AZRTOS-L4_V1.0.0, X-CUBE-AZRTOS-L5_V1.1.0, X-CUBE-AZRTOS-WB_V1.1.0, X-CUBE-AZRTOS-WL_V1.0.0, X-CUBE-BLE1_V6.2.4, X-CUBE-BLE2_V3.3.0, X-CUBE-BLEMGR_V1.3.0, X-CUBE-EEPRMA1_V4.1.0, X-CUBE-GNSS1_V6.0.0, X-CUBE-MEMS1_V9.1.0, X-CUBE-MEMS1_V9.4.0, X-CUBE-MEMS1_V9.5.0, X-CUBE-NFC4_V3.0.0, X-CUBE-NFC7_V1.0.0, X-CUBE-SFXS2LP1_V4.0.0, X-CUBE-SUBG2_V5.0.0]
2023-03-21 10:36:35,799 [WARN] PackLoader:240 - Cannot read IP mode file for STMicroelectronics.X-CUBE-GNSS1.6.0.0
2023-03-21 10:36:35,810 [WARN] PackLoader:240 - Cannot read IP mode file for STMicroelectronics.X-CUBE-AZRTOS-F4.1.1.0
2023-03-21 10:36:35,820 [WARN] PackLoader:240 - Cannot read IP mode file for STMicroelectronics.X-CUBE-AZRTOS-F7.1.1.0
2023-03-21 10:36:35,830 [WARN] PackLoader:240 - Cannot read IP mode file for STMicroelectronics.X-CUBE-BLE1.6.2.4
2023-03-21 10:36:35,830 [WARN] PackLoader:240 - Cannot read IP mode file for STMicroelectronics.X-CUBE-BLEMGR.2.0.0
2023-03-21 10:36:35,850 [WARN] PackLoader:240 - Cannot read IP mode file for STMicroelectronics.X-CUBE-DISPLAY.3.0.0
2023-03-21 10:36:35,850 [WARN] PackLoader:240 - Cannot read IP mode file for wolfSSL.I-CUBE-wolfSSL.5.5.4
2023-03-21 10:36:35,860 [WARN] PackLoader:240 - Cannot read IP mode file for STMicroelectronics.X-CUBE-NFC7.1.0.0
2023-03-21 10:36:35,860 [WARN] PackLoader:240 - Cannot read IP mode file for STMicroelectronics.X-CUBE-EEPRMA1.4.1.0
2023-03-21 10:36:35,870 [WARN] PackLoader:240 - Cannot read IP mode file for WES.I-CUBE-Cesium.1.3.0
2023-03-21 10:36:35,870 [WARN] PackLoader:240 - Cannot read IP mode file for STMicroelectronics.X-CUBE-SFXS2LP1.4.0.0
2023-03-21 10:36:35,881 [WARN] PackLoader:240 - Cannot read IP mode file for STMicroelectronics.X-CUBE-BLE2.3.3.0
2023-03-21 10:36:35,889 [WARN] PackLoader:240 - Cannot read IP mode file for STMicroelectronics.X-CUBE-TOF1.3.2.0
2023-03-21 10:36:35,901 [WARN] PackLoader:240 - Cannot read IP mode file for STMicroelectronics.X-CUBE-AZRTOS-H7.3.0.0
2023-03-21 10:36:35,909 [WARN] PackLoader:240 - Cannot read IP mode file for STMicroelectronics.X-CUBE-ISPU.1.1.0
2023-03-21 10:36:35,911 [WARN] PackLoader:240 - Cannot read IP mode file for RoweBots.I-CUBE-UNISONRTOS.5.5.0-4
2023-03-21 10:36:35,921 [WARN] PackLoader:240 - Cannot read IP mode file for emotas.I-CUBE-CANOPEN.1.2.0
2023-03-21 10:36:35,921 [WARN] PackLoader:240 - Cannot read IP mode file for STMicroelectronics.X-CUBE-AI.8.0.0
2023-03-21 10:36:35,929 [WARN] PackLoader:240 - Cannot read IP mode file for STMicroelectronics.X-CUBE-FREERTOS.1.0.0
2023-03-21 10:36:35,931 [WARN] PackLoader:240 - Cannot read IP mode file for STMicroelectronics.X-CUBE-TOUCHGFX.4.21.1
2023-03-21 10:36:35,939 [WARN] PackLoader:240 - Cannot read IP mode file for STMicroelectronics.X-CUBE-ALGOBUILD.1.3.0
2023-03-21 10:36:35,949 [WARN] PackLoader:240 - Cannot read IP mode file for STMicroelectronics.X-CUBE-AZRTOS-L5.1.1.0
2023-03-21 10:36:35,961 [WARN] PackLoader:240 - Cannot read IP mode file for STMicroelectronics.X-CUBE-AZRTOS-G0.1.1.0
2023-03-21 10:36:35,972 [WARN] PackLoader:240 - Cannot read IP mode file for STMicroelectronics.X-CUBE-SUBG2.5.0.0
2023-03-21 10:36:35,982 [WARN] PackLoader:240 - Cannot read IP mode file for STMicroelectronics.X-CUBE-NFC4.3.0.0
2023-03-21 10:36:35,990 [WARN] PackLoader:240 - Cannot read IP mode file for STMicroelectronics.FP-ATR-ASTRA1.1.1.1
2023-03-21 10:36:35,992 [WARN] PackLoader:240 - Cannot read IP mode file for STMicroelectronics.X-CUBE-AZRTOS-G4.1.0.0
2023-03-21 10:36:36,002 [WARN] PackLoader:240 - Cannot read IP mode file for STMicroelectronics.FP-ATR-SIGFOX1.3.2.0
2023-03-21 10:36:36,012 [INFO] ApiDb:240 - Found 297 in-development CPN: [B-G473E-ZEST1S, B-WB1M-WPAN1, B-WL5M-SUBG1, NUCLEO-C031C6, NUCLEO-H503RB, NUCLEO-H563ZI, NUCLEO-U545RE-Q, NUCLEO-U5A5ZJ-Q, NUCLEO-WBA52CG, STEVAL-PROTEUS1, STEVAL-STWINBX1, STM320518-EVAL, STM32C0116-DK, STM32C011D6Y3TR, STM32C011D6Y6TR, STM32C011F4P3, STM32C011F4P6, STM32C011F4U3, STM32C011F4U6TR, STM32C011F6P3, STM32C011F6P6, STM32C011F6U3, STM32C011F6U6TR, STM32C011J4M3, STM32C011J4M6, STM32C011J6M3, STM32C011J6M6, STM32C0316-DK, STM32C031C4T3, STM32C031C4T6, STM32C031C4U3, STM32C031C4U6, STM32C031C6T3, STM32C031C6T6, STM32C031C6U3, STM32C031C6U6, STM32C031F4P3, STM32C031F4P6, STM32C031F6P3, STM32C031F6P6, STM32C031G4U3, STM32C031G4U6, STM32C031G6U3, STM32C031G6U6, STM32C031K4T3, STM32C031K4T6, STM32C031K4U3, STM32C031K4U6, STM32C031K6T3, STM32C031K6T6, STM32C031K6U3, STM32C031K6U6, STM32G071K8TXN, STM32G071K8UXN, STM32G081GBU6N, STM32G081KBT6N, STM32G081KBUXN, STM32G0B1CCT6N, STM32G0B1KCT6, STM32G0B1NEY6TR, STM32G0B1RCT6N, STM32G0C1CCT6, STM32G0C1CCT6N, STM32G0C1CCU6N, STM32G0C1CET6N, STM32G0C1CEU6N, STM32G0C1KCT6, STM32G0C1NEY6TR, STM32G0C1RCI6N, STM32G0C1RCT6N, STM32G0C1REI6N, STM32G0C1RET6N, STM32G0C1VCI6, STM32G0C1VEI6, STM32G471CCT6, STM32G471CCU6, STM32G471CET3, STM32G471CET6, STM32G471CEU3, STM32G471CEU6, STM32G471MCT6, STM32G471MET3, STM32G471MET6, STM32G471MEY6TR, STM32G471QCT6, STM32G471QET3, STM32G471RCT6, STM32G471RET3, STM32G471RET6, STM32G471VCH6, STM32G471VCI6, STM32G471VCT6, STM32G471VEH3, STM32G471VEH6, STM32G471VEI3, STM32G471VEI6, STM32G471VET3, STM32G471VET6, STM32G474CCT6, STM32H503CBT6, STM32H503CBU6, STM32H503EBY6TR, STM32H503KBU6, STM32H503RBT6, STM32H562AGI6, STM32H562AII6, STM32H562IGK6, STM32H562IGT6, STM32H562IIK6, STM32H562IIT6, STM32H562RGT6, STM32H562RGV6, STM32H562RIT6, STM32H562RIV6, STM32H562VGT6, STM32H562VIT6, STM32H562ZGT6, STM32H562ZIT6, STM32H563AGI6, STM32H563AII3Q, STM32H563AII6, STM32H563IGK6, STM32H563IGT6, STM32H563IIK3Q, STM32H563IIK6, STM32H563IIT3Q, STM32H563IIT6, STM32H563MIY3QTR, STM32H563RGT6, STM32H563RGV6, STM32H563RIT6, STM32H563RIV6, STM32H563VGT6, STM32H563VIT3Q, STM32H563VIT6, STM32H563ZGT6, STM32H563ZIT3Q, STM32H563ZIT6, STM32H573AII3Q, STM32H573AII6, STM32H573I-DK, STM32H573IIK3Q, STM32H573IIK6, STM32H573IIT3Q, STM32H573IIT6, STM32H573MIY3QTR, STM32H573RIT6, STM32H573RIV6, STM32H573VIT3Q, STM32H573VIT6, STM32H573ZIT3Q, STM32H573ZIT6, STM32L4R5QGI6STR, STM32MP131AAE3, STM32MP131AAF3, STM32MP131AAG3, STM32MP131CAE3, STM32MP131CAF3, STM32MP131CAG3, STM32MP131DAE7, STM32MP131DAF7, STM32MP131DAG7, STM32MP131FAE7, STM32MP131FAF7, STM32MP131FAG7, STM32MP133AAE3, STM32MP133AAF3, STM32MP133AAG3, STM32MP133CAE3, STM32MP133CAF3, STM32MP133CAG3, STM32MP133DAE7, STM32MP133DAF7, STM32MP133DAG7, STM32MP133FAE7, STM32MP133FAF7, STM32MP133FAG7, STM32MP135AAE3, STM32MP135AAF3, STM32MP135AAG3, STM32MP135CAE3, STM32MP135CAF3, STM32MP135CAG3, STM32MP135DAE7, STM32MP135DAF7, STM32MP135DAG7, STM32MP135F-DK, STM32MP135FAE7, STM32MP135FAF7, STM32MP135FAF7T, STM32MP135FAF7U, STM32MP135FAG7, STM32U535CBT6, STM32U535CBT6Q, STM32U535CBU6, STM32U535CBU6Q, STM32U535CCT6, STM32U535CCT6Q, STM32U535CCU6, STM32U535CCU6Q, STM32U535CET6, STM32U535CET6Q, STM32U535CEU6, STM32U535CEU6Q, STM32U535JEY6QTR, STM32U535NCY6QTR, STM32U535NEY6QTR, STM32U535RBI6, STM32U535RBI6Q, STM32U535RBT6, STM32U535RBT6Q, STM32U535RCI6, STM32U535RCI6Q, STM32U535RCT6, STM32U535RCT6Q, STM32U535REI6, STM32U535REI6Q, STM32U535RET6, STM32U535RET6Q, STM32U535VCI6, STM32U535VCI6Q, STM32U535VCT6, STM32U535VCT6Q, STM32U535VEI6, STM32U535VEI6Q, STM32U535VET6, STM32U535VET6Q, STM32U545CET6, STM32U545CET6Q, STM32U545CEU6, STM32U545CEU6Q, STM32U545JEY6QTR, STM32U545NEY6QTR, STM32U545REI6, STM32U545REI6Q, STM32U545RET6, STM32U545RET6Q, STM32U545VEI6, STM32U545VEI6Q, STM32U545VET6, STM32U545VET6Q, STM32U595AIH6, STM32U595AIH6Q, STM32U595AJH6, STM32U595AJH6Q, STM32U595QII6, STM32U595QII6Q, STM32U595QJI6, STM32U595QJI6Q, STM32U595RIT6, STM32U595RIT6Q, STM32U595RJT6, STM32U595RJT6Q, STM32U595VIT6, STM32U595VIT6Q, STM32U595VJT6, STM32U595VJT6Q, STM32U595ZIT6, STM32U595ZIT6Q, STM32U595ZIY6QTR, STM32U595ZJT6, STM32U595ZJT6Q, STM32U595ZJY6QTR, STM32U599BJY6QTR, STM32U599NIH6Q, STM32U599NJH6Q, STM32U599VIT6Q, STM32U599VJT6, STM32U599VJT6Q, STM32U599ZIT6Q, STM32U599ZIY6QTR, STM32U599ZJT6Q, STM32U599ZJY6QTR, STM32U5A5AJH6, STM32U5A5AJH6Q, STM32U5A5QJI6, STM32U5A5QJI6Q, STM32U5A5RJT6, STM32U5A5RJT6Q, STM32U5A5VJT6, STM32U5A5VJT6Q, STM32U5A5ZJT6, STM32U5A5ZJT6Q, STM32U5A5ZJY6QTR, STM32U5A9BJY6QTR, STM32U5A9J-DK, STM32U5A9NJH6Q, STM32U5A9VJT6Q, STM32U5A9ZJT6Q, STM32U5A9ZJY6QTR, STM32WB1MMCH6, STM32WBA52CEU6, STM32WBA52CEU6T, STM32WBA52CGU6, STM32WBA52CGU6T, STM32WL5MOCH6, STM32WL5MOCH6TR]
2023-03-21 10:36:36,012 [WARN] PackLoader:240 - Cannot read IP mode file for STMicroelectronics.X-CUBE-AZRTOS-L4.1.0.0
2023-03-21 10:36:36,020 [INFO] DbMcus:216 - Found 3775 MCUs, 3775 are supported
2023-03-21 10:36:36,022 [INFO] ApiDb:414 - User favorites file not found: C:\Users\mathi/.stm32cubeide/favorites.mcus.txt
2023-03-21 10:36:36,022 [INFO] DbMcus:222 - Set 0 / 0 favorites MCUs
2023-03-21 10:36:36,022 [WARN] PackLoader:240 - Cannot read IP mode file for STMicroelectronics.X-CUBE-AZRTOS-WL.1.0.0
2023-03-21 10:36:36,030 [WARN] PackLoader:240 - Cannot read IP mode file for portGmbH.I-Cube-SoM-uGOAL.1.1.0
2023-03-21 10:36:36,040 [WARN] PackLoader:240 - Cannot read IP mode file for STMicroelectronics.X-CUBE-ALS.1.0.1
2023-03-21 10:36:36,073 [WARN] PackLoader:240 - Cannot read IP mode file for STMicroelectronics.X-CUBE-MEMS1.9.5.0
2023-03-21 10:36:36,182 [WARN] PackLoader:240 - Cannot read IP mode file for STMicroelectronics.X-CUBE-AZRTOS-WB.1.1.0
2023-03-21 10:36:36,224 [WARN] PackLoader:240 - Cannot read IP mode file for SEGGER.I-CUBE-embOS.1.3.1
2023-03-21 10:36:36,240 [INFO] ThirdParty:978 - Integrity check success = true
2023-03-21 10:36:36,240 [INFO] IntegrityCheckThread:100 - exiting critical section [integrity check]
2023-03-21 10:36:36,240 [INFO] IntegrityCheckThread:103 - End integrity checks thread
2023-03-21 10:36:36,282 [INFO] ApiDb:668 - CubeFinder database Data Model version=2.1
2023-03-21 10:36:36,282 [INFO] ApiDb:669 - CubeFinder database Configuration version=3.0.35
2023-03-21 10:36:36,282 [INFO] ApiDb:670 - CubeFinder database generation date=2023-03-10 (1678456172)
2023-03-21 10:36:36,282 [INFO] ApiDb:671 - CubeFinder database FW Pack versions=[FP-ATR-ASTRA1_V1.1.1, STM32Cube_FW_C0_V1.0.1, STM32Cube_FW_F0_V1.11.4, STM32Cube_FW_F3_V1.11.4, STM32Cube_FW_F4_V1.27.1, STM32Cube_FW_F7_V1.17.0, STM32Cube_FW_G0_V1.6.1, STM32Cube_FW_G4_V1.5.1, STM32Cube_FW_H5_V0.5.1, STM32Cube_FW_H5_V1.0.0, STM32Cube_FW_H7_V1.11.0, STM32Cube_FW_L0_V1.12.2, STM32Cube_FW_L5_V1.5.0, STM32Cube_FW_U5_V1.2.0, STM32Cube_FW_WBA_V1.0.0, STM32Cube_FW_WBA_V1.0.0RC1, STM32Cube_FW_WBA_V1.0.0RC3, STM32Cube_FW_WB_V1.15.0RC1, STM32Cube_FW_WB_V1.16.0, STM32Cube_FW_WB_V1.16.0RC2, STM32Cube_FW_WL_V1.3.0, X-CUBE-ALGOBUILD_V1.3.0, X-CUBE-ALS_V1.0.1, X-CUBE-AZRTOS-F4_V1.1.0, X-CUBE-AZRTOS-F7_V1.1.0, X-CUBE-AZRTOS-G0_V1.1.0, X-CUBE-AZRTOS-G4_V1.0.0, X-CUBE-AZRTOS-H7_V3.0.0, X-CUBE-AZRTOS-L4_V1.0.0, X-CUBE-AZRTOS-L5_V1.1.0, X-CUBE-AZRTOS-WB_V1.1.0, X-CUBE-AZRTOS-WL_V1.0.0, X-CUBE-BLE1_V6.2.4, X-CUBE-BLE2_V3.3.0, X-CUBE-BLEMGR_V1.3.0, X-CUBE-EEPRMA1_V4.1.0, X-CUBE-GNSS1_V6.0.0, X-CUBE-MEMS1_V9.1.0, X-CUBE-MEMS1_V9.4.0, X-CUBE-MEMS1_V9.5.0, X-CUBE-NFC4_V3.0.0, X-CUBE-NFC7_V1.0.0, X-CUBE-SFXS2LP1_V4.0.0, X-CUBE-SUBG2_V5.0.0]
2023-03-21 10:36:36,344 [INFO] DbBoardsSqlite:226 - include board P-NUCLEO-WB55-NUCLEO as a kit item of type 'Nucleo-64'
2023-03-21 10:36:36,344 [INFO] DbBoardsSqlite:226 - include board P-NUCLEO-WB55-USBDONGLE as a kit item of type 'Nucleo USB Dongle'
2023-03-21 10:36:36,344 [INFO] DbBoardsSqlite:226 - include board STEVAL-IDP005V1 as a kit item of type 'Evaluation Board'
2023-03-21 10:36:36,344 [INFO] DbBoardsSqlite:226 - include board STEVAL-IDP005V2 as a kit item of type 'Evaluation Board'
2023-03-21 10:36:36,384 [INFO] ApiDb:240 - Found 297 in-development CPN: [B-G473E-ZEST1S, B-WB1M-WPAN1, B-WL5M-SUBG1, NUCLEO-C031C6, NUCLEO-H503RB, NUCLEO-H563ZI, NUCLEO-U545RE-Q, NUCLEO-U5A5ZJ-Q, NUCLEO-WBA52CG, STEVAL-PROTEUS1, STEVAL-STWINBX1, STM320518-EVAL, STM32C0116-DK, STM32C011D6Y3TR, STM32C011D6Y6TR, STM32C011F4P3, STM32C011F4P6, STM32C011F4U3, STM32C011F4U6TR, STM32C011F6P3, STM32C011F6P6, STM32C011F6U3, STM32C011F6U6TR, STM32C011J4M3, STM32C011J4M6, STM32C011J6M3, STM32C011J6M6, STM32C0316-DK, STM32C031C4T3, STM32C031C4T6, STM32C031C4U3, STM32C031C4U6, STM32C031C6T3, STM32C031C6T6, STM32C031C6U3, STM32C031C6U6, STM32C031F4P3, STM32C031F4P6, STM32C031F6P3, STM32C031F6P6, STM32C031G4U3, STM32C031G4U6, STM32C031G6U3, STM32C031G6U6, STM32C031K4T3, STM32C031K4T6, STM32C031K4U3, STM32C031K4U6, STM32C031K6T3, STM32C031K6T6, STM32C031K6U3, STM32C031K6U6, STM32G071K8TXN, STM32G071K8UXN, STM32G081GBU6N, STM32G081KBT6N, STM32G081KBUXN, STM32G0B1CCT6N, STM32G0B1KCT6, STM32G0B1NEY6TR, STM32G0B1RCT6N, STM32G0C1CCT6, STM32G0C1CCT6N, STM32G0C1CCU6N, STM32G0C1CET6N, STM32G0C1CEU6N, STM32G0C1KCT6, STM32G0C1NEY6TR, STM32G0C1RCI6N, STM32G0C1RCT6N, STM32G0C1REI6N, STM32G0C1RET6N, STM32G0C1VCI6, STM32G0C1VEI6, STM32G471CCT6, STM32G471CCU6, STM32G471CET3, STM32G471CET6, STM32G471CEU3, STM32G471CEU6, STM32G471MCT6, STM32G471MET3, STM32G471MET6, STM32G471MEY6TR, STM32G471QCT6, STM32G471QET3, STM32G471RCT6, STM32G471RET3, STM32G471RET6, STM32G471VCH6, STM32G471VCI6, STM32G471VCT6, STM32G471VEH3, STM32G471VEH6, STM32G471VEI3, STM32G471VEI6, STM32G471VET3, STM32G471VET6, STM32G474CCT6, STM32H503CBT6, STM32H503CBU6, STM32H503EBY6TR, STM32H503KBU6, STM32H503RBT6, STM32H562AGI6, STM32H562AII6, STM32H562IGK6, STM32H562IGT6, STM32H562IIK6, STM32H562IIT6, STM32H562RGT6, STM32H562RGV6, STM32H562RIT6, STM32H562RIV6, STM32H562VGT6, STM32H562VIT6, STM32H562ZGT6, STM32H562ZIT6, STM32H563AGI6, STM32H563AII3Q, STM32H563AII6, STM32H563IGK6, STM32H563IGT6, STM32H563IIK3Q, STM32H563IIK6, STM32H563IIT3Q, STM32H563IIT6, STM32H563MIY3QTR, STM32H563RGT6, STM32H563RGV6, STM32H563RIT6, STM32H563RIV6, STM32H563VGT6, STM32H563VIT3Q, STM32H563VIT6, STM32H563ZGT6, STM32H563ZIT3Q, STM32H563ZIT6, STM32H573AII3Q, STM32H573AII6, STM32H573I-DK, STM32H573IIK3Q, STM32H573IIK6, STM32H573IIT3Q, STM32H573IIT6, STM32H573MIY3QTR, STM32H573RIT6, STM32H573RIV6, STM32H573VIT3Q, STM32H573VIT6, STM32H573ZIT3Q, STM32H573ZIT6, STM32L4R5QGI6STR, STM32MP131AAE3, STM32MP131AAF3, STM32MP131AAG3, STM32MP131CAE3, STM32MP131CAF3, STM32MP131CAG3, STM32MP131DAE7, STM32MP131DAF7, STM32MP131DAG7, STM32MP131FAE7, STM32MP131FAF7, STM32MP131FAG7, STM32MP133AAE3, STM32MP133AAF3, STM32MP133AAG3, STM32MP133CAE3, STM32MP133CAF3, STM32MP133CAG3, STM32MP133DAE7, STM32MP133DAF7, STM32MP133DAG7, STM32MP133FAE7, STM32MP133FAF7, STM32MP133FAG7, STM32MP135AAE3, STM32MP135AAF3, STM32MP135AAG3, STM32MP135CAE3, STM32MP135CAF3, STM32MP135CAG3, STM32MP135DAE7, STM32MP135DAF7, STM32MP135DAG7, STM32MP135F-DK, STM32MP135FAE7, STM32MP135FAF7, STM32MP135FAF7T, STM32MP135FAF7U, STM32MP135FAG7, STM32U535CBT6, STM32U535CBT6Q, STM32U535CBU6, STM32U535CBU6Q, STM32U535CCT6, STM32U535CCT6Q, STM32U535CCU6, STM32U535CCU6Q, STM32U535CET6, STM32U535CET6Q, STM32U535CEU6, STM32U535CEU6Q, STM32U535JEY6QTR, STM32U535NCY6QTR, STM32U535NEY6QTR, STM32U535RBI6, STM32U535RBI6Q, STM32U535RBT6, STM32U535RBT6Q, STM32U535RCI6, STM32U535RCI6Q, STM32U535RCT6, STM32U535RCT6Q, STM32U535REI6, STM32U535REI6Q, STM32U535RET6, STM32U535RET6Q, STM32U535VCI6, STM32U535VCI6Q, STM32U535VCT6, STM32U535VCT6Q, STM32U535VEI6, STM32U535VEI6Q, STM32U535VET6, STM32U535VET6Q, STM32U545CET6, STM32U545CET6Q, STM32U545CEU6, STM32U545CEU6Q, STM32U545JEY6QTR, STM32U545NEY6QTR, STM32U545REI6, STM32U545REI6Q, STM32U545RET6, STM32U545RET6Q, STM32U545VEI6, STM32U545VEI6Q, STM32U545VET6, STM32U545VET6Q, STM32U595AIH6, STM32U595AIH6Q, STM32U595AJH6, STM32U595AJH6Q, STM32U595QII6, STM32U595QII6Q, STM32U595QJI6, STM32U595QJI6Q, STM32U595RIT6, STM32U595RIT6Q, STM32U595RJT6, STM32U595RJT6Q, STM32U595VIT6, STM32U595VIT6Q, STM32U595VJT6, STM32U595VJT6Q, STM32U595ZIT6, STM32U595ZIT6Q, STM32U595ZIY6QTR, STM32U595ZJT6, STM32U595ZJT6Q, STM32U595ZJY6QTR, STM32U599BJY6QTR, STM32U599NIH6Q, STM32U599NJH6Q, STM32U599VIT6Q, STM32U599VJT6, STM32U599VJT6Q, STM32U599ZIT6Q, STM32U599ZIY6QTR, STM32U599ZJT6Q, STM32U599ZJY6QTR, STM32U5A5AJH6, STM32U5A5AJH6Q, STM32U5A5QJI6, STM32U5A5QJI6Q, STM32U5A5RJT6, STM32U5A5RJT6Q, STM32U5A5VJT6, STM32U5A5VJT6Q, STM32U5A5ZJT6, STM32U5A5ZJT6Q, STM32U5A5ZJY6QTR, STM32U5A9BJY6QTR, STM32U5A9J-DK, STM32U5A9NJH6Q, STM32U5A9VJT6Q, STM32U5A9ZJT6Q, STM32U5A9ZJY6QTR, STM32WB1MMCH6, STM32WBA52CEU6, STM32WBA52CEU6T, STM32WBA52CGU6, STM32WBA52CGU6T, STM32WL5MOCH6, STM32WL5MOCH6TR]
2023-03-21 10:36:36,465 [INFO] BoardInfo:880 - No configuration file found for board P-NUCLEO-WB55
2023-03-21 10:36:36,465 [INFO] DbBoards:157 - Kit is not supported: P-NUCLEO-WB55
2023-03-21 10:36:36,475 [INFO] BoardInfo:880 - No configuration file found for board STEVAL-BFA001V1B
2023-03-21 10:36:36,475 [INFO] DbBoards:157 - Kit is not supported: STEVAL-BFA001V1B
2023-03-21 10:36:36,475 [INFO] BoardInfo:880 - No configuration file found for board STEVAL-BFA001V2B
2023-03-21 10:36:36,475 [INFO] DbBoards:157 - Kit is not supported: STEVAL-BFA001V2B
2023-03-21 10:36:36,556 [INFO] DbBoards:161 - Found 187 boards, 184 are supported
2023-03-21 10:36:36,556 [INFO] ApiDb:414 - User favorites file not found: C:\Users\mathi/.stm32cubeide/favorites.boards.txt
2023-03-21 10:36:36,556 [INFO] DbBoards:190 - Set 0 / 0 favorites Boards
2023-03-21 10:36:36,564 [INFO] ApiDb:668 - CubeFinder database Data Model version=2.1
2023-03-21 10:36:36,564 [INFO] ApiDb:669 - CubeFinder database Configuration version=3.0.35
2023-03-21 10:36:36,564 [INFO] ApiDb:670 - CubeFinder database generation date=2023-03-10 (1678456172)
2023-03-21 10:36:36,564 [INFO] ApiDb:671 - CubeFinder database FW Pack versions=[FP-ATR-ASTRA1_V1.1.1, STM32Cube_FW_C0_V1.0.1, STM32Cube_FW_F0_V1.11.4, STM32Cube_FW_F3_V1.11.4, STM32Cube_FW_F4_V1.27.1, STM32Cube_FW_F7_V1.17.0, STM32Cube_FW_G0_V1.6.1, STM32Cube_FW_G4_V1.5.1, STM32Cube_FW_H5_V0.5.1, STM32Cube_FW_H5_V1.0.0, STM32Cube_FW_H7_V1.11.0, STM32Cube_FW_L0_V1.12.2, STM32Cube_FW_L5_V1.5.0, STM32Cube_FW_U5_V1.2.0, STM32Cube_FW_WBA_V1.0.0, STM32Cube_FW_WBA_V1.0.0RC1, STM32Cube_FW_WBA_V1.0.0RC3, STM32Cube_FW_WB_V1.15.0RC1, STM32Cube_FW_WB_V1.16.0, STM32Cube_FW_WB_V1.16.0RC2, STM32Cube_FW_WL_V1.3.0, X-CUBE-ALGOBUILD_V1.3.0, X-CUBE-ALS_V1.0.1, X-CUBE-AZRTOS-F4_V1.1.0, X-CUBE-AZRTOS-F7_V1.1.0, X-CUBE-AZRTOS-G0_V1.1.0, X-CUBE-AZRTOS-G4_V1.0.0, X-CUBE-AZRTOS-H7_V3.0.0, X-CUBE-AZRTOS-L4_V1.0.0, X-CUBE-AZRTOS-L5_V1.1.0, X-CUBE-AZRTOS-WB_V1.1.0, X-CUBE-AZRTOS-WL_V1.0.0, X-CUBE-BLE1_V6.2.4, X-CUBE-BLE2_V3.3.0, X-CUBE-BLEMGR_V1.3.0, X-CUBE-EEPRMA1_V4.1.0, X-CUBE-GNSS1_V6.0.0, X-CUBE-MEMS1_V9.1.0, X-CUBE-MEMS1_V9.4.0, X-CUBE-MEMS1_V9.5.0, X-CUBE-NFC4_V3.0.0, X-CUBE-NFC7_V1.0.0, X-CUBE-SFXS2LP1_V4.0.0, X-CUBE-SUBG2_V5.0.0]
2023-03-21 10:36:37,215 [INFO] DbExamplesSqlite:376 - Ignored 46 examples not supported by CubeIDE
2023-03-21 10:36:37,215 [INFO] DbExamplesSqlite:377 - Found 7328 examples active
2023-03-21 10:36:37,215 [INFO] DbExamplesSqlite:378 - Found 1095 examples obsolete
2023-03-21 10:36:37,215 [INFO] DbExamplesSqlite:379 - Found 0 examples under development
2023-03-21 10:36:37,215 [INFO] DbExamplesSqlite:380 - Found 77 examples not building
2023-03-21 10:36:37,215 [INFO] DbExamples:125 - Found 7359 examples
2023-03-21 10:36:37,231 [INFO] DbExamples:222 - Found 92 boards with related examples
2023-03-21 10:36:37,231 [INFO] DbExamples:235 - Found 78 MCUs with related examples
2023-03-21 10:36:37,246 [INFO] ApiDb:414 - User favorites file not found: C:\Users\mathi/.stm32cubeide/favorites.examples.txt
2023-03-21 10:36:37,246 [INFO] DbExamples:250 - Set 0 / 0 favorites Examples
2023-03-21 10:36:37,620 [INFO] McuFinderGlobals:66 - Set McuFinderConnectedMode to true
2023-03-21 10:36:37,620 [INFO] MultiScanPanel:200 - Auto-refresh data requested => check proxy status ongoing
2023-03-21 10:36:37,635 [INFO] FinderPluginLoader:95 - Searching for filters in installed packs
2023-03-21 10:36:38,975 [INFO] LoadUrlFilesThread:185 - End of LoadServerUrlFiles without Thread
2023-03-21 10:36:38,983 [INFO] DetailPanel:341 - Set advertising image to C:/Users/mathi/STM32Cube/Repository/\en.prom-stm32h5-mcu-finder.jpg
2023-03-21 10:37:17,136 [INFO] MultiScanPanel:200 - Auto-refresh data requested => check proxy status ongoing
2023-03-21 10:37:17,267 [INFO] LoadUrlFilesThread:185 - End of LoadServerUrlFiles without Thread
2023-03-21 10:37:17,267 [INFO] DetailPanel:341 - Set advertising image to C:/Users/mathi/STM32Cube/Repository/\en.prom-stm32h5-mcu-finder.jpg
2023-03-21 10:38:48,890 [INFO] BoardResultTable:719 - Mark Board STM32F407G-DISC1 as favorite
2023-03-21 10:39:21,550 [INFO] ServerAccessManage:473 - Download File DB1421.pdf
2023-03-21 10:39:22,188 [INFO] LoadUrlFilesThread:156 - End of LoadUrlFiles Thread
2023-03-21 10:39:22,296 [INFO] BoardAction:139 - Datasheet
2023-03-21 10:40:14,979 [INFO] BoardAction:75 - Docs & Resources
2023-03-21 10:41:21,679 [INFO] ServerAccessManage:473 - Download File 19308.pdf
2023-03-21 10:41:22,245 [INFO] LoadUrlFilesThread:156 - End of LoadUrlFiles Thread
2023-03-21 10:41:59,497 [INFO] ServerAccessManage:473 - Download File UM1467.pdf
2023-03-21 10:42:00,280 [INFO] LoadUrlFilesThread:156 - End of LoadUrlFiles Thread
2023-03-21 10:42:30,442 [INFO] ServerAccessManage:473 - Download File UM1472.pdf
2023-03-21 10:42:31,030 [INFO] LoadUrlFilesThread:156 - End of LoadUrlFiles Thread
2023-03-21 10:42:59,121 [INFO] ServerAccessManage:473 - Download File UM2052.pdf
2023-03-21 10:42:59,797 [INFO] LoadUrlFilesThread:156 - End of LoadUrlFiles Thread
2023-03-21 10:43:59,564 [INFO] McuFinderGlobals:66 - Set McuFinderConnectedMode to true
2023-03-21 10:43:59,580 [INFO] ApiDb:448 - Save user favorites file C:\Users\mathi/.stm32cubeide/favorites.mcus.txt: 0 item(s)
2023-03-21 10:43:59,580 [INFO] ApiDb:452 - User favorites MCUs=[]
2023-03-21 10:43:59,580 [INFO] ApiDb:448 - Save user favorites file C:\Users\mathi/.stm32cubeide/favorites.boards.txt: 1 item(s)
2023-03-21 10:43:59,580 [INFO] ApiDb:452 - User favorites Boards=[STM32F407G-DISC1]
